2022-08-31T12:04:08 | INFO | mmf : Logging to: ./3/train.log
2022-08-31T12:04:08 | INFO | mmf_cli.run : Namespace(config_override=None, local_rank=None, opts=['config=/content/mmf/mmf/projects/visual_bert/configs/hateful_memes/from_coco_cat.yaml', 'model=visual_bert', 'dataset=hateful_memes', 'run_type=train_val', 'checkpoint.max_to_keep=1', 'checkpoint.resume_zoo=visual_bert.pretrained.cc.full', 'training.tensorboard=True', 'training.checkpoint_interval=50', 'training.evaluation_interval=50', 'training.max_updates=1000', 'training.log_interval=100', 'dataset_config.hateful_memes.max_features=100', 'dataset_config.hateful_memes.annotations.train[0]=/root/.cache/torch/mmf/data/datasets/hateful_memes/defaults/annotations/train_cat.jsonl', 'dataset_config.hateful_memes.annotations.val[0]=/root/.cache/torch/mmf/data/datasets/hateful_memes/defaults/annotations/dev_unseen_cat.jsonl', 'dataset_config.hateful_memes.annotations.test[0]=/root/.cache/torch/mmf/data/datasets/hateful_memes/defaults/annotations/test_unseen_cat.jsonl', 'dataset_config.hateful_memes.features.train[0]=/content/features/feats_hm', 'dataset_config.hateful_memes.features.val[0]=/content/features/feats_hm', 'dataset_config.hateful_memes.features.test[0]=/content/features/feats_hm', 'training.lr_ratio=0.3', 'training.use_warmup=True', 'training.warmup_factor=0.3', 'training.warmup_iterations=500', 'optimizer.params.lr=5.0e-05', 'training.batch_size=32', 'scheduler.params.num_warmup_steps=250', 'scheduler.type=warmup_cosine', 'scheduler.params.num_training_steps=1000', 'env.tensorboard_logdir=logs/fit/3', 'env.save_dir=./3'])
2022-08-31T12:04:08 | INFO | mmf_cli.run : Torch version: 1.6.0+cu92
2022-08-31T12:04:08 | INFO | mmf.utils.general : CUDA Device 0 is: Tesla P100-PCIE-16GB
2022-08-31T12:04:08 | INFO | mmf_cli.run : Using seed 8843962
2022-08-31T12:04:08 | INFO | mmf.trainers.mmf_trainer : Loading datasets
2022-08-31T12:04:14 | INFO | mmf.trainers.mmf_trainer : Loading model
2022-08-31T12:04:23 | INFO | mmf.trainers.mmf_trainer : Loading optimizer
2022-08-31T12:04:23 | INFO | mmf.trainers.mmf_trainer : Loading metrics
2022-08-31T12:04:24 | INFO | mmf.utils.checkpoint : Loading checkpoint
2022-08-31T12:04:27 | WARNING | mmf : Key data_parallel is not present in registry, returning default value of None
2022-08-31T12:04:27 | WARNING | mmf : Key distributed is not present in registry, returning default value of None
2022-08-31T12:04:27 | WARNING | mmf : Key data_parallel is not present in registry, returning default value of None
2022-08-31T12:04:27 | WARNING | mmf : Key distributed is not present in registry, returning default value of None
2022-08-31T12:04:27 | INFO | mmf.utils.checkpoint : Copying model.bert.embeddings.word_embeddings.weight from model.bert.embeddings.word_embeddings.weight
2022-08-31T12:04:27 | INFO | mmf.utils.checkpoint : Copying model.bert.embeddings.position_embeddings.weight from model.bert.embeddings.position_embeddings.weight
2022-08-31T12:04:27 | INFO | mmf.utils.checkpoint : Copying model.bert.embeddings.token_type_embeddings.weight from model.bert.embeddings.token_type_embeddings.weight
2022-08-31T12:04:27 | INFO | mmf.utils.checkpoint : Copying model.bert.embeddings.LayerNorm.weight from model.bert.embeddings.LayerNorm.weight
2022-08-31T12:04:27 | INFO | mmf.utils.checkpoint : Copying model.bert.embeddings.LayerNorm.bias from model.bert.embeddings.LayerNorm.bias
2022-08-31T12:04:27 | INFO | mmf.utils.checkpoint : Copying model.bert.embeddings.token_type_embeddings_visual.weight from model.bert.embeddings.token_type_embeddings_visual.weight
2022-08-31T12:04:27 | INFO | mmf.utils.checkpoint : Copying model.bert.embeddings.position_embeddings_visual.weight from model.bert.embeddings.position_embeddings_visual.weight
2022-08-31T12:04:27 | INFO | mmf.utils.checkpoint : Copying model.bert.embeddings.projection.weight from model.bert.embeddings.projection.weight
2022-08-31T12:04:27 | INFO | mmf.utils.checkpoint : Copying model.bert.embeddings.projection.bias from model.bert.embeddings.projection.bias
2022-08-31T12:04:27 | INFO | mmf.utils.checkpoint : Copying model.bert.encoder.layer.0.attention.self.query.weight from model.bert.encoder.layer.0.attention.self.query.weight
2022-08-31T12:04:27 | INFO | mmf.utils.checkpoint : Copying model.bert.encoder.layer.0.attention.self.query.bias from model.bert.encoder.layer.0.attention.self.query.bias
2022-08-31T12:04:27 | INFO | mmf.utils.checkpoint : Copying model.bert.encoder.layer.0.attention.self.key.weight from model.bert.encoder.layer.0.attention.self.key.weight
2022-08-31T12:04:27 | INFO | mmf.utils.checkpoint : Copying model.bert.encoder.layer.0.attention.self.key.bias from model.bert.encoder.layer.0.attention.self.key.bias
2022-08-31T12:04:27 | INFO | mmf.utils.checkpoint : Copying model.bert.encoder.layer.0.attention.self.value.weight from model.bert.encoder.layer.0.attention.self.value.weight
2022-08-31T12:04:27 | INFO | mmf.utils.checkpoint : Copying model.bert.encoder.layer.0.attention.self.value.bias from model.bert.encoder.layer.0.attention.self.value.bias
2022-08-31T12:04:27 | INFO | mmf.utils.checkpoint : Copying model.bert.encoder.layer.0.attention.output.dense.weight from model.bert.encoder.layer.0.attention.output.dense.weight
2022-08-31T12:04:27 | INFO | mmf.utils.checkpoint : Copying model.bert.encoder.layer.0.attention.output.dense.bias from model.bert.encoder.layer.0.attention.output.dense.bias
2022-08-31T12:04:27 | INFO | mmf.utils.checkpoint : Copying model.bert.encoder.layer.0.attention.output.LayerNorm.weight from model.bert.encoder.layer.0.attention.output.LayerNorm.weight
2022-08-31T12:04:27 | INFO | mmf.utils.checkpoint : Copying model.bert.encoder.layer.0.attention.output.LayerNorm.bias from model.bert.encoder.layer.0.attention.output.LayerNorm.bias
2022-08-31T12:04:27 | INFO | mmf.utils.checkpoint : Copying model.bert.encoder.layer.0.intermediate.dense.weight from model.bert.encoder.layer.0.intermediate.dense.weight
2022-08-31T12:04:27 | INFO | mmf.utils.checkpoint : Copying model.bert.encoder.layer.0.intermediate.dense.bias from model.bert.encoder.layer.0.intermediate.dense.bias
2022-08-31T12:04:27 | INFO | mmf.utils.checkpoint : Copying model.bert.encoder.layer.0.output.dense.weight from model.bert.encoder.layer.0.output.dense.weight
2022-08-31T12:04:27 | INFO | mmf.utils.checkpoint : Copying model.bert.encoder.layer.0.output.dense.bias from model.bert.encoder.layer.0.output.dense.bias
2022-08-31T12:04:27 | INFO | mmf.utils.checkpoint : Copying model.bert.encoder.layer.0.output.LayerNorm.weight from model.bert.encoder.layer.0.output.LayerNorm.weight
2022-08-31T12:04:27 | INFO | mmf.utils.checkpoint : Copying model.bert.encoder.layer.0.output.LayerNorm.bias from model.bert.encoder.layer.0.output.LayerNorm.bias
2022-08-31T12:04:27 | INFO | mmf.utils.checkpoint : Copying model.bert.encoder.layer.1.attention.self.query.weight from model.bert.encoder.layer.1.attention.self.query.weight
2022-08-31T12:04:27 | INFO | mmf.utils.checkpoint : Copying model.bert.encoder.layer.1.attention.self.query.bias from model.bert.encoder.layer.1.attention.self.query.bias
2022-08-31T12:04:27 | INFO | mmf.utils.checkpoint : Copying model.bert.encoder.layer.1.attention.self.key.weight from model.bert.encoder.layer.1.attention.self.key.weight
2022-08-31T12:04:27 | INFO | mmf.utils.checkpoint : Copying model.bert.encoder.layer.1.attention.self.key.bias from model.bert.encoder.layer.1.attention.self.key.bias
2022-08-31T12:04:27 | INFO | mmf.utils.checkpoint : Copying model.bert.encoder.layer.1.attention.self.value.weight from model.bert.encoder.layer.1.attention.self.value.weight
2022-08-31T12:04:27 | INFO | mmf.utils.checkpoint : Copying model.bert.encoder.layer.1.attention.self.value.bias from model.bert.encoder.layer.1.attention.self.value.bias
2022-08-31T12:04:27 | INFO | mmf.utils.checkpoint : Copying model.bert.encoder.layer.1.attention.output.dense.weight from model.bert.encoder.layer.1.attention.output.dense.weight
2022-08-31T12:04:27 | INFO | mmf.utils.checkpoint : Copying model.bert.encoder.layer.1.attention.output.dense.bias from model.bert.encoder.layer.1.attention.output.dense.bias
2022-08-31T12:04:27 | INFO | mmf.utils.checkpoint : Copying model.bert.encoder.layer.1.attention.output.LayerNorm.weight from model.bert.encoder.layer.1.attention.output.LayerNorm.weight
2022-08-31T12:04:27 | INFO | mmf.utils.checkpoint : Copying model.bert.encoder.layer.1.attention.output.LayerNorm.bias from model.bert.encoder.layer.1.attention.output.LayerNorm.bias
2022-08-31T12:04:27 | INFO | mmf.utils.checkpoint : Copying model.bert.encoder.layer.1.intermediate.dense.weight from model.bert.encoder.layer.1.intermediate.dense.weight
2022-08-31T12:04:27 | INFO | mmf.utils.checkpoint : Copying model.bert.encoder.layer.1.intermediate.dense.bias from model.bert.encoder.layer.1.intermediate.dense.bias
2022-08-31T12:04:27 | INFO | mmf.utils.checkpoint : Copying model.bert.encoder.layer.1.output.dense.weight from model.bert.encoder.layer.1.output.dense.weight
2022-08-31T12:04:27 | INFO | mmf.utils.checkpoint : Copying model.bert.encoder.layer.1.output.dense.bias from model.bert.encoder.layer.1.output.dense.bias
2022-08-31T12:04:27 | INFO | mmf.utils.checkpoint : Copying model.bert.encoder.layer.1.output.LayerNorm.weight from model.bert.encoder.layer.1.output.LayerNorm.weight
2022-08-31T12:04:27 | INFO | mmf.utils.checkpoint : Copying model.bert.encoder.layer.1.output.LayerNorm.bias from model.bert.encoder.layer.1.output.LayerNorm.bias
2022-08-31T12:04:27 | INFO | mmf.utils.checkpoint : Copying model.bert.encoder.layer.2.attention.self.query.weight from model.bert.encoder.layer.2.attention.self.query.weight
2022-08-31T12:04:27 | INFO | mmf.utils.checkpoint : Copying model.bert.encoder.layer.2.attention.self.query.bias from model.bert.encoder.layer.2.attention.self.query.bias
2022-08-31T12:04:27 | INFO | mmf.utils.checkpoint : Copying model.bert.encoder.layer.2.attention.self.key.weight from model.bert.encoder.layer.2.attention.self.key.weight
2022-08-31T12:04:27 | INFO | mmf.utils.checkpoint : Copying model.bert.encoder.layer.2.attention.self.key.bias from model.bert.encoder.layer.2.attention.self.key.bias
2022-08-31T12:04:27 | INFO | mmf.utils.checkpoint : Copying model.bert.encoder.layer.2.attention.self.value.weight from model.bert.encoder.layer.2.attention.self.value.weight
2022-08-31T12:04:27 | INFO | mmf.utils.checkpoint : Copying model.bert.encoder.layer.2.attention.self.value.bias from model.bert.encoder.layer.2.attention.self.value.bias
2022-08-31T12:04:27 | INFO | mmf.utils.checkpoint : Copying model.bert.encoder.layer.2.attention.output.dense.weight from model.bert.encoder.layer.2.attention.output.dense.weight
2022-08-31T12:04:27 | INFO | mmf.utils.checkpoint : Copying model.bert.encoder.layer.2.attention.output.dense.bias from model.bert.encoder.layer.2.attention.output.dense.bias
2022-08-31T12:04:27 | INFO | mmf.utils.checkpoint : Copying model.bert.encoder.layer.2.attention.output.LayerNorm.weight from model.bert.encoder.layer.2.attention.output.LayerNorm.weight
2022-08-31T12:04:27 | INFO | mmf.utils.checkpoint : Copying model.bert.encoder.layer.2.attention.output.LayerNorm.bias from model.bert.encoder.layer.2.attention.output.LayerNorm.bias
2022-08-31T12:04:27 | INFO | mmf.utils.checkpoint : Copying model.bert.encoder.layer.2.intermediate.dense.weight from model.bert.encoder.layer.2.intermediate.dense.weight
2022-08-31T12:04:27 | INFO | mmf.utils.checkpoint : Copying model.bert.encoder.layer.2.intermediate.dense.bias from model.bert.encoder.layer.2.intermediate.dense.bias
2022-08-31T12:04:27 | INFO | mmf.utils.checkpoint : Copying model.bert.encoder.layer.2.output.dense.weight from model.bert.encoder.layer.2.output.dense.weight
2022-08-31T12:04:27 | INFO | mmf.utils.checkpoint : Copying model.bert.encoder.layer.2.output.dense.bias from model.bert.encoder.layer.2.output.dense.bias
2022-08-31T12:04:27 | INFO | mmf.utils.checkpoint : Copying model.bert.encoder.layer.2.output.LayerNorm.weight from model.bert.encoder.layer.2.output.LayerNorm.weight
2022-08-31T12:04:27 | INFO | mmf.utils.checkpoint : Copying model.bert.encoder.layer.2.output.LayerNorm.bias from model.bert.encoder.layer.2.output.LayerNorm.bias
2022-08-31T12:04:27 | INFO | mmf.utils.checkpoint : Copying model.bert.encoder.layer.3.attention.self.query.weight from model.bert.encoder.layer.3.attention.self.query.weight
2022-08-31T12:04:27 | INFO | mmf.utils.checkpoint : Copying model.bert.encoder.layer.3.attention.self.query.bias from model.bert.encoder.layer.3.attention.self.query.bias
2022-08-31T12:04:27 | INFO | mmf.utils.checkpoint : Copying model.bert.encoder.layer.3.attention.self.key.weight from model.bert.encoder.layer.3.attention.self.key.weight
2022-08-31T12:04:27 | INFO | mmf.utils.checkpoint : Copying model.bert.encoder.layer.3.attention.self.key.bias from model.bert.encoder.layer.3.attention.self.key.bias
2022-08-31T12:04:27 | INFO | mmf.utils.checkpoint : Copying model.bert.encoder.layer.3.attention.self.value.weight from model.bert.encoder.layer.3.attention.self.value.weight
2022-08-31T12:04:27 | INFO | mmf.utils.checkpoint : Copying model.bert.encoder.layer.3.attention.self.value.bias from model.bert.encoder.layer.3.attention.self.value.bias
2022-08-31T12:04:27 | INFO | mmf.utils.checkpoint : Copying model.bert.encoder.layer.3.attention.output.dense.weight from model.bert.encoder.layer.3.attention.output.dense.weight
2022-08-31T12:04:27 | INFO | mmf.utils.checkpoint : Copying model.bert.encoder.layer.3.attention.output.dense.bias from model.bert.encoder.layer.3.attention.output.dense.bias
2022-08-31T12:04:27 | INFO | mmf.utils.checkpoint : Copying model.bert.encoder.layer.3.attention.output.LayerNorm.weight from model.bert.encoder.layer.3.attention.output.LayerNorm.weight
2022-08-31T12:04:27 | INFO | mmf.utils.checkpoint : Copying model.bert.encoder.layer.3.attention.output.LayerNorm.bias from model.bert.encoder.layer.3.attention.output.LayerNorm.bias
2022-08-31T12:04:27 | INFO | mmf.utils.checkpoint : Copying model.bert.encoder.layer.3.intermediate.dense.weight from model.bert.encoder.layer.3.intermediate.dense.weight
2022-08-31T12:04:27 | INFO | mmf.utils.checkpoint : Copying model.bert.encoder.layer.3.intermediate.dense.bias from model.bert.encoder.layer.3.intermediate.dense.bias
2022-08-31T12:04:27 | INFO | mmf.utils.checkpoint : Copying model.bert.encoder.layer.3.output.dense.weight from model.bert.encoder.layer.3.output.dense.weight
2022-08-31T12:04:27 | INFO | mmf.utils.checkpoint : Copying model.bert.encoder.layer.3.output.dense.bias from model.bert.encoder.layer.3.output.dense.bias
2022-08-31T12:04:27 | INFO | mmf.utils.checkpoint : Copying model.bert.encoder.layer.3.output.LayerNorm.weight from model.bert.encoder.layer.3.output.LayerNorm.weight
2022-08-31T12:04:27 | INFO | mmf.utils.checkpoint : Copying model.bert.encoder.layer.3.output.LayerNorm.bias from model.bert.encoder.layer.3.output.LayerNorm.bias
2022-08-31T12:04:27 | INFO | mmf.utils.checkpoint : Copying model.bert.encoder.layer.4.attention.self.query.weight from model.bert.encoder.layer.4.attention.self.query.weight
2022-08-31T12:04:27 | INFO | mmf.utils.checkpoint : Copying model.bert.encoder.layer.4.attention.self.query.bias from model.bert.encoder.layer.4.attention.self.query.bias
2022-08-31T12:04:27 | INFO | mmf.utils.checkpoint : Copying model.bert.encoder.layer.4.attention.self.key.weight from model.bert.encoder.layer.4.attention.self.key.weight
2022-08-31T12:04:27 | INFO | mmf.utils.checkpoint : Copying model.bert.encoder.layer.4.attention.self.key.bias from model.bert.encoder.layer.4.attention.self.key.bias
2022-08-31T12:04:27 | INFO | mmf.utils.checkpoint : Copying model.bert.encoder.layer.4.attention.self.value.weight from model.bert.encoder.layer.4.attention.self.value.weight
2022-08-31T12:04:27 | INFO | mmf.utils.checkpoint : Copying model.bert.encoder.layer.4.attention.self.value.bias from model.bert.encoder.layer.4.attention.self.value.bias
2022-08-31T12:04:27 | INFO | mmf.utils.checkpoint : Copying model.bert.encoder.layer.4.attention.output.dense.weight from model.bert.encoder.layer.4.attention.output.dense.weight
2022-08-31T12:04:27 | INFO | mmf.utils.checkpoint : Copying model.bert.encoder.layer.4.attention.output.dense.bias from model.bert.encoder.layer.4.attention.output.dense.bias
2022-08-31T12:04:27 | INFO | mmf.utils.checkpoint : Copying model.bert.encoder.layer.4.attention.output.LayerNorm.weight from model.bert.encoder.layer.4.attention.output.LayerNorm.weight
2022-08-31T12:04:27 | INFO | mmf.utils.checkpoint : Copying model.bert.encoder.layer.4.attention.output.LayerNorm.bias from model.bert.encoder.layer.4.attention.output.LayerNorm.bias
2022-08-31T12:04:27 | INFO | mmf.utils.checkpoint : Copying model.bert.encoder.layer.4.intermediate.dense.weight from model.bert.encoder.layer.4.intermediate.dense.weight
2022-08-31T12:04:27 | INFO | mmf.utils.checkpoint : Copying model.bert.encoder.layer.4.intermediate.dense.bias from model.bert.encoder.layer.4.intermediate.dense.bias
2022-08-31T12:04:27 | INFO | mmf.utils.checkpoint : Copying model.bert.encoder.layer.4.output.dense.weight from model.bert.encoder.layer.4.output.dense.weight
2022-08-31T12:04:27 | INFO | mmf.utils.checkpoint : Copying model.bert.encoder.layer.4.output.dense.bias from model.bert.encoder.layer.4.output.dense.bias
2022-08-31T12:04:27 | INFO | mmf.utils.checkpoint : Copying model.bert.encoder.layer.4.output.LayerNorm.weight from model.bert.encoder.layer.4.output.LayerNorm.weight
2022-08-31T12:04:27 | INFO | mmf.utils.checkpoint : Copying model.bert.encoder.layer.4.output.LayerNorm.bias from model.bert.encoder.layer.4.output.LayerNorm.bias
2022-08-31T12:04:27 | INFO | mmf.utils.checkpoint : Copying model.bert.encoder.layer.5.attention.self.query.weight from model.bert.encoder.layer.5.attention.self.query.weight
2022-08-31T12:04:27 | INFO | mmf.utils.checkpoint : Copying model.bert.encoder.layer.5.attention.self.query.bias from model.bert.encoder.layer.5.attention.self.query.bias
2022-08-31T12:04:27 | INFO | mmf.utils.checkpoint : Copying model.bert.encoder.layer.5.attention.self.key.weight from model.bert.encoder.layer.5.attention.self.key.weight
2022-08-31T12:04:27 | INFO | mmf.utils.checkpoint : Copying model.bert.encoder.layer.5.attention.self.key.bias from model.bert.encoder.layer.5.attention.self.key.bias
2022-08-31T12:04:27 | INFO | mmf.utils.checkpoint : Copying model.bert.encoder.layer.5.attention.self.value.weight from model.bert.encoder.layer.5.attention.self.value.weight
2022-08-31T12:04:27 | INFO | mmf.utils.checkpoint : Copying model.bert.encoder.layer.5.attention.self.value.bias from model.bert.encoder.layer.5.attention.self.value.bias
2022-08-31T12:04:27 | INFO | mmf.utils.checkpoint : Copying model.bert.encoder.layer.5.attention.output.dense.weight from model.bert.encoder.layer.5.attention.output.dense.weight
2022-08-31T12:04:27 | INFO | mmf.utils.checkpoint : Copying model.bert.encoder.layer.5.attention.output.dense.bias from model.bert.encoder.layer.5.attention.output.dense.bias
2022-08-31T12:04:27 | INFO | mmf.utils.checkpoint : Copying model.bert.encoder.layer.5.attention.output.LayerNorm.weight from model.bert.encoder.layer.5.attention.output.LayerNorm.weight
2022-08-31T12:04:27 | INFO | mmf.utils.checkpoint : Copying model.bert.encoder.layer.5.attention.output.LayerNorm.bias from model.bert.encoder.layer.5.attention.output.LayerNorm.bias
2022-08-31T12:04:27 | INFO | mmf.utils.checkpoint : Copying model.bert.encoder.layer.5.intermediate.dense.weight from model.bert.encoder.layer.5.intermediate.dense.weight
2022-08-31T12:04:27 | INFO | mmf.utils.checkpoint : Copying model.bert.encoder.layer.5.intermediate.dense.bias from model.bert.encoder.layer.5.intermediate.dense.bias
2022-08-31T12:04:27 | INFO | mmf.utils.checkpoint : Copying model.bert.encoder.layer.5.output.dense.weight from model.bert.encoder.layer.5.output.dense.weight
2022-08-31T12:04:27 | INFO | mmf.utils.checkpoint : Copying model.bert.encoder.layer.5.output.dense.bias from model.bert.encoder.layer.5.output.dense.bias
2022-08-31T12:04:27 | INFO | mmf.utils.checkpoint : Copying model.bert.encoder.layer.5.output.LayerNorm.weight from model.bert.encoder.layer.5.output.LayerNorm.weight
2022-08-31T12:04:27 | INFO | mmf.utils.checkpoint : Copying model.bert.encoder.layer.5.output.LayerNorm.bias from model.bert.encoder.layer.5.output.LayerNorm.bias
2022-08-31T12:04:27 | INFO | mmf.utils.checkpoint : Copying model.bert.encoder.layer.6.attention.self.query.weight from model.bert.encoder.layer.6.attention.self.query.weight
2022-08-31T12:04:27 | INFO | mmf.utils.checkpoint : Copying model.bert.encoder.layer.6.attention.self.query.bias from model.bert.encoder.layer.6.attention.self.query.bias
2022-08-31T12:04:27 | INFO | mmf.utils.checkpoint : Copying model.bert.encoder.layer.6.attention.self.key.weight from model.bert.encoder.layer.6.attention.self.key.weight
2022-08-31T12:04:27 | INFO | mmf.utils.checkpoint : Copying model.bert.encoder.layer.6.attention.self.key.bias from model.bert.encoder.layer.6.attention.self.key.bias
2022-08-31T12:04:27 | INFO | mmf.utils.checkpoint : Copying model.bert.encoder.layer.6.attention.self.value.weight from model.bert.encoder.layer.6.attention.self.value.weight
2022-08-31T12:04:27 | INFO | mmf.utils.checkpoint : Copying model.bert.encoder.layer.6.attention.self.value.bias from model.bert.encoder.layer.6.attention.self.value.bias
2022-08-31T12:04:27 | INFO | mmf.utils.checkpoint : Copying model.bert.encoder.layer.6.attention.output.dense.weight from model.bert.encoder.layer.6.attention.output.dense.weight
2022-08-31T12:04:27 | INFO | mmf.utils.checkpoint : Copying model.bert.encoder.layer.6.attention.output.dense.bias from model.bert.encoder.layer.6.attention.output.dense.bias
2022-08-31T12:04:27 | INFO | mmf.utils.checkpoint : Copying model.bert.encoder.layer.6.attention.output.LayerNorm.weight from model.bert.encoder.layer.6.attention.output.LayerNorm.weight
2022-08-31T12:04:27 | INFO | mmf.utils.checkpoint : Copying model.bert.encoder.layer.6.attention.output.LayerNorm.bias from model.bert.encoder.layer.6.attention.output.LayerNorm.bias
2022-08-31T12:04:27 | INFO | mmf.utils.checkpoint : Copying model.bert.encoder.layer.6.intermediate.dense.weight from model.bert.encoder.layer.6.intermediate.dense.weight
2022-08-31T12:04:27 | INFO | mmf.utils.checkpoint : Copying model.bert.encoder.layer.6.intermediate.dense.bias from model.bert.encoder.layer.6.intermediate.dense.bias
2022-08-31T12:04:27 | INFO | mmf.utils.checkpoint : Copying model.bert.encoder.layer.6.output.dense.weight from model.bert.encoder.layer.6.output.dense.weight
2022-08-31T12:04:27 | INFO | mmf.utils.checkpoint : Copying model.bert.encoder.layer.6.output.dense.bias from model.bert.encoder.layer.6.output.dense.bias
2022-08-31T12:04:27 | INFO | mmf.utils.checkpoint : Copying model.bert.encoder.layer.6.output.LayerNorm.weight from model.bert.encoder.layer.6.output.LayerNorm.weight
2022-08-31T12:04:27 | INFO | mmf.utils.checkpoint : Copying model.bert.encoder.layer.6.output.LayerNorm.bias from model.bert.encoder.layer.6.output.LayerNorm.bias
2022-08-31T12:04:27 | INFO | mmf.utils.checkpoint : Copying model.bert.encoder.layer.7.attention.self.query.weight from model.bert.encoder.layer.7.attention.self.query.weight
2022-08-31T12:04:27 | INFO | mmf.utils.checkpoint : Copying model.bert.encoder.layer.7.attention.self.query.bias from model.bert.encoder.layer.7.attention.self.query.bias
2022-08-31T12:04:27 | INFO | mmf.utils.checkpoint : Copying model.bert.encoder.layer.7.attention.self.key.weight from model.bert.encoder.layer.7.attention.self.key.weight
2022-08-31T12:04:27 | INFO | mmf.utils.checkpoint : Copying model.bert.encoder.layer.7.attention.self.key.bias from model.bert.encoder.layer.7.attention.self.key.bias
2022-08-31T12:04:27 | INFO | mmf.utils.checkpoint : Copying model.bert.encoder.layer.7.attention.self.value.weight from model.bert.encoder.layer.7.attention.self.value.weight
2022-08-31T12:04:27 | INFO | mmf.utils.checkpoint : Copying model.bert.encoder.layer.7.attention.self.value.bias from model.bert.encoder.layer.7.attention.self.value.bias
2022-08-31T12:04:27 | INFO | mmf.utils.checkpoint : Copying model.bert.encoder.layer.7.attention.output.dense.weight from model.bert.encoder.layer.7.attention.output.dense.weight
2022-08-31T12:04:27 | INFO | mmf.utils.checkpoint : Copying model.bert.encoder.layer.7.attention.output.dense.bias from model.bert.encoder.layer.7.attention.output.dense.bias
2022-08-31T12:04:27 | INFO | mmf.utils.checkpoint : Copying model.bert.encoder.layer.7.attention.output.LayerNorm.weight from model.bert.encoder.layer.7.attention.output.LayerNorm.weight
2022-08-31T12:04:27 | INFO | mmf.utils.checkpoint : Copying model.bert.encoder.layer.7.attention.output.LayerNorm.bias from model.bert.encoder.layer.7.attention.output.LayerNorm.bias
2022-08-31T12:04:27 | INFO | mmf.utils.checkpoint : Copying model.bert.encoder.layer.7.intermediate.dense.weight from model.bert.encoder.layer.7.intermediate.dense.weight
2022-08-31T12:04:27 | INFO | mmf.utils.checkpoint : Copying model.bert.encoder.layer.7.intermediate.dense.bias from model.bert.encoder.layer.7.intermediate.dense.bias
2022-08-31T12:04:27 | INFO | mmf.utils.checkpoint : Copying model.bert.encoder.layer.7.output.dense.weight from model.bert.encoder.layer.7.output.dense.weight
2022-08-31T12:04:27 | INFO | mmf.utils.checkpoint : Copying model.bert.encoder.layer.7.output.dense.bias from model.bert.encoder.layer.7.output.dense.bias
2022-08-31T12:04:27 | INFO | mmf.utils.checkpoint : Copying model.bert.encoder.layer.7.output.LayerNorm.weight from model.bert.encoder.layer.7.output.LayerNorm.weight
2022-08-31T12:04:27 | INFO | mmf.utils.checkpoint : Copying model.bert.encoder.layer.7.output.LayerNorm.bias from model.bert.encoder.layer.7.output.LayerNorm.bias
2022-08-31T12:04:27 | INFO | mmf.utils.checkpoint : Copying model.bert.encoder.layer.8.attention.self.query.weight from model.bert.encoder.layer.8.attention.self.query.weight
2022-08-31T12:04:27 | INFO | mmf.utils.checkpoint : Copying model.bert.encoder.layer.8.attention.self.query.bias from model.bert.encoder.layer.8.attention.self.query.bias
2022-08-31T12:04:27 | INFO | mmf.utils.checkpoint : Copying model.bert.encoder.layer.8.attention.self.key.weight from model.bert.encoder.layer.8.attention.self.key.weight
2022-08-31T12:04:27 | INFO | mmf.utils.checkpoint : Copying model.bert.encoder.layer.8.attention.self.key.bias from model.bert.encoder.layer.8.attention.self.key.bias
2022-08-31T12:04:27 | INFO | mmf.utils.checkpoint : Copying model.bert.encoder.layer.8.attention.self.value.weight from model.bert.encoder.layer.8.attention.self.value.weight
2022-08-31T12:04:27 | INFO | mmf.utils.checkpoint : Copying model.bert.encoder.layer.8.attention.self.value.bias from model.bert.encoder.layer.8.attention.self.value.bias
2022-08-31T12:04:27 | INFO | mmf.utils.checkpoint : Copying model.bert.encoder.layer.8.attention.output.dense.weight from model.bert.encoder.layer.8.attention.output.dense.weight
2022-08-31T12:04:27 | INFO | mmf.utils.checkpoint : Copying model.bert.encoder.layer.8.attention.output.dense.bias from model.bert.encoder.layer.8.attention.output.dense.bias
2022-08-31T12:04:27 | INFO | mmf.utils.checkpoint : Copying model.bert.encoder.layer.8.attention.output.LayerNorm.weight from model.bert.encoder.layer.8.attention.output.LayerNorm.weight
2022-08-31T12:04:27 | INFO | mmf.utils.checkpoint : Copying model.bert.encoder.layer.8.attention.output.LayerNorm.bias from model.bert.encoder.layer.8.attention.output.LayerNorm.bias
2022-08-31T12:04:27 | INFO | mmf.utils.checkpoint : Copying model.bert.encoder.layer.8.intermediate.dense.weight from model.bert.encoder.layer.8.intermediate.dense.weight
2022-08-31T12:04:27 | INFO | mmf.utils.checkpoint : Copying model.bert.encoder.layer.8.intermediate.dense.bias from model.bert.encoder.layer.8.intermediate.dense.bias
2022-08-31T12:04:27 | INFO | mmf.utils.checkpoint : Copying model.bert.encoder.layer.8.output.dense.weight from model.bert.encoder.layer.8.output.dense.weight
2022-08-31T12:04:27 | INFO | mmf.utils.checkpoint : Copying model.bert.encoder.layer.8.output.dense.bias from model.bert.encoder.layer.8.output.dense.bias
2022-08-31T12:04:27 | INFO | mmf.utils.checkpoint : Copying model.bert.encoder.layer.8.output.LayerNorm.weight from model.bert.encoder.layer.8.output.LayerNorm.weight
2022-08-31T12:04:27 | INFO | mmf.utils.checkpoint : Copying model.bert.encoder.layer.8.output.LayerNorm.bias from model.bert.encoder.layer.8.output.LayerNorm.bias
2022-08-31T12:04:27 | INFO | mmf.utils.checkpoint : Copying model.bert.encoder.layer.9.attention.self.query.weight from model.bert.encoder.layer.9.attention.self.query.weight
2022-08-31T12:04:27 | INFO | mmf.utils.checkpoint : Copying model.bert.encoder.layer.9.attention.self.query.bias from model.bert.encoder.layer.9.attention.self.query.bias
2022-08-31T12:04:27 | INFO | mmf.utils.checkpoint : Copying model.bert.encoder.layer.9.attention.self.key.weight from model.bert.encoder.layer.9.attention.self.key.weight
2022-08-31T12:04:27 | INFO | mmf.utils.checkpoint : Copying model.bert.encoder.layer.9.attention.self.key.bias from model.bert.encoder.layer.9.attention.self.key.bias
2022-08-31T12:04:27 | INFO | mmf.utils.checkpoint : Copying model.bert.encoder.layer.9.attention.self.value.weight from model.bert.encoder.layer.9.attention.self.value.weight
2022-08-31T12:04:27 | INFO | mmf.utils.checkpoint : Copying model.bert.encoder.layer.9.attention.self.value.bias from model.bert.encoder.layer.9.attention.self.value.bias
2022-08-31T12:04:27 | INFO | mmf.utils.checkpoint : Copying model.bert.encoder.layer.9.attention.output.dense.weight from model.bert.encoder.layer.9.attention.output.dense.weight
2022-08-31T12:04:27 | INFO | mmf.utils.checkpoint : Copying model.bert.encoder.layer.9.attention.output.dense.bias from model.bert.encoder.layer.9.attention.output.dense.bias
2022-08-31T12:04:27 | INFO | mmf.utils.checkpoint : Copying model.bert.encoder.layer.9.attention.output.LayerNorm.weight from model.bert.encoder.layer.9.attention.output.LayerNorm.weight
2022-08-31T12:04:27 | INFO | mmf.utils.checkpoint : Copying model.bert.encoder.layer.9.attention.output.LayerNorm.bias from model.bert.encoder.layer.9.attention.output.LayerNorm.bias
2022-08-31T12:04:27 | INFO | mmf.utils.checkpoint : Copying model.bert.encoder.layer.9.intermediate.dense.weight from model.bert.encoder.layer.9.intermediate.dense.weight
2022-08-31T12:04:27 | INFO | mmf.utils.checkpoint : Copying model.bert.encoder.layer.9.intermediate.dense.bias from model.bert.encoder.layer.9.intermediate.dense.bias
2022-08-31T12:04:27 | INFO | mmf.utils.checkpoint : Copying model.bert.encoder.layer.9.output.dense.weight from model.bert.encoder.layer.9.output.dense.weight
2022-08-31T12:04:27 | INFO | mmf.utils.checkpoint : Copying model.bert.encoder.layer.9.output.dense.bias from model.bert.encoder.layer.9.output.dense.bias
2022-08-31T12:04:27 | INFO | mmf.utils.checkpoint : Copying model.bert.encoder.layer.9.output.LayerNorm.weight from model.bert.encoder.layer.9.output.LayerNorm.weight
2022-08-31T12:04:27 | INFO | mmf.utils.checkpoint : Copying model.bert.encoder.layer.9.output.LayerNorm.bias from model.bert.encoder.layer.9.output.LayerNorm.bias
2022-08-31T12:04:27 | INFO | mmf.utils.checkpoint : Copying model.bert.encoder.layer.10.attention.self.query.weight from model.bert.encoder.layer.10.attention.self.query.weight
2022-08-31T12:04:27 | INFO | mmf.utils.checkpoint : Copying model.bert.encoder.layer.10.attention.self.query.bias from model.bert.encoder.layer.10.attention.self.query.bias
2022-08-31T12:04:27 | INFO | mmf.utils.checkpoint : Copying model.bert.encoder.layer.10.attention.self.key.weight from model.bert.encoder.layer.10.attention.self.key.weight
2022-08-31T12:04:27 | INFO | mmf.utils.checkpoint : Copying model.bert.encoder.layer.10.attention.self.key.bias from model.bert.encoder.layer.10.attention.self.key.bias
2022-08-31T12:04:27 | INFO | mmf.utils.checkpoint : Copying model.bert.encoder.layer.10.attention.self.value.weight from model.bert.encoder.layer.10.attention.self.value.weight
2022-08-31T12:04:27 | INFO | mmf.utils.checkpoint : Copying model.bert.encoder.layer.10.attention.self.value.bias from model.bert.encoder.layer.10.attention.self.value.bias
2022-08-31T12:04:27 | INFO | mmf.utils.checkpoint : Copying model.bert.encoder.layer.10.attention.output.dense.weight from model.bert.encoder.layer.10.attention.output.dense.weight
2022-08-31T12:04:27 | INFO | mmf.utils.checkpoint : Copying model.bert.encoder.layer.10.attention.output.dense.bias from model.bert.encoder.layer.10.attention.output.dense.bias
2022-08-31T12:04:27 | INFO | mmf.utils.checkpoint : Copying model.bert.encoder.layer.10.attention.output.LayerNorm.weight from model.bert.encoder.layer.10.attention.output.LayerNorm.weight
2022-08-31T12:04:27 | INFO | mmf.utils.checkpoint : Copying model.bert.encoder.layer.10.attention.output.LayerNorm.bias from model.bert.encoder.layer.10.attention.output.LayerNorm.bias
2022-08-31T12:04:27 | INFO | mmf.utils.checkpoint : Copying model.bert.encoder.layer.10.intermediate.dense.weight from model.bert.encoder.layer.10.intermediate.dense.weight
2022-08-31T12:04:27 | INFO | mmf.utils.checkpoint : Copying model.bert.encoder.layer.10.intermediate.dense.bias from model.bert.encoder.layer.10.intermediate.dense.bias
2022-08-31T12:04:27 | INFO | mmf.utils.checkpoint : Copying model.bert.encoder.layer.10.output.dense.weight from model.bert.encoder.layer.10.output.dense.weight
2022-08-31T12:04:27 | INFO | mmf.utils.checkpoint : Copying model.bert.encoder.layer.10.output.dense.bias from model.bert.encoder.layer.10.output.dense.bias
2022-08-31T12:04:27 | INFO | mmf.utils.checkpoint : Copying model.bert.encoder.layer.10.output.LayerNorm.weight from model.bert.encoder.layer.10.output.LayerNorm.weight
2022-08-31T12:04:27 | INFO | mmf.utils.checkpoint : Copying model.bert.encoder.layer.10.output.LayerNorm.bias from model.bert.encoder.layer.10.output.LayerNorm.bias
2022-08-31T12:04:27 | INFO | mmf.utils.checkpoint : Copying model.bert.encoder.layer.11.attention.self.query.weight from model.bert.encoder.layer.11.attention.self.query.weight
2022-08-31T12:04:27 | INFO | mmf.utils.checkpoint : Copying model.bert.encoder.layer.11.attention.self.query.bias from model.bert.encoder.layer.11.attention.self.query.bias
2022-08-31T12:04:27 | INFO | mmf.utils.checkpoint : Copying model.bert.encoder.layer.11.attention.self.key.weight from model.bert.encoder.layer.11.attention.self.key.weight
2022-08-31T12:04:27 | INFO | mmf.utils.checkpoint : Copying model.bert.encoder.layer.11.attention.self.key.bias from model.bert.encoder.layer.11.attention.self.key.bias
2022-08-31T12:04:27 | INFO | mmf.utils.checkpoint : Copying model.bert.encoder.layer.11.attention.self.value.weight from model.bert.encoder.layer.11.attention.self.value.weight
2022-08-31T12:04:27 | INFO | mmf.utils.checkpoint : Copying model.bert.encoder.layer.11.attention.self.value.bias from model.bert.encoder.layer.11.attention.self.value.bias
2022-08-31T12:04:27 | INFO | mmf.utils.checkpoint : Copying model.bert.encoder.layer.11.attention.output.dense.weight from model.bert.encoder.layer.11.attention.output.dense.weight
2022-08-31T12:04:27 | INFO | mmf.utils.checkpoint : Copying model.bert.encoder.layer.11.attention.output.dense.bias from model.bert.encoder.layer.11.attention.output.dense.bias
2022-08-31T12:04:27 | INFO | mmf.utils.checkpoint : Copying model.bert.encoder.layer.11.attention.output.LayerNorm.weight from model.bert.encoder.layer.11.attention.output.LayerNorm.weight
2022-08-31T12:04:27 | INFO | mmf.utils.checkpoint : Copying model.bert.encoder.layer.11.attention.output.LayerNorm.bias from model.bert.encoder.layer.11.attention.output.LayerNorm.bias
2022-08-31T12:04:27 | INFO | mmf.utils.checkpoint : Copying model.bert.encoder.layer.11.intermediate.dense.weight from model.bert.encoder.layer.11.intermediate.dense.weight
2022-08-31T12:04:27 | INFO | mmf.utils.checkpoint : Copying model.bert.encoder.layer.11.intermediate.dense.bias from model.bert.encoder.layer.11.intermediate.dense.bias
2022-08-31T12:04:27 | INFO | mmf.utils.checkpoint : Copying model.bert.encoder.layer.11.output.dense.weight from model.bert.encoder.layer.11.output.dense.weight
2022-08-31T12:04:27 | INFO | mmf.utils.checkpoint : Copying model.bert.encoder.layer.11.output.dense.bias from model.bert.encoder.layer.11.output.dense.bias
2022-08-31T12:04:27 | INFO | mmf.utils.checkpoint : Copying model.bert.encoder.layer.11.output.LayerNorm.weight from model.bert.encoder.layer.11.output.LayerNorm.weight
2022-08-31T12:04:27 | INFO | mmf.utils.checkpoint : Copying model.bert.encoder.layer.11.output.LayerNorm.bias from model.bert.encoder.layer.11.output.LayerNorm.bias
2022-08-31T12:04:27 | INFO | mmf.utils.checkpoint : Copying model.bert.pooler.dense.weight from model.bert.pooler.dense.weight
2022-08-31T12:04:27 | INFO | mmf.utils.checkpoint : Copying model.bert.pooler.dense.bias from model.bert.pooler.dense.bias
2022-08-31T12:04:27 | INFO | mmf.utils.checkpoint : Pretrained model loaded
2022-08-31T12:04:27 | INFO | mmf.utils.checkpoint : Checkpoint loaded.
2022-08-31T12:04:27 | INFO | mmf.utils.checkpoint : Current num updates: 0
2022-08-31T12:04:27 | INFO | mmf.utils.checkpoint : Current iteration: 0
2022-08-31T12:04:27 | INFO | mmf.utils.checkpoint : Current epoch: 0
2022-08-31T12:04:27 | INFO | mmf.trainers.mmf_trainer : ===== Model =====
2022-08-31T12:04:27 | INFO | mmf.trainers.mmf_trainer : VisualBERT(
  (model): VisualBERTForClassification(
    (bert): VisualBERTBase(
      (embeddings): BertVisioLinguisticEmbeddings(
        (word_embeddings): Embedding(30522, 768, padding_idx=0)
        (position_embeddings): Embedding(512, 768)
        (token_type_embeddings): Embedding(2, 768)
        (LayerNorm): LayerNorm((768,), eps=1e-12, elementwise_affine=True)
        (dropout): Dropout(p=0.1, inplace=False)
        (token_type_embeddings_visual): Embedding(2, 768)
        (position_embeddings_visual): Embedding(512, 768)
        (projection): Linear(in_features=2048, out_features=768, bias=True)
      )
      (encoder): BertEncoderJit(
        (layer): ModuleList(
          (0): BertLayerJit(
            (attention): BertAttentionJit(
              (self): BertSelfAttentionJit(
                (query): Linear(in_features=768, out_features=768, bias=True)
                (key): Linear(in_features=768, out_features=768, bias=True)
                (value): Linear(in_features=768, out_features=768, bias=True)
                (dropout): Dropout(p=0.1, inplace=False)
              )
              (output): BertSelfOutput(
                (dense): Linear(in_features=768, out_features=768, bias=True)
                (LayerNorm): LayerNorm((768,), eps=1e-12, elementwise_affine=True)
                (dropout): Dropout(p=0.1, inplace=False)
              )
            )
            (intermediate): BertIntermediate(
              (dense): Linear(in_features=768, out_features=3072, bias=True)
            )
            (output): BertOutput(
              (dense): Linear(in_features=3072, out_features=768, bias=True)
              (LayerNorm): LayerNorm((768,), eps=1e-12, elementwise_affine=True)
              (dropout): Dropout(p=0.1, inplace=False)
            )
          )
          (1): BertLayerJit(
            (attention): BertAttentionJit(
              (self): BertSelfAttentionJit(
                (query): Linear(in_features=768, out_features=768, bias=True)
                (key): Linear(in_features=768, out_features=768, bias=True)
                (value): Linear(in_features=768, out_features=768, bias=True)
                (dropout): Dropout(p=0.1, inplace=False)
              )
              (output): BertSelfOutput(
                (dense): Linear(in_features=768, out_features=768, bias=True)
                (LayerNorm): LayerNorm((768,), eps=1e-12, elementwise_affine=True)
                (dropout): Dropout(p=0.1, inplace=False)
              )
            )
            (intermediate): BertIntermediate(
              (dense): Linear(in_features=768, out_features=3072, bias=True)
            )
            (output): BertOutput(
              (dense): Linear(in_features=3072, out_features=768, bias=True)
              (LayerNorm): LayerNorm((768,), eps=1e-12, elementwise_affine=True)
              (dropout): Dropout(p=0.1, inplace=False)
            )
          )
          (2): BertLayerJit(
            (attention): BertAttentionJit(
              (self): BertSelfAttentionJit(
                (query): Linear(in_features=768, out_features=768, bias=True)
                (key): Linear(in_features=768, out_features=768, bias=True)
                (value): Linear(in_features=768, out_features=768, bias=True)
                (dropout): Dropout(p=0.1, inplace=False)
              )
              (output): BertSelfOutput(
                (dense): Linear(in_features=768, out_features=768, bias=True)
                (LayerNorm): LayerNorm((768,), eps=1e-12, elementwise_affine=True)
                (dropout): Dropout(p=0.1, inplace=False)
              )
            )
            (intermediate): BertIntermediate(
              (dense): Linear(in_features=768, out_features=3072, bias=True)
            )
            (output): BertOutput(
              (dense): Linear(in_features=3072, out_features=768, bias=True)
              (LayerNorm): LayerNorm((768,), eps=1e-12, elementwise_affine=True)
              (dropout): Dropout(p=0.1, inplace=False)
            )
          )
          (3): BertLayerJit(
            (attention): BertAttentionJit(
              (self): BertSelfAttentionJit(
                (query): Linear(in_features=768, out_features=768, bias=True)
                (key): Linear(in_features=768, out_features=768, bias=True)
                (value): Linear(in_features=768, out_features=768, bias=True)
                (dropout): Dropout(p=0.1, inplace=False)
              )
              (output): BertSelfOutput(
                (dense): Linear(in_features=768, out_features=768, bias=True)
                (LayerNorm): LayerNorm((768,), eps=1e-12, elementwise_affine=True)
                (dropout): Dropout(p=0.1, inplace=False)
              )
            )
            (intermediate): BertIntermediate(
              (dense): Linear(in_features=768, out_features=3072, bias=True)
            )
            (output): BertOutput(
              (dense): Linear(in_features=3072, out_features=768, bias=True)
              (LayerNorm): LayerNorm((768,), eps=1e-12, elementwise_affine=True)
              (dropout): Dropout(p=0.1, inplace=False)
            )
          )
          (4): BertLayerJit(
            (attention): BertAttentionJit(
              (self): BertSelfAttentionJit(
                (query): Linear(in_features=768, out_features=768, bias=True)
                (key): Linear(in_features=768, out_features=768, bias=True)
                (value): Linear(in_features=768, out_features=768, bias=True)
                (dropout): Dropout(p=0.1, inplace=False)
              )
              (output): BertSelfOutput(
                (dense): Linear(in_features=768, out_features=768, bias=True)
                (LayerNorm): LayerNorm((768,), eps=1e-12, elementwise_affine=True)
                (dropout): Dropout(p=0.1, inplace=False)
              )
            )
            (intermediate): BertIntermediate(
              (dense): Linear(in_features=768, out_features=3072, bias=True)
            )
            (output): BertOutput(
              (dense): Linear(in_features=3072, out_features=768, bias=True)
              (LayerNorm): LayerNorm((768,), eps=1e-12, elementwise_affine=True)
              (dropout): Dropout(p=0.1, inplace=False)
            )
          )
          (5): BertLayerJit(
            (attention): BertAttentionJit(
              (self): BertSelfAttentionJit(
                (query): Linear(in_features=768, out_features=768, bias=True)
                (key): Linear(in_features=768, out_features=768, bias=True)
                (value): Linear(in_features=768, out_features=768, bias=True)
                (dropout): Dropout(p=0.1, inplace=False)
              )
              (output): BertSelfOutput(
                (dense): Linear(in_features=768, out_features=768, bias=True)
                (LayerNorm): LayerNorm((768,), eps=1e-12, elementwise_affine=True)
                (dropout): Dropout(p=0.1, inplace=False)
              )
            )
            (intermediate): BertIntermediate(
              (dense): Linear(in_features=768, out_features=3072, bias=True)
            )
            (output): BertOutput(
              (dense): Linear(in_features=3072, out_features=768, bias=True)
              (LayerNorm): LayerNorm((768,), eps=1e-12, elementwise_affine=True)
              (dropout): Dropout(p=0.1, inplace=False)
            )
          )
          (6): BertLayerJit(
            (attention): BertAttentionJit(
              (self): BertSelfAttentionJit(
                (query): Linear(in_features=768, out_features=768, bias=True)
                (key): Linear(in_features=768, out_features=768, bias=True)
                (value): Linear(in_features=768, out_features=768, bias=True)
                (dropout): Dropout(p=0.1, inplace=False)
              )
              (output): BertSelfOutput(
                (dense): Linear(in_features=768, out_features=768, bias=True)
                (LayerNorm): LayerNorm((768,), eps=1e-12, elementwise_affine=True)
                (dropout): Dropout(p=0.1, inplace=False)
              )
            )
            (intermediate): BertIntermediate(
              (dense): Linear(in_features=768, out_features=3072, bias=True)
            )
            (output): BertOutput(
              (dense): Linear(in_features=3072, out_features=768, bias=True)
              (LayerNorm): LayerNorm((768,), eps=1e-12, elementwise_affine=True)
              (dropout): Dropout(p=0.1, inplace=False)
            )
          )
          (7): BertLayerJit(
            (attention): BertAttentionJit(
              (self): BertSelfAttentionJit(
                (query): Linear(in_features=768, out_features=768, bias=True)
                (key): Linear(in_features=768, out_features=768, bias=True)
                (value): Linear(in_features=768, out_features=768, bias=True)
                (dropout): Dropout(p=0.1, inplace=False)
              )
              (output): BertSelfOutput(
                (dense): Linear(in_features=768, out_features=768, bias=True)
                (LayerNorm): LayerNorm((768,), eps=1e-12, elementwise_affine=True)
                (dropout): Dropout(p=0.1, inplace=False)
              )
            )
            (intermediate): BertIntermediate(
              (dense): Linear(in_features=768, out_features=3072, bias=True)
            )
            (output): BertOutput(
              (dense): Linear(in_features=3072, out_features=768, bias=True)
              (LayerNorm): LayerNorm((768,), eps=1e-12, elementwise_affine=True)
              (dropout): Dropout(p=0.1, inplace=False)
            )
          )
          (8): BertLayerJit(
            (attention): BertAttentionJit(
              (self): BertSelfAttentionJit(
                (query): Linear(in_features=768, out_features=768, bias=True)
                (key): Linear(in_features=768, out_features=768, bias=True)
                (value): Linear(in_features=768, out_features=768, bias=True)
                (dropout): Dropout(p=0.1, inplace=False)
              )
              (output): BertSelfOutput(
                (dense): Linear(in_features=768, out_features=768, bias=True)
                (LayerNorm): LayerNorm((768,), eps=1e-12, elementwise_affine=True)
                (dropout): Dropout(p=0.1, inplace=False)
              )
            )
            (intermediate): BertIntermediate(
              (dense): Linear(in_features=768, out_features=3072, bias=True)
            )
            (output): BertOutput(
              (dense): Linear(in_features=3072, out_features=768, bias=True)
              (LayerNorm): LayerNorm((768,), eps=1e-12, elementwise_affine=True)
              (dropout): Dropout(p=0.1, inplace=False)
            )
          )
          (9): BertLayerJit(
            (attention): BertAttentionJit(
              (self): BertSelfAttentionJit(
                (query): Linear(in_features=768, out_features=768, bias=True)
                (key): Linear(in_features=768, out_features=768, bias=True)
                (value): Linear(in_features=768, out_features=768, bias=True)
                (dropout): Dropout(p=0.1, inplace=False)
              )
              (output): BertSelfOutput(
                (dense): Linear(in_features=768, out_features=768, bias=True)
                (LayerNorm): LayerNorm((768,), eps=1e-12, elementwise_affine=True)
                (dropout): Dropout(p=0.1, inplace=False)
              )
            )
            (intermediate): BertIntermediate(
              (dense): Linear(in_features=768, out_features=3072, bias=True)
            )
            (output): BertOutput(
              (dense): Linear(in_features=3072, out_features=768, bias=True)
              (LayerNorm): LayerNorm((768,), eps=1e-12, elementwise_affine=True)
              (dropout): Dropout(p=0.1, inplace=False)
            )
          )
          (10): BertLayerJit(
            (attention): BertAttentionJit(
              (self): BertSelfAttentionJit(
                (query): Linear(in_features=768, out_features=768, bias=True)
                (key): Linear(in_features=768, out_features=768, bias=True)
                (value): Linear(in_features=768, out_features=768, bias=True)
                (dropout): Dropout(p=0.1, inplace=False)
              )
              (output): BertSelfOutput(
                (dense): Linear(in_features=768, out_features=768, bias=True)
                (LayerNorm): LayerNorm((768,), eps=1e-12, elementwise_affine=True)
                (dropout): Dropout(p=0.1, inplace=False)
              )
            )
            (intermediate): BertIntermediate(
              (dense): Linear(in_features=768, out_features=3072, bias=True)
            )
            (output): BertOutput(
              (dense): Linear(in_features=3072, out_features=768, bias=True)
              (LayerNorm): LayerNorm((768,), eps=1e-12, elementwise_affine=True)
              (dropout): Dropout(p=0.1, inplace=False)
            )
          )
          (11): BertLayerJit(
            (attention): BertAttentionJit(
              (self): BertSelfAttentionJit(
                (query): Linear(in_features=768, out_features=768, bias=True)
                (key): Linear(in_features=768, out_features=768, bias=True)
                (value): Linear(in_features=768, out_features=768, bias=True)
                (dropout): Dropout(p=0.1, inplace=False)
              )
              (output): BertSelfOutput(
                (dense): Linear(in_features=768, out_features=768, bias=True)
                (LayerNorm): LayerNorm((768,), eps=1e-12, elementwise_affine=True)
                (dropout): Dropout(p=0.1, inplace=False)
              )
            )
            (intermediate): BertIntermediate(
              (dense): Linear(in_features=768, out_features=3072, bias=True)
            )
            (output): BertOutput(
              (dense): Linear(in_features=3072, out_features=768, bias=True)
              (LayerNorm): LayerNorm((768,), eps=1e-12, elementwise_affine=True)
              (dropout): Dropout(p=0.1, inplace=False)
            )
          )
        )
      )
      (pooler): BertPooler(
        (dense): Linear(in_features=768, out_features=768, bias=True)
        (activation): Tanh()
      )
    )
    (dropout): Dropout(p=0.1, inplace=False)
    (classifier): Sequential(
      (0): BertPredictionHeadTransform(
        (dense): Linear(in_features=768, out_features=768, bias=True)
        (LayerNorm): LayerNorm((768,), eps=1e-12, elementwise_affine=True)
      )
      (1): Linear(in_features=768, out_features=6, bias=True)
    )
  )
  (losses): Losses(
    (losses): ModuleList(
      (0): MMFLoss(
        (loss_criterion): CrossEntropyLoss(
          (loss_fn): CrossEntropyLoss()
        )
      )
    )
  )
)
2022-08-31T12:04:27 | INFO | mmf.utils.general : Total Parameters: 112047366. Trained Parameters: 112047366
2022-08-31T12:04:27 | INFO | mmf.trainers.core.training_loop : Starting training...
2022-08-31T12:05:10 | INFO | mmf.trainers.callbacks.checkpoint : Checkpoint time. Saving a checkpoint.
2022-08-31T12:05:10 | WARNING | py.warnings : /usr/local/lib/python3.7/dist-packages/torch/optim/lr_scheduler.py:200: UserWarning: Please also save or load the state of the optimzer when saving or loading the scheduler.
  warnings.warn(SAVE_STATE_WARNING, UserWarning)

2022-08-31T12:05:10 | WARNING | py.warnings : /usr/local/lib/python3.7/dist-packages/torch/optim/lr_scheduler.py:200: UserWarning: Please also save or load the state of the optimzer when saving or loading the scheduler.
  warnings.warn(SAVE_STATE_WARNING, UserWarning)

2022-08-31T12:05:21 | INFO | mmf.trainers.core.training_loop : Evaluation time. Running on full validation set...
2022-08-31T12:05:31 | WARNING | py.warnings : /usr/local/lib/python3.7/dist-packages/torch/optim/lr_scheduler.py:200: UserWarning: Please also save or load the state of the optimzer when saving or loading the scheduler.
  warnings.warn(SAVE_STATE_WARNING, UserWarning)

2022-08-31T12:05:31 | WARNING | py.warnings : /usr/local/lib/python3.7/dist-packages/torch/optim/lr_scheduler.py:200: UserWarning: Please also save or load the state of the optimzer when saving or loading the scheduler.
  warnings.warn(SAVE_STATE_WARNING, UserWarning)

2022-08-31T12:05:48 | INFO | mmf.trainers.callbacks.logistics : progress: 50/1000, val/hateful_memes/cross_entropy: 1.4084, val/total_loss: 1.4084, val/hateful_memes/accuracy: 0.4121, val/hateful_memes/binary_f1: 0.0000, val/hateful_memes/roc_auc: 0.5070, num_updates: 50, epoch: 1, iterations: 50, max_updates: 1000, val_time: 27s 565ms, best_update: 50, best_iteration: 50, best_val/hateful_memes/roc_auc: 0.506953
2022-08-31T12:06:29 | INFO | mmf.trainers.callbacks.checkpoint : Checkpoint time. Saving a checkpoint.
2022-08-31T12:06:29 | WARNING | py.warnings : /usr/local/lib/python3.7/dist-packages/torch/optim/lr_scheduler.py:200: UserWarning: Please also save or load the state of the optimzer when saving or loading the scheduler.
  warnings.warn(SAVE_STATE_WARNING, UserWarning)

2022-08-31T12:06:29 | WARNING | py.warnings : /usr/local/lib/python3.7/dist-packages/torch/optim/lr_scheduler.py:200: UserWarning: Please also save or load the state of the optimzer when saving or loading the scheduler.
  warnings.warn(SAVE_STATE_WARNING, UserWarning)

2022-08-31T12:06:41 | INFO | mmf.trainers.callbacks.logistics : progress: 100/1000, train/hateful_memes/cross_entropy: 0.8379, train/hateful_memes/cross_entropy/avg: 0.8379, train/total_loss: 0.8379, train/total_loss/avg: 0.8379, max mem: 9201.0, experiment: run, epoch: 1, num_updates: 100, iterations: 100, max_updates: 1000, lr: 0.00002, ups: 1.92, time: 52s 431ms, time_since_start: 02m 17s 050ms, eta: 07m 51s 886ms
2022-08-31T12:06:41 | INFO | mmf.trainers.core.training_loop : Evaluation time. Running on full validation set...
2022-08-31T12:06:51 | WARNING | py.warnings : /usr/local/lib/python3.7/dist-packages/torch/optim/lr_scheduler.py:200: UserWarning: Please also save or load the state of the optimzer when saving or loading the scheduler.
  warnings.warn(SAVE_STATE_WARNING, UserWarning)

2022-08-31T12:06:51 | WARNING | py.warnings : /usr/local/lib/python3.7/dist-packages/torch/optim/lr_scheduler.py:200: UserWarning: Please also save or load the state of the optimzer when saving or loading the scheduler.
  warnings.warn(SAVE_STATE_WARNING, UserWarning)

2022-08-31T12:07:07 | INFO | mmf.trainers.callbacks.logistics : progress: 100/1000, val/hateful_memes/cross_entropy: 1.3021, val/total_loss: 1.3021, val/hateful_memes/accuracy: 0.4121, val/hateful_memes/binary_f1: 0.0000, val/hateful_memes/roc_auc: 0.6184, num_updates: 100, epoch: 1, iterations: 100, max_updates: 1000, val_time: 26s 917ms, best_update: 100, best_iteration: 100, best_val/hateful_memes/roc_auc: 0.618386
2022-08-31T12:07:48 | INFO | mmf.trainers.callbacks.checkpoint : Checkpoint time. Saving a checkpoint.
2022-08-31T12:07:48 | WARNING | py.warnings : /usr/local/lib/python3.7/dist-packages/torch/optim/lr_scheduler.py:200: UserWarning: Please also save or load the state of the optimzer when saving or loading the scheduler.
  warnings.warn(SAVE_STATE_WARNING, UserWarning)

2022-08-31T12:07:48 | WARNING | py.warnings : /usr/local/lib/python3.7/dist-packages/torch/optim/lr_scheduler.py:200: UserWarning: Please also save or load the state of the optimzer when saving or loading the scheduler.
  warnings.warn(SAVE_STATE_WARNING, UserWarning)

2022-08-31T12:07:59 | INFO | mmf.trainers.core.training_loop : Evaluation time. Running on full validation set...
2022-08-31T12:08:09 | WARNING | py.warnings : /usr/local/lib/python3.7/dist-packages/torch/optim/lr_scheduler.py:200: UserWarning: Please also save or load the state of the optimzer when saving or loading the scheduler.
  warnings.warn(SAVE_STATE_WARNING, UserWarning)

2022-08-31T12:08:09 | WARNING | py.warnings : /usr/local/lib/python3.7/dist-packages/torch/optim/lr_scheduler.py:200: UserWarning: Please also save or load the state of the optimzer when saving or loading the scheduler.
  warnings.warn(SAVE_STATE_WARNING, UserWarning)

2022-08-31T12:08:26 | INFO | mmf.trainers.callbacks.logistics : progress: 150/1000, val/hateful_memes/cross_entropy: 1.3854, val/total_loss: 1.3854, val/hateful_memes/accuracy: 0.5014, val/hateful_memes/binary_f1: 0.3785, val/hateful_memes/roc_auc: 0.6614, num_updates: 150, epoch: 1, iterations: 150, max_updates: 1000, val_time: 27s 298ms, best_update: 150, best_iteration: 150, best_val/hateful_memes/roc_auc: 0.661388
2022-08-31T12:09:06 | INFO | mmf.trainers.callbacks.checkpoint : Checkpoint time. Saving a checkpoint.
2022-08-31T12:09:06 | WARNING | py.warnings : /usr/local/lib/python3.7/dist-packages/torch/optim/lr_scheduler.py:200: UserWarning: Please also save or load the state of the optimzer when saving or loading the scheduler.
  warnings.warn(SAVE_STATE_WARNING, UserWarning)

2022-08-31T12:09:06 | WARNING | py.warnings : /usr/local/lib/python3.7/dist-packages/torch/optim/lr_scheduler.py:200: UserWarning: Please also save or load the state of the optimzer when saving or loading the scheduler.
  warnings.warn(SAVE_STATE_WARNING, UserWarning)

2022-08-31T12:09:17 | INFO | mmf.trainers.callbacks.logistics : progress: 200/1000, train/hateful_memes/cross_entropy: 0.8379, train/hateful_memes/cross_entropy/avg: 0.9419, train/total_loss: 0.8379, train/total_loss/avg: 0.9419, max mem: 9201.0, experiment: run, epoch: 1, num_updates: 200, iterations: 200, max_updates: 1000, lr: 0.00004, ups: 1.96, time: 51s 063ms, time_since_start: 04m 53s 836ms, eta: 06m 48s 510ms
2022-08-31T12:09:17 | INFO | mmf.trainers.core.training_loop : Evaluation time. Running on full validation set...
2022-08-31T12:09:27 | WARNING | py.warnings : /usr/local/lib/python3.7/dist-packages/torch/optim/lr_scheduler.py:200: UserWarning: Please also save or load the state of the optimzer when saving or loading the scheduler.
  warnings.warn(SAVE_STATE_WARNING, UserWarning)

2022-08-31T12:09:27 | WARNING | py.warnings : /usr/local/lib/python3.7/dist-packages/torch/optim/lr_scheduler.py:200: UserWarning: Please also save or load the state of the optimzer when saving or loading the scheduler.
  warnings.warn(SAVE_STATE_WARNING, UserWarning)

2022-08-31T12:09:44 | INFO | mmf.trainers.callbacks.logistics : progress: 200/1000, val/hateful_memes/cross_entropy: 1.1620, val/total_loss: 1.1620, val/hateful_memes/accuracy: 0.5824, val/hateful_memes/binary_f1: 0.6179, val/hateful_memes/roc_auc: 0.7606, num_updates: 200, epoch: 1, iterations: 200, max_updates: 1000, val_time: 26s 373ms, best_update: 200, best_iteration: 200, best_val/hateful_memes/roc_auc: 0.760572
2022-08-31T12:10:25 | INFO | mmf.trainers.callbacks.checkpoint : Checkpoint time. Saving a checkpoint.
2022-08-31T12:10:25 | WARNING | py.warnings : /usr/local/lib/python3.7/dist-packages/torch/optim/lr_scheduler.py:200: UserWarning: Please also save or load the state of the optimzer when saving or loading the scheduler.
  warnings.warn(SAVE_STATE_WARNING, UserWarning)

2022-08-31T12:10:25 | WARNING | py.warnings : /usr/local/lib/python3.7/dist-packages/torch/optim/lr_scheduler.py:200: UserWarning: Please also save or load the state of the optimzer when saving or loading the scheduler.
  warnings.warn(SAVE_STATE_WARNING, UserWarning)

2022-08-31T12:10:37 | INFO | mmf.trainers.core.training_loop : Evaluation time. Running on full validation set...
2022-08-31T12:10:47 | WARNING | py.warnings : /usr/local/lib/python3.7/dist-packages/torch/optim/lr_scheduler.py:200: UserWarning: Please also save or load the state of the optimzer when saving or loading the scheduler.
  warnings.warn(SAVE_STATE_WARNING, UserWarning)

2022-08-31T12:10:47 | WARNING | py.warnings : /usr/local/lib/python3.7/dist-packages/torch/optim/lr_scheduler.py:200: UserWarning: Please also save or load the state of the optimzer when saving or loading the scheduler.
  warnings.warn(SAVE_STATE_WARNING, UserWarning)

2022-08-31T12:10:58 | INFO | mmf.trainers.callbacks.logistics : progress: 250/1000, val/hateful_memes/cross_entropy: 1.2843, val/total_loss: 1.2843, val/hateful_memes/accuracy: 0.6140, val/hateful_memes/binary_f1: 0.6777, val/hateful_memes/roc_auc: 0.7099, num_updates: 250, epoch: 2, iterations: 250, max_updates: 1000, val_time: 21s 516ms, best_update: 200, best_iteration: 200, best_val/hateful_memes/roc_auc: 0.760572
2022-08-31T12:11:39 | INFO | mmf.trainers.callbacks.checkpoint : Checkpoint time. Saving a checkpoint.
2022-08-31T12:11:39 | WARNING | py.warnings : /usr/local/lib/python3.7/dist-packages/torch/optim/lr_scheduler.py:200: UserWarning: Please also save or load the state of the optimzer when saving or loading the scheduler.
  warnings.warn(SAVE_STATE_WARNING, UserWarning)

2022-08-31T12:11:39 | WARNING | py.warnings : /usr/local/lib/python3.7/dist-packages/torch/optim/lr_scheduler.py:200: UserWarning: Please also save or load the state of the optimzer when saving or loading the scheduler.
  warnings.warn(SAVE_STATE_WARNING, UserWarning)

2022-08-31T12:11:50 | INFO | mmf.trainers.callbacks.logistics : progress: 300/1000, train/hateful_memes/cross_entropy: 0.8379, train/hateful_memes/cross_entropy/avg: 0.8852, train/total_loss: 0.8379, train/total_loss/avg: 0.8852, max mem: 9201.0, experiment: run, epoch: 2, num_updates: 300, iterations: 300, max_updates: 1000, lr: 0.00005, ups: 1.96, time: 51s 237ms, time_since_start: 07m 26s 084ms, eta: 05m 58s 664ms
2022-08-31T12:11:50 | INFO | mmf.trainers.core.training_loop : Evaluation time. Running on full validation set...
2022-08-31T12:11:59 | WARNING | py.warnings : /usr/local/lib/python3.7/dist-packages/torch/optim/lr_scheduler.py:200: UserWarning: Please also save or load the state of the optimzer when saving or loading the scheduler.
  warnings.warn(SAVE_STATE_WARNING, UserWarning)

2022-08-31T12:11:59 | WARNING | py.warnings : /usr/local/lib/python3.7/dist-packages/torch/optim/lr_scheduler.py:200: UserWarning: Please also save or load the state of the optimzer when saving or loading the scheduler.
  warnings.warn(SAVE_STATE_WARNING, UserWarning)

2022-08-31T12:12:16 | INFO | mmf.trainers.callbacks.logistics : progress: 300/1000, val/hateful_memes/cross_entropy: 1.1680, val/total_loss: 1.1680, val/hateful_memes/accuracy: 0.5495, val/hateful_memes/binary_f1: 0.5103, val/hateful_memes/roc_auc: 0.8272, num_updates: 300, epoch: 2, iterations: 300, max_updates: 1000, val_time: 26s 056ms, best_update: 300, best_iteration: 300, best_val/hateful_memes/roc_auc: 0.827172
2022-08-31T12:12:56 | INFO | mmf.trainers.callbacks.checkpoint : Checkpoint time. Saving a checkpoint.
2022-08-31T12:12:56 | WARNING | py.warnings : /usr/local/lib/python3.7/dist-packages/torch/optim/lr_scheduler.py:200: UserWarning: Please also save or load the state of the optimzer when saving or loading the scheduler.
  warnings.warn(SAVE_STATE_WARNING, UserWarning)

2022-08-31T12:12:56 | WARNING | py.warnings : /usr/local/lib/python3.7/dist-packages/torch/optim/lr_scheduler.py:200: UserWarning: Please also save or load the state of the optimzer when saving or loading the scheduler.
  warnings.warn(SAVE_STATE_WARNING, UserWarning)

2022-08-31T12:13:07 | INFO | mmf.trainers.core.training_loop : Evaluation time. Running on full validation set...
2022-08-31T12:13:16 | WARNING | py.warnings : /usr/local/lib/python3.7/dist-packages/torch/optim/lr_scheduler.py:200: UserWarning: Please also save or load the state of the optimzer when saving or loading the scheduler.
  warnings.warn(SAVE_STATE_WARNING, UserWarning)

2022-08-31T12:13:16 | WARNING | py.warnings : /usr/local/lib/python3.7/dist-packages/torch/optim/lr_scheduler.py:200: UserWarning: Please also save or load the state of the optimzer when saving or loading the scheduler.
  warnings.warn(SAVE_STATE_WARNING, UserWarning)

2022-08-31T12:13:33 | INFO | mmf.trainers.callbacks.logistics : progress: 350/1000, val/hateful_memes/cross_entropy: 1.0212, val/total_loss: 1.0212, val/hateful_memes/accuracy: 0.5865, val/hateful_memes/binary_f1: 0.5813, val/hateful_memes/roc_auc: 0.8366, num_updates: 350, epoch: 2, iterations: 350, max_updates: 1000, val_time: 26s 191ms, best_update: 350, best_iteration: 350, best_val/hateful_memes/roc_auc: 0.836636
2022-08-31T12:14:13 | INFO | mmf.trainers.callbacks.checkpoint : Checkpoint time. Saving a checkpoint.
2022-08-31T12:14:13 | WARNING | py.warnings : /usr/local/lib/python3.7/dist-packages/torch/optim/lr_scheduler.py:200: UserWarning: Please also save or load the state of the optimzer when saving or loading the scheduler.
  warnings.warn(SAVE_STATE_WARNING, UserWarning)

2022-08-31T12:14:13 | WARNING | py.warnings : /usr/local/lib/python3.7/dist-packages/torch/optim/lr_scheduler.py:200: UserWarning: Please also save or load the state of the optimzer when saving or loading the scheduler.
  warnings.warn(SAVE_STATE_WARNING, UserWarning)

2022-08-31T12:14:24 | INFO | mmf.trainers.callbacks.logistics : progress: 400/1000, train/hateful_memes/cross_entropy: 0.7719, train/hateful_memes/cross_entropy/avg: 0.8175, train/total_loss: 0.7719, train/total_loss/avg: 0.8175, max mem: 9201.0, experiment: run, epoch: 2, num_updates: 400, iterations: 400, max_updates: 1000, lr: 0.00005, ups: 1.96, time: 51s 083ms, time_since_start: 10m 622ms, eta: 05m 06s 498ms
2022-08-31T12:14:24 | INFO | mmf.trainers.core.training_loop : Evaluation time. Running on full validation set...
2022-08-31T12:14:34 | WARNING | py.warnings : /usr/local/lib/python3.7/dist-packages/torch/optim/lr_scheduler.py:200: UserWarning: Please also save or load the state of the optimzer when saving or loading the scheduler.
  warnings.warn(SAVE_STATE_WARNING, UserWarning)

2022-08-31T12:14:34 | WARNING | py.warnings : /usr/local/lib/python3.7/dist-packages/torch/optim/lr_scheduler.py:200: UserWarning: Please also save or load the state of the optimzer when saving or loading the scheduler.
  warnings.warn(SAVE_STATE_WARNING, UserWarning)

2022-08-31T12:14:51 | INFO | mmf.trainers.callbacks.logistics : progress: 400/1000, val/hateful_memes/cross_entropy: 1.0735, val/total_loss: 1.0735, val/hateful_memes/accuracy: 0.5783, val/hateful_memes/binary_f1: 0.5089, val/hateful_memes/roc_auc: 0.8509, num_updates: 400, epoch: 2, iterations: 400, max_updates: 1000, val_time: 26s 444ms, best_update: 400, best_iteration: 400, best_val/hateful_memes/roc_auc: 0.850884
2022-08-31T12:15:31 | INFO | mmf.trainers.callbacks.checkpoint : Checkpoint time. Saving a checkpoint.
2022-08-31T12:15:31 | WARNING | py.warnings : /usr/local/lib/python3.7/dist-packages/torch/optim/lr_scheduler.py:200: UserWarning: Please also save or load the state of the optimzer when saving or loading the scheduler.
  warnings.warn(SAVE_STATE_WARNING, UserWarning)

2022-08-31T12:15:31 | WARNING | py.warnings : /usr/local/lib/python3.7/dist-packages/torch/optim/lr_scheduler.py:200: UserWarning: Please also save or load the state of the optimzer when saving or loading the scheduler.
  warnings.warn(SAVE_STATE_WARNING, UserWarning)

2022-08-31T12:15:42 | INFO | mmf.trainers.core.training_loop : Evaluation time. Running on full validation set...
2022-08-31T12:15:52 | WARNING | py.warnings : /usr/local/lib/python3.7/dist-packages/torch/optim/lr_scheduler.py:200: UserWarning: Please also save or load the state of the optimzer when saving or loading the scheduler.
  warnings.warn(SAVE_STATE_WARNING, UserWarning)

2022-08-31T12:15:52 | WARNING | py.warnings : /usr/local/lib/python3.7/dist-packages/torch/optim/lr_scheduler.py:200: UserWarning: Please also save or load the state of the optimzer when saving or loading the scheduler.
  warnings.warn(SAVE_STATE_WARNING, UserWarning)

2022-08-31T12:16:08 | INFO | mmf.trainers.callbacks.logistics : progress: 450/1000, val/hateful_memes/cross_entropy: 0.8966, val/total_loss: 0.8966, val/hateful_memes/accuracy: 0.6484, val/hateful_memes/binary_f1: 0.6911, val/hateful_memes/roc_auc: 0.8612, num_updates: 450, epoch: 2, iterations: 450, max_updates: 1000, val_time: 25s 889ms, best_update: 450, best_iteration: 450, best_val/hateful_memes/roc_auc: 0.861220
2022-08-31T12:16:49 | INFO | mmf.trainers.callbacks.checkpoint : Checkpoint time. Saving a checkpoint.
2022-08-31T12:16:49 | WARNING | py.warnings : /usr/local/lib/python3.7/dist-packages/torch/optim/lr_scheduler.py:200: UserWarning: Please also save or load the state of the optimzer when saving or loading the scheduler.
  warnings.warn(SAVE_STATE_WARNING, UserWarning)

2022-08-31T12:16:49 | WARNING | py.warnings : /usr/local/lib/python3.7/dist-packages/torch/optim/lr_scheduler.py:200: UserWarning: Please also save or load the state of the optimzer when saving or loading the scheduler.
  warnings.warn(SAVE_STATE_WARNING, UserWarning)

2022-08-31T12:17:00 | INFO | mmf.trainers.callbacks.logistics : progress: 500/1000, train/hateful_memes/cross_entropy: 0.7719, train/hateful_memes/cross_entropy/avg: 0.7195, train/total_loss: 0.7719, train/total_loss/avg: 0.7195, max mem: 9201.0, experiment: run, epoch: 3, num_updates: 500, iterations: 500, max_updates: 1000, lr: 0.00004, ups: 1.92, time: 52s 734ms, time_since_start: 12m 36s 876ms, eta: 04m 23s 671ms
2022-08-31T12:17:00 | INFO | mmf.trainers.core.training_loop : Evaluation time. Running on full validation set...
2022-08-31T12:17:10 | WARNING | py.warnings : /usr/local/lib/python3.7/dist-packages/torch/optim/lr_scheduler.py:200: UserWarning: Please also save or load the state of the optimzer when saving or loading the scheduler.
  warnings.warn(SAVE_STATE_WARNING, UserWarning)

2022-08-31T12:17:10 | WARNING | py.warnings : /usr/local/lib/python3.7/dist-packages/torch/optim/lr_scheduler.py:200: UserWarning: Please also save or load the state of the optimzer when saving or loading the scheduler.
  warnings.warn(SAVE_STATE_WARNING, UserWarning)

2022-08-31T12:17:22 | INFO | mmf.trainers.callbacks.logistics : progress: 500/1000, val/hateful_memes/cross_entropy: 1.1278, val/total_loss: 1.1278, val/hateful_memes/accuracy: 0.6415, val/hateful_memes/binary_f1: 0.6867, val/hateful_memes/roc_auc: 0.8393, num_updates: 500, epoch: 3, iterations: 500, max_updates: 1000, val_time: 21s 289ms, best_update: 450, best_iteration: 450, best_val/hateful_memes/roc_auc: 0.861220
2022-08-31T12:18:02 | INFO | mmf.trainers.callbacks.checkpoint : Checkpoint time. Saving a checkpoint.
2022-08-31T12:18:02 | WARNING | py.warnings : /usr/local/lib/python3.7/dist-packages/torch/optim/lr_scheduler.py:200: UserWarning: Please also save or load the state of the optimzer when saving or loading the scheduler.
  warnings.warn(SAVE_STATE_WARNING, UserWarning)

2022-08-31T12:18:02 | WARNING | py.warnings : /usr/local/lib/python3.7/dist-packages/torch/optim/lr_scheduler.py:200: UserWarning: Please also save or load the state of the optimzer when saving or loading the scheduler.
  warnings.warn(SAVE_STATE_WARNING, UserWarning)

2022-08-31T12:18:13 | INFO | mmf.trainers.core.training_loop : Evaluation time. Running on full validation set...
2022-08-31T12:18:23 | WARNING | py.warnings : /usr/local/lib/python3.7/dist-packages/torch/optim/lr_scheduler.py:200: UserWarning: Please also save or load the state of the optimzer when saving or loading the scheduler.
  warnings.warn(SAVE_STATE_WARNING, UserWarning)

2022-08-31T12:18:23 | WARNING | py.warnings : /usr/local/lib/python3.7/dist-packages/torch/optim/lr_scheduler.py:200: UserWarning: Please also save or load the state of the optimzer when saving or loading the scheduler.
  warnings.warn(SAVE_STATE_WARNING, UserWarning)

2022-08-31T12:18:34 | INFO | mmf.trainers.callbacks.logistics : progress: 550/1000, val/hateful_memes/cross_entropy: 0.9623, val/total_loss: 0.9623, val/hateful_memes/accuracy: 0.6566, val/hateful_memes/binary_f1: 0.6805, val/hateful_memes/roc_auc: 0.8579, num_updates: 550, epoch: 3, iterations: 550, max_updates: 1000, val_time: 20s 804ms, best_update: 450, best_iteration: 450, best_val/hateful_memes/roc_auc: 0.861220
2022-08-31T12:19:14 | INFO | mmf.trainers.callbacks.checkpoint : Checkpoint time. Saving a checkpoint.
2022-08-31T12:19:14 | WARNING | py.warnings : /usr/local/lib/python3.7/dist-packages/torch/optim/lr_scheduler.py:200: UserWarning: Please also save or load the state of the optimzer when saving or loading the scheduler.
  warnings.warn(SAVE_STATE_WARNING, UserWarning)

2022-08-31T12:19:14 | WARNING | py.warnings : /usr/local/lib/python3.7/dist-packages/torch/optim/lr_scheduler.py:200: UserWarning: Please also save or load the state of the optimzer when saving or loading the scheduler.
  warnings.warn(SAVE_STATE_WARNING, UserWarning)

2022-08-31T12:19:25 | INFO | mmf.trainers.callbacks.logistics : progress: 600/1000, train/hateful_memes/cross_entropy: 0.6141, train/hateful_memes/cross_entropy/avg: 0.6816, train/total_loss: 0.6141, train/total_loss/avg: 0.6816, max mem: 9201.0, experiment: run, epoch: 3, num_updates: 600, iterations: 600, max_updates: 1000, lr: 0.00003, ups: 1.96, time: 51s 121ms, time_since_start: 15m 01s 336ms, eta: 03m 24s 486ms
2022-08-31T12:19:25 | INFO | mmf.trainers.core.training_loop : Evaluation time. Running on full validation set...
2022-08-31T12:19:35 | WARNING | py.warnings : /usr/local/lib/python3.7/dist-packages/torch/optim/lr_scheduler.py:200: UserWarning: Please also save or load the state of the optimzer when saving or loading the scheduler.
  warnings.warn(SAVE_STATE_WARNING, UserWarning)

2022-08-31T12:19:35 | WARNING | py.warnings : /usr/local/lib/python3.7/dist-packages/torch/optim/lr_scheduler.py:200: UserWarning: Please also save or load the state of the optimzer when saving or loading the scheduler.
  warnings.warn(SAVE_STATE_WARNING, UserWarning)

2022-08-31T12:19:52 | INFO | mmf.trainers.callbacks.logistics : progress: 600/1000, val/hateful_memes/cross_entropy: 1.0206, val/total_loss: 1.0206, val/hateful_memes/accuracy: 0.6566, val/hateful_memes/binary_f1: 0.6507, val/hateful_memes/roc_auc: 0.8621, num_updates: 600, epoch: 3, iterations: 600, max_updates: 1000, val_time: 27s 230ms, best_update: 600, best_iteration: 600, best_val/hateful_memes/roc_auc: 0.862110
2022-08-31T12:20:33 | INFO | mmf.trainers.callbacks.checkpoint : Checkpoint time. Saving a checkpoint.
2022-08-31T12:20:33 | WARNING | py.warnings : /usr/local/lib/python3.7/dist-packages/torch/optim/lr_scheduler.py:200: UserWarning: Please also save or load the state of the optimzer when saving or loading the scheduler.
  warnings.warn(SAVE_STATE_WARNING, UserWarning)

2022-08-31T12:20:33 | WARNING | py.warnings : /usr/local/lib/python3.7/dist-packages/torch/optim/lr_scheduler.py:200: UserWarning: Please also save or load the state of the optimzer when saving or loading the scheduler.
  warnings.warn(SAVE_STATE_WARNING, UserWarning)

2022-08-31T12:20:44 | INFO | mmf.trainers.core.training_loop : Evaluation time. Running on full validation set...
2022-08-31T12:20:53 | WARNING | py.warnings : /usr/local/lib/python3.7/dist-packages/torch/optim/lr_scheduler.py:200: UserWarning: Please also save or load the state of the optimzer when saving or loading the scheduler.
  warnings.warn(SAVE_STATE_WARNING, UserWarning)

2022-08-31T12:20:53 | WARNING | py.warnings : /usr/local/lib/python3.7/dist-packages/torch/optim/lr_scheduler.py:200: UserWarning: Please also save or load the state of the optimzer when saving or loading the scheduler.
  warnings.warn(SAVE_STATE_WARNING, UserWarning)

2022-08-31T12:21:04 | INFO | mmf.trainers.callbacks.logistics : progress: 650/1000, val/hateful_memes/cross_entropy: 1.0175, val/total_loss: 1.0175, val/hateful_memes/accuracy: 0.6566, val/hateful_memes/binary_f1: 0.6615, val/hateful_memes/roc_auc: 0.8619, num_updates: 650, epoch: 3, iterations: 650, max_updates: 1000, val_time: 20s 828ms, best_update: 600, best_iteration: 600, best_val/hateful_memes/roc_auc: 0.862110
2022-08-31T12:21:44 | INFO | mmf.trainers.callbacks.checkpoint : Checkpoint time. Saving a checkpoint.
2022-08-31T12:21:44 | WARNING | py.warnings : /usr/local/lib/python3.7/dist-packages/torch/optim/lr_scheduler.py:200: UserWarning: Please also save or load the state of the optimzer when saving or loading the scheduler.
  warnings.warn(SAVE_STATE_WARNING, UserWarning)

2022-08-31T12:21:44 | WARNING | py.warnings : /usr/local/lib/python3.7/dist-packages/torch/optim/lr_scheduler.py:200: UserWarning: Please also save or load the state of the optimzer when saving or loading the scheduler.
  warnings.warn(SAVE_STATE_WARNING, UserWarning)

2022-08-31T12:21:55 | INFO | mmf.trainers.callbacks.logistics : progress: 700/1000, train/hateful_memes/cross_entropy: 0.6141, train/hateful_memes/cross_entropy/avg: 0.6554, train/total_loss: 0.6141, train/total_loss/avg: 0.6554, max mem: 9201.0, experiment: run, epoch: 3, num_updates: 700, iterations: 700, max_updates: 1000, lr: 0.00002, ups: 2.00, time: 50s 940ms, time_since_start: 17m 31s 924ms, eta: 02m 32s 822ms
2022-08-31T12:21:55 | INFO | mmf.trainers.core.training_loop : Evaluation time. Running on full validation set...
2022-08-31T12:22:05 | WARNING | py.warnings : /usr/local/lib/python3.7/dist-packages/torch/optim/lr_scheduler.py:200: UserWarning: Please also save or load the state of the optimzer when saving or loading the scheduler.
  warnings.warn(SAVE_STATE_WARNING, UserWarning)

2022-08-31T12:22:05 | WARNING | py.warnings : /usr/local/lib/python3.7/dist-packages/torch/optim/lr_scheduler.py:200: UserWarning: Please also save or load the state of the optimzer when saving or loading the scheduler.
  warnings.warn(SAVE_STATE_WARNING, UserWarning)

2022-08-31T12:22:16 | INFO | mmf.trainers.callbacks.logistics : progress: 700/1000, val/hateful_memes/cross_entropy: 1.1027, val/total_loss: 1.1027, val/hateful_memes/accuracy: 0.6456, val/hateful_memes/binary_f1: 0.6286, val/hateful_memes/roc_auc: 0.8590, num_updates: 700, epoch: 3, iterations: 700, max_updates: 1000, val_time: 20s 845ms, best_update: 600, best_iteration: 600, best_val/hateful_memes/roc_auc: 0.862110
2022-08-31T12:22:58 | INFO | mmf.trainers.callbacks.checkpoint : Checkpoint time. Saving a checkpoint.
2022-08-31T12:22:58 | WARNING | py.warnings : /usr/local/lib/python3.7/dist-packages/torch/optim/lr_scheduler.py:200: UserWarning: Please also save or load the state of the optimzer when saving or loading the scheduler.
  warnings.warn(SAVE_STATE_WARNING, UserWarning)

2022-08-31T12:22:58 | WARNING | py.warnings : /usr/local/lib/python3.7/dist-packages/torch/optim/lr_scheduler.py:200: UserWarning: Please also save or load the state of the optimzer when saving or loading the scheduler.
  warnings.warn(SAVE_STATE_WARNING, UserWarning)

2022-08-31T12:23:09 | INFO | mmf.trainers.core.training_loop : Evaluation time. Running on full validation set...
2022-08-31T12:23:19 | WARNING | py.warnings : /usr/local/lib/python3.7/dist-packages/torch/optim/lr_scheduler.py:200: UserWarning: Please also save or load the state of the optimzer when saving or loading the scheduler.
  warnings.warn(SAVE_STATE_WARNING, UserWarning)

2022-08-31T12:23:19 | WARNING | py.warnings : /usr/local/lib/python3.7/dist-packages/torch/optim/lr_scheduler.py:200: UserWarning: Please also save or load the state of the optimzer when saving or loading the scheduler.
  warnings.warn(SAVE_STATE_WARNING, UserWarning)

2022-08-31T12:23:30 | INFO | mmf.trainers.callbacks.logistics : progress: 750/1000, val/hateful_memes/cross_entropy: 1.2532, val/total_loss: 1.2532, val/hateful_memes/accuracy: 0.6456, val/hateful_memes/binary_f1: 0.6564, val/hateful_memes/roc_auc: 0.8472, num_updates: 750, epoch: 4, iterations: 750, max_updates: 1000, val_time: 21s 194ms, best_update: 600, best_iteration: 600, best_val/hateful_memes/roc_auc: 0.862110
2022-08-31T12:24:11 | INFO | mmf.trainers.callbacks.checkpoint : Checkpoint time. Saving a checkpoint.
2022-08-31T12:24:11 | WARNING | py.warnings : /usr/local/lib/python3.7/dist-packages/torch/optim/lr_scheduler.py:200: UserWarning: Please also save or load the state of the optimzer when saving or loading the scheduler.
  warnings.warn(SAVE_STATE_WARNING, UserWarning)

2022-08-31T12:24:11 | WARNING | py.warnings : /usr/local/lib/python3.7/dist-packages/torch/optim/lr_scheduler.py:200: UserWarning: Please also save or load the state of the optimzer when saving or loading the scheduler.
  warnings.warn(SAVE_STATE_WARNING, UserWarning)

2022-08-31T12:24:22 | INFO | mmf.trainers.callbacks.logistics : progress: 800/1000, train/hateful_memes/cross_entropy: 0.4984, train/hateful_memes/cross_entropy/avg: 0.6224, train/total_loss: 0.4984, train/total_loss/avg: 0.6224, max mem: 9201.0, experiment: run, epoch: 4, num_updates: 800, iterations: 800, max_updates: 1000, lr: 0.00001, ups: 1.96, time: 51s 761ms, time_since_start: 19m 58s 615ms, eta: 01m 43s 523ms
2022-08-31T12:24:22 | INFO | mmf.trainers.core.training_loop : Evaluation time. Running on full validation set...
2022-08-31T12:24:32 | WARNING | py.warnings : /usr/local/lib/python3.7/dist-packages/torch/optim/lr_scheduler.py:200: UserWarning: Please also save or load the state of the optimzer when saving or loading the scheduler.
  warnings.warn(SAVE_STATE_WARNING, UserWarning)

2022-08-31T12:24:32 | WARNING | py.warnings : /usr/local/lib/python3.7/dist-packages/torch/optim/lr_scheduler.py:200: UserWarning: Please also save or load the state of the optimzer when saving or loading the scheduler.
  warnings.warn(SAVE_STATE_WARNING, UserWarning)

2022-08-31T12:24:43 | INFO | mmf.trainers.callbacks.logistics : progress: 800/1000, val/hateful_memes/cross_entropy: 1.3372, val/total_loss: 1.3372, val/hateful_memes/accuracy: 0.6374, val/hateful_memes/binary_f1: 0.6132, val/hateful_memes/roc_auc: 0.8422, num_updates: 800, epoch: 4, iterations: 800, max_updates: 1000, val_time: 20s 914ms, best_update: 600, best_iteration: 600, best_val/hateful_memes/roc_auc: 0.862110
2022-08-31T12:25:23 | INFO | mmf.trainers.callbacks.checkpoint : Checkpoint time. Saving a checkpoint.
2022-08-31T12:25:23 | WARNING | py.warnings : /usr/local/lib/python3.7/dist-packages/torch/optim/lr_scheduler.py:200: UserWarning: Please also save or load the state of the optimzer when saving or loading the scheduler.
  warnings.warn(SAVE_STATE_WARNING, UserWarning)

2022-08-31T12:25:23 | WARNING | py.warnings : /usr/local/lib/python3.7/dist-packages/torch/optim/lr_scheduler.py:200: UserWarning: Please also save or load the state of the optimzer when saving or loading the scheduler.
  warnings.warn(SAVE_STATE_WARNING, UserWarning)

2022-08-31T12:25:34 | INFO | mmf.trainers.core.training_loop : Evaluation time. Running on full validation set...
2022-08-31T12:25:44 | WARNING | py.warnings : /usr/local/lib/python3.7/dist-packages/torch/optim/lr_scheduler.py:200: UserWarning: Please also save or load the state of the optimzer when saving or loading the scheduler.
  warnings.warn(SAVE_STATE_WARNING, UserWarning)

2022-08-31T12:25:44 | WARNING | py.warnings : /usr/local/lib/python3.7/dist-packages/torch/optim/lr_scheduler.py:200: UserWarning: Please also save or load the state of the optimzer when saving or loading the scheduler.
  warnings.warn(SAVE_STATE_WARNING, UserWarning)

2022-08-31T12:25:56 | INFO | mmf.trainers.callbacks.logistics : progress: 850/1000, val/hateful_memes/cross_entropy: 1.3029, val/total_loss: 1.3029, val/hateful_memes/accuracy: 0.6429, val/hateful_memes/binary_f1: 0.6376, val/hateful_memes/roc_auc: 0.8434, num_updates: 850, epoch: 4, iterations: 850, max_updates: 1000, val_time: 21s 966ms, best_update: 600, best_iteration: 600, best_val/hateful_memes/roc_auc: 0.862110
2022-08-31T12:26:36 | INFO | mmf.trainers.callbacks.checkpoint : Checkpoint time. Saving a checkpoint.
2022-08-31T12:26:36 | WARNING | py.warnings : /usr/local/lib/python3.7/dist-packages/torch/optim/lr_scheduler.py:200: UserWarning: Please also save or load the state of the optimzer when saving or loading the scheduler.
  warnings.warn(SAVE_STATE_WARNING, UserWarning)

2022-08-31T12:26:36 | WARNING | py.warnings : /usr/local/lib/python3.7/dist-packages/torch/optim/lr_scheduler.py:200: UserWarning: Please also save or load the state of the optimzer when saving or loading the scheduler.
  warnings.warn(SAVE_STATE_WARNING, UserWarning)

2022-08-31T12:26:47 | INFO | mmf.trainers.callbacks.logistics : progress: 900/1000, train/hateful_memes/cross_entropy: 0.4984, train/hateful_memes/cross_entropy/avg: 0.5760, train/total_loss: 0.4984, train/total_loss/avg: 0.5760, max mem: 9201.0, experiment: run, epoch: 4, num_updates: 900, iterations: 900, max_updates: 1000, lr: 0., ups: 1.96, time: 51s 611ms, time_since_start: 22m 23s 600ms, eta: 51s 611ms
2022-08-31T12:26:47 | INFO | mmf.trainers.core.training_loop : Evaluation time. Running on full validation set...
2022-08-31T12:26:56 | WARNING | py.warnings : /usr/local/lib/python3.7/dist-packages/torch/optim/lr_scheduler.py:200: UserWarning: Please also save or load the state of the optimzer when saving or loading the scheduler.
  warnings.warn(SAVE_STATE_WARNING, UserWarning)

2022-08-31T12:26:56 | WARNING | py.warnings : /usr/local/lib/python3.7/dist-packages/torch/optim/lr_scheduler.py:200: UserWarning: Please also save or load the state of the optimzer when saving or loading the scheduler.
  warnings.warn(SAVE_STATE_WARNING, UserWarning)

2022-08-31T12:27:08 | INFO | mmf.trainers.callbacks.logistics : progress: 900/1000, val/hateful_memes/cross_entropy: 1.2970, val/total_loss: 1.2970, val/hateful_memes/accuracy: 0.6305, val/hateful_memes/binary_f1: 0.6212, val/hateful_memes/roc_auc: 0.8450, num_updates: 900, epoch: 4, iterations: 900, max_updates: 1000, val_time: 20s 713ms, best_update: 600, best_iteration: 600, best_val/hateful_memes/roc_auc: 0.862110
2022-08-31T12:27:49 | INFO | mmf.trainers.callbacks.checkpoint : Checkpoint time. Saving a checkpoint.
2022-08-31T12:27:49 | WARNING | py.warnings : /usr/local/lib/python3.7/dist-packages/torch/optim/lr_scheduler.py:200: UserWarning: Please also save or load the state of the optimzer when saving or loading the scheduler.
  warnings.warn(SAVE_STATE_WARNING, UserWarning)

2022-08-31T12:27:49 | WARNING | py.warnings : /usr/local/lib/python3.7/dist-packages/torch/optim/lr_scheduler.py:200: UserWarning: Please also save or load the state of the optimzer when saving or loading the scheduler.
  warnings.warn(SAVE_STATE_WARNING, UserWarning)

2022-08-31T12:28:00 | INFO | mmf.trainers.core.training_loop : Evaluation time. Running on full validation set...
2022-08-31T12:28:10 | WARNING | py.warnings : /usr/local/lib/python3.7/dist-packages/torch/optim/lr_scheduler.py:200: UserWarning: Please also save or load the state of the optimzer when saving or loading the scheduler.
  warnings.warn(SAVE_STATE_WARNING, UserWarning)

2022-08-31T12:28:10 | WARNING | py.warnings : /usr/local/lib/python3.7/dist-packages/torch/optim/lr_scheduler.py:200: UserWarning: Please also save or load the state of the optimzer when saving or loading the scheduler.
  warnings.warn(SAVE_STATE_WARNING, UserWarning)

2022-08-31T12:28:21 | INFO | mmf.trainers.callbacks.logistics : progress: 950/1000, val/hateful_memes/cross_entropy: 1.2796, val/total_loss: 1.2796, val/hateful_memes/accuracy: 0.6442, val/hateful_memes/binary_f1: 0.6435, val/hateful_memes/roc_auc: 0.8431, num_updates: 950, epoch: 5, iterations: 950, max_updates: 1000, val_time: 21s 126ms, best_update: 600, best_iteration: 600, best_val/hateful_memes/roc_auc: 0.862110
2022-08-31T12:29:01 | INFO | mmf.trainers.callbacks.checkpoint : Checkpoint time. Saving a checkpoint.
2022-08-31T12:29:01 | WARNING | py.warnings : /usr/local/lib/python3.7/dist-packages/torch/optim/lr_scheduler.py:200: UserWarning: Please also save or load the state of the optimzer when saving or loading the scheduler.
  warnings.warn(SAVE_STATE_WARNING, UserWarning)

2022-08-31T12:29:01 | WARNING | py.warnings : /usr/local/lib/python3.7/dist-packages/torch/optim/lr_scheduler.py:200: UserWarning: Please also save or load the state of the optimzer when saving or loading the scheduler.
  warnings.warn(SAVE_STATE_WARNING, UserWarning)

2022-08-31T12:29:12 | INFO | mmf.trainers.callbacks.logistics : progress: 1000/1000, train/hateful_memes/cross_entropy: 0.4924, train/hateful_memes/cross_entropy/avg: 0.5466, train/total_loss: 0.4924, train/total_loss/avg: 0.5466, max mem: 9201.0, experiment: run, epoch: 5, num_updates: 1000, iterations: 1000, max_updates: 1000, lr: 0., ups: 2.00, time: 50s 556ms, time_since_start: 24m 48s 370ms, eta: 0ms
2022-08-31T12:29:12 | INFO | mmf.trainers.core.training_loop : Evaluation time. Running on full validation set...
2022-08-31T12:29:22 | WARNING | py.warnings : /usr/local/lib/python3.7/dist-packages/torch/optim/lr_scheduler.py:200: UserWarning: Please also save or load the state of the optimzer when saving or loading the scheduler.
  warnings.warn(SAVE_STATE_WARNING, UserWarning)

2022-08-31T12:29:22 | WARNING | py.warnings : /usr/local/lib/python3.7/dist-packages/torch/optim/lr_scheduler.py:200: UserWarning: Please also save or load the state of the optimzer when saving or loading the scheduler.
  warnings.warn(SAVE_STATE_WARNING, UserWarning)

2022-08-31T12:29:33 | INFO | mmf.trainers.callbacks.logistics : progress: 1000/1000, val/hateful_memes/cross_entropy: 1.2845, val/total_loss: 1.2845, val/hateful_memes/accuracy: 0.6470, val/hateful_memes/binary_f1: 0.6462, val/hateful_memes/roc_auc: 0.8425, num_updates: 1000, epoch: 5, iterations: 1000, max_updates: 1000, val_time: 20s 966ms, best_update: 600, best_iteration: 600, best_val/hateful_memes/roc_auc: 0.862110
2022-08-31T12:29:33 | INFO | mmf.trainers.core.training_loop : Stepping into final validation check
2022-08-31T12:29:33 | INFO | mmf.utils.checkpoint : Restoring checkpoint
2022-08-31T12:29:33 | INFO | mmf.utils.checkpoint : Loading checkpoint
2022-08-31T12:29:41 | WARNING | py.warnings : /usr/local/lib/python3.7/dist-packages/torch/optim/lr_scheduler.py:218: UserWarning: Please also save or load the state of the optimzer when saving or loading the scheduler.
  warnings.warn(SAVE_STATE_WARNING, UserWarning)

2022-08-31T12:29:41 | WARNING | py.warnings : /usr/local/lib/python3.7/dist-packages/torch/optim/lr_scheduler.py:218: UserWarning: Please also save or load the state of the optimzer when saving or loading the scheduler.
  warnings.warn(SAVE_STATE_WARNING, UserWarning)

2022-08-31T12:29:41 | INFO | mmf.utils.checkpoint : Checkpoint loaded.
2022-08-31T12:29:41 | INFO | mmf.utils.checkpoint : Current num updates: 600
2022-08-31T12:29:41 | INFO | mmf.utils.checkpoint : Current iteration: 600
2022-08-31T12:29:41 | INFO | mmf.utils.checkpoint : Current epoch: 3
2022-08-31T12:29:42 | INFO | mmf.trainers.mmf_trainer : Starting inference on val set
2022-08-31T12:29:52 | INFO | mmf.trainers.callbacks.logistics : progress: 600/1000, val/hateful_memes/cross_entropy: 1.0206, val/total_loss: 1.0206, val/hateful_memes/accuracy: 0.6566, val/hateful_memes/binary_f1: 0.6507, val/hateful_memes/roc_auc: 0.8621
2022-08-31T12:29:52 | INFO | mmf.trainers.callbacks.logistics : Finished run in 25m 28s 538ms
