2022-08-31T11:37:55 | INFO | mmf : Logging to: ./2/train.log
2022-08-31T11:37:55 | INFO | mmf_cli.run : Namespace(config_override=None, local_rank=None, opts=['config=/content/mmf/mmf/projects/visual_bert/configs/hateful_memes/from_coco_cat.yaml', 'model=visual_bert', 'dataset=hateful_memes', 'run_type=train_val', 'checkpoint.max_to_keep=1', 'checkpoint.resume_zoo=visual_bert.pretrained.cc.full', 'training.tensorboard=True', 'training.checkpoint_interval=50', 'training.evaluation_interval=50', 'training.max_updates=1000', 'training.log_interval=100', 'dataset_config.hateful_memes.max_features=100', 'dataset_config.hateful_memes.annotations.train[0]=/root/.cache/torch/mmf/data/datasets/hateful_memes/defaults/annotations/train_cat.jsonl', 'dataset_config.hateful_memes.annotations.val[0]=/root/.cache/torch/mmf/data/datasets/hateful_memes/defaults/annotations/dev_unseen_cat.jsonl', 'dataset_config.hateful_memes.annotations.test[0]=/root/.cache/torch/mmf/data/datasets/hateful_memes/defaults/annotations/test_unseen_cat.jsonl', 'dataset_config.hateful_memes.features.train[0]=/content/features/feats_hm', 'dataset_config.hateful_memes.features.val[0]=/content/features/feats_hm', 'dataset_config.hateful_memes.features.test[0]=/content/features/feats_hm', 'training.lr_ratio=0.3', 'training.use_warmup=True', 'training.warmup_factor=0.1', 'training.warmup_iterations=1000', 'optimizer.params.lr=5.0e-05', 'training.batch_size=32', 'scheduler.params.num_warmup_steps=250', 'scheduler.type=warmup_cosine', 'scheduler.params.num_training_steps=1000', 'env.tensorboard_logdir=logs/fit/2', 'env.save_dir=./2'])
2022-08-31T11:37:55 | INFO | mmf_cli.run : Torch version: 1.6.0+cu92
2022-08-31T11:37:55 | INFO | mmf.utils.general : CUDA Device 0 is: Tesla P100-PCIE-16GB
2022-08-31T11:37:55 | INFO | mmf_cli.run : Using seed 55509091
2022-08-31T11:37:55 | INFO | mmf.trainers.mmf_trainer : Loading datasets
2022-08-31T11:38:01 | INFO | mmf.trainers.mmf_trainer : Loading model
2022-08-31T11:38:11 | INFO | mmf.trainers.mmf_trainer : Loading optimizer
2022-08-31T11:38:11 | INFO | mmf.trainers.mmf_trainer : Loading metrics
2022-08-31T11:38:11 | INFO | mmf.utils.checkpoint : Loading checkpoint
2022-08-31T11:38:14 | WARNING | mmf : Key data_parallel is not present in registry, returning default value of None
2022-08-31T11:38:14 | WARNING | mmf : Key distributed is not present in registry, returning default value of None
2022-08-31T11:38:14 | WARNING | mmf : Key data_parallel is not present in registry, returning default value of None
2022-08-31T11:38:14 | WARNING | mmf : Key distributed is not present in registry, returning default value of None
2022-08-31T11:38:14 | INFO | mmf.utils.checkpoint : Copying model.bert.embeddings.word_embeddings.weight from model.bert.embeddings.word_embeddings.weight
2022-08-31T11:38:14 | INFO | mmf.utils.checkpoint : Copying model.bert.embeddings.position_embeddings.weight from model.bert.embeddings.position_embeddings.weight
2022-08-31T11:38:14 | INFO | mmf.utils.checkpoint : Copying model.bert.embeddings.token_type_embeddings.weight from model.bert.embeddings.token_type_embeddings.weight
2022-08-31T11:38:14 | INFO | mmf.utils.checkpoint : Copying model.bert.embeddings.LayerNorm.weight from model.bert.embeddings.LayerNorm.weight
2022-08-31T11:38:14 | INFO | mmf.utils.checkpoint : Copying model.bert.embeddings.LayerNorm.bias from model.bert.embeddings.LayerNorm.bias
2022-08-31T11:38:14 | INFO | mmf.utils.checkpoint : Copying model.bert.embeddings.token_type_embeddings_visual.weight from model.bert.embeddings.token_type_embeddings_visual.weight
2022-08-31T11:38:14 | INFO | mmf.utils.checkpoint : Copying model.bert.embeddings.position_embeddings_visual.weight from model.bert.embeddings.position_embeddings_visual.weight
2022-08-31T11:38:14 | INFO | mmf.utils.checkpoint : Copying model.bert.embeddings.projection.weight from model.bert.embeddings.projection.weight
2022-08-31T11:38:14 | INFO | mmf.utils.checkpoint : Copying model.bert.embeddings.projection.bias from model.bert.embeddings.projection.bias
2022-08-31T11:38:14 | INFO | mmf.utils.checkpoint : Copying model.bert.encoder.layer.0.attention.self.query.weight from model.bert.encoder.layer.0.attention.self.query.weight
2022-08-31T11:38:14 | INFO | mmf.utils.checkpoint : Copying model.bert.encoder.layer.0.attention.self.query.bias from model.bert.encoder.layer.0.attention.self.query.bias
2022-08-31T11:38:14 | INFO | mmf.utils.checkpoint : Copying model.bert.encoder.layer.0.attention.self.key.weight from model.bert.encoder.layer.0.attention.self.key.weight
2022-08-31T11:38:14 | INFO | mmf.utils.checkpoint : Copying model.bert.encoder.layer.0.attention.self.key.bias from model.bert.encoder.layer.0.attention.self.key.bias
2022-08-31T11:38:14 | INFO | mmf.utils.checkpoint : Copying model.bert.encoder.layer.0.attention.self.value.weight from model.bert.encoder.layer.0.attention.self.value.weight
2022-08-31T11:38:14 | INFO | mmf.utils.checkpoint : Copying model.bert.encoder.layer.0.attention.self.value.bias from model.bert.encoder.layer.0.attention.self.value.bias
2022-08-31T11:38:14 | INFO | mmf.utils.checkpoint : Copying model.bert.encoder.layer.0.attention.output.dense.weight from model.bert.encoder.layer.0.attention.output.dense.weight
2022-08-31T11:38:14 | INFO | mmf.utils.checkpoint : Copying model.bert.encoder.layer.0.attention.output.dense.bias from model.bert.encoder.layer.0.attention.output.dense.bias
2022-08-31T11:38:14 | INFO | mmf.utils.checkpoint : Copying model.bert.encoder.layer.0.attention.output.LayerNorm.weight from model.bert.encoder.layer.0.attention.output.LayerNorm.weight
2022-08-31T11:38:14 | INFO | mmf.utils.checkpoint : Copying model.bert.encoder.layer.0.attention.output.LayerNorm.bias from model.bert.encoder.layer.0.attention.output.LayerNorm.bias
2022-08-31T11:38:14 | INFO | mmf.utils.checkpoint : Copying model.bert.encoder.layer.0.intermediate.dense.weight from model.bert.encoder.layer.0.intermediate.dense.weight
2022-08-31T11:38:14 | INFO | mmf.utils.checkpoint : Copying model.bert.encoder.layer.0.intermediate.dense.bias from model.bert.encoder.layer.0.intermediate.dense.bias
2022-08-31T11:38:14 | INFO | mmf.utils.checkpoint : Copying model.bert.encoder.layer.0.output.dense.weight from model.bert.encoder.layer.0.output.dense.weight
2022-08-31T11:38:14 | INFO | mmf.utils.checkpoint : Copying model.bert.encoder.layer.0.output.dense.bias from model.bert.encoder.layer.0.output.dense.bias
2022-08-31T11:38:14 | INFO | mmf.utils.checkpoint : Copying model.bert.encoder.layer.0.output.LayerNorm.weight from model.bert.encoder.layer.0.output.LayerNorm.weight
2022-08-31T11:38:14 | INFO | mmf.utils.checkpoint : Copying model.bert.encoder.layer.0.output.LayerNorm.bias from model.bert.encoder.layer.0.output.LayerNorm.bias
2022-08-31T11:38:14 | INFO | mmf.utils.checkpoint : Copying model.bert.encoder.layer.1.attention.self.query.weight from model.bert.encoder.layer.1.attention.self.query.weight
2022-08-31T11:38:14 | INFO | mmf.utils.checkpoint : Copying model.bert.encoder.layer.1.attention.self.query.bias from model.bert.encoder.layer.1.attention.self.query.bias
2022-08-31T11:38:14 | INFO | mmf.utils.checkpoint : Copying model.bert.encoder.layer.1.attention.self.key.weight from model.bert.encoder.layer.1.attention.self.key.weight
2022-08-31T11:38:14 | INFO | mmf.utils.checkpoint : Copying model.bert.encoder.layer.1.attention.self.key.bias from model.bert.encoder.layer.1.attention.self.key.bias
2022-08-31T11:38:14 | INFO | mmf.utils.checkpoint : Copying model.bert.encoder.layer.1.attention.self.value.weight from model.bert.encoder.layer.1.attention.self.value.weight
2022-08-31T11:38:14 | INFO | mmf.utils.checkpoint : Copying model.bert.encoder.layer.1.attention.self.value.bias from model.bert.encoder.layer.1.attention.self.value.bias
2022-08-31T11:38:14 | INFO | mmf.utils.checkpoint : Copying model.bert.encoder.layer.1.attention.output.dense.weight from model.bert.encoder.layer.1.attention.output.dense.weight
2022-08-31T11:38:14 | INFO | mmf.utils.checkpoint : Copying model.bert.encoder.layer.1.attention.output.dense.bias from model.bert.encoder.layer.1.attention.output.dense.bias
2022-08-31T11:38:14 | INFO | mmf.utils.checkpoint : Copying model.bert.encoder.layer.1.attention.output.LayerNorm.weight from model.bert.encoder.layer.1.attention.output.LayerNorm.weight
2022-08-31T11:38:14 | INFO | mmf.utils.checkpoint : Copying model.bert.encoder.layer.1.attention.output.LayerNorm.bias from model.bert.encoder.layer.1.attention.output.LayerNorm.bias
2022-08-31T11:38:14 | INFO | mmf.utils.checkpoint : Copying model.bert.encoder.layer.1.intermediate.dense.weight from model.bert.encoder.layer.1.intermediate.dense.weight
2022-08-31T11:38:14 | INFO | mmf.utils.checkpoint : Copying model.bert.encoder.layer.1.intermediate.dense.bias from model.bert.encoder.layer.1.intermediate.dense.bias
2022-08-31T11:38:14 | INFO | mmf.utils.checkpoint : Copying model.bert.encoder.layer.1.output.dense.weight from model.bert.encoder.layer.1.output.dense.weight
2022-08-31T11:38:14 | INFO | mmf.utils.checkpoint : Copying model.bert.encoder.layer.1.output.dense.bias from model.bert.encoder.layer.1.output.dense.bias
2022-08-31T11:38:14 | INFO | mmf.utils.checkpoint : Copying model.bert.encoder.layer.1.output.LayerNorm.weight from model.bert.encoder.layer.1.output.LayerNorm.weight
2022-08-31T11:38:14 | INFO | mmf.utils.checkpoint : Copying model.bert.encoder.layer.1.output.LayerNorm.bias from model.bert.encoder.layer.1.output.LayerNorm.bias
2022-08-31T11:38:14 | INFO | mmf.utils.checkpoint : Copying model.bert.encoder.layer.2.attention.self.query.weight from model.bert.encoder.layer.2.attention.self.query.weight
2022-08-31T11:38:14 | INFO | mmf.utils.checkpoint : Copying model.bert.encoder.layer.2.attention.self.query.bias from model.bert.encoder.layer.2.attention.self.query.bias
2022-08-31T11:38:14 | INFO | mmf.utils.checkpoint : Copying model.bert.encoder.layer.2.attention.self.key.weight from model.bert.encoder.layer.2.attention.self.key.weight
2022-08-31T11:38:14 | INFO | mmf.utils.checkpoint : Copying model.bert.encoder.layer.2.attention.self.key.bias from model.bert.encoder.layer.2.attention.self.key.bias
2022-08-31T11:38:14 | INFO | mmf.utils.checkpoint : Copying model.bert.encoder.layer.2.attention.self.value.weight from model.bert.encoder.layer.2.attention.self.value.weight
2022-08-31T11:38:14 | INFO | mmf.utils.checkpoint : Copying model.bert.encoder.layer.2.attention.self.value.bias from model.bert.encoder.layer.2.attention.self.value.bias
2022-08-31T11:38:14 | INFO | mmf.utils.checkpoint : Copying model.bert.encoder.layer.2.attention.output.dense.weight from model.bert.encoder.layer.2.attention.output.dense.weight
2022-08-31T11:38:14 | INFO | mmf.utils.checkpoint : Copying model.bert.encoder.layer.2.attention.output.dense.bias from model.bert.encoder.layer.2.attention.output.dense.bias
2022-08-31T11:38:14 | INFO | mmf.utils.checkpoint : Copying model.bert.encoder.layer.2.attention.output.LayerNorm.weight from model.bert.encoder.layer.2.attention.output.LayerNorm.weight
2022-08-31T11:38:14 | INFO | mmf.utils.checkpoint : Copying model.bert.encoder.layer.2.attention.output.LayerNorm.bias from model.bert.encoder.layer.2.attention.output.LayerNorm.bias
2022-08-31T11:38:14 | INFO | mmf.utils.checkpoint : Copying model.bert.encoder.layer.2.intermediate.dense.weight from model.bert.encoder.layer.2.intermediate.dense.weight
2022-08-31T11:38:14 | INFO | mmf.utils.checkpoint : Copying model.bert.encoder.layer.2.intermediate.dense.bias from model.bert.encoder.layer.2.intermediate.dense.bias
2022-08-31T11:38:14 | INFO | mmf.utils.checkpoint : Copying model.bert.encoder.layer.2.output.dense.weight from model.bert.encoder.layer.2.output.dense.weight
2022-08-31T11:38:14 | INFO | mmf.utils.checkpoint : Copying model.bert.encoder.layer.2.output.dense.bias from model.bert.encoder.layer.2.output.dense.bias
2022-08-31T11:38:14 | INFO | mmf.utils.checkpoint : Copying model.bert.encoder.layer.2.output.LayerNorm.weight from model.bert.encoder.layer.2.output.LayerNorm.weight
2022-08-31T11:38:14 | INFO | mmf.utils.checkpoint : Copying model.bert.encoder.layer.2.output.LayerNorm.bias from model.bert.encoder.layer.2.output.LayerNorm.bias
2022-08-31T11:38:14 | INFO | mmf.utils.checkpoint : Copying model.bert.encoder.layer.3.attention.self.query.weight from model.bert.encoder.layer.3.attention.self.query.weight
2022-08-31T11:38:14 | INFO | mmf.utils.checkpoint : Copying model.bert.encoder.layer.3.attention.self.query.bias from model.bert.encoder.layer.3.attention.self.query.bias
2022-08-31T11:38:14 | INFO | mmf.utils.checkpoint : Copying model.bert.encoder.layer.3.attention.self.key.weight from model.bert.encoder.layer.3.attention.self.key.weight
2022-08-31T11:38:14 | INFO | mmf.utils.checkpoint : Copying model.bert.encoder.layer.3.attention.self.key.bias from model.bert.encoder.layer.3.attention.self.key.bias
2022-08-31T11:38:14 | INFO | mmf.utils.checkpoint : Copying model.bert.encoder.layer.3.attention.self.value.weight from model.bert.encoder.layer.3.attention.self.value.weight
2022-08-31T11:38:14 | INFO | mmf.utils.checkpoint : Copying model.bert.encoder.layer.3.attention.self.value.bias from model.bert.encoder.layer.3.attention.self.value.bias
2022-08-31T11:38:14 | INFO | mmf.utils.checkpoint : Copying model.bert.encoder.layer.3.attention.output.dense.weight from model.bert.encoder.layer.3.attention.output.dense.weight
2022-08-31T11:38:14 | INFO | mmf.utils.checkpoint : Copying model.bert.encoder.layer.3.attention.output.dense.bias from model.bert.encoder.layer.3.attention.output.dense.bias
2022-08-31T11:38:14 | INFO | mmf.utils.checkpoint : Copying model.bert.encoder.layer.3.attention.output.LayerNorm.weight from model.bert.encoder.layer.3.attention.output.LayerNorm.weight
2022-08-31T11:38:14 | INFO | mmf.utils.checkpoint : Copying model.bert.encoder.layer.3.attention.output.LayerNorm.bias from model.bert.encoder.layer.3.attention.output.LayerNorm.bias
2022-08-31T11:38:14 | INFO | mmf.utils.checkpoint : Copying model.bert.encoder.layer.3.intermediate.dense.weight from model.bert.encoder.layer.3.intermediate.dense.weight
2022-08-31T11:38:14 | INFO | mmf.utils.checkpoint : Copying model.bert.encoder.layer.3.intermediate.dense.bias from model.bert.encoder.layer.3.intermediate.dense.bias
2022-08-31T11:38:14 | INFO | mmf.utils.checkpoint : Copying model.bert.encoder.layer.3.output.dense.weight from model.bert.encoder.layer.3.output.dense.weight
2022-08-31T11:38:14 | INFO | mmf.utils.checkpoint : Copying model.bert.encoder.layer.3.output.dense.bias from model.bert.encoder.layer.3.output.dense.bias
2022-08-31T11:38:14 | INFO | mmf.utils.checkpoint : Copying model.bert.encoder.layer.3.output.LayerNorm.weight from model.bert.encoder.layer.3.output.LayerNorm.weight
2022-08-31T11:38:14 | INFO | mmf.utils.checkpoint : Copying model.bert.encoder.layer.3.output.LayerNorm.bias from model.bert.encoder.layer.3.output.LayerNorm.bias
2022-08-31T11:38:14 | INFO | mmf.utils.checkpoint : Copying model.bert.encoder.layer.4.attention.self.query.weight from model.bert.encoder.layer.4.attention.self.query.weight
2022-08-31T11:38:14 | INFO | mmf.utils.checkpoint : Copying model.bert.encoder.layer.4.attention.self.query.bias from model.bert.encoder.layer.4.attention.self.query.bias
2022-08-31T11:38:14 | INFO | mmf.utils.checkpoint : Copying model.bert.encoder.layer.4.attention.self.key.weight from model.bert.encoder.layer.4.attention.self.key.weight
2022-08-31T11:38:14 | INFO | mmf.utils.checkpoint : Copying model.bert.encoder.layer.4.attention.self.key.bias from model.bert.encoder.layer.4.attention.self.key.bias
2022-08-31T11:38:14 | INFO | mmf.utils.checkpoint : Copying model.bert.encoder.layer.4.attention.self.value.weight from model.bert.encoder.layer.4.attention.self.value.weight
2022-08-31T11:38:14 | INFO | mmf.utils.checkpoint : Copying model.bert.encoder.layer.4.attention.self.value.bias from model.bert.encoder.layer.4.attention.self.value.bias
2022-08-31T11:38:14 | INFO | mmf.utils.checkpoint : Copying model.bert.encoder.layer.4.attention.output.dense.weight from model.bert.encoder.layer.4.attention.output.dense.weight
2022-08-31T11:38:14 | INFO | mmf.utils.checkpoint : Copying model.bert.encoder.layer.4.attention.output.dense.bias from model.bert.encoder.layer.4.attention.output.dense.bias
2022-08-31T11:38:14 | INFO | mmf.utils.checkpoint : Copying model.bert.encoder.layer.4.attention.output.LayerNorm.weight from model.bert.encoder.layer.4.attention.output.LayerNorm.weight
2022-08-31T11:38:14 | INFO | mmf.utils.checkpoint : Copying model.bert.encoder.layer.4.attention.output.LayerNorm.bias from model.bert.encoder.layer.4.attention.output.LayerNorm.bias
2022-08-31T11:38:14 | INFO | mmf.utils.checkpoint : Copying model.bert.encoder.layer.4.intermediate.dense.weight from model.bert.encoder.layer.4.intermediate.dense.weight
2022-08-31T11:38:14 | INFO | mmf.utils.checkpoint : Copying model.bert.encoder.layer.4.intermediate.dense.bias from model.bert.encoder.layer.4.intermediate.dense.bias
2022-08-31T11:38:14 | INFO | mmf.utils.checkpoint : Copying model.bert.encoder.layer.4.output.dense.weight from model.bert.encoder.layer.4.output.dense.weight
2022-08-31T11:38:14 | INFO | mmf.utils.checkpoint : Copying model.bert.encoder.layer.4.output.dense.bias from model.bert.encoder.layer.4.output.dense.bias
2022-08-31T11:38:14 | INFO | mmf.utils.checkpoint : Copying model.bert.encoder.layer.4.output.LayerNorm.weight from model.bert.encoder.layer.4.output.LayerNorm.weight
2022-08-31T11:38:14 | INFO | mmf.utils.checkpoint : Copying model.bert.encoder.layer.4.output.LayerNorm.bias from model.bert.encoder.layer.4.output.LayerNorm.bias
2022-08-31T11:38:14 | INFO | mmf.utils.checkpoint : Copying model.bert.encoder.layer.5.attention.self.query.weight from model.bert.encoder.layer.5.attention.self.query.weight
2022-08-31T11:38:14 | INFO | mmf.utils.checkpoint : Copying model.bert.encoder.layer.5.attention.self.query.bias from model.bert.encoder.layer.5.attention.self.query.bias
2022-08-31T11:38:14 | INFO | mmf.utils.checkpoint : Copying model.bert.encoder.layer.5.attention.self.key.weight from model.bert.encoder.layer.5.attention.self.key.weight
2022-08-31T11:38:14 | INFO | mmf.utils.checkpoint : Copying model.bert.encoder.layer.5.attention.self.key.bias from model.bert.encoder.layer.5.attention.self.key.bias
2022-08-31T11:38:14 | INFO | mmf.utils.checkpoint : Copying model.bert.encoder.layer.5.attention.self.value.weight from model.bert.encoder.layer.5.attention.self.value.weight
2022-08-31T11:38:14 | INFO | mmf.utils.checkpoint : Copying model.bert.encoder.layer.5.attention.self.value.bias from model.bert.encoder.layer.5.attention.self.value.bias
2022-08-31T11:38:14 | INFO | mmf.utils.checkpoint : Copying model.bert.encoder.layer.5.attention.output.dense.weight from model.bert.encoder.layer.5.attention.output.dense.weight
2022-08-31T11:38:14 | INFO | mmf.utils.checkpoint : Copying model.bert.encoder.layer.5.attention.output.dense.bias from model.bert.encoder.layer.5.attention.output.dense.bias
2022-08-31T11:38:14 | INFO | mmf.utils.checkpoint : Copying model.bert.encoder.layer.5.attention.output.LayerNorm.weight from model.bert.encoder.layer.5.attention.output.LayerNorm.weight
2022-08-31T11:38:14 | INFO | mmf.utils.checkpoint : Copying model.bert.encoder.layer.5.attention.output.LayerNorm.bias from model.bert.encoder.layer.5.attention.output.LayerNorm.bias
2022-08-31T11:38:14 | INFO | mmf.utils.checkpoint : Copying model.bert.encoder.layer.5.intermediate.dense.weight from model.bert.encoder.layer.5.intermediate.dense.weight
2022-08-31T11:38:14 | INFO | mmf.utils.checkpoint : Copying model.bert.encoder.layer.5.intermediate.dense.bias from model.bert.encoder.layer.5.intermediate.dense.bias
2022-08-31T11:38:14 | INFO | mmf.utils.checkpoint : Copying model.bert.encoder.layer.5.output.dense.weight from model.bert.encoder.layer.5.output.dense.weight
2022-08-31T11:38:14 | INFO | mmf.utils.checkpoint : Copying model.bert.encoder.layer.5.output.dense.bias from model.bert.encoder.layer.5.output.dense.bias
2022-08-31T11:38:14 | INFO | mmf.utils.checkpoint : Copying model.bert.encoder.layer.5.output.LayerNorm.weight from model.bert.encoder.layer.5.output.LayerNorm.weight
2022-08-31T11:38:14 | INFO | mmf.utils.checkpoint : Copying model.bert.encoder.layer.5.output.LayerNorm.bias from model.bert.encoder.layer.5.output.LayerNorm.bias
2022-08-31T11:38:14 | INFO | mmf.utils.checkpoint : Copying model.bert.encoder.layer.6.attention.self.query.weight from model.bert.encoder.layer.6.attention.self.query.weight
2022-08-31T11:38:14 | INFO | mmf.utils.checkpoint : Copying model.bert.encoder.layer.6.attention.self.query.bias from model.bert.encoder.layer.6.attention.self.query.bias
2022-08-31T11:38:14 | INFO | mmf.utils.checkpoint : Copying model.bert.encoder.layer.6.attention.self.key.weight from model.bert.encoder.layer.6.attention.self.key.weight
2022-08-31T11:38:14 | INFO | mmf.utils.checkpoint : Copying model.bert.encoder.layer.6.attention.self.key.bias from model.bert.encoder.layer.6.attention.self.key.bias
2022-08-31T11:38:14 | INFO | mmf.utils.checkpoint : Copying model.bert.encoder.layer.6.attention.self.value.weight from model.bert.encoder.layer.6.attention.self.value.weight
2022-08-31T11:38:14 | INFO | mmf.utils.checkpoint : Copying model.bert.encoder.layer.6.attention.self.value.bias from model.bert.encoder.layer.6.attention.self.value.bias
2022-08-31T11:38:14 | INFO | mmf.utils.checkpoint : Copying model.bert.encoder.layer.6.attention.output.dense.weight from model.bert.encoder.layer.6.attention.output.dense.weight
2022-08-31T11:38:14 | INFO | mmf.utils.checkpoint : Copying model.bert.encoder.layer.6.attention.output.dense.bias from model.bert.encoder.layer.6.attention.output.dense.bias
2022-08-31T11:38:14 | INFO | mmf.utils.checkpoint : Copying model.bert.encoder.layer.6.attention.output.LayerNorm.weight from model.bert.encoder.layer.6.attention.output.LayerNorm.weight
2022-08-31T11:38:14 | INFO | mmf.utils.checkpoint : Copying model.bert.encoder.layer.6.attention.output.LayerNorm.bias from model.bert.encoder.layer.6.attention.output.LayerNorm.bias
2022-08-31T11:38:14 | INFO | mmf.utils.checkpoint : Copying model.bert.encoder.layer.6.intermediate.dense.weight from model.bert.encoder.layer.6.intermediate.dense.weight
2022-08-31T11:38:14 | INFO | mmf.utils.checkpoint : Copying model.bert.encoder.layer.6.intermediate.dense.bias from model.bert.encoder.layer.6.intermediate.dense.bias
2022-08-31T11:38:14 | INFO | mmf.utils.checkpoint : Copying model.bert.encoder.layer.6.output.dense.weight from model.bert.encoder.layer.6.output.dense.weight
2022-08-31T11:38:14 | INFO | mmf.utils.checkpoint : Copying model.bert.encoder.layer.6.output.dense.bias from model.bert.encoder.layer.6.output.dense.bias
2022-08-31T11:38:14 | INFO | mmf.utils.checkpoint : Copying model.bert.encoder.layer.6.output.LayerNorm.weight from model.bert.encoder.layer.6.output.LayerNorm.weight
2022-08-31T11:38:14 | INFO | mmf.utils.checkpoint : Copying model.bert.encoder.layer.6.output.LayerNorm.bias from model.bert.encoder.layer.6.output.LayerNorm.bias
2022-08-31T11:38:14 | INFO | mmf.utils.checkpoint : Copying model.bert.encoder.layer.7.attention.self.query.weight from model.bert.encoder.layer.7.attention.self.query.weight
2022-08-31T11:38:14 | INFO | mmf.utils.checkpoint : Copying model.bert.encoder.layer.7.attention.self.query.bias from model.bert.encoder.layer.7.attention.self.query.bias
2022-08-31T11:38:14 | INFO | mmf.utils.checkpoint : Copying model.bert.encoder.layer.7.attention.self.key.weight from model.bert.encoder.layer.7.attention.self.key.weight
2022-08-31T11:38:14 | INFO | mmf.utils.checkpoint : Copying model.bert.encoder.layer.7.attention.self.key.bias from model.bert.encoder.layer.7.attention.self.key.bias
2022-08-31T11:38:14 | INFO | mmf.utils.checkpoint : Copying model.bert.encoder.layer.7.attention.self.value.weight from model.bert.encoder.layer.7.attention.self.value.weight
2022-08-31T11:38:14 | INFO | mmf.utils.checkpoint : Copying model.bert.encoder.layer.7.attention.self.value.bias from model.bert.encoder.layer.7.attention.self.value.bias
2022-08-31T11:38:14 | INFO | mmf.utils.checkpoint : Copying model.bert.encoder.layer.7.attention.output.dense.weight from model.bert.encoder.layer.7.attention.output.dense.weight
2022-08-31T11:38:14 | INFO | mmf.utils.checkpoint : Copying model.bert.encoder.layer.7.attention.output.dense.bias from model.bert.encoder.layer.7.attention.output.dense.bias
2022-08-31T11:38:14 | INFO | mmf.utils.checkpoint : Copying model.bert.encoder.layer.7.attention.output.LayerNorm.weight from model.bert.encoder.layer.7.attention.output.LayerNorm.weight
2022-08-31T11:38:14 | INFO | mmf.utils.checkpoint : Copying model.bert.encoder.layer.7.attention.output.LayerNorm.bias from model.bert.encoder.layer.7.attention.output.LayerNorm.bias
2022-08-31T11:38:14 | INFO | mmf.utils.checkpoint : Copying model.bert.encoder.layer.7.intermediate.dense.weight from model.bert.encoder.layer.7.intermediate.dense.weight
2022-08-31T11:38:14 | INFO | mmf.utils.checkpoint : Copying model.bert.encoder.layer.7.intermediate.dense.bias from model.bert.encoder.layer.7.intermediate.dense.bias
2022-08-31T11:38:14 | INFO | mmf.utils.checkpoint : Copying model.bert.encoder.layer.7.output.dense.weight from model.bert.encoder.layer.7.output.dense.weight
2022-08-31T11:38:14 | INFO | mmf.utils.checkpoint : Copying model.bert.encoder.layer.7.output.dense.bias from model.bert.encoder.layer.7.output.dense.bias
2022-08-31T11:38:14 | INFO | mmf.utils.checkpoint : Copying model.bert.encoder.layer.7.output.LayerNorm.weight from model.bert.encoder.layer.7.output.LayerNorm.weight
2022-08-31T11:38:14 | INFO | mmf.utils.checkpoint : Copying model.bert.encoder.layer.7.output.LayerNorm.bias from model.bert.encoder.layer.7.output.LayerNorm.bias
2022-08-31T11:38:14 | INFO | mmf.utils.checkpoint : Copying model.bert.encoder.layer.8.attention.self.query.weight from model.bert.encoder.layer.8.attention.self.query.weight
2022-08-31T11:38:14 | INFO | mmf.utils.checkpoint : Copying model.bert.encoder.layer.8.attention.self.query.bias from model.bert.encoder.layer.8.attention.self.query.bias
2022-08-31T11:38:14 | INFO | mmf.utils.checkpoint : Copying model.bert.encoder.layer.8.attention.self.key.weight from model.bert.encoder.layer.8.attention.self.key.weight
2022-08-31T11:38:14 | INFO | mmf.utils.checkpoint : Copying model.bert.encoder.layer.8.attention.self.key.bias from model.bert.encoder.layer.8.attention.self.key.bias
2022-08-31T11:38:14 | INFO | mmf.utils.checkpoint : Copying model.bert.encoder.layer.8.attention.self.value.weight from model.bert.encoder.layer.8.attention.self.value.weight
2022-08-31T11:38:14 | INFO | mmf.utils.checkpoint : Copying model.bert.encoder.layer.8.attention.self.value.bias from model.bert.encoder.layer.8.attention.self.value.bias
2022-08-31T11:38:14 | INFO | mmf.utils.checkpoint : Copying model.bert.encoder.layer.8.attention.output.dense.weight from model.bert.encoder.layer.8.attention.output.dense.weight
2022-08-31T11:38:14 | INFO | mmf.utils.checkpoint : Copying model.bert.encoder.layer.8.attention.output.dense.bias from model.bert.encoder.layer.8.attention.output.dense.bias
2022-08-31T11:38:14 | INFO | mmf.utils.checkpoint : Copying model.bert.encoder.layer.8.attention.output.LayerNorm.weight from model.bert.encoder.layer.8.attention.output.LayerNorm.weight
2022-08-31T11:38:14 | INFO | mmf.utils.checkpoint : Copying model.bert.encoder.layer.8.attention.output.LayerNorm.bias from model.bert.encoder.layer.8.attention.output.LayerNorm.bias
2022-08-31T11:38:14 | INFO | mmf.utils.checkpoint : Copying model.bert.encoder.layer.8.intermediate.dense.weight from model.bert.encoder.layer.8.intermediate.dense.weight
2022-08-31T11:38:14 | INFO | mmf.utils.checkpoint : Copying model.bert.encoder.layer.8.intermediate.dense.bias from model.bert.encoder.layer.8.intermediate.dense.bias
2022-08-31T11:38:14 | INFO | mmf.utils.checkpoint : Copying model.bert.encoder.layer.8.output.dense.weight from model.bert.encoder.layer.8.output.dense.weight
2022-08-31T11:38:14 | INFO | mmf.utils.checkpoint : Copying model.bert.encoder.layer.8.output.dense.bias from model.bert.encoder.layer.8.output.dense.bias
2022-08-31T11:38:14 | INFO | mmf.utils.checkpoint : Copying model.bert.encoder.layer.8.output.LayerNorm.weight from model.bert.encoder.layer.8.output.LayerNorm.weight
2022-08-31T11:38:14 | INFO | mmf.utils.checkpoint : Copying model.bert.encoder.layer.8.output.LayerNorm.bias from model.bert.encoder.layer.8.output.LayerNorm.bias
2022-08-31T11:38:14 | INFO | mmf.utils.checkpoint : Copying model.bert.encoder.layer.9.attention.self.query.weight from model.bert.encoder.layer.9.attention.self.query.weight
2022-08-31T11:38:14 | INFO | mmf.utils.checkpoint : Copying model.bert.encoder.layer.9.attention.self.query.bias from model.bert.encoder.layer.9.attention.self.query.bias
2022-08-31T11:38:14 | INFO | mmf.utils.checkpoint : Copying model.bert.encoder.layer.9.attention.self.key.weight from model.bert.encoder.layer.9.attention.self.key.weight
2022-08-31T11:38:14 | INFO | mmf.utils.checkpoint : Copying model.bert.encoder.layer.9.attention.self.key.bias from model.bert.encoder.layer.9.attention.self.key.bias
2022-08-31T11:38:14 | INFO | mmf.utils.checkpoint : Copying model.bert.encoder.layer.9.attention.self.value.weight from model.bert.encoder.layer.9.attention.self.value.weight
2022-08-31T11:38:14 | INFO | mmf.utils.checkpoint : Copying model.bert.encoder.layer.9.attention.self.value.bias from model.bert.encoder.layer.9.attention.self.value.bias
2022-08-31T11:38:14 | INFO | mmf.utils.checkpoint : Copying model.bert.encoder.layer.9.attention.output.dense.weight from model.bert.encoder.layer.9.attention.output.dense.weight
2022-08-31T11:38:14 | INFO | mmf.utils.checkpoint : Copying model.bert.encoder.layer.9.attention.output.dense.bias from model.bert.encoder.layer.9.attention.output.dense.bias
2022-08-31T11:38:14 | INFO | mmf.utils.checkpoint : Copying model.bert.encoder.layer.9.attention.output.LayerNorm.weight from model.bert.encoder.layer.9.attention.output.LayerNorm.weight
2022-08-31T11:38:14 | INFO | mmf.utils.checkpoint : Copying model.bert.encoder.layer.9.attention.output.LayerNorm.bias from model.bert.encoder.layer.9.attention.output.LayerNorm.bias
2022-08-31T11:38:14 | INFO | mmf.utils.checkpoint : Copying model.bert.encoder.layer.9.intermediate.dense.weight from model.bert.encoder.layer.9.intermediate.dense.weight
2022-08-31T11:38:14 | INFO | mmf.utils.checkpoint : Copying model.bert.encoder.layer.9.intermediate.dense.bias from model.bert.encoder.layer.9.intermediate.dense.bias
2022-08-31T11:38:14 | INFO | mmf.utils.checkpoint : Copying model.bert.encoder.layer.9.output.dense.weight from model.bert.encoder.layer.9.output.dense.weight
2022-08-31T11:38:14 | INFO | mmf.utils.checkpoint : Copying model.bert.encoder.layer.9.output.dense.bias from model.bert.encoder.layer.9.output.dense.bias
2022-08-31T11:38:14 | INFO | mmf.utils.checkpoint : Copying model.bert.encoder.layer.9.output.LayerNorm.weight from model.bert.encoder.layer.9.output.LayerNorm.weight
2022-08-31T11:38:14 | INFO | mmf.utils.checkpoint : Copying model.bert.encoder.layer.9.output.LayerNorm.bias from model.bert.encoder.layer.9.output.LayerNorm.bias
2022-08-31T11:38:14 | INFO | mmf.utils.checkpoint : Copying model.bert.encoder.layer.10.attention.self.query.weight from model.bert.encoder.layer.10.attention.self.query.weight
2022-08-31T11:38:14 | INFO | mmf.utils.checkpoint : Copying model.bert.encoder.layer.10.attention.self.query.bias from model.bert.encoder.layer.10.attention.self.query.bias
2022-08-31T11:38:14 | INFO | mmf.utils.checkpoint : Copying model.bert.encoder.layer.10.attention.self.key.weight from model.bert.encoder.layer.10.attention.self.key.weight
2022-08-31T11:38:14 | INFO | mmf.utils.checkpoint : Copying model.bert.encoder.layer.10.attention.self.key.bias from model.bert.encoder.layer.10.attention.self.key.bias
2022-08-31T11:38:14 | INFO | mmf.utils.checkpoint : Copying model.bert.encoder.layer.10.attention.self.value.weight from model.bert.encoder.layer.10.attention.self.value.weight
2022-08-31T11:38:14 | INFO | mmf.utils.checkpoint : Copying model.bert.encoder.layer.10.attention.self.value.bias from model.bert.encoder.layer.10.attention.self.value.bias
2022-08-31T11:38:14 | INFO | mmf.utils.checkpoint : Copying model.bert.encoder.layer.10.attention.output.dense.weight from model.bert.encoder.layer.10.attention.output.dense.weight
2022-08-31T11:38:14 | INFO | mmf.utils.checkpoint : Copying model.bert.encoder.layer.10.attention.output.dense.bias from model.bert.encoder.layer.10.attention.output.dense.bias
2022-08-31T11:38:14 | INFO | mmf.utils.checkpoint : Copying model.bert.encoder.layer.10.attention.output.LayerNorm.weight from model.bert.encoder.layer.10.attention.output.LayerNorm.weight
2022-08-31T11:38:14 | INFO | mmf.utils.checkpoint : Copying model.bert.encoder.layer.10.attention.output.LayerNorm.bias from model.bert.encoder.layer.10.attention.output.LayerNorm.bias
2022-08-31T11:38:14 | INFO | mmf.utils.checkpoint : Copying model.bert.encoder.layer.10.intermediate.dense.weight from model.bert.encoder.layer.10.intermediate.dense.weight
2022-08-31T11:38:14 | INFO | mmf.utils.checkpoint : Copying model.bert.encoder.layer.10.intermediate.dense.bias from model.bert.encoder.layer.10.intermediate.dense.bias
2022-08-31T11:38:14 | INFO | mmf.utils.checkpoint : Copying model.bert.encoder.layer.10.output.dense.weight from model.bert.encoder.layer.10.output.dense.weight
2022-08-31T11:38:14 | INFO | mmf.utils.checkpoint : Copying model.bert.encoder.layer.10.output.dense.bias from model.bert.encoder.layer.10.output.dense.bias
2022-08-31T11:38:14 | INFO | mmf.utils.checkpoint : Copying model.bert.encoder.layer.10.output.LayerNorm.weight from model.bert.encoder.layer.10.output.LayerNorm.weight
2022-08-31T11:38:15 | INFO | mmf.utils.checkpoint : Copying model.bert.encoder.layer.10.output.LayerNorm.bias from model.bert.encoder.layer.10.output.LayerNorm.bias
2022-08-31T11:38:15 | INFO | mmf.utils.checkpoint : Copying model.bert.encoder.layer.11.attention.self.query.weight from model.bert.encoder.layer.11.attention.self.query.weight
2022-08-31T11:38:15 | INFO | mmf.utils.checkpoint : Copying model.bert.encoder.layer.11.attention.self.query.bias from model.bert.encoder.layer.11.attention.self.query.bias
2022-08-31T11:38:15 | INFO | mmf.utils.checkpoint : Copying model.bert.encoder.layer.11.attention.self.key.weight from model.bert.encoder.layer.11.attention.self.key.weight
2022-08-31T11:38:15 | INFO | mmf.utils.checkpoint : Copying model.bert.encoder.layer.11.attention.self.key.bias from model.bert.encoder.layer.11.attention.self.key.bias
2022-08-31T11:38:15 | INFO | mmf.utils.checkpoint : Copying model.bert.encoder.layer.11.attention.self.value.weight from model.bert.encoder.layer.11.attention.self.value.weight
2022-08-31T11:38:15 | INFO | mmf.utils.checkpoint : Copying model.bert.encoder.layer.11.attention.self.value.bias from model.bert.encoder.layer.11.attention.self.value.bias
2022-08-31T11:38:15 | INFO | mmf.utils.checkpoint : Copying model.bert.encoder.layer.11.attention.output.dense.weight from model.bert.encoder.layer.11.attention.output.dense.weight
2022-08-31T11:38:15 | INFO | mmf.utils.checkpoint : Copying model.bert.encoder.layer.11.attention.output.dense.bias from model.bert.encoder.layer.11.attention.output.dense.bias
2022-08-31T11:38:15 | INFO | mmf.utils.checkpoint : Copying model.bert.encoder.layer.11.attention.output.LayerNorm.weight from model.bert.encoder.layer.11.attention.output.LayerNorm.weight
2022-08-31T11:38:15 | INFO | mmf.utils.checkpoint : Copying model.bert.encoder.layer.11.attention.output.LayerNorm.bias from model.bert.encoder.layer.11.attention.output.LayerNorm.bias
2022-08-31T11:38:15 | INFO | mmf.utils.checkpoint : Copying model.bert.encoder.layer.11.intermediate.dense.weight from model.bert.encoder.layer.11.intermediate.dense.weight
2022-08-31T11:38:15 | INFO | mmf.utils.checkpoint : Copying model.bert.encoder.layer.11.intermediate.dense.bias from model.bert.encoder.layer.11.intermediate.dense.bias
2022-08-31T11:38:15 | INFO | mmf.utils.checkpoint : Copying model.bert.encoder.layer.11.output.dense.weight from model.bert.encoder.layer.11.output.dense.weight
2022-08-31T11:38:15 | INFO | mmf.utils.checkpoint : Copying model.bert.encoder.layer.11.output.dense.bias from model.bert.encoder.layer.11.output.dense.bias
2022-08-31T11:38:15 | INFO | mmf.utils.checkpoint : Copying model.bert.encoder.layer.11.output.LayerNorm.weight from model.bert.encoder.layer.11.output.LayerNorm.weight
2022-08-31T11:38:15 | INFO | mmf.utils.checkpoint : Copying model.bert.encoder.layer.11.output.LayerNorm.bias from model.bert.encoder.layer.11.output.LayerNorm.bias
2022-08-31T11:38:15 | INFO | mmf.utils.checkpoint : Copying model.bert.pooler.dense.weight from model.bert.pooler.dense.weight
2022-08-31T11:38:15 | INFO | mmf.utils.checkpoint : Copying model.bert.pooler.dense.bias from model.bert.pooler.dense.bias
2022-08-31T11:38:15 | INFO | mmf.utils.checkpoint : Pretrained model loaded
2022-08-31T11:38:15 | INFO | mmf.utils.checkpoint : Checkpoint loaded.
2022-08-31T11:38:15 | INFO | mmf.utils.checkpoint : Current num updates: 0
2022-08-31T11:38:15 | INFO | mmf.utils.checkpoint : Current iteration: 0
2022-08-31T11:38:15 | INFO | mmf.utils.checkpoint : Current epoch: 0
2022-08-31T11:38:15 | INFO | mmf.trainers.mmf_trainer : ===== Model =====
2022-08-31T11:38:15 | INFO | mmf.trainers.mmf_trainer : VisualBERT(
  (model): VisualBERTForClassification(
    (bert): VisualBERTBase(
      (embeddings): BertVisioLinguisticEmbeddings(
        (word_embeddings): Embedding(30522, 768, padding_idx=0)
        (position_embeddings): Embedding(512, 768)
        (token_type_embeddings): Embedding(2, 768)
        (LayerNorm): LayerNorm((768,), eps=1e-12, elementwise_affine=True)
        (dropout): Dropout(p=0.1, inplace=False)
        (token_type_embeddings_visual): Embedding(2, 768)
        (position_embeddings_visual): Embedding(512, 768)
        (projection): Linear(in_features=2048, out_features=768, bias=True)
      )
      (encoder): BertEncoderJit(
        (layer): ModuleList(
          (0): BertLayerJit(
            (attention): BertAttentionJit(
              (self): BertSelfAttentionJit(
                (query): Linear(in_features=768, out_features=768, bias=True)
                (key): Linear(in_features=768, out_features=768, bias=True)
                (value): Linear(in_features=768, out_features=768, bias=True)
                (dropout): Dropout(p=0.1, inplace=False)
              )
              (output): BertSelfOutput(
                (dense): Linear(in_features=768, out_features=768, bias=True)
                (LayerNorm): LayerNorm((768,), eps=1e-12, elementwise_affine=True)
                (dropout): Dropout(p=0.1, inplace=False)
              )
            )
            (intermediate): BertIntermediate(
              (dense): Linear(in_features=768, out_features=3072, bias=True)
            )
            (output): BertOutput(
              (dense): Linear(in_features=3072, out_features=768, bias=True)
              (LayerNorm): LayerNorm((768,), eps=1e-12, elementwise_affine=True)
              (dropout): Dropout(p=0.1, inplace=False)
            )
          )
          (1): BertLayerJit(
            (attention): BertAttentionJit(
              (self): BertSelfAttentionJit(
                (query): Linear(in_features=768, out_features=768, bias=True)
                (key): Linear(in_features=768, out_features=768, bias=True)
                (value): Linear(in_features=768, out_features=768, bias=True)
                (dropout): Dropout(p=0.1, inplace=False)
              )
              (output): BertSelfOutput(
                (dense): Linear(in_features=768, out_features=768, bias=True)
                (LayerNorm): LayerNorm((768,), eps=1e-12, elementwise_affine=True)
                (dropout): Dropout(p=0.1, inplace=False)
              )
            )
            (intermediate): BertIntermediate(
              (dense): Linear(in_features=768, out_features=3072, bias=True)
            )
            (output): BertOutput(
              (dense): Linear(in_features=3072, out_features=768, bias=True)
              (LayerNorm): LayerNorm((768,), eps=1e-12, elementwise_affine=True)
              (dropout): Dropout(p=0.1, inplace=False)
            )
          )
          (2): BertLayerJit(
            (attention): BertAttentionJit(
              (self): BertSelfAttentionJit(
                (query): Linear(in_features=768, out_features=768, bias=True)
                (key): Linear(in_features=768, out_features=768, bias=True)
                (value): Linear(in_features=768, out_features=768, bias=True)
                (dropout): Dropout(p=0.1, inplace=False)
              )
              (output): BertSelfOutput(
                (dense): Linear(in_features=768, out_features=768, bias=True)
                (LayerNorm): LayerNorm((768,), eps=1e-12, elementwise_affine=True)
                (dropout): Dropout(p=0.1, inplace=False)
              )
            )
            (intermediate): BertIntermediate(
              (dense): Linear(in_features=768, out_features=3072, bias=True)
            )
            (output): BertOutput(
              (dense): Linear(in_features=3072, out_features=768, bias=True)
              (LayerNorm): LayerNorm((768,), eps=1e-12, elementwise_affine=True)
              (dropout): Dropout(p=0.1, inplace=False)
            )
          )
          (3): BertLayerJit(
            (attention): BertAttentionJit(
              (self): BertSelfAttentionJit(
                (query): Linear(in_features=768, out_features=768, bias=True)
                (key): Linear(in_features=768, out_features=768, bias=True)
                (value): Linear(in_features=768, out_features=768, bias=True)
                (dropout): Dropout(p=0.1, inplace=False)
              )
              (output): BertSelfOutput(
                (dense): Linear(in_features=768, out_features=768, bias=True)
                (LayerNorm): LayerNorm((768,), eps=1e-12, elementwise_affine=True)
                (dropout): Dropout(p=0.1, inplace=False)
              )
            )
            (intermediate): BertIntermediate(
              (dense): Linear(in_features=768, out_features=3072, bias=True)
            )
            (output): BertOutput(
              (dense): Linear(in_features=3072, out_features=768, bias=True)
              (LayerNorm): LayerNorm((768,), eps=1e-12, elementwise_affine=True)
              (dropout): Dropout(p=0.1, inplace=False)
            )
          )
          (4): BertLayerJit(
            (attention): BertAttentionJit(
              (self): BertSelfAttentionJit(
                (query): Linear(in_features=768, out_features=768, bias=True)
                (key): Linear(in_features=768, out_features=768, bias=True)
                (value): Linear(in_features=768, out_features=768, bias=True)
                (dropout): Dropout(p=0.1, inplace=False)
              )
              (output): BertSelfOutput(
                (dense): Linear(in_features=768, out_features=768, bias=True)
                (LayerNorm): LayerNorm((768,), eps=1e-12, elementwise_affine=True)
                (dropout): Dropout(p=0.1, inplace=False)
              )
            )
            (intermediate): BertIntermediate(
              (dense): Linear(in_features=768, out_features=3072, bias=True)
            )
            (output): BertOutput(
              (dense): Linear(in_features=3072, out_features=768, bias=True)
              (LayerNorm): LayerNorm((768,), eps=1e-12, elementwise_affine=True)
              (dropout): Dropout(p=0.1, inplace=False)
            )
          )
          (5): BertLayerJit(
            (attention): BertAttentionJit(
              (self): BertSelfAttentionJit(
                (query): Linear(in_features=768, out_features=768, bias=True)
                (key): Linear(in_features=768, out_features=768, bias=True)
                (value): Linear(in_features=768, out_features=768, bias=True)
                (dropout): Dropout(p=0.1, inplace=False)
              )
              (output): BertSelfOutput(
                (dense): Linear(in_features=768, out_features=768, bias=True)
                (LayerNorm): LayerNorm((768,), eps=1e-12, elementwise_affine=True)
                (dropout): Dropout(p=0.1, inplace=False)
              )
            )
            (intermediate): BertIntermediate(
              (dense): Linear(in_features=768, out_features=3072, bias=True)
            )
            (output): BertOutput(
              (dense): Linear(in_features=3072, out_features=768, bias=True)
              (LayerNorm): LayerNorm((768,), eps=1e-12, elementwise_affine=True)
              (dropout): Dropout(p=0.1, inplace=False)
            )
          )
          (6): BertLayerJit(
            (attention): BertAttentionJit(
              (self): BertSelfAttentionJit(
                (query): Linear(in_features=768, out_features=768, bias=True)
                (key): Linear(in_features=768, out_features=768, bias=True)
                (value): Linear(in_features=768, out_features=768, bias=True)
                (dropout): Dropout(p=0.1, inplace=False)
              )
              (output): BertSelfOutput(
                (dense): Linear(in_features=768, out_features=768, bias=True)
                (LayerNorm): LayerNorm((768,), eps=1e-12, elementwise_affine=True)
                (dropout): Dropout(p=0.1, inplace=False)
              )
            )
            (intermediate): BertIntermediate(
              (dense): Linear(in_features=768, out_features=3072, bias=True)
            )
            (output): BertOutput(
              (dense): Linear(in_features=3072, out_features=768, bias=True)
              (LayerNorm): LayerNorm((768,), eps=1e-12, elementwise_affine=True)
              (dropout): Dropout(p=0.1, inplace=False)
            )
          )
          (7): BertLayerJit(
            (attention): BertAttentionJit(
              (self): BertSelfAttentionJit(
                (query): Linear(in_features=768, out_features=768, bias=True)
                (key): Linear(in_features=768, out_features=768, bias=True)
                (value): Linear(in_features=768, out_features=768, bias=True)
                (dropout): Dropout(p=0.1, inplace=False)
              )
              (output): BertSelfOutput(
                (dense): Linear(in_features=768, out_features=768, bias=True)
                (LayerNorm): LayerNorm((768,), eps=1e-12, elementwise_affine=True)
                (dropout): Dropout(p=0.1, inplace=False)
              )
            )
            (intermediate): BertIntermediate(
              (dense): Linear(in_features=768, out_features=3072, bias=True)
            )
            (output): BertOutput(
              (dense): Linear(in_features=3072, out_features=768, bias=True)
              (LayerNorm): LayerNorm((768,), eps=1e-12, elementwise_affine=True)
              (dropout): Dropout(p=0.1, inplace=False)
            )
          )
          (8): BertLayerJit(
            (attention): BertAttentionJit(
              (self): BertSelfAttentionJit(
                (query): Linear(in_features=768, out_features=768, bias=True)
                (key): Linear(in_features=768, out_features=768, bias=True)
                (value): Linear(in_features=768, out_features=768, bias=True)
                (dropout): Dropout(p=0.1, inplace=False)
              )
              (output): BertSelfOutput(
                (dense): Linear(in_features=768, out_features=768, bias=True)
                (LayerNorm): LayerNorm((768,), eps=1e-12, elementwise_affine=True)
                (dropout): Dropout(p=0.1, inplace=False)
              )
            )
            (intermediate): BertIntermediate(
              (dense): Linear(in_features=768, out_features=3072, bias=True)
            )
            (output): BertOutput(
              (dense): Linear(in_features=3072, out_features=768, bias=True)
              (LayerNorm): LayerNorm((768,), eps=1e-12, elementwise_affine=True)
              (dropout): Dropout(p=0.1, inplace=False)
            )
          )
          (9): BertLayerJit(
            (attention): BertAttentionJit(
              (self): BertSelfAttentionJit(
                (query): Linear(in_features=768, out_features=768, bias=True)
                (key): Linear(in_features=768, out_features=768, bias=True)
                (value): Linear(in_features=768, out_features=768, bias=True)
                (dropout): Dropout(p=0.1, inplace=False)
              )
              (output): BertSelfOutput(
                (dense): Linear(in_features=768, out_features=768, bias=True)
                (LayerNorm): LayerNorm((768,), eps=1e-12, elementwise_affine=True)
                (dropout): Dropout(p=0.1, inplace=False)
              )
            )
            (intermediate): BertIntermediate(
              (dense): Linear(in_features=768, out_features=3072, bias=True)
            )
            (output): BertOutput(
              (dense): Linear(in_features=3072, out_features=768, bias=True)
              (LayerNorm): LayerNorm((768,), eps=1e-12, elementwise_affine=True)
              (dropout): Dropout(p=0.1, inplace=False)
            )
          )
          (10): BertLayerJit(
            (attention): BertAttentionJit(
              (self): BertSelfAttentionJit(
                (query): Linear(in_features=768, out_features=768, bias=True)
                (key): Linear(in_features=768, out_features=768, bias=True)
                (value): Linear(in_features=768, out_features=768, bias=True)
                (dropout): Dropout(p=0.1, inplace=False)
              )
              (output): BertSelfOutput(
                (dense): Linear(in_features=768, out_features=768, bias=True)
                (LayerNorm): LayerNorm((768,), eps=1e-12, elementwise_affine=True)
                (dropout): Dropout(p=0.1, inplace=False)
              )
            )
            (intermediate): BertIntermediate(
              (dense): Linear(in_features=768, out_features=3072, bias=True)
            )
            (output): BertOutput(
              (dense): Linear(in_features=3072, out_features=768, bias=True)
              (LayerNorm): LayerNorm((768,), eps=1e-12, elementwise_affine=True)
              (dropout): Dropout(p=0.1, inplace=False)
            )
          )
          (11): BertLayerJit(
            (attention): BertAttentionJit(
              (self): BertSelfAttentionJit(
                (query): Linear(in_features=768, out_features=768, bias=True)
                (key): Linear(in_features=768, out_features=768, bias=True)
                (value): Linear(in_features=768, out_features=768, bias=True)
                (dropout): Dropout(p=0.1, inplace=False)
              )
              (output): BertSelfOutput(
                (dense): Linear(in_features=768, out_features=768, bias=True)
                (LayerNorm): LayerNorm((768,), eps=1e-12, elementwise_affine=True)
                (dropout): Dropout(p=0.1, inplace=False)
              )
            )
            (intermediate): BertIntermediate(
              (dense): Linear(in_features=768, out_features=3072, bias=True)
            )
            (output): BertOutput(
              (dense): Linear(in_features=3072, out_features=768, bias=True)
              (LayerNorm): LayerNorm((768,), eps=1e-12, elementwise_affine=True)
              (dropout): Dropout(p=0.1, inplace=False)
            )
          )
        )
      )
      (pooler): BertPooler(
        (dense): Linear(in_features=768, out_features=768, bias=True)
        (activation): Tanh()
      )
    )
    (dropout): Dropout(p=0.1, inplace=False)
    (classifier): Sequential(
      (0): BertPredictionHeadTransform(
        (dense): Linear(in_features=768, out_features=768, bias=True)
        (LayerNorm): LayerNorm((768,), eps=1e-12, elementwise_affine=True)
      )
      (1): Linear(in_features=768, out_features=6, bias=True)
    )
  )
  (losses): Losses(
    (losses): ModuleList(
      (0): MMFLoss(
        (loss_criterion): CrossEntropyLoss(
          (loss_fn): CrossEntropyLoss()
        )
      )
    )
  )
)
2022-08-31T11:38:15 | INFO | mmf.utils.general : Total Parameters: 112047366. Trained Parameters: 112047366
2022-08-31T11:38:15 | INFO | mmf.trainers.core.training_loop : Starting training...
2022-08-31T11:38:57 | INFO | mmf.trainers.callbacks.checkpoint : Checkpoint time. Saving a checkpoint.
2022-08-31T11:38:57 | WARNING | py.warnings : /usr/local/lib/python3.7/dist-packages/torch/optim/lr_scheduler.py:200: UserWarning: Please also save or load the state of the optimzer when saving or loading the scheduler.
  warnings.warn(SAVE_STATE_WARNING, UserWarning)

2022-08-31T11:38:57 | WARNING | py.warnings : /usr/local/lib/python3.7/dist-packages/torch/optim/lr_scheduler.py:200: UserWarning: Please also save or load the state of the optimzer when saving or loading the scheduler.
  warnings.warn(SAVE_STATE_WARNING, UserWarning)

2022-08-31T11:39:09 | INFO | mmf.trainers.core.training_loop : Evaluation time. Running on full validation set...
2022-08-31T11:39:19 | WARNING | py.warnings : /usr/local/lib/python3.7/dist-packages/torch/optim/lr_scheduler.py:200: UserWarning: Please also save or load the state of the optimzer when saving or loading the scheduler.
  warnings.warn(SAVE_STATE_WARNING, UserWarning)

2022-08-31T11:39:19 | WARNING | py.warnings : /usr/local/lib/python3.7/dist-packages/torch/optim/lr_scheduler.py:200: UserWarning: Please also save or load the state of the optimzer when saving or loading the scheduler.
  warnings.warn(SAVE_STATE_WARNING, UserWarning)

2022-08-31T11:39:36 | INFO | mmf.trainers.callbacks.logistics : progress: 50/1000, val/hateful_memes/cross_entropy: 1.4976, val/total_loss: 1.4976, val/hateful_memes/accuracy: 0.4121, val/hateful_memes/binary_f1: 0.0000, val/hateful_memes/roc_auc: 0.5347, num_updates: 50, epoch: 1, iterations: 50, max_updates: 1000, val_time: 27s 145ms, best_update: 50, best_iteration: 50, best_val/hateful_memes/roc_auc: 0.534716
2022-08-31T11:40:16 | INFO | mmf.trainers.callbacks.checkpoint : Checkpoint time. Saving a checkpoint.
2022-08-31T11:40:16 | WARNING | py.warnings : /usr/local/lib/python3.7/dist-packages/torch/optim/lr_scheduler.py:200: UserWarning: Please also save or load the state of the optimzer when saving or loading the scheduler.
  warnings.warn(SAVE_STATE_WARNING, UserWarning)

2022-08-31T11:40:16 | WARNING | py.warnings : /usr/local/lib/python3.7/dist-packages/torch/optim/lr_scheduler.py:200: UserWarning: Please also save or load the state of the optimzer when saving or loading the scheduler.
  warnings.warn(SAVE_STATE_WARNING, UserWarning)

2022-08-31T11:40:27 | INFO | mmf.trainers.callbacks.logistics : progress: 100/1000, train/hateful_memes/cross_entropy: 1.3056, train/hateful_memes/cross_entropy/avg: 1.3056, train/total_loss: 1.3056, train/total_loss/avg: 1.3056, max mem: 9201.0, experiment: run, epoch: 1, num_updates: 100, iterations: 100, max_updates: 1000, lr: 0.00002, ups: 1.96, time: 51s 351ms, time_since_start: 02m 16s 215ms, eta: 07m 42s 167ms
2022-08-31T11:40:27 | INFO | mmf.trainers.core.training_loop : Evaluation time. Running on full validation set...
2022-08-31T11:40:37 | WARNING | py.warnings : /usr/local/lib/python3.7/dist-packages/torch/optim/lr_scheduler.py:200: UserWarning: Please also save or load the state of the optimzer when saving or loading the scheduler.
  warnings.warn(SAVE_STATE_WARNING, UserWarning)

2022-08-31T11:40:37 | WARNING | py.warnings : /usr/local/lib/python3.7/dist-packages/torch/optim/lr_scheduler.py:200: UserWarning: Please also save or load the state of the optimzer when saving or loading the scheduler.
  warnings.warn(SAVE_STATE_WARNING, UserWarning)

2022-08-31T11:40:54 | INFO | mmf.trainers.callbacks.logistics : progress: 100/1000, val/hateful_memes/cross_entropy: 1.3152, val/total_loss: 1.3152, val/hateful_memes/accuracy: 0.4121, val/hateful_memes/binary_f1: 0.0000, val/hateful_memes/roc_auc: 0.6282, num_updates: 100, epoch: 1, iterations: 100, max_updates: 1000, val_time: 26s 566ms, best_update: 100, best_iteration: 100, best_val/hateful_memes/roc_auc: 0.628173
2022-08-31T11:41:34 | INFO | mmf.trainers.callbacks.checkpoint : Checkpoint time. Saving a checkpoint.
2022-08-31T11:41:34 | WARNING | py.warnings : /usr/local/lib/python3.7/dist-packages/torch/optim/lr_scheduler.py:200: UserWarning: Please also save or load the state of the optimzer when saving or loading the scheduler.
  warnings.warn(SAVE_STATE_WARNING, UserWarning)

2022-08-31T11:41:34 | WARNING | py.warnings : /usr/local/lib/python3.7/dist-packages/torch/optim/lr_scheduler.py:200: UserWarning: Please also save or load the state of the optimzer when saving or loading the scheduler.
  warnings.warn(SAVE_STATE_WARNING, UserWarning)

2022-08-31T11:41:45 | INFO | mmf.trainers.core.training_loop : Evaluation time. Running on full validation set...
2022-08-31T11:41:57 | WARNING | py.warnings : /usr/local/lib/python3.7/dist-packages/torch/optim/lr_scheduler.py:200: UserWarning: Please also save or load the state of the optimzer when saving or loading the scheduler.
  warnings.warn(SAVE_STATE_WARNING, UserWarning)

2022-08-31T11:41:57 | WARNING | py.warnings : /usr/local/lib/python3.7/dist-packages/torch/optim/lr_scheduler.py:200: UserWarning: Please also save or load the state of the optimzer when saving or loading the scheduler.
  warnings.warn(SAVE_STATE_WARNING, UserWarning)

2022-08-31T11:42:14 | INFO | mmf.trainers.callbacks.logistics : progress: 150/1000, val/hateful_memes/cross_entropy: 1.3486, val/total_loss: 1.3486, val/hateful_memes/accuracy: 0.4121, val/hateful_memes/binary_f1: 0.0000, val/hateful_memes/roc_auc: 0.6652, num_updates: 150, epoch: 1, iterations: 150, max_updates: 1000, val_time: 28s 109ms, best_update: 150, best_iteration: 150, best_val/hateful_memes/roc_auc: 0.665201
2022-08-31T11:42:54 | INFO | mmf.trainers.callbacks.checkpoint : Checkpoint time. Saving a checkpoint.
2022-08-31T11:42:54 | WARNING | py.warnings : /usr/local/lib/python3.7/dist-packages/torch/optim/lr_scheduler.py:200: UserWarning: Please also save or load the state of the optimzer when saving or loading the scheduler.
  warnings.warn(SAVE_STATE_WARNING, UserWarning)

2022-08-31T11:42:54 | WARNING | py.warnings : /usr/local/lib/python3.7/dist-packages/torch/optim/lr_scheduler.py:200: UserWarning: Please also save or load the state of the optimzer when saving or loading the scheduler.
  warnings.warn(SAVE_STATE_WARNING, UserWarning)

2022-08-31T11:43:04 | INFO | mmf.trainers.callbacks.logistics : progress: 200/1000, train/hateful_memes/cross_entropy: 0.4449, train/hateful_memes/cross_entropy/avg: 0.8752, train/total_loss: 0.4449, train/total_loss/avg: 0.8752, max mem: 9201.0, experiment: run, epoch: 1, num_updates: 200, iterations: 200, max_updates: 1000, lr: 0.00004, ups: 2.00, time: 50s 916ms, time_since_start: 04m 53s 500ms, eta: 06m 47s 328ms
2022-08-31T11:43:04 | INFO | mmf.trainers.core.training_loop : Evaluation time. Running on full validation set...
2022-08-31T11:43:15 | WARNING | py.warnings : /usr/local/lib/python3.7/dist-packages/torch/optim/lr_scheduler.py:200: UserWarning: Please also save or load the state of the optimzer when saving or loading the scheduler.
  warnings.warn(SAVE_STATE_WARNING, UserWarning)

2022-08-31T11:43:15 | WARNING | py.warnings : /usr/local/lib/python3.7/dist-packages/torch/optim/lr_scheduler.py:200: UserWarning: Please also save or load the state of the optimzer when saving or loading the scheduler.
  warnings.warn(SAVE_STATE_WARNING, UserWarning)

2022-08-31T11:43:31 | INFO | mmf.trainers.callbacks.logistics : progress: 200/1000, val/hateful_memes/cross_entropy: 1.5548, val/total_loss: 1.5548, val/hateful_memes/accuracy: 0.4423, val/hateful_memes/binary_f1: 0.1223, val/hateful_memes/roc_auc: 0.6908, num_updates: 200, epoch: 1, iterations: 200, max_updates: 1000, val_time: 26s 628ms, best_update: 200, best_iteration: 200, best_val/hateful_memes/roc_auc: 0.690758
2022-08-31T11:44:13 | INFO | mmf.trainers.callbacks.checkpoint : Checkpoint time. Saving a checkpoint.
2022-08-31T11:44:13 | WARNING | py.warnings : /usr/local/lib/python3.7/dist-packages/torch/optim/lr_scheduler.py:200: UserWarning: Please also save or load the state of the optimzer when saving or loading the scheduler.
  warnings.warn(SAVE_STATE_WARNING, UserWarning)

2022-08-31T11:44:13 | WARNING | py.warnings : /usr/local/lib/python3.7/dist-packages/torch/optim/lr_scheduler.py:200: UserWarning: Please also save or load the state of the optimzer when saving or loading the scheduler.
  warnings.warn(SAVE_STATE_WARNING, UserWarning)

2022-08-31T11:44:24 | INFO | mmf.trainers.core.training_loop : Evaluation time. Running on full validation set...
2022-08-31T11:44:35 | WARNING | py.warnings : /usr/local/lib/python3.7/dist-packages/torch/optim/lr_scheduler.py:200: UserWarning: Please also save or load the state of the optimzer when saving or loading the scheduler.
  warnings.warn(SAVE_STATE_WARNING, UserWarning)

2022-08-31T11:44:35 | WARNING | py.warnings : /usr/local/lib/python3.7/dist-packages/torch/optim/lr_scheduler.py:200: UserWarning: Please also save or load the state of the optimzer when saving or loading the scheduler.
  warnings.warn(SAVE_STATE_WARNING, UserWarning)

2022-08-31T11:44:51 | INFO | mmf.trainers.callbacks.logistics : progress: 250/1000, val/hateful_memes/cross_entropy: 1.1582, val/total_loss: 1.1582, val/hateful_memes/accuracy: 0.6099, val/hateful_memes/binary_f1: 0.6917, val/hateful_memes/roc_auc: 0.7980, num_updates: 250, epoch: 2, iterations: 250, max_updates: 1000, val_time: 27s 120ms, best_update: 250, best_iteration: 250, best_val/hateful_memes/roc_auc: 0.797983
2022-08-31T11:45:32 | INFO | mmf.trainers.callbacks.checkpoint : Checkpoint time. Saving a checkpoint.
2022-08-31T11:45:32 | WARNING | py.warnings : /usr/local/lib/python3.7/dist-packages/torch/optim/lr_scheduler.py:200: UserWarning: Please also save or load the state of the optimzer when saving or loading the scheduler.
  warnings.warn(SAVE_STATE_WARNING, UserWarning)

2022-08-31T11:45:32 | WARNING | py.warnings : /usr/local/lib/python3.7/dist-packages/torch/optim/lr_scheduler.py:200: UserWarning: Please also save or load the state of the optimzer when saving or loading the scheduler.
  warnings.warn(SAVE_STATE_WARNING, UserWarning)

2022-08-31T11:45:43 | INFO | mmf.trainers.callbacks.logistics : progress: 300/1000, train/hateful_memes/cross_entropy: 0.5461, train/hateful_memes/cross_entropy/avg: 0.7655, train/total_loss: 0.5461, train/total_loss/avg: 0.7655, max mem: 9201.0, experiment: run, epoch: 2, num_updates: 300, iterations: 300, max_updates: 1000, lr: 0.00005, ups: 1.96, time: 51s 418ms, time_since_start: 07m 31s 875ms, eta: 05m 59s 928ms
2022-08-31T11:45:43 | INFO | mmf.trainers.core.training_loop : Evaluation time. Running on full validation set...
2022-08-31T11:45:53 | WARNING | py.warnings : /usr/local/lib/python3.7/dist-packages/torch/optim/lr_scheduler.py:200: UserWarning: Please also save or load the state of the optimzer when saving or loading the scheduler.
  warnings.warn(SAVE_STATE_WARNING, UserWarning)

2022-08-31T11:45:53 | WARNING | py.warnings : /usr/local/lib/python3.7/dist-packages/torch/optim/lr_scheduler.py:200: UserWarning: Please also save or load the state of the optimzer when saving or loading the scheduler.
  warnings.warn(SAVE_STATE_WARNING, UserWarning)

2022-08-31T11:46:09 | INFO | mmf.trainers.callbacks.logistics : progress: 300/1000, val/hateful_memes/cross_entropy: 1.1333, val/total_loss: 1.1333, val/hateful_memes/accuracy: 0.5673, val/hateful_memes/binary_f1: 0.5103, val/hateful_memes/roc_auc: 0.8350, num_updates: 300, epoch: 2, iterations: 300, max_updates: 1000, val_time: 26s 294ms, best_update: 300, best_iteration: 300, best_val/hateful_memes/roc_auc: 0.835021
2022-08-31T11:46:50 | INFO | mmf.trainers.callbacks.checkpoint : Checkpoint time. Saving a checkpoint.
2022-08-31T11:46:50 | WARNING | py.warnings : /usr/local/lib/python3.7/dist-packages/torch/optim/lr_scheduler.py:200: UserWarning: Please also save or load the state of the optimzer when saving or loading the scheduler.
  warnings.warn(SAVE_STATE_WARNING, UserWarning)

2022-08-31T11:46:50 | WARNING | py.warnings : /usr/local/lib/python3.7/dist-packages/torch/optim/lr_scheduler.py:200: UserWarning: Please also save or load the state of the optimzer when saving or loading the scheduler.
  warnings.warn(SAVE_STATE_WARNING, UserWarning)

2022-08-31T11:47:01 | INFO | mmf.trainers.core.training_loop : Evaluation time. Running on full validation set...
2022-08-31T11:47:11 | WARNING | py.warnings : /usr/local/lib/python3.7/dist-packages/torch/optim/lr_scheduler.py:200: UserWarning: Please also save or load the state of the optimzer when saving or loading the scheduler.
  warnings.warn(SAVE_STATE_WARNING, UserWarning)

2022-08-31T11:47:11 | WARNING | py.warnings : /usr/local/lib/python3.7/dist-packages/torch/optim/lr_scheduler.py:200: UserWarning: Please also save or load the state of the optimzer when saving or loading the scheduler.
  warnings.warn(SAVE_STATE_WARNING, UserWarning)

2022-08-31T11:47:27 | INFO | mmf.trainers.callbacks.logistics : progress: 350/1000, val/hateful_memes/cross_entropy: 0.9345, val/total_loss: 0.9345, val/hateful_memes/accuracy: 0.6580, val/hateful_memes/binary_f1: 0.7382, val/hateful_memes/roc_auc: 0.8505, num_updates: 350, epoch: 2, iterations: 350, max_updates: 1000, val_time: 26s 660ms, best_update: 350, best_iteration: 350, best_val/hateful_memes/roc_auc: 0.850527
2022-08-31T11:48:07 | INFO | mmf.trainers.callbacks.checkpoint : Checkpoint time. Saving a checkpoint.
2022-08-31T11:48:07 | WARNING | py.warnings : /usr/local/lib/python3.7/dist-packages/torch/optim/lr_scheduler.py:200: UserWarning: Please also save or load the state of the optimzer when saving or loading the scheduler.
  warnings.warn(SAVE_STATE_WARNING, UserWarning)

2022-08-31T11:48:07 | WARNING | py.warnings : /usr/local/lib/python3.7/dist-packages/torch/optim/lr_scheduler.py:200: UserWarning: Please also save or load the state of the optimzer when saving or loading the scheduler.
  warnings.warn(SAVE_STATE_WARNING, UserWarning)

2022-08-31T11:48:18 | INFO | mmf.trainers.callbacks.logistics : progress: 400/1000, train/hateful_memes/cross_entropy: 0.5461, train/hateful_memes/cross_entropy/avg: 0.7382, train/total_loss: 0.5461, train/total_loss/avg: 0.7382, max mem: 9201.0, experiment: run, epoch: 2, num_updates: 400, iterations: 400, max_updates: 1000, lr: 0.00005, ups: 2.00, time: 50s 797ms, time_since_start: 10m 07s 177ms, eta: 05m 04s 786ms
2022-08-31T11:48:18 | INFO | mmf.trainers.core.training_loop : Evaluation time. Running on full validation set...
2022-08-31T11:48:29 | WARNING | py.warnings : /usr/local/lib/python3.7/dist-packages/torch/optim/lr_scheduler.py:200: UserWarning: Please also save or load the state of the optimzer when saving or loading the scheduler.
  warnings.warn(SAVE_STATE_WARNING, UserWarning)

2022-08-31T11:48:29 | WARNING | py.warnings : /usr/local/lib/python3.7/dist-packages/torch/optim/lr_scheduler.py:200: UserWarning: Please also save or load the state of the optimzer when saving or loading the scheduler.
  warnings.warn(SAVE_STATE_WARNING, UserWarning)

2022-08-31T11:48:41 | INFO | mmf.trainers.callbacks.logistics : progress: 400/1000, val/hateful_memes/cross_entropy: 1.2682, val/total_loss: 1.2682, val/hateful_memes/accuracy: 0.5027, val/hateful_memes/binary_f1: 0.2935, val/hateful_memes/roc_auc: 0.8362, num_updates: 400, epoch: 2, iterations: 400, max_updates: 1000, val_time: 22s 646ms, best_update: 350, best_iteration: 350, best_val/hateful_memes/roc_auc: 0.850527
2022-08-31T11:49:21 | INFO | mmf.trainers.callbacks.checkpoint : Checkpoint time. Saving a checkpoint.
2022-08-31T11:49:21 | WARNING | py.warnings : /usr/local/lib/python3.7/dist-packages/torch/optim/lr_scheduler.py:200: UserWarning: Please also save or load the state of the optimzer when saving or loading the scheduler.
  warnings.warn(SAVE_STATE_WARNING, UserWarning)

2022-08-31T11:49:21 | WARNING | py.warnings : /usr/local/lib/python3.7/dist-packages/torch/optim/lr_scheduler.py:200: UserWarning: Please also save or load the state of the optimzer when saving or loading the scheduler.
  warnings.warn(SAVE_STATE_WARNING, UserWarning)

2022-08-31T11:49:32 | INFO | mmf.trainers.core.training_loop : Evaluation time. Running on full validation set...
2022-08-31T11:49:42 | WARNING | py.warnings : /usr/local/lib/python3.7/dist-packages/torch/optim/lr_scheduler.py:200: UserWarning: Please also save or load the state of the optimzer when saving or loading the scheduler.
  warnings.warn(SAVE_STATE_WARNING, UserWarning)

2022-08-31T11:49:42 | WARNING | py.warnings : /usr/local/lib/python3.7/dist-packages/torch/optim/lr_scheduler.py:200: UserWarning: Please also save or load the state of the optimzer when saving or loading the scheduler.
  warnings.warn(SAVE_STATE_WARNING, UserWarning)

2022-08-31T11:49:59 | INFO | mmf.trainers.callbacks.logistics : progress: 450/1000, val/hateful_memes/cross_entropy: 0.9506, val/total_loss: 0.9506, val/hateful_memes/accuracy: 0.6415, val/hateful_memes/binary_f1: 0.6870, val/hateful_memes/roc_auc: 0.8751, num_updates: 450, epoch: 2, iterations: 450, max_updates: 1000, val_time: 26s 702ms, best_update: 450, best_iteration: 450, best_val/hateful_memes/roc_auc: 0.875128
2022-08-31T11:50:41 | INFO | mmf.trainers.callbacks.checkpoint : Checkpoint time. Saving a checkpoint.
2022-08-31T11:50:41 | WARNING | py.warnings : /usr/local/lib/python3.7/dist-packages/torch/optim/lr_scheduler.py:200: UserWarning: Please also save or load the state of the optimzer when saving or loading the scheduler.
  warnings.warn(SAVE_STATE_WARNING, UserWarning)

2022-08-31T11:50:41 | WARNING | py.warnings : /usr/local/lib/python3.7/dist-packages/torch/optim/lr_scheduler.py:200: UserWarning: Please also save or load the state of the optimzer when saving or loading the scheduler.
  warnings.warn(SAVE_STATE_WARNING, UserWarning)

2022-08-31T11:50:52 | INFO | mmf.trainers.callbacks.logistics : progress: 500/1000, train/hateful_memes/cross_entropy: 0.5461, train/hateful_memes/cross_entropy/avg: 0.6843, train/total_loss: 0.5461, train/total_loss/avg: 0.6843, max mem: 9201.0, experiment: run, epoch: 3, num_updates: 500, iterations: 500, max_updates: 1000, lr: 0.00004, ups: 1.89, time: 53s 725ms, time_since_start: 12m 41s 348ms, eta: 04m 28s 627ms
2022-08-31T11:50:52 | INFO | mmf.trainers.core.training_loop : Evaluation time. Running on full validation set...
2022-08-31T11:51:03 | WARNING | py.warnings : /usr/local/lib/python3.7/dist-packages/torch/optim/lr_scheduler.py:200: UserWarning: Please also save or load the state of the optimzer when saving or loading the scheduler.
  warnings.warn(SAVE_STATE_WARNING, UserWarning)

2022-08-31T11:51:03 | WARNING | py.warnings : /usr/local/lib/python3.7/dist-packages/torch/optim/lr_scheduler.py:200: UserWarning: Please also save or load the state of the optimzer when saving or loading the scheduler.
  warnings.warn(SAVE_STATE_WARNING, UserWarning)

2022-08-31T11:51:14 | INFO | mmf.trainers.callbacks.logistics : progress: 500/1000, val/hateful_memes/cross_entropy: 1.2899, val/total_loss: 1.2899, val/hateful_memes/accuracy: 0.5742, val/hateful_memes/binary_f1: 0.4466, val/hateful_memes/roc_auc: 0.8520, num_updates: 500, epoch: 3, iterations: 500, max_updates: 1000, val_time: 21s 924ms, best_update: 450, best_iteration: 450, best_val/hateful_memes/roc_auc: 0.875128
2022-08-31T11:51:55 | INFO | mmf.trainers.callbacks.checkpoint : Checkpoint time. Saving a checkpoint.
2022-08-31T11:51:55 | WARNING | py.warnings : /usr/local/lib/python3.7/dist-packages/torch/optim/lr_scheduler.py:200: UserWarning: Please also save or load the state of the optimzer when saving or loading the scheduler.
  warnings.warn(SAVE_STATE_WARNING, UserWarning)

2022-08-31T11:51:55 | WARNING | py.warnings : /usr/local/lib/python3.7/dist-packages/torch/optim/lr_scheduler.py:200: UserWarning: Please also save or load the state of the optimzer when saving or loading the scheduler.
  warnings.warn(SAVE_STATE_WARNING, UserWarning)

2022-08-31T11:52:06 | INFO | mmf.trainers.core.training_loop : Evaluation time. Running on full validation set...
2022-08-31T11:52:17 | WARNING | py.warnings : /usr/local/lib/python3.7/dist-packages/torch/optim/lr_scheduler.py:200: UserWarning: Please also save or load the state of the optimzer when saving or loading the scheduler.
  warnings.warn(SAVE_STATE_WARNING, UserWarning)

2022-08-31T11:52:17 | WARNING | py.warnings : /usr/local/lib/python3.7/dist-packages/torch/optim/lr_scheduler.py:200: UserWarning: Please also save or load the state of the optimzer when saving or loading the scheduler.
  warnings.warn(SAVE_STATE_WARNING, UserWarning)

2022-08-31T11:52:28 | INFO | mmf.trainers.callbacks.logistics : progress: 550/1000, val/hateful_memes/cross_entropy: 1.0640, val/total_loss: 1.0640, val/hateful_memes/accuracy: 0.6332, val/hateful_memes/binary_f1: 0.6730, val/hateful_memes/roc_auc: 0.8651, num_updates: 550, epoch: 3, iterations: 550, max_updates: 1000, val_time: 22s 144ms, best_update: 450, best_iteration: 450, best_val/hateful_memes/roc_auc: 0.875128
2022-08-31T11:53:09 | INFO | mmf.trainers.callbacks.checkpoint : Checkpoint time. Saving a checkpoint.
2022-08-31T11:53:09 | WARNING | py.warnings : /usr/local/lib/python3.7/dist-packages/torch/optim/lr_scheduler.py:200: UserWarning: Please also save or load the state of the optimzer when saving or loading the scheduler.
  warnings.warn(SAVE_STATE_WARNING, UserWarning)

2022-08-31T11:53:09 | WARNING | py.warnings : /usr/local/lib/python3.7/dist-packages/torch/optim/lr_scheduler.py:200: UserWarning: Please also save or load the state of the optimzer when saving or loading the scheduler.
  warnings.warn(SAVE_STATE_WARNING, UserWarning)

2022-08-31T11:53:19 | INFO | mmf.trainers.callbacks.logistics : progress: 600/1000, train/hateful_memes/cross_entropy: 0.4716, train/hateful_memes/cross_entropy/avg: 0.6488, train/total_loss: 0.4716, train/total_loss/avg: 0.6488, max mem: 9201.0, experiment: run, epoch: 3, num_updates: 600, iterations: 600, max_updates: 1000, lr: 0.00003, ups: 1.96, time: 51s 031ms, time_since_start: 15m 08s 394ms, eta: 03m 24s 125ms
2022-08-31T11:53:19 | INFO | mmf.trainers.core.training_loop : Evaluation time. Running on full validation set...
2022-08-31T11:53:29 | WARNING | py.warnings : /usr/local/lib/python3.7/dist-packages/torch/optim/lr_scheduler.py:200: UserWarning: Please also save or load the state of the optimzer when saving or loading the scheduler.
  warnings.warn(SAVE_STATE_WARNING, UserWarning)

2022-08-31T11:53:29 | WARNING | py.warnings : /usr/local/lib/python3.7/dist-packages/torch/optim/lr_scheduler.py:200: UserWarning: Please also save or load the state of the optimzer when saving or loading the scheduler.
  warnings.warn(SAVE_STATE_WARNING, UserWarning)

2022-08-31T11:53:41 | INFO | mmf.trainers.callbacks.logistics : progress: 600/1000, val/hateful_memes/cross_entropy: 1.1423, val/total_loss: 1.1423, val/hateful_memes/accuracy: 0.5824, val/hateful_memes/binary_f1: 0.5202, val/hateful_memes/roc_auc: 0.8633, num_updates: 600, epoch: 3, iterations: 600, max_updates: 1000, val_time: 21s 311ms, best_update: 450, best_iteration: 450, best_val/hateful_memes/roc_auc: 0.875128
2022-08-31T11:54:21 | INFO | mmf.trainers.callbacks.checkpoint : Checkpoint time. Saving a checkpoint.
2022-08-31T11:54:21 | WARNING | py.warnings : /usr/local/lib/python3.7/dist-packages/torch/optim/lr_scheduler.py:200: UserWarning: Please also save or load the state of the optimzer when saving or loading the scheduler.
  warnings.warn(SAVE_STATE_WARNING, UserWarning)

2022-08-31T11:54:21 | WARNING | py.warnings : /usr/local/lib/python3.7/dist-packages/torch/optim/lr_scheduler.py:200: UserWarning: Please also save or load the state of the optimzer when saving or loading the scheduler.
  warnings.warn(SAVE_STATE_WARNING, UserWarning)

2022-08-31T11:54:32 | INFO | mmf.trainers.core.training_loop : Evaluation time. Running on full validation set...
2022-08-31T11:54:42 | WARNING | py.warnings : /usr/local/lib/python3.7/dist-packages/torch/optim/lr_scheduler.py:200: UserWarning: Please also save or load the state of the optimzer when saving or loading the scheduler.
  warnings.warn(SAVE_STATE_WARNING, UserWarning)

2022-08-31T11:54:42 | WARNING | py.warnings : /usr/local/lib/python3.7/dist-packages/torch/optim/lr_scheduler.py:200: UserWarning: Please also save or load the state of the optimzer when saving or loading the scheduler.
  warnings.warn(SAVE_STATE_WARNING, UserWarning)

2022-08-31T11:54:54 | INFO | mmf.trainers.callbacks.logistics : progress: 650/1000, val/hateful_memes/cross_entropy: 1.1647, val/total_loss: 1.1647, val/hateful_memes/accuracy: 0.6168, val/hateful_memes/binary_f1: 0.5979, val/hateful_memes/roc_auc: 0.8748, num_updates: 650, epoch: 3, iterations: 650, max_updates: 1000, val_time: 21s 134ms, best_update: 450, best_iteration: 450, best_val/hateful_memes/roc_auc: 0.875128
2022-08-31T11:55:34 | INFO | mmf.trainers.callbacks.checkpoint : Checkpoint time. Saving a checkpoint.
2022-08-31T11:55:34 | WARNING | py.warnings : /usr/local/lib/python3.7/dist-packages/torch/optim/lr_scheduler.py:200: UserWarning: Please also save or load the state of the optimzer when saving or loading the scheduler.
  warnings.warn(SAVE_STATE_WARNING, UserWarning)

2022-08-31T11:55:34 | WARNING | py.warnings : /usr/local/lib/python3.7/dist-packages/torch/optim/lr_scheduler.py:200: UserWarning: Please also save or load the state of the optimzer when saving or loading the scheduler.
  warnings.warn(SAVE_STATE_WARNING, UserWarning)

2022-08-31T11:55:45 | INFO | mmf.trainers.callbacks.logistics : progress: 700/1000, train/hateful_memes/cross_entropy: 0.5461, train/hateful_memes/cross_entropy/avg: 0.6526, train/total_loss: 0.5461, train/total_loss/avg: 0.6526, max mem: 9201.0, experiment: run, epoch: 3, num_updates: 700, iterations: 700, max_updates: 1000, lr: 0.00002, ups: 1.96, time: 51s 072ms, time_since_start: 17m 33s 697ms, eta: 02m 33s 216ms
2022-08-31T11:55:45 | INFO | mmf.trainers.core.training_loop : Evaluation time. Running on full validation set...
2022-08-31T11:55:55 | WARNING | py.warnings : /usr/local/lib/python3.7/dist-packages/torch/optim/lr_scheduler.py:200: UserWarning: Please also save or load the state of the optimzer when saving or loading the scheduler.
  warnings.warn(SAVE_STATE_WARNING, UserWarning)

2022-08-31T11:55:55 | WARNING | py.warnings : /usr/local/lib/python3.7/dist-packages/torch/optim/lr_scheduler.py:200: UserWarning: Please also save or load the state of the optimzer when saving or loading the scheduler.
  warnings.warn(SAVE_STATE_WARNING, UserWarning)

2022-08-31T11:56:12 | INFO | mmf.trainers.callbacks.logistics : progress: 700/1000, val/hateful_memes/cross_entropy: 1.0135, val/total_loss: 1.0135, val/hateful_memes/accuracy: 0.6635, val/hateful_memes/binary_f1: 0.6794, val/hateful_memes/roc_auc: 0.8758, num_updates: 700, epoch: 3, iterations: 700, max_updates: 1000, val_time: 27s 006ms, best_update: 700, best_iteration: 700, best_val/hateful_memes/roc_auc: 0.875837
2022-08-31T11:56:54 | INFO | mmf.trainers.callbacks.checkpoint : Checkpoint time. Saving a checkpoint.
2022-08-31T11:56:54 | WARNING | py.warnings : /usr/local/lib/python3.7/dist-packages/torch/optim/lr_scheduler.py:200: UserWarning: Please also save or load the state of the optimzer when saving or loading the scheduler.
  warnings.warn(SAVE_STATE_WARNING, UserWarning)

2022-08-31T11:56:54 | WARNING | py.warnings : /usr/local/lib/python3.7/dist-packages/torch/optim/lr_scheduler.py:200: UserWarning: Please also save or load the state of the optimzer when saving or loading the scheduler.
  warnings.warn(SAVE_STATE_WARNING, UserWarning)

2022-08-31T11:57:05 | INFO | mmf.trainers.core.training_loop : Evaluation time. Running on full validation set...
2022-08-31T11:57:17 | WARNING | py.warnings : /usr/local/lib/python3.7/dist-packages/torch/optim/lr_scheduler.py:200: UserWarning: Please also save or load the state of the optimzer when saving or loading the scheduler.
  warnings.warn(SAVE_STATE_WARNING, UserWarning)

2022-08-31T11:57:17 | WARNING | py.warnings : /usr/local/lib/python3.7/dist-packages/torch/optim/lr_scheduler.py:200: UserWarning: Please also save or load the state of the optimzer when saving or loading the scheduler.
  warnings.warn(SAVE_STATE_WARNING, UserWarning)

2022-08-31T11:57:28 | INFO | mmf.trainers.callbacks.logistics : progress: 750/1000, val/hateful_memes/cross_entropy: 1.1340, val/total_loss: 1.1340, val/hateful_memes/accuracy: 0.6621, val/hateful_memes/binary_f1: 0.7005, val/hateful_memes/roc_auc: 0.8699, num_updates: 750, epoch: 4, iterations: 750, max_updates: 1000, val_time: 22s 733ms, best_update: 700, best_iteration: 700, best_val/hateful_memes/roc_auc: 0.875837
2022-08-31T11:58:08 | INFO | mmf.trainers.callbacks.checkpoint : Checkpoint time. Saving a checkpoint.
2022-08-31T11:58:08 | WARNING | py.warnings : /usr/local/lib/python3.7/dist-packages/torch/optim/lr_scheduler.py:200: UserWarning: Please also save or load the state of the optimzer when saving or loading the scheduler.
  warnings.warn(SAVE_STATE_WARNING, UserWarning)

2022-08-31T11:58:08 | WARNING | py.warnings : /usr/local/lib/python3.7/dist-packages/torch/optim/lr_scheduler.py:200: UserWarning: Please also save or load the state of the optimzer when saving or loading the scheduler.
  warnings.warn(SAVE_STATE_WARNING, UserWarning)

2022-08-31T11:58:19 | INFO | mmf.trainers.callbacks.logistics : progress: 800/1000, train/hateful_memes/cross_entropy: 0.4716, train/hateful_memes/cross_entropy/avg: 0.5882, train/total_loss: 0.4716, train/total_loss/avg: 0.5882, max mem: 9201.0, experiment: run, epoch: 4, num_updates: 800, iterations: 800, max_updates: 1000, lr: 0.00001, ups: 2.00, time: 50s 973ms, time_since_start: 20m 07s 900ms, eta: 01m 41s 946ms
2022-08-31T11:58:19 | INFO | mmf.trainers.core.training_loop : Evaluation time. Running on full validation set...
2022-08-31T11:58:29 | WARNING | py.warnings : /usr/local/lib/python3.7/dist-packages/torch/optim/lr_scheduler.py:200: UserWarning: Please also save or load the state of the optimzer when saving or loading the scheduler.
  warnings.warn(SAVE_STATE_WARNING, UserWarning)

2022-08-31T11:58:29 | WARNING | py.warnings : /usr/local/lib/python3.7/dist-packages/torch/optim/lr_scheduler.py:200: UserWarning: Please also save or load the state of the optimzer when saving or loading the scheduler.
  warnings.warn(SAVE_STATE_WARNING, UserWarning)

2022-08-31T11:58:40 | INFO | mmf.trainers.callbacks.logistics : progress: 800/1000, val/hateful_memes/cross_entropy: 1.2893, val/total_loss: 1.2893, val/hateful_memes/accuracy: 0.6291, val/hateful_memes/binary_f1: 0.6078, val/hateful_memes/roc_auc: 0.8666, num_updates: 800, epoch: 4, iterations: 800, max_updates: 1000, val_time: 21s 511ms, best_update: 700, best_iteration: 700, best_val/hateful_memes/roc_auc: 0.875837
2022-08-31T11:59:21 | INFO | mmf.trainers.callbacks.checkpoint : Checkpoint time. Saving a checkpoint.
2022-08-31T11:59:21 | WARNING | py.warnings : /usr/local/lib/python3.7/dist-packages/torch/optim/lr_scheduler.py:200: UserWarning: Please also save or load the state of the optimzer when saving or loading the scheduler.
  warnings.warn(SAVE_STATE_WARNING, UserWarning)

2022-08-31T11:59:21 | WARNING | py.warnings : /usr/local/lib/python3.7/dist-packages/torch/optim/lr_scheduler.py:200: UserWarning: Please also save or load the state of the optimzer when saving or loading the scheduler.
  warnings.warn(SAVE_STATE_WARNING, UserWarning)

2022-08-31T11:59:32 | INFO | mmf.trainers.core.training_loop : Evaluation time. Running on full validation set...
2022-08-31T11:59:42 | WARNING | py.warnings : /usr/local/lib/python3.7/dist-packages/torch/optim/lr_scheduler.py:200: UserWarning: Please also save or load the state of the optimzer when saving or loading the scheduler.
  warnings.warn(SAVE_STATE_WARNING, UserWarning)

2022-08-31T11:59:42 | WARNING | py.warnings : /usr/local/lib/python3.7/dist-packages/torch/optim/lr_scheduler.py:200: UserWarning: Please also save or load the state of the optimzer when saving or loading the scheduler.
  warnings.warn(SAVE_STATE_WARNING, UserWarning)

2022-08-31T11:59:54 | INFO | mmf.trainers.callbacks.logistics : progress: 850/1000, val/hateful_memes/cross_entropy: 1.3732, val/total_loss: 1.3732, val/hateful_memes/accuracy: 0.6113, val/hateful_memes/binary_f1: 0.5840, val/hateful_memes/roc_auc: 0.8604, num_updates: 850, epoch: 4, iterations: 850, max_updates: 1000, val_time: 21s 467ms, best_update: 700, best_iteration: 700, best_val/hateful_memes/roc_auc: 0.875837
2022-08-31T12:00:34 | INFO | mmf.trainers.callbacks.checkpoint : Checkpoint time. Saving a checkpoint.
2022-08-31T12:00:34 | WARNING | py.warnings : /usr/local/lib/python3.7/dist-packages/torch/optim/lr_scheduler.py:200: UserWarning: Please also save or load the state of the optimzer when saving or loading the scheduler.
  warnings.warn(SAVE_STATE_WARNING, UserWarning)

2022-08-31T12:00:34 | WARNING | py.warnings : /usr/local/lib/python3.7/dist-packages/torch/optim/lr_scheduler.py:200: UserWarning: Please also save or load the state of the optimzer when saving or loading the scheduler.
  warnings.warn(SAVE_STATE_WARNING, UserWarning)

2022-08-31T12:00:45 | INFO | mmf.trainers.callbacks.logistics : progress: 900/1000, train/hateful_memes/cross_entropy: 0.4716, train/hateful_memes/cross_entropy/avg: 0.5510, train/total_loss: 0.4716, train/total_loss/avg: 0.5510, max mem: 9201.0, experiment: run, epoch: 4, num_updates: 900, iterations: 900, max_updates: 1000, lr: 0., ups: 1.96, time: 51s 297ms, time_since_start: 22m 34s 056ms, eta: 51s 297ms
2022-08-31T12:00:45 | INFO | mmf.trainers.core.training_loop : Evaluation time. Running on full validation set...
2022-08-31T12:00:56 | WARNING | py.warnings : /usr/local/lib/python3.7/dist-packages/torch/optim/lr_scheduler.py:200: UserWarning: Please also save or load the state of the optimzer when saving or loading the scheduler.
  warnings.warn(SAVE_STATE_WARNING, UserWarning)

2022-08-31T12:00:56 | WARNING | py.warnings : /usr/local/lib/python3.7/dist-packages/torch/optim/lr_scheduler.py:200: UserWarning: Please also save or load the state of the optimzer when saving or loading the scheduler.
  warnings.warn(SAVE_STATE_WARNING, UserWarning)

2022-08-31T12:01:07 | INFO | mmf.trainers.callbacks.logistics : progress: 900/1000, val/hateful_memes/cross_entropy: 1.3560, val/total_loss: 1.3560, val/hateful_memes/accuracy: 0.6113, val/hateful_memes/binary_f1: 0.5811, val/hateful_memes/roc_auc: 0.8632, num_updates: 900, epoch: 4, iterations: 900, max_updates: 1000, val_time: 22s 188ms, best_update: 700, best_iteration: 700, best_val/hateful_memes/roc_auc: 0.875837
2022-08-31T12:01:50 | INFO | mmf.trainers.callbacks.checkpoint : Checkpoint time. Saving a checkpoint.
2022-08-31T12:01:50 | WARNING | py.warnings : /usr/local/lib/python3.7/dist-packages/torch/optim/lr_scheduler.py:200: UserWarning: Please also save or load the state of the optimzer when saving or loading the scheduler.
  warnings.warn(SAVE_STATE_WARNING, UserWarning)

2022-08-31T12:01:50 | WARNING | py.warnings : /usr/local/lib/python3.7/dist-packages/torch/optim/lr_scheduler.py:200: UserWarning: Please also save or load the state of the optimzer when saving or loading the scheduler.
  warnings.warn(SAVE_STATE_WARNING, UserWarning)

2022-08-31T12:02:01 | INFO | mmf.trainers.core.training_loop : Evaluation time. Running on full validation set...
2022-08-31T12:02:11 | WARNING | py.warnings : /usr/local/lib/python3.7/dist-packages/torch/optim/lr_scheduler.py:200: UserWarning: Please also save or load the state of the optimzer when saving or loading the scheduler.
  warnings.warn(SAVE_STATE_WARNING, UserWarning)

2022-08-31T12:02:11 | WARNING | py.warnings : /usr/local/lib/python3.7/dist-packages/torch/optim/lr_scheduler.py:200: UserWarning: Please also save or load the state of the optimzer when saving or loading the scheduler.
  warnings.warn(SAVE_STATE_WARNING, UserWarning)

2022-08-31T12:02:22 | INFO | mmf.trainers.callbacks.logistics : progress: 950/1000, val/hateful_memes/cross_entropy: 1.3272, val/total_loss: 1.3272, val/hateful_memes/accuracy: 0.6209, val/hateful_memes/binary_f1: 0.6004, val/hateful_memes/roc_auc: 0.8644, num_updates: 950, epoch: 5, iterations: 950, max_updates: 1000, val_time: 21s 116ms, best_update: 700, best_iteration: 700, best_val/hateful_memes/roc_auc: 0.875837
2022-08-31T12:03:02 | INFO | mmf.trainers.callbacks.checkpoint : Checkpoint time. Saving a checkpoint.
2022-08-31T12:03:02 | WARNING | py.warnings : /usr/local/lib/python3.7/dist-packages/torch/optim/lr_scheduler.py:200: UserWarning: Please also save or load the state of the optimzer when saving or loading the scheduler.
  warnings.warn(SAVE_STATE_WARNING, UserWarning)

2022-08-31T12:03:02 | WARNING | py.warnings : /usr/local/lib/python3.7/dist-packages/torch/optim/lr_scheduler.py:200: UserWarning: Please also save or load the state of the optimzer when saving or loading the scheduler.
  warnings.warn(SAVE_STATE_WARNING, UserWarning)

2022-08-31T12:03:13 | INFO | mmf.trainers.callbacks.logistics : progress: 1000/1000, train/hateful_memes/cross_entropy: 0.4686, train/hateful_memes/cross_entropy/avg: 0.5114, train/total_loss: 0.4686, train/total_loss/avg: 0.5114, max mem: 9201.0, experiment: run, epoch: 5, num_updates: 1000, iterations: 1000, max_updates: 1000, lr: 0., ups: 2.00, time: 50s 626ms, time_since_start: 25m 02s 134ms, eta: 0ms
2022-08-31T12:03:13 | INFO | mmf.trainers.core.training_loop : Evaluation time. Running on full validation set...
2022-08-31T12:03:23 | WARNING | py.warnings : /usr/local/lib/python3.7/dist-packages/torch/optim/lr_scheduler.py:200: UserWarning: Please also save or load the state of the optimzer when saving or loading the scheduler.
  warnings.warn(SAVE_STATE_WARNING, UserWarning)

2022-08-31T12:03:23 | WARNING | py.warnings : /usr/local/lib/python3.7/dist-packages/torch/optim/lr_scheduler.py:200: UserWarning: Please also save or load the state of the optimzer when saving or loading the scheduler.
  warnings.warn(SAVE_STATE_WARNING, UserWarning)

2022-08-31T12:03:35 | INFO | mmf.trainers.callbacks.logistics : progress: 1000/1000, val/hateful_memes/cross_entropy: 1.3334, val/total_loss: 1.3334, val/hateful_memes/accuracy: 0.6223, val/hateful_memes/binary_f1: 0.6004, val/hateful_memes/roc_auc: 0.8640, num_updates: 1000, epoch: 5, iterations: 1000, max_updates: 1000, val_time: 21s 822ms, best_update: 700, best_iteration: 700, best_val/hateful_memes/roc_auc: 0.875837
2022-08-31T12:03:36 | INFO | mmf.trainers.core.training_loop : Stepping into final validation check
2022-08-31T12:03:36 | INFO | mmf.utils.checkpoint : Restoring checkpoint
2022-08-31T12:03:36 | INFO | mmf.utils.checkpoint : Loading checkpoint
2022-08-31T12:03:43 | WARNING | py.warnings : /usr/local/lib/python3.7/dist-packages/torch/optim/lr_scheduler.py:218: UserWarning: Please also save or load the state of the optimzer when saving or loading the scheduler.
  warnings.warn(SAVE_STATE_WARNING, UserWarning)

2022-08-31T12:03:43 | WARNING | py.warnings : /usr/local/lib/python3.7/dist-packages/torch/optim/lr_scheduler.py:218: UserWarning: Please also save or load the state of the optimzer when saving or loading the scheduler.
  warnings.warn(SAVE_STATE_WARNING, UserWarning)

2022-08-31T12:03:43 | INFO | mmf.utils.checkpoint : Checkpoint loaded.
2022-08-31T12:03:43 | INFO | mmf.utils.checkpoint : Current num updates: 700
2022-08-31T12:03:43 | INFO | mmf.utils.checkpoint : Current iteration: 700
2022-08-31T12:03:43 | INFO | mmf.utils.checkpoint : Current epoch: 3
2022-08-31T12:03:45 | INFO | mmf.trainers.mmf_trainer : Starting inference on val set
2022-08-31T12:03:56 | INFO | mmf.trainers.callbacks.logistics : progress: 700/1000, val/hateful_memes/cross_entropy: 1.0135, val/total_loss: 1.0135, val/hateful_memes/accuracy: 0.6635, val/hateful_memes/binary_f1: 0.6794, val/hateful_memes/roc_auc: 0.8758
2022-08-31T12:03:56 | INFO | mmf.trainers.callbacks.logistics : Finished run in 25m 45s 473ms
