2022-08-31T15:32:50 | INFO | mmf : Logging to: ./11/train.log
2022-08-31T15:32:50 | INFO | mmf_cli.run : Namespace(config_override=None, local_rank=None, opts=['config=/content/mmf/mmf/projects/visual_bert/configs/hateful_memes/from_coco_cat.yaml', 'model=visual_bert', 'dataset=hateful_memes', 'run_type=train_val', 'checkpoint.max_to_keep=1', 'checkpoint.resume_zoo=visual_bert.pretrained.cc.full', 'training.tensorboard=True', 'training.checkpoint_interval=50', 'training.evaluation_interval=50', 'training.max_updates=1000', 'training.log_interval=100', 'dataset_config.hateful_memes.max_features=100', 'dataset_config.hateful_memes.annotations.train[0]=/root/.cache/torch/mmf/data/datasets/hateful_memes/defaults/annotations/train_cat.jsonl', 'dataset_config.hateful_memes.annotations.val[0]=/root/.cache/torch/mmf/data/datasets/hateful_memes/defaults/annotations/dev_unseen_cat.jsonl', 'dataset_config.hateful_memes.annotations.test[0]=/root/.cache/torch/mmf/data/datasets/hateful_memes/defaults/annotations/test_unseen_cat.jsonl', 'dataset_config.hateful_memes.features.train[0]=/content/features/feats_hm', 'dataset_config.hateful_memes.features.val[0]=/content/features/feats_hm', 'dataset_config.hateful_memes.features.test[0]=/content/features/feats_hm', 'training.lr_ratio=0.3', 'training.use_warmup=True', 'training.warmup_factor=0.3', 'training.warmup_iterations=500', 'optimizer.params.lr=5.0e-05', 'training.batch_size=32', 'scheduler.params.num_warmup_steps=500', 'scheduler.type=warmup_cosine', 'scheduler.params.num_training_steps=1000', 'env.tensorboard_logdir=logs/fit/11', 'env.save_dir=./11'])
2022-08-31T15:32:50 | INFO | mmf_cli.run : Torch version: 1.6.0+cu92
2022-08-31T15:32:50 | INFO | mmf.utils.general : CUDA Device 0 is: Tesla P100-PCIE-16GB
2022-08-31T15:32:50 | INFO | mmf_cli.run : Using seed 50151434
2022-08-31T15:32:50 | INFO | mmf.trainers.mmf_trainer : Loading datasets
2022-08-31T15:32:55 | INFO | mmf.trainers.mmf_trainer : Loading model
2022-08-31T15:33:05 | INFO | mmf.trainers.mmf_trainer : Loading optimizer
2022-08-31T15:33:05 | INFO | mmf.trainers.mmf_trainer : Loading metrics
2022-08-31T15:33:05 | INFO | mmf.utils.checkpoint : Loading checkpoint
2022-08-31T15:33:08 | WARNING | mmf : Key data_parallel is not present in registry, returning default value of None
2022-08-31T15:33:08 | WARNING | mmf : Key distributed is not present in registry, returning default value of None
2022-08-31T15:33:08 | WARNING | mmf : Key data_parallel is not present in registry, returning default value of None
2022-08-31T15:33:08 | WARNING | mmf : Key distributed is not present in registry, returning default value of None
2022-08-31T15:33:08 | INFO | mmf.utils.checkpoint : Copying model.bert.embeddings.word_embeddings.weight from model.bert.embeddings.word_embeddings.weight
2022-08-31T15:33:08 | INFO | mmf.utils.checkpoint : Copying model.bert.embeddings.position_embeddings.weight from model.bert.embeddings.position_embeddings.weight
2022-08-31T15:33:08 | INFO | mmf.utils.checkpoint : Copying model.bert.embeddings.token_type_embeddings.weight from model.bert.embeddings.token_type_embeddings.weight
2022-08-31T15:33:08 | INFO | mmf.utils.checkpoint : Copying model.bert.embeddings.LayerNorm.weight from model.bert.embeddings.LayerNorm.weight
2022-08-31T15:33:08 | INFO | mmf.utils.checkpoint : Copying model.bert.embeddings.LayerNorm.bias from model.bert.embeddings.LayerNorm.bias
2022-08-31T15:33:08 | INFO | mmf.utils.checkpoint : Copying model.bert.embeddings.token_type_embeddings_visual.weight from model.bert.embeddings.token_type_embeddings_visual.weight
2022-08-31T15:33:08 | INFO | mmf.utils.checkpoint : Copying model.bert.embeddings.position_embeddings_visual.weight from model.bert.embeddings.position_embeddings_visual.weight
2022-08-31T15:33:08 | INFO | mmf.utils.checkpoint : Copying model.bert.embeddings.projection.weight from model.bert.embeddings.projection.weight
2022-08-31T15:33:08 | INFO | mmf.utils.checkpoint : Copying model.bert.embeddings.projection.bias from model.bert.embeddings.projection.bias
2022-08-31T15:33:08 | INFO | mmf.utils.checkpoint : Copying model.bert.encoder.layer.0.attention.self.query.weight from model.bert.encoder.layer.0.attention.self.query.weight
2022-08-31T15:33:08 | INFO | mmf.utils.checkpoint : Copying model.bert.encoder.layer.0.attention.self.query.bias from model.bert.encoder.layer.0.attention.self.query.bias
2022-08-31T15:33:08 | INFO | mmf.utils.checkpoint : Copying model.bert.encoder.layer.0.attention.self.key.weight from model.bert.encoder.layer.0.attention.self.key.weight
2022-08-31T15:33:08 | INFO | mmf.utils.checkpoint : Copying model.bert.encoder.layer.0.attention.self.key.bias from model.bert.encoder.layer.0.attention.self.key.bias
2022-08-31T15:33:08 | INFO | mmf.utils.checkpoint : Copying model.bert.encoder.layer.0.attention.self.value.weight from model.bert.encoder.layer.0.attention.self.value.weight
2022-08-31T15:33:08 | INFO | mmf.utils.checkpoint : Copying model.bert.encoder.layer.0.attention.self.value.bias from model.bert.encoder.layer.0.attention.self.value.bias
2022-08-31T15:33:08 | INFO | mmf.utils.checkpoint : Copying model.bert.encoder.layer.0.attention.output.dense.weight from model.bert.encoder.layer.0.attention.output.dense.weight
2022-08-31T15:33:08 | INFO | mmf.utils.checkpoint : Copying model.bert.encoder.layer.0.attention.output.dense.bias from model.bert.encoder.layer.0.attention.output.dense.bias
2022-08-31T15:33:08 | INFO | mmf.utils.checkpoint : Copying model.bert.encoder.layer.0.attention.output.LayerNorm.weight from model.bert.encoder.layer.0.attention.output.LayerNorm.weight
2022-08-31T15:33:08 | INFO | mmf.utils.checkpoint : Copying model.bert.encoder.layer.0.attention.output.LayerNorm.bias from model.bert.encoder.layer.0.attention.output.LayerNorm.bias
2022-08-31T15:33:08 | INFO | mmf.utils.checkpoint : Copying model.bert.encoder.layer.0.intermediate.dense.weight from model.bert.encoder.layer.0.intermediate.dense.weight
2022-08-31T15:33:08 | INFO | mmf.utils.checkpoint : Copying model.bert.encoder.layer.0.intermediate.dense.bias from model.bert.encoder.layer.0.intermediate.dense.bias
2022-08-31T15:33:08 | INFO | mmf.utils.checkpoint : Copying model.bert.encoder.layer.0.output.dense.weight from model.bert.encoder.layer.0.output.dense.weight
2022-08-31T15:33:08 | INFO | mmf.utils.checkpoint : Copying model.bert.encoder.layer.0.output.dense.bias from model.bert.encoder.layer.0.output.dense.bias
2022-08-31T15:33:08 | INFO | mmf.utils.checkpoint : Copying model.bert.encoder.layer.0.output.LayerNorm.weight from model.bert.encoder.layer.0.output.LayerNorm.weight
2022-08-31T15:33:08 | INFO | mmf.utils.checkpoint : Copying model.bert.encoder.layer.0.output.LayerNorm.bias from model.bert.encoder.layer.0.output.LayerNorm.bias
2022-08-31T15:33:08 | INFO | mmf.utils.checkpoint : Copying model.bert.encoder.layer.1.attention.self.query.weight from model.bert.encoder.layer.1.attention.self.query.weight
2022-08-31T15:33:08 | INFO | mmf.utils.checkpoint : Copying model.bert.encoder.layer.1.attention.self.query.bias from model.bert.encoder.layer.1.attention.self.query.bias
2022-08-31T15:33:08 | INFO | mmf.utils.checkpoint : Copying model.bert.encoder.layer.1.attention.self.key.weight from model.bert.encoder.layer.1.attention.self.key.weight
2022-08-31T15:33:08 | INFO | mmf.utils.checkpoint : Copying model.bert.encoder.layer.1.attention.self.key.bias from model.bert.encoder.layer.1.attention.self.key.bias
2022-08-31T15:33:08 | INFO | mmf.utils.checkpoint : Copying model.bert.encoder.layer.1.attention.self.value.weight from model.bert.encoder.layer.1.attention.self.value.weight
2022-08-31T15:33:08 | INFO | mmf.utils.checkpoint : Copying model.bert.encoder.layer.1.attention.self.value.bias from model.bert.encoder.layer.1.attention.self.value.bias
2022-08-31T15:33:08 | INFO | mmf.utils.checkpoint : Copying model.bert.encoder.layer.1.attention.output.dense.weight from model.bert.encoder.layer.1.attention.output.dense.weight
2022-08-31T15:33:08 | INFO | mmf.utils.checkpoint : Copying model.bert.encoder.layer.1.attention.output.dense.bias from model.bert.encoder.layer.1.attention.output.dense.bias
2022-08-31T15:33:08 | INFO | mmf.utils.checkpoint : Copying model.bert.encoder.layer.1.attention.output.LayerNorm.weight from model.bert.encoder.layer.1.attention.output.LayerNorm.weight
2022-08-31T15:33:08 | INFO | mmf.utils.checkpoint : Copying model.bert.encoder.layer.1.attention.output.LayerNorm.bias from model.bert.encoder.layer.1.attention.output.LayerNorm.bias
2022-08-31T15:33:08 | INFO | mmf.utils.checkpoint : Copying model.bert.encoder.layer.1.intermediate.dense.weight from model.bert.encoder.layer.1.intermediate.dense.weight
2022-08-31T15:33:08 | INFO | mmf.utils.checkpoint : Copying model.bert.encoder.layer.1.intermediate.dense.bias from model.bert.encoder.layer.1.intermediate.dense.bias
2022-08-31T15:33:08 | INFO | mmf.utils.checkpoint : Copying model.bert.encoder.layer.1.output.dense.weight from model.bert.encoder.layer.1.output.dense.weight
2022-08-31T15:33:08 | INFO | mmf.utils.checkpoint : Copying model.bert.encoder.layer.1.output.dense.bias from model.bert.encoder.layer.1.output.dense.bias
2022-08-31T15:33:08 | INFO | mmf.utils.checkpoint : Copying model.bert.encoder.layer.1.output.LayerNorm.weight from model.bert.encoder.layer.1.output.LayerNorm.weight
2022-08-31T15:33:08 | INFO | mmf.utils.checkpoint : Copying model.bert.encoder.layer.1.output.LayerNorm.bias from model.bert.encoder.layer.1.output.LayerNorm.bias
2022-08-31T15:33:08 | INFO | mmf.utils.checkpoint : Copying model.bert.encoder.layer.2.attention.self.query.weight from model.bert.encoder.layer.2.attention.self.query.weight
2022-08-31T15:33:08 | INFO | mmf.utils.checkpoint : Copying model.bert.encoder.layer.2.attention.self.query.bias from model.bert.encoder.layer.2.attention.self.query.bias
2022-08-31T15:33:08 | INFO | mmf.utils.checkpoint : Copying model.bert.encoder.layer.2.attention.self.key.weight from model.bert.encoder.layer.2.attention.self.key.weight
2022-08-31T15:33:08 | INFO | mmf.utils.checkpoint : Copying model.bert.encoder.layer.2.attention.self.key.bias from model.bert.encoder.layer.2.attention.self.key.bias
2022-08-31T15:33:08 | INFO | mmf.utils.checkpoint : Copying model.bert.encoder.layer.2.attention.self.value.weight from model.bert.encoder.layer.2.attention.self.value.weight
2022-08-31T15:33:08 | INFO | mmf.utils.checkpoint : Copying model.bert.encoder.layer.2.attention.self.value.bias from model.bert.encoder.layer.2.attention.self.value.bias
2022-08-31T15:33:08 | INFO | mmf.utils.checkpoint : Copying model.bert.encoder.layer.2.attention.output.dense.weight from model.bert.encoder.layer.2.attention.output.dense.weight
2022-08-31T15:33:08 | INFO | mmf.utils.checkpoint : Copying model.bert.encoder.layer.2.attention.output.dense.bias from model.bert.encoder.layer.2.attention.output.dense.bias
2022-08-31T15:33:08 | INFO | mmf.utils.checkpoint : Copying model.bert.encoder.layer.2.attention.output.LayerNorm.weight from model.bert.encoder.layer.2.attention.output.LayerNorm.weight
2022-08-31T15:33:08 | INFO | mmf.utils.checkpoint : Copying model.bert.encoder.layer.2.attention.output.LayerNorm.bias from model.bert.encoder.layer.2.attention.output.LayerNorm.bias
2022-08-31T15:33:08 | INFO | mmf.utils.checkpoint : Copying model.bert.encoder.layer.2.intermediate.dense.weight from model.bert.encoder.layer.2.intermediate.dense.weight
2022-08-31T15:33:08 | INFO | mmf.utils.checkpoint : Copying model.bert.encoder.layer.2.intermediate.dense.bias from model.bert.encoder.layer.2.intermediate.dense.bias
2022-08-31T15:33:08 | INFO | mmf.utils.checkpoint : Copying model.bert.encoder.layer.2.output.dense.weight from model.bert.encoder.layer.2.output.dense.weight
2022-08-31T15:33:08 | INFO | mmf.utils.checkpoint : Copying model.bert.encoder.layer.2.output.dense.bias from model.bert.encoder.layer.2.output.dense.bias
2022-08-31T15:33:08 | INFO | mmf.utils.checkpoint : Copying model.bert.encoder.layer.2.output.LayerNorm.weight from model.bert.encoder.layer.2.output.LayerNorm.weight
2022-08-31T15:33:08 | INFO | mmf.utils.checkpoint : Copying model.bert.encoder.layer.2.output.LayerNorm.bias from model.bert.encoder.layer.2.output.LayerNorm.bias
2022-08-31T15:33:08 | INFO | mmf.utils.checkpoint : Copying model.bert.encoder.layer.3.attention.self.query.weight from model.bert.encoder.layer.3.attention.self.query.weight
2022-08-31T15:33:08 | INFO | mmf.utils.checkpoint : Copying model.bert.encoder.layer.3.attention.self.query.bias from model.bert.encoder.layer.3.attention.self.query.bias
2022-08-31T15:33:08 | INFO | mmf.utils.checkpoint : Copying model.bert.encoder.layer.3.attention.self.key.weight from model.bert.encoder.layer.3.attention.self.key.weight
2022-08-31T15:33:08 | INFO | mmf.utils.checkpoint : Copying model.bert.encoder.layer.3.attention.self.key.bias from model.bert.encoder.layer.3.attention.self.key.bias
2022-08-31T15:33:08 | INFO | mmf.utils.checkpoint : Copying model.bert.encoder.layer.3.attention.self.value.weight from model.bert.encoder.layer.3.attention.self.value.weight
2022-08-31T15:33:08 | INFO | mmf.utils.checkpoint : Copying model.bert.encoder.layer.3.attention.self.value.bias from model.bert.encoder.layer.3.attention.self.value.bias
2022-08-31T15:33:08 | INFO | mmf.utils.checkpoint : Copying model.bert.encoder.layer.3.attention.output.dense.weight from model.bert.encoder.layer.3.attention.output.dense.weight
2022-08-31T15:33:08 | INFO | mmf.utils.checkpoint : Copying model.bert.encoder.layer.3.attention.output.dense.bias from model.bert.encoder.layer.3.attention.output.dense.bias
2022-08-31T15:33:08 | INFO | mmf.utils.checkpoint : Copying model.bert.encoder.layer.3.attention.output.LayerNorm.weight from model.bert.encoder.layer.3.attention.output.LayerNorm.weight
2022-08-31T15:33:08 | INFO | mmf.utils.checkpoint : Copying model.bert.encoder.layer.3.attention.output.LayerNorm.bias from model.bert.encoder.layer.3.attention.output.LayerNorm.bias
2022-08-31T15:33:08 | INFO | mmf.utils.checkpoint : Copying model.bert.encoder.layer.3.intermediate.dense.weight from model.bert.encoder.layer.3.intermediate.dense.weight
2022-08-31T15:33:08 | INFO | mmf.utils.checkpoint : Copying model.bert.encoder.layer.3.intermediate.dense.bias from model.bert.encoder.layer.3.intermediate.dense.bias
2022-08-31T15:33:08 | INFO | mmf.utils.checkpoint : Copying model.bert.encoder.layer.3.output.dense.weight from model.bert.encoder.layer.3.output.dense.weight
2022-08-31T15:33:08 | INFO | mmf.utils.checkpoint : Copying model.bert.encoder.layer.3.output.dense.bias from model.bert.encoder.layer.3.output.dense.bias
2022-08-31T15:33:08 | INFO | mmf.utils.checkpoint : Copying model.bert.encoder.layer.3.output.LayerNorm.weight from model.bert.encoder.layer.3.output.LayerNorm.weight
2022-08-31T15:33:08 | INFO | mmf.utils.checkpoint : Copying model.bert.encoder.layer.3.output.LayerNorm.bias from model.bert.encoder.layer.3.output.LayerNorm.bias
2022-08-31T15:33:08 | INFO | mmf.utils.checkpoint : Copying model.bert.encoder.layer.4.attention.self.query.weight from model.bert.encoder.layer.4.attention.self.query.weight
2022-08-31T15:33:08 | INFO | mmf.utils.checkpoint : Copying model.bert.encoder.layer.4.attention.self.query.bias from model.bert.encoder.layer.4.attention.self.query.bias
2022-08-31T15:33:08 | INFO | mmf.utils.checkpoint : Copying model.bert.encoder.layer.4.attention.self.key.weight from model.bert.encoder.layer.4.attention.self.key.weight
2022-08-31T15:33:08 | INFO | mmf.utils.checkpoint : Copying model.bert.encoder.layer.4.attention.self.key.bias from model.bert.encoder.layer.4.attention.self.key.bias
2022-08-31T15:33:08 | INFO | mmf.utils.checkpoint : Copying model.bert.encoder.layer.4.attention.self.value.weight from model.bert.encoder.layer.4.attention.self.value.weight
2022-08-31T15:33:08 | INFO | mmf.utils.checkpoint : Copying model.bert.encoder.layer.4.attention.self.value.bias from model.bert.encoder.layer.4.attention.self.value.bias
2022-08-31T15:33:08 | INFO | mmf.utils.checkpoint : Copying model.bert.encoder.layer.4.attention.output.dense.weight from model.bert.encoder.layer.4.attention.output.dense.weight
2022-08-31T15:33:08 | INFO | mmf.utils.checkpoint : Copying model.bert.encoder.layer.4.attention.output.dense.bias from model.bert.encoder.layer.4.attention.output.dense.bias
2022-08-31T15:33:08 | INFO | mmf.utils.checkpoint : Copying model.bert.encoder.layer.4.attention.output.LayerNorm.weight from model.bert.encoder.layer.4.attention.output.LayerNorm.weight
2022-08-31T15:33:08 | INFO | mmf.utils.checkpoint : Copying model.bert.encoder.layer.4.attention.output.LayerNorm.bias from model.bert.encoder.layer.4.attention.output.LayerNorm.bias
2022-08-31T15:33:08 | INFO | mmf.utils.checkpoint : Copying model.bert.encoder.layer.4.intermediate.dense.weight from model.bert.encoder.layer.4.intermediate.dense.weight
2022-08-31T15:33:08 | INFO | mmf.utils.checkpoint : Copying model.bert.encoder.layer.4.intermediate.dense.bias from model.bert.encoder.layer.4.intermediate.dense.bias
2022-08-31T15:33:08 | INFO | mmf.utils.checkpoint : Copying model.bert.encoder.layer.4.output.dense.weight from model.bert.encoder.layer.4.output.dense.weight
2022-08-31T15:33:08 | INFO | mmf.utils.checkpoint : Copying model.bert.encoder.layer.4.output.dense.bias from model.bert.encoder.layer.4.output.dense.bias
2022-08-31T15:33:08 | INFO | mmf.utils.checkpoint : Copying model.bert.encoder.layer.4.output.LayerNorm.weight from model.bert.encoder.layer.4.output.LayerNorm.weight
2022-08-31T15:33:08 | INFO | mmf.utils.checkpoint : Copying model.bert.encoder.layer.4.output.LayerNorm.bias from model.bert.encoder.layer.4.output.LayerNorm.bias
2022-08-31T15:33:08 | INFO | mmf.utils.checkpoint : Copying model.bert.encoder.layer.5.attention.self.query.weight from model.bert.encoder.layer.5.attention.self.query.weight
2022-08-31T15:33:08 | INFO | mmf.utils.checkpoint : Copying model.bert.encoder.layer.5.attention.self.query.bias from model.bert.encoder.layer.5.attention.self.query.bias
2022-08-31T15:33:08 | INFO | mmf.utils.checkpoint : Copying model.bert.encoder.layer.5.attention.self.key.weight from model.bert.encoder.layer.5.attention.self.key.weight
2022-08-31T15:33:08 | INFO | mmf.utils.checkpoint : Copying model.bert.encoder.layer.5.attention.self.key.bias from model.bert.encoder.layer.5.attention.self.key.bias
2022-08-31T15:33:08 | INFO | mmf.utils.checkpoint : Copying model.bert.encoder.layer.5.attention.self.value.weight from model.bert.encoder.layer.5.attention.self.value.weight
2022-08-31T15:33:08 | INFO | mmf.utils.checkpoint : Copying model.bert.encoder.layer.5.attention.self.value.bias from model.bert.encoder.layer.5.attention.self.value.bias
2022-08-31T15:33:08 | INFO | mmf.utils.checkpoint : Copying model.bert.encoder.layer.5.attention.output.dense.weight from model.bert.encoder.layer.5.attention.output.dense.weight
2022-08-31T15:33:08 | INFO | mmf.utils.checkpoint : Copying model.bert.encoder.layer.5.attention.output.dense.bias from model.bert.encoder.layer.5.attention.output.dense.bias
2022-08-31T15:33:08 | INFO | mmf.utils.checkpoint : Copying model.bert.encoder.layer.5.attention.output.LayerNorm.weight from model.bert.encoder.layer.5.attention.output.LayerNorm.weight
2022-08-31T15:33:08 | INFO | mmf.utils.checkpoint : Copying model.bert.encoder.layer.5.attention.output.LayerNorm.bias from model.bert.encoder.layer.5.attention.output.LayerNorm.bias
2022-08-31T15:33:08 | INFO | mmf.utils.checkpoint : Copying model.bert.encoder.layer.5.intermediate.dense.weight from model.bert.encoder.layer.5.intermediate.dense.weight
2022-08-31T15:33:08 | INFO | mmf.utils.checkpoint : Copying model.bert.encoder.layer.5.intermediate.dense.bias from model.bert.encoder.layer.5.intermediate.dense.bias
2022-08-31T15:33:08 | INFO | mmf.utils.checkpoint : Copying model.bert.encoder.layer.5.output.dense.weight from model.bert.encoder.layer.5.output.dense.weight
2022-08-31T15:33:08 | INFO | mmf.utils.checkpoint : Copying model.bert.encoder.layer.5.output.dense.bias from model.bert.encoder.layer.5.output.dense.bias
2022-08-31T15:33:08 | INFO | mmf.utils.checkpoint : Copying model.bert.encoder.layer.5.output.LayerNorm.weight from model.bert.encoder.layer.5.output.LayerNorm.weight
2022-08-31T15:33:08 | INFO | mmf.utils.checkpoint : Copying model.bert.encoder.layer.5.output.LayerNorm.bias from model.bert.encoder.layer.5.output.LayerNorm.bias
2022-08-31T15:33:08 | INFO | mmf.utils.checkpoint : Copying model.bert.encoder.layer.6.attention.self.query.weight from model.bert.encoder.layer.6.attention.self.query.weight
2022-08-31T15:33:08 | INFO | mmf.utils.checkpoint : Copying model.bert.encoder.layer.6.attention.self.query.bias from model.bert.encoder.layer.6.attention.self.query.bias
2022-08-31T15:33:08 | INFO | mmf.utils.checkpoint : Copying model.bert.encoder.layer.6.attention.self.key.weight from model.bert.encoder.layer.6.attention.self.key.weight
2022-08-31T15:33:08 | INFO | mmf.utils.checkpoint : Copying model.bert.encoder.layer.6.attention.self.key.bias from model.bert.encoder.layer.6.attention.self.key.bias
2022-08-31T15:33:08 | INFO | mmf.utils.checkpoint : Copying model.bert.encoder.layer.6.attention.self.value.weight from model.bert.encoder.layer.6.attention.self.value.weight
2022-08-31T15:33:08 | INFO | mmf.utils.checkpoint : Copying model.bert.encoder.layer.6.attention.self.value.bias from model.bert.encoder.layer.6.attention.self.value.bias
2022-08-31T15:33:08 | INFO | mmf.utils.checkpoint : Copying model.bert.encoder.layer.6.attention.output.dense.weight from model.bert.encoder.layer.6.attention.output.dense.weight
2022-08-31T15:33:08 | INFO | mmf.utils.checkpoint : Copying model.bert.encoder.layer.6.attention.output.dense.bias from model.bert.encoder.layer.6.attention.output.dense.bias
2022-08-31T15:33:08 | INFO | mmf.utils.checkpoint : Copying model.bert.encoder.layer.6.attention.output.LayerNorm.weight from model.bert.encoder.layer.6.attention.output.LayerNorm.weight
2022-08-31T15:33:08 | INFO | mmf.utils.checkpoint : Copying model.bert.encoder.layer.6.attention.output.LayerNorm.bias from model.bert.encoder.layer.6.attention.output.LayerNorm.bias
2022-08-31T15:33:08 | INFO | mmf.utils.checkpoint : Copying model.bert.encoder.layer.6.intermediate.dense.weight from model.bert.encoder.layer.6.intermediate.dense.weight
2022-08-31T15:33:08 | INFO | mmf.utils.checkpoint : Copying model.bert.encoder.layer.6.intermediate.dense.bias from model.bert.encoder.layer.6.intermediate.dense.bias
2022-08-31T15:33:08 | INFO | mmf.utils.checkpoint : Copying model.bert.encoder.layer.6.output.dense.weight from model.bert.encoder.layer.6.output.dense.weight
2022-08-31T15:33:08 | INFO | mmf.utils.checkpoint : Copying model.bert.encoder.layer.6.output.dense.bias from model.bert.encoder.layer.6.output.dense.bias
2022-08-31T15:33:08 | INFO | mmf.utils.checkpoint : Copying model.bert.encoder.layer.6.output.LayerNorm.weight from model.bert.encoder.layer.6.output.LayerNorm.weight
2022-08-31T15:33:08 | INFO | mmf.utils.checkpoint : Copying model.bert.encoder.layer.6.output.LayerNorm.bias from model.bert.encoder.layer.6.output.LayerNorm.bias
2022-08-31T15:33:08 | INFO | mmf.utils.checkpoint : Copying model.bert.encoder.layer.7.attention.self.query.weight from model.bert.encoder.layer.7.attention.self.query.weight
2022-08-31T15:33:08 | INFO | mmf.utils.checkpoint : Copying model.bert.encoder.layer.7.attention.self.query.bias from model.bert.encoder.layer.7.attention.self.query.bias
2022-08-31T15:33:08 | INFO | mmf.utils.checkpoint : Copying model.bert.encoder.layer.7.attention.self.key.weight from model.bert.encoder.layer.7.attention.self.key.weight
2022-08-31T15:33:08 | INFO | mmf.utils.checkpoint : Copying model.bert.encoder.layer.7.attention.self.key.bias from model.bert.encoder.layer.7.attention.self.key.bias
2022-08-31T15:33:08 | INFO | mmf.utils.checkpoint : Copying model.bert.encoder.layer.7.attention.self.value.weight from model.bert.encoder.layer.7.attention.self.value.weight
2022-08-31T15:33:08 | INFO | mmf.utils.checkpoint : Copying model.bert.encoder.layer.7.attention.self.value.bias from model.bert.encoder.layer.7.attention.self.value.bias
2022-08-31T15:33:08 | INFO | mmf.utils.checkpoint : Copying model.bert.encoder.layer.7.attention.output.dense.weight from model.bert.encoder.layer.7.attention.output.dense.weight
2022-08-31T15:33:08 | INFO | mmf.utils.checkpoint : Copying model.bert.encoder.layer.7.attention.output.dense.bias from model.bert.encoder.layer.7.attention.output.dense.bias
2022-08-31T15:33:08 | INFO | mmf.utils.checkpoint : Copying model.bert.encoder.layer.7.attention.output.LayerNorm.weight from model.bert.encoder.layer.7.attention.output.LayerNorm.weight
2022-08-31T15:33:08 | INFO | mmf.utils.checkpoint : Copying model.bert.encoder.layer.7.attention.output.LayerNorm.bias from model.bert.encoder.layer.7.attention.output.LayerNorm.bias
2022-08-31T15:33:08 | INFO | mmf.utils.checkpoint : Copying model.bert.encoder.layer.7.intermediate.dense.weight from model.bert.encoder.layer.7.intermediate.dense.weight
2022-08-31T15:33:08 | INFO | mmf.utils.checkpoint : Copying model.bert.encoder.layer.7.intermediate.dense.bias from model.bert.encoder.layer.7.intermediate.dense.bias
2022-08-31T15:33:08 | INFO | mmf.utils.checkpoint : Copying model.bert.encoder.layer.7.output.dense.weight from model.bert.encoder.layer.7.output.dense.weight
2022-08-31T15:33:08 | INFO | mmf.utils.checkpoint : Copying model.bert.encoder.layer.7.output.dense.bias from model.bert.encoder.layer.7.output.dense.bias
2022-08-31T15:33:08 | INFO | mmf.utils.checkpoint : Copying model.bert.encoder.layer.7.output.LayerNorm.weight from model.bert.encoder.layer.7.output.LayerNorm.weight
2022-08-31T15:33:08 | INFO | mmf.utils.checkpoint : Copying model.bert.encoder.layer.7.output.LayerNorm.bias from model.bert.encoder.layer.7.output.LayerNorm.bias
2022-08-31T15:33:08 | INFO | mmf.utils.checkpoint : Copying model.bert.encoder.layer.8.attention.self.query.weight from model.bert.encoder.layer.8.attention.self.query.weight
2022-08-31T15:33:08 | INFO | mmf.utils.checkpoint : Copying model.bert.encoder.layer.8.attention.self.query.bias from model.bert.encoder.layer.8.attention.self.query.bias
2022-08-31T15:33:08 | INFO | mmf.utils.checkpoint : Copying model.bert.encoder.layer.8.attention.self.key.weight from model.bert.encoder.layer.8.attention.self.key.weight
2022-08-31T15:33:08 | INFO | mmf.utils.checkpoint : Copying model.bert.encoder.layer.8.attention.self.key.bias from model.bert.encoder.layer.8.attention.self.key.bias
2022-08-31T15:33:08 | INFO | mmf.utils.checkpoint : Copying model.bert.encoder.layer.8.attention.self.value.weight from model.bert.encoder.layer.8.attention.self.value.weight
2022-08-31T15:33:08 | INFO | mmf.utils.checkpoint : Copying model.bert.encoder.layer.8.attention.self.value.bias from model.bert.encoder.layer.8.attention.self.value.bias
2022-08-31T15:33:08 | INFO | mmf.utils.checkpoint : Copying model.bert.encoder.layer.8.attention.output.dense.weight from model.bert.encoder.layer.8.attention.output.dense.weight
2022-08-31T15:33:08 | INFO | mmf.utils.checkpoint : Copying model.bert.encoder.layer.8.attention.output.dense.bias from model.bert.encoder.layer.8.attention.output.dense.bias
2022-08-31T15:33:08 | INFO | mmf.utils.checkpoint : Copying model.bert.encoder.layer.8.attention.output.LayerNorm.weight from model.bert.encoder.layer.8.attention.output.LayerNorm.weight
2022-08-31T15:33:08 | INFO | mmf.utils.checkpoint : Copying model.bert.encoder.layer.8.attention.output.LayerNorm.bias from model.bert.encoder.layer.8.attention.output.LayerNorm.bias
2022-08-31T15:33:08 | INFO | mmf.utils.checkpoint : Copying model.bert.encoder.layer.8.intermediate.dense.weight from model.bert.encoder.layer.8.intermediate.dense.weight
2022-08-31T15:33:08 | INFO | mmf.utils.checkpoint : Copying model.bert.encoder.layer.8.intermediate.dense.bias from model.bert.encoder.layer.8.intermediate.dense.bias
2022-08-31T15:33:08 | INFO | mmf.utils.checkpoint : Copying model.bert.encoder.layer.8.output.dense.weight from model.bert.encoder.layer.8.output.dense.weight
2022-08-31T15:33:08 | INFO | mmf.utils.checkpoint : Copying model.bert.encoder.layer.8.output.dense.bias from model.bert.encoder.layer.8.output.dense.bias
2022-08-31T15:33:08 | INFO | mmf.utils.checkpoint : Copying model.bert.encoder.layer.8.output.LayerNorm.weight from model.bert.encoder.layer.8.output.LayerNorm.weight
2022-08-31T15:33:08 | INFO | mmf.utils.checkpoint : Copying model.bert.encoder.layer.8.output.LayerNorm.bias from model.bert.encoder.layer.8.output.LayerNorm.bias
2022-08-31T15:33:08 | INFO | mmf.utils.checkpoint : Copying model.bert.encoder.layer.9.attention.self.query.weight from model.bert.encoder.layer.9.attention.self.query.weight
2022-08-31T15:33:08 | INFO | mmf.utils.checkpoint : Copying model.bert.encoder.layer.9.attention.self.query.bias from model.bert.encoder.layer.9.attention.self.query.bias
2022-08-31T15:33:08 | INFO | mmf.utils.checkpoint : Copying model.bert.encoder.layer.9.attention.self.key.weight from model.bert.encoder.layer.9.attention.self.key.weight
2022-08-31T15:33:08 | INFO | mmf.utils.checkpoint : Copying model.bert.encoder.layer.9.attention.self.key.bias from model.bert.encoder.layer.9.attention.self.key.bias
2022-08-31T15:33:08 | INFO | mmf.utils.checkpoint : Copying model.bert.encoder.layer.9.attention.self.value.weight from model.bert.encoder.layer.9.attention.self.value.weight
2022-08-31T15:33:08 | INFO | mmf.utils.checkpoint : Copying model.bert.encoder.layer.9.attention.self.value.bias from model.bert.encoder.layer.9.attention.self.value.bias
2022-08-31T15:33:08 | INFO | mmf.utils.checkpoint : Copying model.bert.encoder.layer.9.attention.output.dense.weight from model.bert.encoder.layer.9.attention.output.dense.weight
2022-08-31T15:33:08 | INFO | mmf.utils.checkpoint : Copying model.bert.encoder.layer.9.attention.output.dense.bias from model.bert.encoder.layer.9.attention.output.dense.bias
2022-08-31T15:33:08 | INFO | mmf.utils.checkpoint : Copying model.bert.encoder.layer.9.attention.output.LayerNorm.weight from model.bert.encoder.layer.9.attention.output.LayerNorm.weight
2022-08-31T15:33:08 | INFO | mmf.utils.checkpoint : Copying model.bert.encoder.layer.9.attention.output.LayerNorm.bias from model.bert.encoder.layer.9.attention.output.LayerNorm.bias
2022-08-31T15:33:08 | INFO | mmf.utils.checkpoint : Copying model.bert.encoder.layer.9.intermediate.dense.weight from model.bert.encoder.layer.9.intermediate.dense.weight
2022-08-31T15:33:08 | INFO | mmf.utils.checkpoint : Copying model.bert.encoder.layer.9.intermediate.dense.bias from model.bert.encoder.layer.9.intermediate.dense.bias
2022-08-31T15:33:08 | INFO | mmf.utils.checkpoint : Copying model.bert.encoder.layer.9.output.dense.weight from model.bert.encoder.layer.9.output.dense.weight
2022-08-31T15:33:08 | INFO | mmf.utils.checkpoint : Copying model.bert.encoder.layer.9.output.dense.bias from model.bert.encoder.layer.9.output.dense.bias
2022-08-31T15:33:08 | INFO | mmf.utils.checkpoint : Copying model.bert.encoder.layer.9.output.LayerNorm.weight from model.bert.encoder.layer.9.output.LayerNorm.weight
2022-08-31T15:33:08 | INFO | mmf.utils.checkpoint : Copying model.bert.encoder.layer.9.output.LayerNorm.bias from model.bert.encoder.layer.9.output.LayerNorm.bias
2022-08-31T15:33:08 | INFO | mmf.utils.checkpoint : Copying model.bert.encoder.layer.10.attention.self.query.weight from model.bert.encoder.layer.10.attention.self.query.weight
2022-08-31T15:33:08 | INFO | mmf.utils.checkpoint : Copying model.bert.encoder.layer.10.attention.self.query.bias from model.bert.encoder.layer.10.attention.self.query.bias
2022-08-31T15:33:08 | INFO | mmf.utils.checkpoint : Copying model.bert.encoder.layer.10.attention.self.key.weight from model.bert.encoder.layer.10.attention.self.key.weight
2022-08-31T15:33:08 | INFO | mmf.utils.checkpoint : Copying model.bert.encoder.layer.10.attention.self.key.bias from model.bert.encoder.layer.10.attention.self.key.bias
2022-08-31T15:33:08 | INFO | mmf.utils.checkpoint : Copying model.bert.encoder.layer.10.attention.self.value.weight from model.bert.encoder.layer.10.attention.self.value.weight
2022-08-31T15:33:08 | INFO | mmf.utils.checkpoint : Copying model.bert.encoder.layer.10.attention.self.value.bias from model.bert.encoder.layer.10.attention.self.value.bias
2022-08-31T15:33:08 | INFO | mmf.utils.checkpoint : Copying model.bert.encoder.layer.10.attention.output.dense.weight from model.bert.encoder.layer.10.attention.output.dense.weight
2022-08-31T15:33:08 | INFO | mmf.utils.checkpoint : Copying model.bert.encoder.layer.10.attention.output.dense.bias from model.bert.encoder.layer.10.attention.output.dense.bias
2022-08-31T15:33:08 | INFO | mmf.utils.checkpoint : Copying model.bert.encoder.layer.10.attention.output.LayerNorm.weight from model.bert.encoder.layer.10.attention.output.LayerNorm.weight
2022-08-31T15:33:08 | INFO | mmf.utils.checkpoint : Copying model.bert.encoder.layer.10.attention.output.LayerNorm.bias from model.bert.encoder.layer.10.attention.output.LayerNorm.bias
2022-08-31T15:33:08 | INFO | mmf.utils.checkpoint : Copying model.bert.encoder.layer.10.intermediate.dense.weight from model.bert.encoder.layer.10.intermediate.dense.weight
2022-08-31T15:33:08 | INFO | mmf.utils.checkpoint : Copying model.bert.encoder.layer.10.intermediate.dense.bias from model.bert.encoder.layer.10.intermediate.dense.bias
2022-08-31T15:33:08 | INFO | mmf.utils.checkpoint : Copying model.bert.encoder.layer.10.output.dense.weight from model.bert.encoder.layer.10.output.dense.weight
2022-08-31T15:33:08 | INFO | mmf.utils.checkpoint : Copying model.bert.encoder.layer.10.output.dense.bias from model.bert.encoder.layer.10.output.dense.bias
2022-08-31T15:33:08 | INFO | mmf.utils.checkpoint : Copying model.bert.encoder.layer.10.output.LayerNorm.weight from model.bert.encoder.layer.10.output.LayerNorm.weight
2022-08-31T15:33:08 | INFO | mmf.utils.checkpoint : Copying model.bert.encoder.layer.10.output.LayerNorm.bias from model.bert.encoder.layer.10.output.LayerNorm.bias
2022-08-31T15:33:08 | INFO | mmf.utils.checkpoint : Copying model.bert.encoder.layer.11.attention.self.query.weight from model.bert.encoder.layer.11.attention.self.query.weight
2022-08-31T15:33:08 | INFO | mmf.utils.checkpoint : Copying model.bert.encoder.layer.11.attention.self.query.bias from model.bert.encoder.layer.11.attention.self.query.bias
2022-08-31T15:33:08 | INFO | mmf.utils.checkpoint : Copying model.bert.encoder.layer.11.attention.self.key.weight from model.bert.encoder.layer.11.attention.self.key.weight
2022-08-31T15:33:08 | INFO | mmf.utils.checkpoint : Copying model.bert.encoder.layer.11.attention.self.key.bias from model.bert.encoder.layer.11.attention.self.key.bias
2022-08-31T15:33:08 | INFO | mmf.utils.checkpoint : Copying model.bert.encoder.layer.11.attention.self.value.weight from model.bert.encoder.layer.11.attention.self.value.weight
2022-08-31T15:33:08 | INFO | mmf.utils.checkpoint : Copying model.bert.encoder.layer.11.attention.self.value.bias from model.bert.encoder.layer.11.attention.self.value.bias
2022-08-31T15:33:08 | INFO | mmf.utils.checkpoint : Copying model.bert.encoder.layer.11.attention.output.dense.weight from model.bert.encoder.layer.11.attention.output.dense.weight
2022-08-31T15:33:08 | INFO | mmf.utils.checkpoint : Copying model.bert.encoder.layer.11.attention.output.dense.bias from model.bert.encoder.layer.11.attention.output.dense.bias
2022-08-31T15:33:08 | INFO | mmf.utils.checkpoint : Copying model.bert.encoder.layer.11.attention.output.LayerNorm.weight from model.bert.encoder.layer.11.attention.output.LayerNorm.weight
2022-08-31T15:33:08 | INFO | mmf.utils.checkpoint : Copying model.bert.encoder.layer.11.attention.output.LayerNorm.bias from model.bert.encoder.layer.11.attention.output.LayerNorm.bias
2022-08-31T15:33:08 | INFO | mmf.utils.checkpoint : Copying model.bert.encoder.layer.11.intermediate.dense.weight from model.bert.encoder.layer.11.intermediate.dense.weight
2022-08-31T15:33:08 | INFO | mmf.utils.checkpoint : Copying model.bert.encoder.layer.11.intermediate.dense.bias from model.bert.encoder.layer.11.intermediate.dense.bias
2022-08-31T15:33:08 | INFO | mmf.utils.checkpoint : Copying model.bert.encoder.layer.11.output.dense.weight from model.bert.encoder.layer.11.output.dense.weight
2022-08-31T15:33:08 | INFO | mmf.utils.checkpoint : Copying model.bert.encoder.layer.11.output.dense.bias from model.bert.encoder.layer.11.output.dense.bias
2022-08-31T15:33:08 | INFO | mmf.utils.checkpoint : Copying model.bert.encoder.layer.11.output.LayerNorm.weight from model.bert.encoder.layer.11.output.LayerNorm.weight
2022-08-31T15:33:08 | INFO | mmf.utils.checkpoint : Copying model.bert.encoder.layer.11.output.LayerNorm.bias from model.bert.encoder.layer.11.output.LayerNorm.bias
2022-08-31T15:33:08 | INFO | mmf.utils.checkpoint : Copying model.bert.pooler.dense.weight from model.bert.pooler.dense.weight
2022-08-31T15:33:08 | INFO | mmf.utils.checkpoint : Copying model.bert.pooler.dense.bias from model.bert.pooler.dense.bias
2022-08-31T15:33:08 | INFO | mmf.utils.checkpoint : Pretrained model loaded
2022-08-31T15:33:08 | INFO | mmf.utils.checkpoint : Checkpoint loaded.
2022-08-31T15:33:08 | INFO | mmf.utils.checkpoint : Current num updates: 0
2022-08-31T15:33:08 | INFO | mmf.utils.checkpoint : Current iteration: 0
2022-08-31T15:33:08 | INFO | mmf.utils.checkpoint : Current epoch: 0
2022-08-31T15:33:08 | INFO | mmf.trainers.mmf_trainer : ===== Model =====
2022-08-31T15:33:08 | INFO | mmf.trainers.mmf_trainer : VisualBERT(
  (model): VisualBERTForClassification(
    (bert): VisualBERTBase(
      (embeddings): BertVisioLinguisticEmbeddings(
        (word_embeddings): Embedding(30522, 768, padding_idx=0)
        (position_embeddings): Embedding(512, 768)
        (token_type_embeddings): Embedding(2, 768)
        (LayerNorm): LayerNorm((768,), eps=1e-12, elementwise_affine=True)
        (dropout): Dropout(p=0.1, inplace=False)
        (token_type_embeddings_visual): Embedding(2, 768)
        (position_embeddings_visual): Embedding(512, 768)
        (projection): Linear(in_features=2048, out_features=768, bias=True)
      )
      (encoder): BertEncoderJit(
        (layer): ModuleList(
          (0): BertLayerJit(
            (attention): BertAttentionJit(
              (self): BertSelfAttentionJit(
                (query): Linear(in_features=768, out_features=768, bias=True)
                (key): Linear(in_features=768, out_features=768, bias=True)
                (value): Linear(in_features=768, out_features=768, bias=True)
                (dropout): Dropout(p=0.1, inplace=False)
              )
              (output): BertSelfOutput(
                (dense): Linear(in_features=768, out_features=768, bias=True)
                (LayerNorm): LayerNorm((768,), eps=1e-12, elementwise_affine=True)
                (dropout): Dropout(p=0.1, inplace=False)
              )
            )
            (intermediate): BertIntermediate(
              (dense): Linear(in_features=768, out_features=3072, bias=True)
            )
            (output): BertOutput(
              (dense): Linear(in_features=3072, out_features=768, bias=True)
              (LayerNorm): LayerNorm((768,), eps=1e-12, elementwise_affine=True)
              (dropout): Dropout(p=0.1, inplace=False)
            )
          )
          (1): BertLayerJit(
            (attention): BertAttentionJit(
              (self): BertSelfAttentionJit(
                (query): Linear(in_features=768, out_features=768, bias=True)
                (key): Linear(in_features=768, out_features=768, bias=True)
                (value): Linear(in_features=768, out_features=768, bias=True)
                (dropout): Dropout(p=0.1, inplace=False)
              )
              (output): BertSelfOutput(
                (dense): Linear(in_features=768, out_features=768, bias=True)
                (LayerNorm): LayerNorm((768,), eps=1e-12, elementwise_affine=True)
                (dropout): Dropout(p=0.1, inplace=False)
              )
            )
            (intermediate): BertIntermediate(
              (dense): Linear(in_features=768, out_features=3072, bias=True)
            )
            (output): BertOutput(
              (dense): Linear(in_features=3072, out_features=768, bias=True)
              (LayerNorm): LayerNorm((768,), eps=1e-12, elementwise_affine=True)
              (dropout): Dropout(p=0.1, inplace=False)
            )
          )
          (2): BertLayerJit(
            (attention): BertAttentionJit(
              (self): BertSelfAttentionJit(
                (query): Linear(in_features=768, out_features=768, bias=True)
                (key): Linear(in_features=768, out_features=768, bias=True)
                (value): Linear(in_features=768, out_features=768, bias=True)
                (dropout): Dropout(p=0.1, inplace=False)
              )
              (output): BertSelfOutput(
                (dense): Linear(in_features=768, out_features=768, bias=True)
                (LayerNorm): LayerNorm((768,), eps=1e-12, elementwise_affine=True)
                (dropout): Dropout(p=0.1, inplace=False)
              )
            )
            (intermediate): BertIntermediate(
              (dense): Linear(in_features=768, out_features=3072, bias=True)
            )
            (output): BertOutput(
              (dense): Linear(in_features=3072, out_features=768, bias=True)
              (LayerNorm): LayerNorm((768,), eps=1e-12, elementwise_affine=True)
              (dropout): Dropout(p=0.1, inplace=False)
            )
          )
          (3): BertLayerJit(
            (attention): BertAttentionJit(
              (self): BertSelfAttentionJit(
                (query): Linear(in_features=768, out_features=768, bias=True)
                (key): Linear(in_features=768, out_features=768, bias=True)
                (value): Linear(in_features=768, out_features=768, bias=True)
                (dropout): Dropout(p=0.1, inplace=False)
              )
              (output): BertSelfOutput(
                (dense): Linear(in_features=768, out_features=768, bias=True)
                (LayerNorm): LayerNorm((768,), eps=1e-12, elementwise_affine=True)
                (dropout): Dropout(p=0.1, inplace=False)
              )
            )
            (intermediate): BertIntermediate(
              (dense): Linear(in_features=768, out_features=3072, bias=True)
            )
            (output): BertOutput(
              (dense): Linear(in_features=3072, out_features=768, bias=True)
              (LayerNorm): LayerNorm((768,), eps=1e-12, elementwise_affine=True)
              (dropout): Dropout(p=0.1, inplace=False)
            )
          )
          (4): BertLayerJit(
            (attention): BertAttentionJit(
              (self): BertSelfAttentionJit(
                (query): Linear(in_features=768, out_features=768, bias=True)
                (key): Linear(in_features=768, out_features=768, bias=True)
                (value): Linear(in_features=768, out_features=768, bias=True)
                (dropout): Dropout(p=0.1, inplace=False)
              )
              (output): BertSelfOutput(
                (dense): Linear(in_features=768, out_features=768, bias=True)
                (LayerNorm): LayerNorm((768,), eps=1e-12, elementwise_affine=True)
                (dropout): Dropout(p=0.1, inplace=False)
              )
            )
            (intermediate): BertIntermediate(
              (dense): Linear(in_features=768, out_features=3072, bias=True)
            )
            (output): BertOutput(
              (dense): Linear(in_features=3072, out_features=768, bias=True)
              (LayerNorm): LayerNorm((768,), eps=1e-12, elementwise_affine=True)
              (dropout): Dropout(p=0.1, inplace=False)
            )
          )
          (5): BertLayerJit(
            (attention): BertAttentionJit(
              (self): BertSelfAttentionJit(
                (query): Linear(in_features=768, out_features=768, bias=True)
                (key): Linear(in_features=768, out_features=768, bias=True)
                (value): Linear(in_features=768, out_features=768, bias=True)
                (dropout): Dropout(p=0.1, inplace=False)
              )
              (output): BertSelfOutput(
                (dense): Linear(in_features=768, out_features=768, bias=True)
                (LayerNorm): LayerNorm((768,), eps=1e-12, elementwise_affine=True)
                (dropout): Dropout(p=0.1, inplace=False)
              )
            )
            (intermediate): BertIntermediate(
              (dense): Linear(in_features=768, out_features=3072, bias=True)
            )
            (output): BertOutput(
              (dense): Linear(in_features=3072, out_features=768, bias=True)
              (LayerNorm): LayerNorm((768,), eps=1e-12, elementwise_affine=True)
              (dropout): Dropout(p=0.1, inplace=False)
            )
          )
          (6): BertLayerJit(
            (attention): BertAttentionJit(
              (self): BertSelfAttentionJit(
                (query): Linear(in_features=768, out_features=768, bias=True)
                (key): Linear(in_features=768, out_features=768, bias=True)
                (value): Linear(in_features=768, out_features=768, bias=True)
                (dropout): Dropout(p=0.1, inplace=False)
              )
              (output): BertSelfOutput(
                (dense): Linear(in_features=768, out_features=768, bias=True)
                (LayerNorm): LayerNorm((768,), eps=1e-12, elementwise_affine=True)
                (dropout): Dropout(p=0.1, inplace=False)
              )
            )
            (intermediate): BertIntermediate(
              (dense): Linear(in_features=768, out_features=3072, bias=True)
            )
            (output): BertOutput(
              (dense): Linear(in_features=3072, out_features=768, bias=True)
              (LayerNorm): LayerNorm((768,), eps=1e-12, elementwise_affine=True)
              (dropout): Dropout(p=0.1, inplace=False)
            )
          )
          (7): BertLayerJit(
            (attention): BertAttentionJit(
              (self): BertSelfAttentionJit(
                (query): Linear(in_features=768, out_features=768, bias=True)
                (key): Linear(in_features=768, out_features=768, bias=True)
                (value): Linear(in_features=768, out_features=768, bias=True)
                (dropout): Dropout(p=0.1, inplace=False)
              )
              (output): BertSelfOutput(
                (dense): Linear(in_features=768, out_features=768, bias=True)
                (LayerNorm): LayerNorm((768,), eps=1e-12, elementwise_affine=True)
                (dropout): Dropout(p=0.1, inplace=False)
              )
            )
            (intermediate): BertIntermediate(
              (dense): Linear(in_features=768, out_features=3072, bias=True)
            )
            (output): BertOutput(
              (dense): Linear(in_features=3072, out_features=768, bias=True)
              (LayerNorm): LayerNorm((768,), eps=1e-12, elementwise_affine=True)
              (dropout): Dropout(p=0.1, inplace=False)
            )
          )
          (8): BertLayerJit(
            (attention): BertAttentionJit(
              (self): BertSelfAttentionJit(
                (query): Linear(in_features=768, out_features=768, bias=True)
                (key): Linear(in_features=768, out_features=768, bias=True)
                (value): Linear(in_features=768, out_features=768, bias=True)
                (dropout): Dropout(p=0.1, inplace=False)
              )
              (output): BertSelfOutput(
                (dense): Linear(in_features=768, out_features=768, bias=True)
                (LayerNorm): LayerNorm((768,), eps=1e-12, elementwise_affine=True)
                (dropout): Dropout(p=0.1, inplace=False)
              )
            )
            (intermediate): BertIntermediate(
              (dense): Linear(in_features=768, out_features=3072, bias=True)
            )
            (output): BertOutput(
              (dense): Linear(in_features=3072, out_features=768, bias=True)
              (LayerNorm): LayerNorm((768,), eps=1e-12, elementwise_affine=True)
              (dropout): Dropout(p=0.1, inplace=False)
            )
          )
          (9): BertLayerJit(
            (attention): BertAttentionJit(
              (self): BertSelfAttentionJit(
                (query): Linear(in_features=768, out_features=768, bias=True)
                (key): Linear(in_features=768, out_features=768, bias=True)
                (value): Linear(in_features=768, out_features=768, bias=True)
                (dropout): Dropout(p=0.1, inplace=False)
              )
              (output): BertSelfOutput(
                (dense): Linear(in_features=768, out_features=768, bias=True)
                (LayerNorm): LayerNorm((768,), eps=1e-12, elementwise_affine=True)
                (dropout): Dropout(p=0.1, inplace=False)
              )
            )
            (intermediate): BertIntermediate(
              (dense): Linear(in_features=768, out_features=3072, bias=True)
            )
            (output): BertOutput(
              (dense): Linear(in_features=3072, out_features=768, bias=True)
              (LayerNorm): LayerNorm((768,), eps=1e-12, elementwise_affine=True)
              (dropout): Dropout(p=0.1, inplace=False)
            )
          )
          (10): BertLayerJit(
            (attention): BertAttentionJit(
              (self): BertSelfAttentionJit(
                (query): Linear(in_features=768, out_features=768, bias=True)
                (key): Linear(in_features=768, out_features=768, bias=True)
                (value): Linear(in_features=768, out_features=768, bias=True)
                (dropout): Dropout(p=0.1, inplace=False)
              )
              (output): BertSelfOutput(
                (dense): Linear(in_features=768, out_features=768, bias=True)
                (LayerNorm): LayerNorm((768,), eps=1e-12, elementwise_affine=True)
                (dropout): Dropout(p=0.1, inplace=False)
              )
            )
            (intermediate): BertIntermediate(
              (dense): Linear(in_features=768, out_features=3072, bias=True)
            )
            (output): BertOutput(
              (dense): Linear(in_features=3072, out_features=768, bias=True)
              (LayerNorm): LayerNorm((768,), eps=1e-12, elementwise_affine=True)
              (dropout): Dropout(p=0.1, inplace=False)
            )
          )
          (11): BertLayerJit(
            (attention): BertAttentionJit(
              (self): BertSelfAttentionJit(
                (query): Linear(in_features=768, out_features=768, bias=True)
                (key): Linear(in_features=768, out_features=768, bias=True)
                (value): Linear(in_features=768, out_features=768, bias=True)
                (dropout): Dropout(p=0.1, inplace=False)
              )
              (output): BertSelfOutput(
                (dense): Linear(in_features=768, out_features=768, bias=True)
                (LayerNorm): LayerNorm((768,), eps=1e-12, elementwise_affine=True)
                (dropout): Dropout(p=0.1, inplace=False)
              )
            )
            (intermediate): BertIntermediate(
              (dense): Linear(in_features=768, out_features=3072, bias=True)
            )
            (output): BertOutput(
              (dense): Linear(in_features=3072, out_features=768, bias=True)
              (LayerNorm): LayerNorm((768,), eps=1e-12, elementwise_affine=True)
              (dropout): Dropout(p=0.1, inplace=False)
            )
          )
        )
      )
      (pooler): BertPooler(
        (dense): Linear(in_features=768, out_features=768, bias=True)
        (activation): Tanh()
      )
    )
    (dropout): Dropout(p=0.1, inplace=False)
    (classifier): Sequential(
      (0): BertPredictionHeadTransform(
        (dense): Linear(in_features=768, out_features=768, bias=True)
        (LayerNorm): LayerNorm((768,), eps=1e-12, elementwise_affine=True)
      )
      (1): Linear(in_features=768, out_features=6, bias=True)
    )
  )
  (losses): Losses(
    (losses): ModuleList(
      (0): MMFLoss(
        (loss_criterion): CrossEntropyLoss(
          (loss_fn): CrossEntropyLoss()
        )
      )
    )
  )
)
2022-08-31T15:33:08 | INFO | mmf.utils.general : Total Parameters: 112047366. Trained Parameters: 112047366
2022-08-31T15:33:08 | INFO | mmf.trainers.core.training_loop : Starting training...
2022-08-31T15:33:50 | INFO | mmf.trainers.callbacks.checkpoint : Checkpoint time. Saving a checkpoint.
2022-08-31T15:33:50 | WARNING | py.warnings : /usr/local/lib/python3.7/dist-packages/torch/optim/lr_scheduler.py:200: UserWarning: Please also save or load the state of the optimzer when saving or loading the scheduler.
  warnings.warn(SAVE_STATE_WARNING, UserWarning)

2022-08-31T15:33:50 | WARNING | py.warnings : /usr/local/lib/python3.7/dist-packages/torch/optim/lr_scheduler.py:200: UserWarning: Please also save or load the state of the optimzer when saving or loading the scheduler.
  warnings.warn(SAVE_STATE_WARNING, UserWarning)

2022-08-31T15:34:02 | INFO | mmf.trainers.core.training_loop : Evaluation time. Running on full validation set...
2022-08-31T15:34:12 | WARNING | py.warnings : /usr/local/lib/python3.7/dist-packages/torch/optim/lr_scheduler.py:200: UserWarning: Please also save or load the state of the optimzer when saving or loading the scheduler.
  warnings.warn(SAVE_STATE_WARNING, UserWarning)

2022-08-31T15:34:12 | WARNING | py.warnings : /usr/local/lib/python3.7/dist-packages/torch/optim/lr_scheduler.py:200: UserWarning: Please also save or load the state of the optimzer when saving or loading the scheduler.
  warnings.warn(SAVE_STATE_WARNING, UserWarning)

2022-08-31T15:34:29 | INFO | mmf.trainers.callbacks.logistics : progress: 50/1000, val/hateful_memes/cross_entropy: 1.6524, val/total_loss: 1.6524, val/hateful_memes/accuracy: 0.4121, val/hateful_memes/binary_f1: 0.0000, val/hateful_memes/roc_auc: 0.5076, num_updates: 50, epoch: 1, iterations: 50, max_updates: 1000, val_time: 27s 092ms, best_update: 50, best_iteration: 50, best_val/hateful_memes/roc_auc: 0.507600
2022-08-31T15:35:09 | INFO | mmf.trainers.callbacks.checkpoint : Checkpoint time. Saving a checkpoint.
2022-08-31T15:35:09 | WARNING | py.warnings : /usr/local/lib/python3.7/dist-packages/torch/optim/lr_scheduler.py:200: UserWarning: Please also save or load the state of the optimzer when saving or loading the scheduler.
  warnings.warn(SAVE_STATE_WARNING, UserWarning)

2022-08-31T15:35:09 | WARNING | py.warnings : /usr/local/lib/python3.7/dist-packages/torch/optim/lr_scheduler.py:200: UserWarning: Please also save or load the state of the optimzer when saving or loading the scheduler.
  warnings.warn(SAVE_STATE_WARNING, UserWarning)

2022-08-31T15:35:21 | INFO | mmf.trainers.callbacks.logistics : progress: 100/1000, train/hateful_memes/cross_entropy: 0.9428, train/hateful_memes/cross_entropy/avg: 0.9428, train/total_loss: 0.9428, train/total_loss/avg: 0.9428, max mem: 9201.0, experiment: run, epoch: 1, num_updates: 100, iterations: 100, max_updates: 1000, lr: 0.00001, ups: 1.92, time: 52s 067ms, time_since_start: 02m 16s 051ms, eta: 07m 48s 608ms
2022-08-31T15:35:21 | INFO | mmf.trainers.core.training_loop : Evaluation time. Running on full validation set...
2022-08-31T15:35:31 | WARNING | py.warnings : /usr/local/lib/python3.7/dist-packages/torch/optim/lr_scheduler.py:200: UserWarning: Please also save or load the state of the optimzer when saving or loading the scheduler.
  warnings.warn(SAVE_STATE_WARNING, UserWarning)

2022-08-31T15:35:31 | WARNING | py.warnings : /usr/local/lib/python3.7/dist-packages/torch/optim/lr_scheduler.py:200: UserWarning: Please also save or load the state of the optimzer when saving or loading the scheduler.
  warnings.warn(SAVE_STATE_WARNING, UserWarning)

2022-08-31T15:35:47 | INFO | mmf.trainers.callbacks.logistics : progress: 100/1000, val/hateful_memes/cross_entropy: 1.5346, val/total_loss: 1.5346, val/hateful_memes/accuracy: 0.4121, val/hateful_memes/binary_f1: 0.0000, val/hateful_memes/roc_auc: 0.5425, num_updates: 100, epoch: 1, iterations: 100, max_updates: 1000, val_time: 26s 180ms, best_update: 100, best_iteration: 100, best_val/hateful_memes/roc_auc: 0.542454
2022-08-31T15:36:27 | INFO | mmf.trainers.callbacks.checkpoint : Checkpoint time. Saving a checkpoint.
2022-08-31T15:36:27 | WARNING | py.warnings : /usr/local/lib/python3.7/dist-packages/torch/optim/lr_scheduler.py:200: UserWarning: Please also save or load the state of the optimzer when saving or loading the scheduler.
  warnings.warn(SAVE_STATE_WARNING, UserWarning)

2022-08-31T15:36:27 | WARNING | py.warnings : /usr/local/lib/python3.7/dist-packages/torch/optim/lr_scheduler.py:200: UserWarning: Please also save or load the state of the optimzer when saving or loading the scheduler.
  warnings.warn(SAVE_STATE_WARNING, UserWarning)

2022-08-31T15:36:38 | INFO | mmf.trainers.core.training_loop : Evaluation time. Running on full validation set...
2022-08-31T15:36:48 | WARNING | py.warnings : /usr/local/lib/python3.7/dist-packages/torch/optim/lr_scheduler.py:200: UserWarning: Please also save or load the state of the optimzer when saving or loading the scheduler.
  warnings.warn(SAVE_STATE_WARNING, UserWarning)

2022-08-31T15:36:48 | WARNING | py.warnings : /usr/local/lib/python3.7/dist-packages/torch/optim/lr_scheduler.py:200: UserWarning: Please also save or load the state of the optimzer when saving or loading the scheduler.
  warnings.warn(SAVE_STATE_WARNING, UserWarning)

2022-08-31T15:37:05 | INFO | mmf.trainers.callbacks.logistics : progress: 150/1000, val/hateful_memes/cross_entropy: 1.4054, val/total_loss: 1.4054, val/hateful_memes/accuracy: 0.4121, val/hateful_memes/binary_f1: 0.0000, val/hateful_memes/roc_auc: 0.6313, num_updates: 150, epoch: 1, iterations: 150, max_updates: 1000, val_time: 27s 190ms, best_update: 150, best_iteration: 150, best_val/hateful_memes/roc_auc: 0.631310
2022-08-31T15:37:45 | INFO | mmf.trainers.callbacks.checkpoint : Checkpoint time. Saving a checkpoint.
2022-08-31T15:37:45 | WARNING | py.warnings : /usr/local/lib/python3.7/dist-packages/torch/optim/lr_scheduler.py:200: UserWarning: Please also save or load the state of the optimzer when saving or loading the scheduler.
  warnings.warn(SAVE_STATE_WARNING, UserWarning)

2022-08-31T15:37:45 | WARNING | py.warnings : /usr/local/lib/python3.7/dist-packages/torch/optim/lr_scheduler.py:200: UserWarning: Please also save or load the state of the optimzer when saving or loading the scheduler.
  warnings.warn(SAVE_STATE_WARNING, UserWarning)

2022-08-31T15:37:56 | INFO | mmf.trainers.callbacks.logistics : progress: 200/1000, train/hateful_memes/cross_entropy: 0.9428, train/hateful_memes/cross_entropy/avg: 0.9461, train/total_loss: 0.9428, train/total_loss/avg: 0.9461, max mem: 9201.0, experiment: run, epoch: 1, num_updates: 200, iterations: 200, max_updates: 1000, lr: 0.00002, ups: 1.96, time: 51s 043ms, time_since_start: 04m 51s 357ms, eta: 06m 48s 348ms
2022-08-31T15:37:56 | INFO | mmf.trainers.core.training_loop : Evaluation time. Running on full validation set...
2022-08-31T15:38:06 | WARNING | py.warnings : /usr/local/lib/python3.7/dist-packages/torch/optim/lr_scheduler.py:200: UserWarning: Please also save or load the state of the optimzer when saving or loading the scheduler.
  warnings.warn(SAVE_STATE_WARNING, UserWarning)

2022-08-31T15:38:06 | WARNING | py.warnings : /usr/local/lib/python3.7/dist-packages/torch/optim/lr_scheduler.py:200: UserWarning: Please also save or load the state of the optimzer when saving or loading the scheduler.
  warnings.warn(SAVE_STATE_WARNING, UserWarning)

2022-08-31T15:38:23 | INFO | mmf.trainers.callbacks.logistics : progress: 200/1000, val/hateful_memes/cross_entropy: 1.2580, val/total_loss: 1.2580, val/hateful_memes/accuracy: 0.4973, val/hateful_memes/binary_f1: 0.3706, val/hateful_memes/roc_auc: 0.6885, num_updates: 200, epoch: 1, iterations: 200, max_updates: 1000, val_time: 26s 821ms, best_update: 200, best_iteration: 200, best_val/hateful_memes/roc_auc: 0.688546
2022-08-31T15:39:04 | INFO | mmf.trainers.callbacks.checkpoint : Checkpoint time. Saving a checkpoint.
2022-08-31T15:39:04 | WARNING | py.warnings : /usr/local/lib/python3.7/dist-packages/torch/optim/lr_scheduler.py:200: UserWarning: Please also save or load the state of the optimzer when saving or loading the scheduler.
  warnings.warn(SAVE_STATE_WARNING, UserWarning)

2022-08-31T15:39:04 | WARNING | py.warnings : /usr/local/lib/python3.7/dist-packages/torch/optim/lr_scheduler.py:200: UserWarning: Please also save or load the state of the optimzer when saving or loading the scheduler.
  warnings.warn(SAVE_STATE_WARNING, UserWarning)

2022-08-31T15:39:16 | INFO | mmf.trainers.core.training_loop : Evaluation time. Running on full validation set...
2022-08-31T15:39:26 | WARNING | py.warnings : /usr/local/lib/python3.7/dist-packages/torch/optim/lr_scheduler.py:200: UserWarning: Please also save or load the state of the optimzer when saving or loading the scheduler.
  warnings.warn(SAVE_STATE_WARNING, UserWarning)

2022-08-31T15:39:26 | WARNING | py.warnings : /usr/local/lib/python3.7/dist-packages/torch/optim/lr_scheduler.py:200: UserWarning: Please also save or load the state of the optimzer when saving or loading the scheduler.
  warnings.warn(SAVE_STATE_WARNING, UserWarning)

2022-08-31T15:39:43 | INFO | mmf.trainers.callbacks.logistics : progress: 250/1000, val/hateful_memes/cross_entropy: 1.2885, val/total_loss: 1.2885, val/hateful_memes/accuracy: 0.4835, val/hateful_memes/binary_f1: 0.3219, val/hateful_memes/roc_auc: 0.7353, num_updates: 250, epoch: 2, iterations: 250, max_updates: 1000, val_time: 27s 676ms, best_update: 250, best_iteration: 250, best_val/hateful_memes/roc_auc: 0.735265
2022-08-31T15:40:24 | INFO | mmf.trainers.callbacks.checkpoint : Checkpoint time. Saving a checkpoint.
2022-08-31T15:40:24 | WARNING | py.warnings : /usr/local/lib/python3.7/dist-packages/torch/optim/lr_scheduler.py:200: UserWarning: Please also save or load the state of the optimzer when saving or loading the scheduler.
  warnings.warn(SAVE_STATE_WARNING, UserWarning)

2022-08-31T15:40:24 | WARNING | py.warnings : /usr/local/lib/python3.7/dist-packages/torch/optim/lr_scheduler.py:200: UserWarning: Please also save or load the state of the optimzer when saving or loading the scheduler.
  warnings.warn(SAVE_STATE_WARNING, UserWarning)

2022-08-31T15:40:35 | INFO | mmf.trainers.callbacks.logistics : progress: 300/1000, train/hateful_memes/cross_entropy: 0.9428, train/hateful_memes/cross_entropy/avg: 0.8887, train/total_loss: 0.9428, train/total_loss/avg: 0.8887, max mem: 9201.0, experiment: run, epoch: 2, num_updates: 300, iterations: 300, max_updates: 1000, lr: 0.00003, ups: 1.96, time: 51s 687ms, time_since_start: 07m 30s 201ms, eta: 06m 01s 813ms
2022-08-31T15:40:35 | INFO | mmf.trainers.core.training_loop : Evaluation time. Running on full validation set...
2022-08-31T15:40:45 | WARNING | py.warnings : /usr/local/lib/python3.7/dist-packages/torch/optim/lr_scheduler.py:200: UserWarning: Please also save or load the state of the optimzer when saving or loading the scheduler.
  warnings.warn(SAVE_STATE_WARNING, UserWarning)

2022-08-31T15:40:45 | WARNING | py.warnings : /usr/local/lib/python3.7/dist-packages/torch/optim/lr_scheduler.py:200: UserWarning: Please also save or load the state of the optimzer when saving or loading the scheduler.
  warnings.warn(SAVE_STATE_WARNING, UserWarning)

2022-08-31T15:41:02 | INFO | mmf.trainers.callbacks.logistics : progress: 300/1000, val/hateful_memes/cross_entropy: 1.1765, val/total_loss: 1.1765, val/hateful_memes/accuracy: 0.5536, val/hateful_memes/binary_f1: 0.5342, val/hateful_memes/roc_auc: 0.7958, num_updates: 300, epoch: 2, iterations: 300, max_updates: 1000, val_time: 26s 768ms, best_update: 300, best_iteration: 300, best_val/hateful_memes/roc_auc: 0.795802
2022-08-31T15:41:42 | INFO | mmf.trainers.callbacks.checkpoint : Checkpoint time. Saving a checkpoint.
2022-08-31T15:41:42 | WARNING | py.warnings : /usr/local/lib/python3.7/dist-packages/torch/optim/lr_scheduler.py:200: UserWarning: Please also save or load the state of the optimzer when saving or loading the scheduler.
  warnings.warn(SAVE_STATE_WARNING, UserWarning)

2022-08-31T15:41:42 | WARNING | py.warnings : /usr/local/lib/python3.7/dist-packages/torch/optim/lr_scheduler.py:200: UserWarning: Please also save or load the state of the optimzer when saving or loading the scheduler.
  warnings.warn(SAVE_STATE_WARNING, UserWarning)

2022-08-31T15:41:53 | INFO | mmf.trainers.core.training_loop : Evaluation time. Running on full validation set...
2022-08-31T15:42:03 | WARNING | py.warnings : /usr/local/lib/python3.7/dist-packages/torch/optim/lr_scheduler.py:200: UserWarning: Please also save or load the state of the optimzer when saving or loading the scheduler.
  warnings.warn(SAVE_STATE_WARNING, UserWarning)

2022-08-31T15:42:03 | WARNING | py.warnings : /usr/local/lib/python3.7/dist-packages/torch/optim/lr_scheduler.py:200: UserWarning: Please also save or load the state of the optimzer when saving or loading the scheduler.
  warnings.warn(SAVE_STATE_WARNING, UserWarning)

2022-08-31T15:42:20 | INFO | mmf.trainers.callbacks.logistics : progress: 350/1000, val/hateful_memes/cross_entropy: 1.2484, val/total_loss: 1.2484, val/hateful_memes/accuracy: 0.5096, val/hateful_memes/binary_f1: 0.4121, val/hateful_memes/roc_auc: 0.8166, num_updates: 350, epoch: 2, iterations: 350, max_updates: 1000, val_time: 26s 805ms, best_update: 350, best_iteration: 350, best_val/hateful_memes/roc_auc: 0.816579
2022-08-31T15:43:01 | INFO | mmf.trainers.callbacks.checkpoint : Checkpoint time. Saving a checkpoint.
2022-08-31T15:43:01 | WARNING | py.warnings : /usr/local/lib/python3.7/dist-packages/torch/optim/lr_scheduler.py:200: UserWarning: Please also save or load the state of the optimzer when saving or loading the scheduler.
  warnings.warn(SAVE_STATE_WARNING, UserWarning)

2022-08-31T15:43:01 | WARNING | py.warnings : /usr/local/lib/python3.7/dist-packages/torch/optim/lr_scheduler.py:200: UserWarning: Please also save or load the state of the optimzer when saving or loading the scheduler.
  warnings.warn(SAVE_STATE_WARNING, UserWarning)

2022-08-31T15:43:11 | INFO | mmf.trainers.callbacks.logistics : progress: 400/1000, train/hateful_memes/cross_entropy: 0.7737, train/hateful_memes/cross_entropy/avg: 0.8492, train/total_loss: 0.7737, train/total_loss/avg: 0.8492, max mem: 9201.0, experiment: run, epoch: 2, num_updates: 400, iterations: 400, max_updates: 1000, lr: 0.00004, ups: 1.96, time: 51s 704ms, time_since_start: 10m 06s 582ms, eta: 05m 10s 226ms
2022-08-31T15:43:11 | INFO | mmf.trainers.core.training_loop : Evaluation time. Running on full validation set...
2022-08-31T15:43:21 | WARNING | py.warnings : /usr/local/lib/python3.7/dist-packages/torch/optim/lr_scheduler.py:200: UserWarning: Please also save or load the state of the optimzer when saving or loading the scheduler.
  warnings.warn(SAVE_STATE_WARNING, UserWarning)

2022-08-31T15:43:21 | WARNING | py.warnings : /usr/local/lib/python3.7/dist-packages/torch/optim/lr_scheduler.py:200: UserWarning: Please also save or load the state of the optimzer when saving or loading the scheduler.
  warnings.warn(SAVE_STATE_WARNING, UserWarning)

2022-08-31T15:43:38 | INFO | mmf.trainers.callbacks.logistics : progress: 400/1000, val/hateful_memes/cross_entropy: 1.1006, val/total_loss: 1.1006, val/hateful_memes/accuracy: 0.5522, val/hateful_memes/binary_f1: 0.4787, val/hateful_memes/roc_auc: 0.8386, num_updates: 400, epoch: 2, iterations: 400, max_updates: 1000, val_time: 26s 898ms, best_update: 400, best_iteration: 400, best_val/hateful_memes/roc_auc: 0.838598
2022-08-31T15:44:18 | INFO | mmf.trainers.callbacks.checkpoint : Checkpoint time. Saving a checkpoint.
2022-08-31T15:44:18 | WARNING | py.warnings : /usr/local/lib/python3.7/dist-packages/torch/optim/lr_scheduler.py:200: UserWarning: Please also save or load the state of the optimzer when saving or loading the scheduler.
  warnings.warn(SAVE_STATE_WARNING, UserWarning)

2022-08-31T15:44:18 | WARNING | py.warnings : /usr/local/lib/python3.7/dist-packages/torch/optim/lr_scheduler.py:200: UserWarning: Please also save or load the state of the optimzer when saving or loading the scheduler.
  warnings.warn(SAVE_STATE_WARNING, UserWarning)

2022-08-31T15:44:29 | INFO | mmf.trainers.core.training_loop : Evaluation time. Running on full validation set...
2022-08-31T15:44:39 | WARNING | py.warnings : /usr/local/lib/python3.7/dist-packages/torch/optim/lr_scheduler.py:200: UserWarning: Please also save or load the state of the optimzer when saving or loading the scheduler.
  warnings.warn(SAVE_STATE_WARNING, UserWarning)

2022-08-31T15:44:39 | WARNING | py.warnings : /usr/local/lib/python3.7/dist-packages/torch/optim/lr_scheduler.py:200: UserWarning: Please also save or load the state of the optimzer when saving or loading the scheduler.
  warnings.warn(SAVE_STATE_WARNING, UserWarning)

2022-08-31T15:44:55 | INFO | mmf.trainers.callbacks.logistics : progress: 450/1000, val/hateful_memes/cross_entropy: 0.9521, val/total_loss: 0.9521, val/hateful_memes/accuracy: 0.6758, val/hateful_memes/binary_f1: 0.7061, val/hateful_memes/roc_auc: 0.8426, num_updates: 450, epoch: 2, iterations: 450, max_updates: 1000, val_time: 26s 127ms, best_update: 450, best_iteration: 450, best_val/hateful_memes/roc_auc: 0.842603
2022-08-31T15:45:37 | INFO | mmf.trainers.callbacks.checkpoint : Checkpoint time. Saving a checkpoint.
2022-08-31T15:45:37 | WARNING | py.warnings : /usr/local/lib/python3.7/dist-packages/torch/optim/lr_scheduler.py:200: UserWarning: Please also save or load the state of the optimzer when saving or loading the scheduler.
  warnings.warn(SAVE_STATE_WARNING, UserWarning)

2022-08-31T15:45:37 | WARNING | py.warnings : /usr/local/lib/python3.7/dist-packages/torch/optim/lr_scheduler.py:200: UserWarning: Please also save or load the state of the optimzer when saving or loading the scheduler.
  warnings.warn(SAVE_STATE_WARNING, UserWarning)

2022-08-31T15:45:48 | INFO | mmf.trainers.callbacks.logistics : progress: 500/1000, train/hateful_memes/cross_entropy: 0.7737, train/hateful_memes/cross_entropy/avg: 0.8076, train/total_loss: 0.7737, train/total_loss/avg: 0.8076, max mem: 9201.0, experiment: run, epoch: 3, num_updates: 500, iterations: 500, max_updates: 1000, lr: 0.00005, ups: 1.89, time: 53s 009ms, time_since_start: 12m 43s 490ms, eta: 04m 25s 049ms
2022-08-31T15:45:48 | INFO | mmf.trainers.core.training_loop : Evaluation time. Running on full validation set...
2022-08-31T15:45:58 | WARNING | py.warnings : /usr/local/lib/python3.7/dist-packages/torch/optim/lr_scheduler.py:200: UserWarning: Please also save or load the state of the optimzer when saving or loading the scheduler.
  warnings.warn(SAVE_STATE_WARNING, UserWarning)

2022-08-31T15:45:58 | WARNING | py.warnings : /usr/local/lib/python3.7/dist-packages/torch/optim/lr_scheduler.py:200: UserWarning: Please also save or load the state of the optimzer when saving or loading the scheduler.
  warnings.warn(SAVE_STATE_WARNING, UserWarning)

2022-08-31T15:46:14 | INFO | mmf.trainers.callbacks.logistics : progress: 500/1000, val/hateful_memes/cross_entropy: 0.9546, val/total_loss: 0.9546, val/hateful_memes/accuracy: 0.6456, val/hateful_memes/binary_f1: 0.7089, val/hateful_memes/roc_auc: 0.8517, num_updates: 500, epoch: 3, iterations: 500, max_updates: 1000, val_time: 26s 225ms, best_update: 500, best_iteration: 500, best_val/hateful_memes/roc_auc: 0.851748
2022-08-31T15:46:55 | INFO | mmf.trainers.callbacks.checkpoint : Checkpoint time. Saving a checkpoint.
2022-08-31T15:46:55 | WARNING | py.warnings : /usr/local/lib/python3.7/dist-packages/torch/optim/lr_scheduler.py:200: UserWarning: Please also save or load the state of the optimzer when saving or loading the scheduler.
  warnings.warn(SAVE_STATE_WARNING, UserWarning)

2022-08-31T15:46:55 | WARNING | py.warnings : /usr/local/lib/python3.7/dist-packages/torch/optim/lr_scheduler.py:200: UserWarning: Please also save or load the state of the optimzer when saving or loading the scheduler.
  warnings.warn(SAVE_STATE_WARNING, UserWarning)

2022-08-31T15:47:06 | INFO | mmf.trainers.core.training_loop : Evaluation time. Running on full validation set...
2022-08-31T15:47:16 | WARNING | py.warnings : /usr/local/lib/python3.7/dist-packages/torch/optim/lr_scheduler.py:200: UserWarning: Please also save or load the state of the optimzer when saving or loading the scheduler.
  warnings.warn(SAVE_STATE_WARNING, UserWarning)

2022-08-31T15:47:16 | WARNING | py.warnings : /usr/local/lib/python3.7/dist-packages/torch/optim/lr_scheduler.py:200: UserWarning: Please also save or load the state of the optimzer when saving or loading the scheduler.
  warnings.warn(SAVE_STATE_WARNING, UserWarning)

2022-08-31T15:47:27 | INFO | mmf.trainers.callbacks.logistics : progress: 550/1000, val/hateful_memes/cross_entropy: 1.1876, val/total_loss: 1.1876, val/hateful_memes/accuracy: 0.5288, val/hateful_memes/binary_f1: 0.3288, val/hateful_memes/roc_auc: 0.8490, num_updates: 550, epoch: 3, iterations: 550, max_updates: 1000, val_time: 21s 395ms, best_update: 500, best_iteration: 500, best_val/hateful_memes/roc_auc: 0.851748
2022-08-31T15:48:07 | INFO | mmf.trainers.callbacks.checkpoint : Checkpoint time. Saving a checkpoint.
2022-08-31T15:48:07 | WARNING | py.warnings : /usr/local/lib/python3.7/dist-packages/torch/optim/lr_scheduler.py:200: UserWarning: Please also save or load the state of the optimzer when saving or loading the scheduler.
  warnings.warn(SAVE_STATE_WARNING, UserWarning)

2022-08-31T15:48:07 | WARNING | py.warnings : /usr/local/lib/python3.7/dist-packages/torch/optim/lr_scheduler.py:200: UserWarning: Please also save or load the state of the optimzer when saving or loading the scheduler.
  warnings.warn(SAVE_STATE_WARNING, UserWarning)

2022-08-31T15:48:18 | INFO | mmf.trainers.callbacks.logistics : progress: 600/1000, train/hateful_memes/cross_entropy: 0.7308, train/hateful_memes/cross_entropy/avg: 0.7622, train/total_loss: 0.7308, train/total_loss/avg: 0.7622, max mem: 9201.0, experiment: run, epoch: 3, num_updates: 600, iterations: 600, max_updates: 1000, lr: 0.00005, ups: 1.96, time: 51s 441ms, time_since_start: 15m 13s 632ms, eta: 03m 25s 764ms
2022-08-31T15:48:18 | INFO | mmf.trainers.core.training_loop : Evaluation time. Running on full validation set...
2022-08-31T15:48:29 | WARNING | py.warnings : /usr/local/lib/python3.7/dist-packages/torch/optim/lr_scheduler.py:200: UserWarning: Please also save or load the state of the optimzer when saving or loading the scheduler.
  warnings.warn(SAVE_STATE_WARNING, UserWarning)

2022-08-31T15:48:29 | WARNING | py.warnings : /usr/local/lib/python3.7/dist-packages/torch/optim/lr_scheduler.py:200: UserWarning: Please also save or load the state of the optimzer when saving or loading the scheduler.
  warnings.warn(SAVE_STATE_WARNING, UserWarning)

2022-08-31T15:48:40 | INFO | mmf.trainers.callbacks.logistics : progress: 600/1000, val/hateful_memes/cross_entropy: 1.1601, val/total_loss: 1.1601, val/hateful_memes/accuracy: 0.6030, val/hateful_memes/binary_f1: 0.5372, val/hateful_memes/roc_auc: 0.8339, num_updates: 600, epoch: 3, iterations: 600, max_updates: 1000, val_time: 21s 665ms, best_update: 500, best_iteration: 500, best_val/hateful_memes/roc_auc: 0.851748
2022-08-31T15:49:20 | INFO | mmf.trainers.callbacks.checkpoint : Checkpoint time. Saving a checkpoint.
2022-08-31T15:49:20 | WARNING | py.warnings : /usr/local/lib/python3.7/dist-packages/torch/optim/lr_scheduler.py:200: UserWarning: Please also save or load the state of the optimzer when saving or loading the scheduler.
  warnings.warn(SAVE_STATE_WARNING, UserWarning)

2022-08-31T15:49:20 | WARNING | py.warnings : /usr/local/lib/python3.7/dist-packages/torch/optim/lr_scheduler.py:200: UserWarning: Please also save or load the state of the optimzer when saving or loading the scheduler.
  warnings.warn(SAVE_STATE_WARNING, UserWarning)

2022-08-31T15:49:31 | INFO | mmf.trainers.core.training_loop : Evaluation time. Running on full validation set...
2022-08-31T15:49:42 | WARNING | py.warnings : /usr/local/lib/python3.7/dist-packages/torch/optim/lr_scheduler.py:200: UserWarning: Please also save or load the state of the optimzer when saving or loading the scheduler.
  warnings.warn(SAVE_STATE_WARNING, UserWarning)

2022-08-31T15:49:42 | WARNING | py.warnings : /usr/local/lib/python3.7/dist-packages/torch/optim/lr_scheduler.py:200: UserWarning: Please also save or load the state of the optimzer when saving or loading the scheduler.
  warnings.warn(SAVE_STATE_WARNING, UserWarning)

2022-08-31T15:49:53 | INFO | mmf.trainers.callbacks.logistics : progress: 650/1000, val/hateful_memes/cross_entropy: 0.9308, val/total_loss: 0.9308, val/hateful_memes/accuracy: 0.6799, val/hateful_memes/binary_f1: 0.7264, val/hateful_memes/roc_auc: 0.8501, num_updates: 650, epoch: 3, iterations: 650, max_updates: 1000, val_time: 21s 520ms, best_update: 500, best_iteration: 500, best_val/hateful_memes/roc_auc: 0.851748
2022-08-31T15:50:33 | INFO | mmf.trainers.callbacks.checkpoint : Checkpoint time. Saving a checkpoint.
2022-08-31T15:50:33 | WARNING | py.warnings : /usr/local/lib/python3.7/dist-packages/torch/optim/lr_scheduler.py:200: UserWarning: Please also save or load the state of the optimzer when saving or loading the scheduler.
  warnings.warn(SAVE_STATE_WARNING, UserWarning)

2022-08-31T15:50:33 | WARNING | py.warnings : /usr/local/lib/python3.7/dist-packages/torch/optim/lr_scheduler.py:200: UserWarning: Please also save or load the state of the optimzer when saving or loading the scheduler.
  warnings.warn(SAVE_STATE_WARNING, UserWarning)

2022-08-31T15:50:44 | INFO | mmf.trainers.callbacks.logistics : progress: 700/1000, train/hateful_memes/cross_entropy: 0.7308, train/hateful_memes/cross_entropy/avg: 0.7129, train/total_loss: 0.7308, train/total_loss/avg: 0.7129, max mem: 9201.0, experiment: run, epoch: 3, num_updates: 700, iterations: 700, max_updates: 1000, lr: 0.00003, ups: 1.96, time: 51s 072ms, time_since_start: 17m 39s 232ms, eta: 02m 33s 217ms
2022-08-31T15:50:44 | INFO | mmf.trainers.core.training_loop : Evaluation time. Running on full validation set...
2022-08-31T15:50:55 | WARNING | py.warnings : /usr/local/lib/python3.7/dist-packages/torch/optim/lr_scheduler.py:200: UserWarning: Please also save or load the state of the optimzer when saving or loading the scheduler.
  warnings.warn(SAVE_STATE_WARNING, UserWarning)

2022-08-31T15:50:55 | WARNING | py.warnings : /usr/local/lib/python3.7/dist-packages/torch/optim/lr_scheduler.py:200: UserWarning: Please also save or load the state of the optimzer when saving or loading the scheduler.
  warnings.warn(SAVE_STATE_WARNING, UserWarning)

2022-08-31T15:51:06 | INFO | mmf.trainers.callbacks.logistics : progress: 700/1000, val/hateful_memes/cross_entropy: 0.9060, val/total_loss: 0.9060, val/hateful_memes/accuracy: 0.6703, val/hateful_memes/binary_f1: 0.6807, val/hateful_memes/roc_auc: 0.8489, num_updates: 700, epoch: 3, iterations: 700, max_updates: 1000, val_time: 22s 476ms, best_update: 500, best_iteration: 500, best_val/hateful_memes/roc_auc: 0.851748
2022-08-31T15:51:48 | INFO | mmf.trainers.callbacks.checkpoint : Checkpoint time. Saving a checkpoint.
2022-08-31T15:51:48 | WARNING | py.warnings : /usr/local/lib/python3.7/dist-packages/torch/optim/lr_scheduler.py:200: UserWarning: Please also save or load the state of the optimzer when saving or loading the scheduler.
  warnings.warn(SAVE_STATE_WARNING, UserWarning)

2022-08-31T15:51:48 | WARNING | py.warnings : /usr/local/lib/python3.7/dist-packages/torch/optim/lr_scheduler.py:200: UserWarning: Please also save or load the state of the optimzer when saving or loading the scheduler.
  warnings.warn(SAVE_STATE_WARNING, UserWarning)

2022-08-31T15:52:00 | INFO | mmf.trainers.core.training_loop : Evaluation time. Running on full validation set...
2022-08-31T15:52:10 | WARNING | py.warnings : /usr/local/lib/python3.7/dist-packages/torch/optim/lr_scheduler.py:200: UserWarning: Please also save or load the state of the optimzer when saving or loading the scheduler.
  warnings.warn(SAVE_STATE_WARNING, UserWarning)

2022-08-31T15:52:10 | WARNING | py.warnings : /usr/local/lib/python3.7/dist-packages/torch/optim/lr_scheduler.py:200: UserWarning: Please also save or load the state of the optimzer when saving or loading the scheduler.
  warnings.warn(SAVE_STATE_WARNING, UserWarning)

2022-08-31T15:52:20 | INFO | mmf.trainers.callbacks.logistics : progress: 750/1000, val/hateful_memes/cross_entropy: 1.2223, val/total_loss: 1.2223, val/hateful_memes/accuracy: 0.6401, val/hateful_memes/binary_f1: 0.6460, val/hateful_memes/roc_auc: 0.8400, num_updates: 750, epoch: 4, iterations: 750, max_updates: 1000, val_time: 20s 657ms, best_update: 500, best_iteration: 500, best_val/hateful_memes/roc_auc: 0.851748
2022-08-31T15:53:01 | INFO | mmf.trainers.callbacks.checkpoint : Checkpoint time. Saving a checkpoint.
2022-08-31T15:53:01 | WARNING | py.warnings : /usr/local/lib/python3.7/dist-packages/torch/optim/lr_scheduler.py:200: UserWarning: Please also save or load the state of the optimzer when saving or loading the scheduler.
  warnings.warn(SAVE_STATE_WARNING, UserWarning)

2022-08-31T15:53:01 | WARNING | py.warnings : /usr/local/lib/python3.7/dist-packages/torch/optim/lr_scheduler.py:200: UserWarning: Please also save or load the state of the optimzer when saving or loading the scheduler.
  warnings.warn(SAVE_STATE_WARNING, UserWarning)

2022-08-31T15:53:12 | INFO | mmf.trainers.callbacks.logistics : progress: 800/1000, train/hateful_memes/cross_entropy: 0.6663, train/hateful_memes/cross_entropy/avg: 0.7071, train/total_loss: 0.6663, train/total_loss/avg: 0.7071, max mem: 9201.0, experiment: run, epoch: 4, num_updates: 800, iterations: 800, max_updates: 1000, lr: 0.00002, ups: 1.96, time: 51s 754ms, time_since_start: 20m 07s 329ms, eta: 01m 43s 509ms
2022-08-31T15:53:12 | INFO | mmf.trainers.core.training_loop : Evaluation time. Running on full validation set...
2022-08-31T15:53:22 | WARNING | py.warnings : /usr/local/lib/python3.7/dist-packages/torch/optim/lr_scheduler.py:200: UserWarning: Please also save or load the state of the optimzer when saving or loading the scheduler.
  warnings.warn(SAVE_STATE_WARNING, UserWarning)

2022-08-31T15:53:22 | WARNING | py.warnings : /usr/local/lib/python3.7/dist-packages/torch/optim/lr_scheduler.py:200: UserWarning: Please also save or load the state of the optimzer when saving or loading the scheduler.
  warnings.warn(SAVE_STATE_WARNING, UserWarning)

2022-08-31T15:53:34 | INFO | mmf.trainers.callbacks.logistics : progress: 800/1000, val/hateful_memes/cross_entropy: 1.3666, val/total_loss: 1.3666, val/hateful_memes/accuracy: 0.6030, val/hateful_memes/binary_f1: 0.5670, val/hateful_memes/roc_auc: 0.8317, num_updates: 800, epoch: 4, iterations: 800, max_updates: 1000, val_time: 21s 717ms, best_update: 500, best_iteration: 500, best_val/hateful_memes/roc_auc: 0.851748
2022-08-31T15:54:14 | INFO | mmf.trainers.callbacks.checkpoint : Checkpoint time. Saving a checkpoint.
2022-08-31T15:54:14 | WARNING | py.warnings : /usr/local/lib/python3.7/dist-packages/torch/optim/lr_scheduler.py:200: UserWarning: Please also save or load the state of the optimzer when saving or loading the scheduler.
  warnings.warn(SAVE_STATE_WARNING, UserWarning)

2022-08-31T15:54:14 | WARNING | py.warnings : /usr/local/lib/python3.7/dist-packages/torch/optim/lr_scheduler.py:200: UserWarning: Please also save or load the state of the optimzer when saving or loading the scheduler.
  warnings.warn(SAVE_STATE_WARNING, UserWarning)

2022-08-31T15:54:25 | INFO | mmf.trainers.core.training_loop : Evaluation time. Running on full validation set...
2022-08-31T15:54:35 | WARNING | py.warnings : /usr/local/lib/python3.7/dist-packages/torch/optim/lr_scheduler.py:200: UserWarning: Please also save or load the state of the optimzer when saving or loading the scheduler.
  warnings.warn(SAVE_STATE_WARNING, UserWarning)

2022-08-31T15:54:35 | WARNING | py.warnings : /usr/local/lib/python3.7/dist-packages/torch/optim/lr_scheduler.py:200: UserWarning: Please also save or load the state of the optimzer when saving or loading the scheduler.
  warnings.warn(SAVE_STATE_WARNING, UserWarning)

2022-08-31T15:54:47 | INFO | mmf.trainers.callbacks.logistics : progress: 850/1000, val/hateful_memes/cross_entropy: 1.3867, val/total_loss: 1.3867, val/hateful_memes/accuracy: 0.6085, val/hateful_memes/binary_f1: 0.5776, val/hateful_memes/roc_auc: 0.8252, num_updates: 850, epoch: 4, iterations: 850, max_updates: 1000, val_time: 21s 406ms, best_update: 500, best_iteration: 500, best_val/hateful_memes/roc_auc: 0.851748
2022-08-31T15:55:27 | INFO | mmf.trainers.callbacks.checkpoint : Checkpoint time. Saving a checkpoint.
2022-08-31T15:55:27 | WARNING | py.warnings : /usr/local/lib/python3.7/dist-packages/torch/optim/lr_scheduler.py:200: UserWarning: Please also save or load the state of the optimzer when saving or loading the scheduler.
  warnings.warn(SAVE_STATE_WARNING, UserWarning)

2022-08-31T15:55:27 | WARNING | py.warnings : /usr/local/lib/python3.7/dist-packages/torch/optim/lr_scheduler.py:200: UserWarning: Please also save or load the state of the optimzer when saving or loading the scheduler.
  warnings.warn(SAVE_STATE_WARNING, UserWarning)

2022-08-31T15:55:38 | INFO | mmf.trainers.callbacks.logistics : progress: 900/1000, train/hateful_memes/cross_entropy: 0.6663, train/hateful_memes/cross_entropy/avg: 0.6489, train/total_loss: 0.6663, train/total_loss/avg: 0.6489, max mem: 9201.0, experiment: run, epoch: 4, num_updates: 900, iterations: 900, max_updates: 1000, lr: 0., ups: 1.96, time: 51s 330ms, time_since_start: 22m 33s 096ms, eta: 51s 330ms
2022-08-31T15:55:38 | INFO | mmf.trainers.core.training_loop : Evaluation time. Running on full validation set...
2022-08-31T15:55:48 | WARNING | py.warnings : /usr/local/lib/python3.7/dist-packages/torch/optim/lr_scheduler.py:200: UserWarning: Please also save or load the state of the optimzer when saving or loading the scheduler.
  warnings.warn(SAVE_STATE_WARNING, UserWarning)

2022-08-31T15:55:48 | WARNING | py.warnings : /usr/local/lib/python3.7/dist-packages/torch/optim/lr_scheduler.py:200: UserWarning: Please also save or load the state of the optimzer when saving or loading the scheduler.
  warnings.warn(SAVE_STATE_WARNING, UserWarning)

2022-08-31T15:56:00 | INFO | mmf.trainers.callbacks.logistics : progress: 900/1000, val/hateful_memes/cross_entropy: 1.2308, val/total_loss: 1.2308, val/hateful_memes/accuracy: 0.6456, val/hateful_memes/binary_f1: 0.6389, val/hateful_memes/roc_auc: 0.8364, num_updates: 900, epoch: 4, iterations: 900, max_updates: 1000, val_time: 22s 036ms, best_update: 500, best_iteration: 500, best_val/hateful_memes/roc_auc: 0.851748
2022-08-31T15:56:42 | INFO | mmf.trainers.callbacks.checkpoint : Checkpoint time. Saving a checkpoint.
2022-08-31T15:56:42 | WARNING | py.warnings : /usr/local/lib/python3.7/dist-packages/torch/optim/lr_scheduler.py:200: UserWarning: Please also save or load the state of the optimzer when saving or loading the scheduler.
  warnings.warn(SAVE_STATE_WARNING, UserWarning)

2022-08-31T15:56:42 | WARNING | py.warnings : /usr/local/lib/python3.7/dist-packages/torch/optim/lr_scheduler.py:200: UserWarning: Please also save or load the state of the optimzer when saving or loading the scheduler.
  warnings.warn(SAVE_STATE_WARNING, UserWarning)

2022-08-31T15:56:53 | INFO | mmf.trainers.core.training_loop : Evaluation time. Running on full validation set...
2022-08-31T15:57:04 | WARNING | py.warnings : /usr/local/lib/python3.7/dist-packages/torch/optim/lr_scheduler.py:200: UserWarning: Please also save or load the state of the optimzer when saving or loading the scheduler.
  warnings.warn(SAVE_STATE_WARNING, UserWarning)

2022-08-31T15:57:04 | WARNING | py.warnings : /usr/local/lib/python3.7/dist-packages/torch/optim/lr_scheduler.py:200: UserWarning: Please also save or load the state of the optimzer when saving or loading the scheduler.
  warnings.warn(SAVE_STATE_WARNING, UserWarning)

2022-08-31T15:57:15 | INFO | mmf.trainers.callbacks.logistics : progress: 950/1000, val/hateful_memes/cross_entropy: 1.1713, val/total_loss: 1.1713, val/hateful_memes/accuracy: 0.6580, val/hateful_memes/binary_f1: 0.6718, val/hateful_memes/roc_auc: 0.8396, num_updates: 950, epoch: 5, iterations: 950, max_updates: 1000, val_time: 21s 595ms, best_update: 500, best_iteration: 500, best_val/hateful_memes/roc_auc: 0.851748
2022-08-31T15:57:55 | INFO | mmf.trainers.callbacks.checkpoint : Checkpoint time. Saving a checkpoint.
2022-08-31T15:57:55 | WARNING | py.warnings : /usr/local/lib/python3.7/dist-packages/torch/optim/lr_scheduler.py:200: UserWarning: Please also save or load the state of the optimzer when saving or loading the scheduler.
  warnings.warn(SAVE_STATE_WARNING, UserWarning)

2022-08-31T15:57:55 | WARNING | py.warnings : /usr/local/lib/python3.7/dist-packages/torch/optim/lr_scheduler.py:200: UserWarning: Please also save or load the state of the optimzer when saving or loading the scheduler.
  warnings.warn(SAVE_STATE_WARNING, UserWarning)

2022-08-31T15:58:05 | INFO | mmf.trainers.callbacks.logistics : progress: 1000/1000, train/hateful_memes/cross_entropy: 0.6413, train/hateful_memes/cross_entropy/avg: 0.5984, train/total_loss: 0.6413, train/total_loss/avg: 0.5984, max mem: 9201.0, experiment: run, epoch: 5, num_updates: 1000, iterations: 1000, max_updates: 1000, lr: 0., ups: 2.00, time: 50s 484ms, time_since_start: 25m 752ms, eta: 0ms
2022-08-31T15:58:05 | INFO | mmf.trainers.core.training_loop : Evaluation time. Running on full validation set...
2022-08-31T15:58:16 | WARNING | py.warnings : /usr/local/lib/python3.7/dist-packages/torch/optim/lr_scheduler.py:200: UserWarning: Please also save or load the state of the optimzer when saving or loading the scheduler.
  warnings.warn(SAVE_STATE_WARNING, UserWarning)

2022-08-31T15:58:16 | WARNING | py.warnings : /usr/local/lib/python3.7/dist-packages/torch/optim/lr_scheduler.py:200: UserWarning: Please also save or load the state of the optimzer when saving or loading the scheduler.
  warnings.warn(SAVE_STATE_WARNING, UserWarning)

2022-08-31T15:58:27 | INFO | mmf.trainers.callbacks.logistics : progress: 1000/1000, val/hateful_memes/cross_entropy: 1.2117, val/total_loss: 1.2117, val/hateful_memes/accuracy: 0.6456, val/hateful_memes/binary_f1: 0.6416, val/hateful_memes/roc_auc: 0.8379, num_updates: 1000, epoch: 5, iterations: 1000, max_updates: 1000, val_time: 21s 908ms, best_update: 500, best_iteration: 500, best_val/hateful_memes/roc_auc: 0.851748
2022-08-31T15:58:28 | INFO | mmf.trainers.core.training_loop : Stepping into final validation check
2022-08-31T15:58:28 | INFO | mmf.utils.checkpoint : Restoring checkpoint
2022-08-31T15:58:28 | INFO | mmf.utils.checkpoint : Loading checkpoint
2022-08-31T15:58:35 | WARNING | py.warnings : /usr/local/lib/python3.7/dist-packages/torch/optim/lr_scheduler.py:218: UserWarning: Please also save or load the state of the optimzer when saving or loading the scheduler.
  warnings.warn(SAVE_STATE_WARNING, UserWarning)

2022-08-31T15:58:35 | WARNING | py.warnings : /usr/local/lib/python3.7/dist-packages/torch/optim/lr_scheduler.py:218: UserWarning: Please also save or load the state of the optimzer when saving or loading the scheduler.
  warnings.warn(SAVE_STATE_WARNING, UserWarning)

2022-08-31T15:58:35 | INFO | mmf.utils.checkpoint : Checkpoint loaded.
2022-08-31T15:58:35 | INFO | mmf.utils.checkpoint : Current num updates: 500
2022-08-31T15:58:35 | INFO | mmf.utils.checkpoint : Current iteration: 500
2022-08-31T15:58:35 | INFO | mmf.utils.checkpoint : Current epoch: 3
2022-08-31T15:58:37 | INFO | mmf.trainers.mmf_trainer : Starting inference on val set
2022-08-31T15:58:49 | INFO | mmf.trainers.callbacks.logistics : progress: 500/1000, val/hateful_memes/cross_entropy: 0.9546, val/total_loss: 0.9546, val/hateful_memes/accuracy: 0.6456, val/hateful_memes/binary_f1: 0.7089, val/hateful_memes/roc_auc: 0.8517
2022-08-31T15:58:49 | INFO | mmf.trainers.callbacks.logistics : Finished run in 25m 43s 866ms
