2022-08-31T11:10:27 | INFO | mmf : Logging to: ./1/train.log
2022-08-31T11:10:27 | INFO | mmf_cli.run : Namespace(config_override=None, local_rank=None, opts=['config=/content/mmf/mmf/projects/visual_bert/configs/hateful_memes/from_coco_cat.yaml', 'model=visual_bert', 'dataset=hateful_memes', 'run_type=train_val', 'checkpoint.max_to_keep=1', 'checkpoint.resume_zoo=visual_bert.pretrained.cc.full', 'training.tensorboard=True', 'training.checkpoint_interval=50', 'training.evaluation_interval=50', 'training.max_updates=1000', 'training.log_interval=100', 'dataset_config.hateful_memes.max_features=100', 'dataset_config.hateful_memes.annotations.train[0]=/root/.cache/torch/mmf/data/datasets/hateful_memes/defaults/annotations/train_cat.jsonl', 'dataset_config.hateful_memes.annotations.val[0]=/root/.cache/torch/mmf/data/datasets/hateful_memes/defaults/annotations/dev_unseen_cat.jsonl', 'dataset_config.hateful_memes.annotations.test[0]=/root/.cache/torch/mmf/data/datasets/hateful_memes/defaults/annotations/test_unseen_cat.jsonl', 'dataset_config.hateful_memes.features.train[0]=/content/features/feats_hm', 'dataset_config.hateful_memes.features.val[0]=/content/features/feats_hm', 'dataset_config.hateful_memes.features.test[0]=/content/features/feats_hm', 'training.lr_ratio=0.3', 'training.use_warmup=True', 'training.warmup_factor=0.1', 'training.warmup_iterations=500', 'optimizer.params.lr=5.0e-05', 'training.batch_size=32', 'scheduler.params.num_warmup_steps=250', 'scheduler.type=warmup_cosine', 'scheduler.params.num_training_steps=1000', 'env.tensorboard_logdir=logs/fit/1', 'env.save_dir=./1'])
2022-08-31T11:10:27 | INFO | mmf_cli.run : Torch version: 1.6.0+cu92
2022-08-31T11:10:27 | INFO | mmf.utils.general : CUDA Device 0 is: Tesla P100-PCIE-16GB
2022-08-31T11:10:27 | INFO | mmf_cli.run : Using seed 27100023
2022-08-31T11:10:27 | INFO | mmf.trainers.mmf_trainer : Loading datasets
2022-08-31T11:10:37 | INFO | mmf.trainers.mmf_trainer : Loading model
2022-08-31T11:11:08 | INFO | mmf.trainers.mmf_trainer : Loading optimizer
2022-08-31T11:11:08 | INFO | mmf.trainers.mmf_trainer : Loading metrics
2022-08-31T11:11:08 | INFO | mmf.utils.checkpoint : Loading checkpoint
2022-08-31T11:12:01 | WARNING | mmf : Key data_parallel is not present in registry, returning default value of None
2022-08-31T11:12:01 | WARNING | mmf : Key distributed is not present in registry, returning default value of None
2022-08-31T11:12:01 | WARNING | mmf : Key data_parallel is not present in registry, returning default value of None
2022-08-31T11:12:01 | WARNING | mmf : Key distributed is not present in registry, returning default value of None
2022-08-31T11:12:01 | INFO | mmf.utils.checkpoint : Copying model.bert.embeddings.word_embeddings.weight from model.bert.embeddings.word_embeddings.weight
2022-08-31T11:12:01 | INFO | mmf.utils.checkpoint : Copying model.bert.embeddings.position_embeddings.weight from model.bert.embeddings.position_embeddings.weight
2022-08-31T11:12:01 | INFO | mmf.utils.checkpoint : Copying model.bert.embeddings.token_type_embeddings.weight from model.bert.embeddings.token_type_embeddings.weight
2022-08-31T11:12:01 | INFO | mmf.utils.checkpoint : Copying model.bert.embeddings.LayerNorm.weight from model.bert.embeddings.LayerNorm.weight
2022-08-31T11:12:01 | INFO | mmf.utils.checkpoint : Copying model.bert.embeddings.LayerNorm.bias from model.bert.embeddings.LayerNorm.bias
2022-08-31T11:12:01 | INFO | mmf.utils.checkpoint : Copying model.bert.embeddings.token_type_embeddings_visual.weight from model.bert.embeddings.token_type_embeddings_visual.weight
2022-08-31T11:12:01 | INFO | mmf.utils.checkpoint : Copying model.bert.embeddings.position_embeddings_visual.weight from model.bert.embeddings.position_embeddings_visual.weight
2022-08-31T11:12:01 | INFO | mmf.utils.checkpoint : Copying model.bert.embeddings.projection.weight from model.bert.embeddings.projection.weight
2022-08-31T11:12:01 | INFO | mmf.utils.checkpoint : Copying model.bert.embeddings.projection.bias from model.bert.embeddings.projection.bias
2022-08-31T11:12:01 | INFO | mmf.utils.checkpoint : Copying model.bert.encoder.layer.0.attention.self.query.weight from model.bert.encoder.layer.0.attention.self.query.weight
2022-08-31T11:12:01 | INFO | mmf.utils.checkpoint : Copying model.bert.encoder.layer.0.attention.self.query.bias from model.bert.encoder.layer.0.attention.self.query.bias
2022-08-31T11:12:01 | INFO | mmf.utils.checkpoint : Copying model.bert.encoder.layer.0.attention.self.key.weight from model.bert.encoder.layer.0.attention.self.key.weight
2022-08-31T11:12:01 | INFO | mmf.utils.checkpoint : Copying model.bert.encoder.layer.0.attention.self.key.bias from model.bert.encoder.layer.0.attention.self.key.bias
2022-08-31T11:12:01 | INFO | mmf.utils.checkpoint : Copying model.bert.encoder.layer.0.attention.self.value.weight from model.bert.encoder.layer.0.attention.self.value.weight
2022-08-31T11:12:01 | INFO | mmf.utils.checkpoint : Copying model.bert.encoder.layer.0.attention.self.value.bias from model.bert.encoder.layer.0.attention.self.value.bias
2022-08-31T11:12:01 | INFO | mmf.utils.checkpoint : Copying model.bert.encoder.layer.0.attention.output.dense.weight from model.bert.encoder.layer.0.attention.output.dense.weight
2022-08-31T11:12:01 | INFO | mmf.utils.checkpoint : Copying model.bert.encoder.layer.0.attention.output.dense.bias from model.bert.encoder.layer.0.attention.output.dense.bias
2022-08-31T11:12:01 | INFO | mmf.utils.checkpoint : Copying model.bert.encoder.layer.0.attention.output.LayerNorm.weight from model.bert.encoder.layer.0.attention.output.LayerNorm.weight
2022-08-31T11:12:01 | INFO | mmf.utils.checkpoint : Copying model.bert.encoder.layer.0.attention.output.LayerNorm.bias from model.bert.encoder.layer.0.attention.output.LayerNorm.bias
2022-08-31T11:12:01 | INFO | mmf.utils.checkpoint : Copying model.bert.encoder.layer.0.intermediate.dense.weight from model.bert.encoder.layer.0.intermediate.dense.weight
2022-08-31T11:12:01 | INFO | mmf.utils.checkpoint : Copying model.bert.encoder.layer.0.intermediate.dense.bias from model.bert.encoder.layer.0.intermediate.dense.bias
2022-08-31T11:12:01 | INFO | mmf.utils.checkpoint : Copying model.bert.encoder.layer.0.output.dense.weight from model.bert.encoder.layer.0.output.dense.weight
2022-08-31T11:12:01 | INFO | mmf.utils.checkpoint : Copying model.bert.encoder.layer.0.output.dense.bias from model.bert.encoder.layer.0.output.dense.bias
2022-08-31T11:12:01 | INFO | mmf.utils.checkpoint : Copying model.bert.encoder.layer.0.output.LayerNorm.weight from model.bert.encoder.layer.0.output.LayerNorm.weight
2022-08-31T11:12:01 | INFO | mmf.utils.checkpoint : Copying model.bert.encoder.layer.0.output.LayerNorm.bias from model.bert.encoder.layer.0.output.LayerNorm.bias
2022-08-31T11:12:01 | INFO | mmf.utils.checkpoint : Copying model.bert.encoder.layer.1.attention.self.query.weight from model.bert.encoder.layer.1.attention.self.query.weight
2022-08-31T11:12:01 | INFO | mmf.utils.checkpoint : Copying model.bert.encoder.layer.1.attention.self.query.bias from model.bert.encoder.layer.1.attention.self.query.bias
2022-08-31T11:12:01 | INFO | mmf.utils.checkpoint : Copying model.bert.encoder.layer.1.attention.self.key.weight from model.bert.encoder.layer.1.attention.self.key.weight
2022-08-31T11:12:01 | INFO | mmf.utils.checkpoint : Copying model.bert.encoder.layer.1.attention.self.key.bias from model.bert.encoder.layer.1.attention.self.key.bias
2022-08-31T11:12:01 | INFO | mmf.utils.checkpoint : Copying model.bert.encoder.layer.1.attention.self.value.weight from model.bert.encoder.layer.1.attention.self.value.weight
2022-08-31T11:12:01 | INFO | mmf.utils.checkpoint : Copying model.bert.encoder.layer.1.attention.self.value.bias from model.bert.encoder.layer.1.attention.self.value.bias
2022-08-31T11:12:01 | INFO | mmf.utils.checkpoint : Copying model.bert.encoder.layer.1.attention.output.dense.weight from model.bert.encoder.layer.1.attention.output.dense.weight
2022-08-31T11:12:01 | INFO | mmf.utils.checkpoint : Copying model.bert.encoder.layer.1.attention.output.dense.bias from model.bert.encoder.layer.1.attention.output.dense.bias
2022-08-31T11:12:01 | INFO | mmf.utils.checkpoint : Copying model.bert.encoder.layer.1.attention.output.LayerNorm.weight from model.bert.encoder.layer.1.attention.output.LayerNorm.weight
2022-08-31T11:12:01 | INFO | mmf.utils.checkpoint : Copying model.bert.encoder.layer.1.attention.output.LayerNorm.bias from model.bert.encoder.layer.1.attention.output.LayerNorm.bias
2022-08-31T11:12:01 | INFO | mmf.utils.checkpoint : Copying model.bert.encoder.layer.1.intermediate.dense.weight from model.bert.encoder.layer.1.intermediate.dense.weight
2022-08-31T11:12:01 | INFO | mmf.utils.checkpoint : Copying model.bert.encoder.layer.1.intermediate.dense.bias from model.bert.encoder.layer.1.intermediate.dense.bias
2022-08-31T11:12:01 | INFO | mmf.utils.checkpoint : Copying model.bert.encoder.layer.1.output.dense.weight from model.bert.encoder.layer.1.output.dense.weight
2022-08-31T11:12:01 | INFO | mmf.utils.checkpoint : Copying model.bert.encoder.layer.1.output.dense.bias from model.bert.encoder.layer.1.output.dense.bias
2022-08-31T11:12:01 | INFO | mmf.utils.checkpoint : Copying model.bert.encoder.layer.1.output.LayerNorm.weight from model.bert.encoder.layer.1.output.LayerNorm.weight
2022-08-31T11:12:01 | INFO | mmf.utils.checkpoint : Copying model.bert.encoder.layer.1.output.LayerNorm.bias from model.bert.encoder.layer.1.output.LayerNorm.bias
2022-08-31T11:12:01 | INFO | mmf.utils.checkpoint : Copying model.bert.encoder.layer.2.attention.self.query.weight from model.bert.encoder.layer.2.attention.self.query.weight
2022-08-31T11:12:01 | INFO | mmf.utils.checkpoint : Copying model.bert.encoder.layer.2.attention.self.query.bias from model.bert.encoder.layer.2.attention.self.query.bias
2022-08-31T11:12:01 | INFO | mmf.utils.checkpoint : Copying model.bert.encoder.layer.2.attention.self.key.weight from model.bert.encoder.layer.2.attention.self.key.weight
2022-08-31T11:12:01 | INFO | mmf.utils.checkpoint : Copying model.bert.encoder.layer.2.attention.self.key.bias from model.bert.encoder.layer.2.attention.self.key.bias
2022-08-31T11:12:01 | INFO | mmf.utils.checkpoint : Copying model.bert.encoder.layer.2.attention.self.value.weight from model.bert.encoder.layer.2.attention.self.value.weight
2022-08-31T11:12:01 | INFO | mmf.utils.checkpoint : Copying model.bert.encoder.layer.2.attention.self.value.bias from model.bert.encoder.layer.2.attention.self.value.bias
2022-08-31T11:12:01 | INFO | mmf.utils.checkpoint : Copying model.bert.encoder.layer.2.attention.output.dense.weight from model.bert.encoder.layer.2.attention.output.dense.weight
2022-08-31T11:12:01 | INFO | mmf.utils.checkpoint : Copying model.bert.encoder.layer.2.attention.output.dense.bias from model.bert.encoder.layer.2.attention.output.dense.bias
2022-08-31T11:12:01 | INFO | mmf.utils.checkpoint : Copying model.bert.encoder.layer.2.attention.output.LayerNorm.weight from model.bert.encoder.layer.2.attention.output.LayerNorm.weight
2022-08-31T11:12:01 | INFO | mmf.utils.checkpoint : Copying model.bert.encoder.layer.2.attention.output.LayerNorm.bias from model.bert.encoder.layer.2.attention.output.LayerNorm.bias
2022-08-31T11:12:01 | INFO | mmf.utils.checkpoint : Copying model.bert.encoder.layer.2.intermediate.dense.weight from model.bert.encoder.layer.2.intermediate.dense.weight
2022-08-31T11:12:01 | INFO | mmf.utils.checkpoint : Copying model.bert.encoder.layer.2.intermediate.dense.bias from model.bert.encoder.layer.2.intermediate.dense.bias
2022-08-31T11:12:01 | INFO | mmf.utils.checkpoint : Copying model.bert.encoder.layer.2.output.dense.weight from model.bert.encoder.layer.2.output.dense.weight
2022-08-31T11:12:01 | INFO | mmf.utils.checkpoint : Copying model.bert.encoder.layer.2.output.dense.bias from model.bert.encoder.layer.2.output.dense.bias
2022-08-31T11:12:01 | INFO | mmf.utils.checkpoint : Copying model.bert.encoder.layer.2.output.LayerNorm.weight from model.bert.encoder.layer.2.output.LayerNorm.weight
2022-08-31T11:12:01 | INFO | mmf.utils.checkpoint : Copying model.bert.encoder.layer.2.output.LayerNorm.bias from model.bert.encoder.layer.2.output.LayerNorm.bias
2022-08-31T11:12:01 | INFO | mmf.utils.checkpoint : Copying model.bert.encoder.layer.3.attention.self.query.weight from model.bert.encoder.layer.3.attention.self.query.weight
2022-08-31T11:12:01 | INFO | mmf.utils.checkpoint : Copying model.bert.encoder.layer.3.attention.self.query.bias from model.bert.encoder.layer.3.attention.self.query.bias
2022-08-31T11:12:01 | INFO | mmf.utils.checkpoint : Copying model.bert.encoder.layer.3.attention.self.key.weight from model.bert.encoder.layer.3.attention.self.key.weight
2022-08-31T11:12:01 | INFO | mmf.utils.checkpoint : Copying model.bert.encoder.layer.3.attention.self.key.bias from model.bert.encoder.layer.3.attention.self.key.bias
2022-08-31T11:12:01 | INFO | mmf.utils.checkpoint : Copying model.bert.encoder.layer.3.attention.self.value.weight from model.bert.encoder.layer.3.attention.self.value.weight
2022-08-31T11:12:01 | INFO | mmf.utils.checkpoint : Copying model.bert.encoder.layer.3.attention.self.value.bias from model.bert.encoder.layer.3.attention.self.value.bias
2022-08-31T11:12:01 | INFO | mmf.utils.checkpoint : Copying model.bert.encoder.layer.3.attention.output.dense.weight from model.bert.encoder.layer.3.attention.output.dense.weight
2022-08-31T11:12:01 | INFO | mmf.utils.checkpoint : Copying model.bert.encoder.layer.3.attention.output.dense.bias from model.bert.encoder.layer.3.attention.output.dense.bias
2022-08-31T11:12:01 | INFO | mmf.utils.checkpoint : Copying model.bert.encoder.layer.3.attention.output.LayerNorm.weight from model.bert.encoder.layer.3.attention.output.LayerNorm.weight
2022-08-31T11:12:01 | INFO | mmf.utils.checkpoint : Copying model.bert.encoder.layer.3.attention.output.LayerNorm.bias from model.bert.encoder.layer.3.attention.output.LayerNorm.bias
2022-08-31T11:12:01 | INFO | mmf.utils.checkpoint : Copying model.bert.encoder.layer.3.intermediate.dense.weight from model.bert.encoder.layer.3.intermediate.dense.weight
2022-08-31T11:12:01 | INFO | mmf.utils.checkpoint : Copying model.bert.encoder.layer.3.intermediate.dense.bias from model.bert.encoder.layer.3.intermediate.dense.bias
2022-08-31T11:12:01 | INFO | mmf.utils.checkpoint : Copying model.bert.encoder.layer.3.output.dense.weight from model.bert.encoder.layer.3.output.dense.weight
2022-08-31T11:12:01 | INFO | mmf.utils.checkpoint : Copying model.bert.encoder.layer.3.output.dense.bias from model.bert.encoder.layer.3.output.dense.bias
2022-08-31T11:12:01 | INFO | mmf.utils.checkpoint : Copying model.bert.encoder.layer.3.output.LayerNorm.weight from model.bert.encoder.layer.3.output.LayerNorm.weight
2022-08-31T11:12:01 | INFO | mmf.utils.checkpoint : Copying model.bert.encoder.layer.3.output.LayerNorm.bias from model.bert.encoder.layer.3.output.LayerNorm.bias
2022-08-31T11:12:01 | INFO | mmf.utils.checkpoint : Copying model.bert.encoder.layer.4.attention.self.query.weight from model.bert.encoder.layer.4.attention.self.query.weight
2022-08-31T11:12:01 | INFO | mmf.utils.checkpoint : Copying model.bert.encoder.layer.4.attention.self.query.bias from model.bert.encoder.layer.4.attention.self.query.bias
2022-08-31T11:12:01 | INFO | mmf.utils.checkpoint : Copying model.bert.encoder.layer.4.attention.self.key.weight from model.bert.encoder.layer.4.attention.self.key.weight
2022-08-31T11:12:01 | INFO | mmf.utils.checkpoint : Copying model.bert.encoder.layer.4.attention.self.key.bias from model.bert.encoder.layer.4.attention.self.key.bias
2022-08-31T11:12:01 | INFO | mmf.utils.checkpoint : Copying model.bert.encoder.layer.4.attention.self.value.weight from model.bert.encoder.layer.4.attention.self.value.weight
2022-08-31T11:12:01 | INFO | mmf.utils.checkpoint : Copying model.bert.encoder.layer.4.attention.self.value.bias from model.bert.encoder.layer.4.attention.self.value.bias
2022-08-31T11:12:01 | INFO | mmf.utils.checkpoint : Copying model.bert.encoder.layer.4.attention.output.dense.weight from model.bert.encoder.layer.4.attention.output.dense.weight
2022-08-31T11:12:01 | INFO | mmf.utils.checkpoint : Copying model.bert.encoder.layer.4.attention.output.dense.bias from model.bert.encoder.layer.4.attention.output.dense.bias
2022-08-31T11:12:01 | INFO | mmf.utils.checkpoint : Copying model.bert.encoder.layer.4.attention.output.LayerNorm.weight from model.bert.encoder.layer.4.attention.output.LayerNorm.weight
2022-08-31T11:12:01 | INFO | mmf.utils.checkpoint : Copying model.bert.encoder.layer.4.attention.output.LayerNorm.bias from model.bert.encoder.layer.4.attention.output.LayerNorm.bias
2022-08-31T11:12:01 | INFO | mmf.utils.checkpoint : Copying model.bert.encoder.layer.4.intermediate.dense.weight from model.bert.encoder.layer.4.intermediate.dense.weight
2022-08-31T11:12:01 | INFO | mmf.utils.checkpoint : Copying model.bert.encoder.layer.4.intermediate.dense.bias from model.bert.encoder.layer.4.intermediate.dense.bias
2022-08-31T11:12:01 | INFO | mmf.utils.checkpoint : Copying model.bert.encoder.layer.4.output.dense.weight from model.bert.encoder.layer.4.output.dense.weight
2022-08-31T11:12:01 | INFO | mmf.utils.checkpoint : Copying model.bert.encoder.layer.4.output.dense.bias from model.bert.encoder.layer.4.output.dense.bias
2022-08-31T11:12:01 | INFO | mmf.utils.checkpoint : Copying model.bert.encoder.layer.4.output.LayerNorm.weight from model.bert.encoder.layer.4.output.LayerNorm.weight
2022-08-31T11:12:01 | INFO | mmf.utils.checkpoint : Copying model.bert.encoder.layer.4.output.LayerNorm.bias from model.bert.encoder.layer.4.output.LayerNorm.bias
2022-08-31T11:12:01 | INFO | mmf.utils.checkpoint : Copying model.bert.encoder.layer.5.attention.self.query.weight from model.bert.encoder.layer.5.attention.self.query.weight
2022-08-31T11:12:01 | INFO | mmf.utils.checkpoint : Copying model.bert.encoder.layer.5.attention.self.query.bias from model.bert.encoder.layer.5.attention.self.query.bias
2022-08-31T11:12:01 | INFO | mmf.utils.checkpoint : Copying model.bert.encoder.layer.5.attention.self.key.weight from model.bert.encoder.layer.5.attention.self.key.weight
2022-08-31T11:12:01 | INFO | mmf.utils.checkpoint : Copying model.bert.encoder.layer.5.attention.self.key.bias from model.bert.encoder.layer.5.attention.self.key.bias
2022-08-31T11:12:01 | INFO | mmf.utils.checkpoint : Copying model.bert.encoder.layer.5.attention.self.value.weight from model.bert.encoder.layer.5.attention.self.value.weight
2022-08-31T11:12:01 | INFO | mmf.utils.checkpoint : Copying model.bert.encoder.layer.5.attention.self.value.bias from model.bert.encoder.layer.5.attention.self.value.bias
2022-08-31T11:12:01 | INFO | mmf.utils.checkpoint : Copying model.bert.encoder.layer.5.attention.output.dense.weight from model.bert.encoder.layer.5.attention.output.dense.weight
2022-08-31T11:12:01 | INFO | mmf.utils.checkpoint : Copying model.bert.encoder.layer.5.attention.output.dense.bias from model.bert.encoder.layer.5.attention.output.dense.bias
2022-08-31T11:12:01 | INFO | mmf.utils.checkpoint : Copying model.bert.encoder.layer.5.attention.output.LayerNorm.weight from model.bert.encoder.layer.5.attention.output.LayerNorm.weight
2022-08-31T11:12:01 | INFO | mmf.utils.checkpoint : Copying model.bert.encoder.layer.5.attention.output.LayerNorm.bias from model.bert.encoder.layer.5.attention.output.LayerNorm.bias
2022-08-31T11:12:01 | INFO | mmf.utils.checkpoint : Copying model.bert.encoder.layer.5.intermediate.dense.weight from model.bert.encoder.layer.5.intermediate.dense.weight
2022-08-31T11:12:01 | INFO | mmf.utils.checkpoint : Copying model.bert.encoder.layer.5.intermediate.dense.bias from model.bert.encoder.layer.5.intermediate.dense.bias
2022-08-31T11:12:01 | INFO | mmf.utils.checkpoint : Copying model.bert.encoder.layer.5.output.dense.weight from model.bert.encoder.layer.5.output.dense.weight
2022-08-31T11:12:01 | INFO | mmf.utils.checkpoint : Copying model.bert.encoder.layer.5.output.dense.bias from model.bert.encoder.layer.5.output.dense.bias
2022-08-31T11:12:01 | INFO | mmf.utils.checkpoint : Copying model.bert.encoder.layer.5.output.LayerNorm.weight from model.bert.encoder.layer.5.output.LayerNorm.weight
2022-08-31T11:12:01 | INFO | mmf.utils.checkpoint : Copying model.bert.encoder.layer.5.output.LayerNorm.bias from model.bert.encoder.layer.5.output.LayerNorm.bias
2022-08-31T11:12:01 | INFO | mmf.utils.checkpoint : Copying model.bert.encoder.layer.6.attention.self.query.weight from model.bert.encoder.layer.6.attention.self.query.weight
2022-08-31T11:12:01 | INFO | mmf.utils.checkpoint : Copying model.bert.encoder.layer.6.attention.self.query.bias from model.bert.encoder.layer.6.attention.self.query.bias
2022-08-31T11:12:01 | INFO | mmf.utils.checkpoint : Copying model.bert.encoder.layer.6.attention.self.key.weight from model.bert.encoder.layer.6.attention.self.key.weight
2022-08-31T11:12:01 | INFO | mmf.utils.checkpoint : Copying model.bert.encoder.layer.6.attention.self.key.bias from model.bert.encoder.layer.6.attention.self.key.bias
2022-08-31T11:12:01 | INFO | mmf.utils.checkpoint : Copying model.bert.encoder.layer.6.attention.self.value.weight from model.bert.encoder.layer.6.attention.self.value.weight
2022-08-31T11:12:01 | INFO | mmf.utils.checkpoint : Copying model.bert.encoder.layer.6.attention.self.value.bias from model.bert.encoder.layer.6.attention.self.value.bias
2022-08-31T11:12:01 | INFO | mmf.utils.checkpoint : Copying model.bert.encoder.layer.6.attention.output.dense.weight from model.bert.encoder.layer.6.attention.output.dense.weight
2022-08-31T11:12:01 | INFO | mmf.utils.checkpoint : Copying model.bert.encoder.layer.6.attention.output.dense.bias from model.bert.encoder.layer.6.attention.output.dense.bias
2022-08-31T11:12:01 | INFO | mmf.utils.checkpoint : Copying model.bert.encoder.layer.6.attention.output.LayerNorm.weight from model.bert.encoder.layer.6.attention.output.LayerNorm.weight
2022-08-31T11:12:01 | INFO | mmf.utils.checkpoint : Copying model.bert.encoder.layer.6.attention.output.LayerNorm.bias from model.bert.encoder.layer.6.attention.output.LayerNorm.bias
2022-08-31T11:12:01 | INFO | mmf.utils.checkpoint : Copying model.bert.encoder.layer.6.intermediate.dense.weight from model.bert.encoder.layer.6.intermediate.dense.weight
2022-08-31T11:12:01 | INFO | mmf.utils.checkpoint : Copying model.bert.encoder.layer.6.intermediate.dense.bias from model.bert.encoder.layer.6.intermediate.dense.bias
2022-08-31T11:12:01 | INFO | mmf.utils.checkpoint : Copying model.bert.encoder.layer.6.output.dense.weight from model.bert.encoder.layer.6.output.dense.weight
2022-08-31T11:12:01 | INFO | mmf.utils.checkpoint : Copying model.bert.encoder.layer.6.output.dense.bias from model.bert.encoder.layer.6.output.dense.bias
2022-08-31T11:12:01 | INFO | mmf.utils.checkpoint : Copying model.bert.encoder.layer.6.output.LayerNorm.weight from model.bert.encoder.layer.6.output.LayerNorm.weight
2022-08-31T11:12:01 | INFO | mmf.utils.checkpoint : Copying model.bert.encoder.layer.6.output.LayerNorm.bias from model.bert.encoder.layer.6.output.LayerNorm.bias
2022-08-31T11:12:01 | INFO | mmf.utils.checkpoint : Copying model.bert.encoder.layer.7.attention.self.query.weight from model.bert.encoder.layer.7.attention.self.query.weight
2022-08-31T11:12:01 | INFO | mmf.utils.checkpoint : Copying model.bert.encoder.layer.7.attention.self.query.bias from model.bert.encoder.layer.7.attention.self.query.bias
2022-08-31T11:12:01 | INFO | mmf.utils.checkpoint : Copying model.bert.encoder.layer.7.attention.self.key.weight from model.bert.encoder.layer.7.attention.self.key.weight
2022-08-31T11:12:01 | INFO | mmf.utils.checkpoint : Copying model.bert.encoder.layer.7.attention.self.key.bias from model.bert.encoder.layer.7.attention.self.key.bias
2022-08-31T11:12:01 | INFO | mmf.utils.checkpoint : Copying model.bert.encoder.layer.7.attention.self.value.weight from model.bert.encoder.layer.7.attention.self.value.weight
2022-08-31T11:12:01 | INFO | mmf.utils.checkpoint : Copying model.bert.encoder.layer.7.attention.self.value.bias from model.bert.encoder.layer.7.attention.self.value.bias
2022-08-31T11:12:01 | INFO | mmf.utils.checkpoint : Copying model.bert.encoder.layer.7.attention.output.dense.weight from model.bert.encoder.layer.7.attention.output.dense.weight
2022-08-31T11:12:01 | INFO | mmf.utils.checkpoint : Copying model.bert.encoder.layer.7.attention.output.dense.bias from model.bert.encoder.layer.7.attention.output.dense.bias
2022-08-31T11:12:01 | INFO | mmf.utils.checkpoint : Copying model.bert.encoder.layer.7.attention.output.LayerNorm.weight from model.bert.encoder.layer.7.attention.output.LayerNorm.weight
2022-08-31T11:12:01 | INFO | mmf.utils.checkpoint : Copying model.bert.encoder.layer.7.attention.output.LayerNorm.bias from model.bert.encoder.layer.7.attention.output.LayerNorm.bias
2022-08-31T11:12:01 | INFO | mmf.utils.checkpoint : Copying model.bert.encoder.layer.7.intermediate.dense.weight from model.bert.encoder.layer.7.intermediate.dense.weight
2022-08-31T11:12:01 | INFO | mmf.utils.checkpoint : Copying model.bert.encoder.layer.7.intermediate.dense.bias from model.bert.encoder.layer.7.intermediate.dense.bias
2022-08-31T11:12:01 | INFO | mmf.utils.checkpoint : Copying model.bert.encoder.layer.7.output.dense.weight from model.bert.encoder.layer.7.output.dense.weight
2022-08-31T11:12:01 | INFO | mmf.utils.checkpoint : Copying model.bert.encoder.layer.7.output.dense.bias from model.bert.encoder.layer.7.output.dense.bias
2022-08-31T11:12:01 | INFO | mmf.utils.checkpoint : Copying model.bert.encoder.layer.7.output.LayerNorm.weight from model.bert.encoder.layer.7.output.LayerNorm.weight
2022-08-31T11:12:01 | INFO | mmf.utils.checkpoint : Copying model.bert.encoder.layer.7.output.LayerNorm.bias from model.bert.encoder.layer.7.output.LayerNorm.bias
2022-08-31T11:12:01 | INFO | mmf.utils.checkpoint : Copying model.bert.encoder.layer.8.attention.self.query.weight from model.bert.encoder.layer.8.attention.self.query.weight
2022-08-31T11:12:01 | INFO | mmf.utils.checkpoint : Copying model.bert.encoder.layer.8.attention.self.query.bias from model.bert.encoder.layer.8.attention.self.query.bias
2022-08-31T11:12:01 | INFO | mmf.utils.checkpoint : Copying model.bert.encoder.layer.8.attention.self.key.weight from model.bert.encoder.layer.8.attention.self.key.weight
2022-08-31T11:12:01 | INFO | mmf.utils.checkpoint : Copying model.bert.encoder.layer.8.attention.self.key.bias from model.bert.encoder.layer.8.attention.self.key.bias
2022-08-31T11:12:01 | INFO | mmf.utils.checkpoint : Copying model.bert.encoder.layer.8.attention.self.value.weight from model.bert.encoder.layer.8.attention.self.value.weight
2022-08-31T11:12:01 | INFO | mmf.utils.checkpoint : Copying model.bert.encoder.layer.8.attention.self.value.bias from model.bert.encoder.layer.8.attention.self.value.bias
2022-08-31T11:12:01 | INFO | mmf.utils.checkpoint : Copying model.bert.encoder.layer.8.attention.output.dense.weight from model.bert.encoder.layer.8.attention.output.dense.weight
2022-08-31T11:12:01 | INFO | mmf.utils.checkpoint : Copying model.bert.encoder.layer.8.attention.output.dense.bias from model.bert.encoder.layer.8.attention.output.dense.bias
2022-08-31T11:12:01 | INFO | mmf.utils.checkpoint : Copying model.bert.encoder.layer.8.attention.output.LayerNorm.weight from model.bert.encoder.layer.8.attention.output.LayerNorm.weight
2022-08-31T11:12:01 | INFO | mmf.utils.checkpoint : Copying model.bert.encoder.layer.8.attention.output.LayerNorm.bias from model.bert.encoder.layer.8.attention.output.LayerNorm.bias
2022-08-31T11:12:01 | INFO | mmf.utils.checkpoint : Copying model.bert.encoder.layer.8.intermediate.dense.weight from model.bert.encoder.layer.8.intermediate.dense.weight
2022-08-31T11:12:01 | INFO | mmf.utils.checkpoint : Copying model.bert.encoder.layer.8.intermediate.dense.bias from model.bert.encoder.layer.8.intermediate.dense.bias
2022-08-31T11:12:01 | INFO | mmf.utils.checkpoint : Copying model.bert.encoder.layer.8.output.dense.weight from model.bert.encoder.layer.8.output.dense.weight
2022-08-31T11:12:01 | INFO | mmf.utils.checkpoint : Copying model.bert.encoder.layer.8.output.dense.bias from model.bert.encoder.layer.8.output.dense.bias
2022-08-31T11:12:01 | INFO | mmf.utils.checkpoint : Copying model.bert.encoder.layer.8.output.LayerNorm.weight from model.bert.encoder.layer.8.output.LayerNorm.weight
2022-08-31T11:12:01 | INFO | mmf.utils.checkpoint : Copying model.bert.encoder.layer.8.output.LayerNorm.bias from model.bert.encoder.layer.8.output.LayerNorm.bias
2022-08-31T11:12:01 | INFO | mmf.utils.checkpoint : Copying model.bert.encoder.layer.9.attention.self.query.weight from model.bert.encoder.layer.9.attention.self.query.weight
2022-08-31T11:12:01 | INFO | mmf.utils.checkpoint : Copying model.bert.encoder.layer.9.attention.self.query.bias from model.bert.encoder.layer.9.attention.self.query.bias
2022-08-31T11:12:01 | INFO | mmf.utils.checkpoint : Copying model.bert.encoder.layer.9.attention.self.key.weight from model.bert.encoder.layer.9.attention.self.key.weight
2022-08-31T11:12:01 | INFO | mmf.utils.checkpoint : Copying model.bert.encoder.layer.9.attention.self.key.bias from model.bert.encoder.layer.9.attention.self.key.bias
2022-08-31T11:12:01 | INFO | mmf.utils.checkpoint : Copying model.bert.encoder.layer.9.attention.self.value.weight from model.bert.encoder.layer.9.attention.self.value.weight
2022-08-31T11:12:01 | INFO | mmf.utils.checkpoint : Copying model.bert.encoder.layer.9.attention.self.value.bias from model.bert.encoder.layer.9.attention.self.value.bias
2022-08-31T11:12:01 | INFO | mmf.utils.checkpoint : Copying model.bert.encoder.layer.9.attention.output.dense.weight from model.bert.encoder.layer.9.attention.output.dense.weight
2022-08-31T11:12:01 | INFO | mmf.utils.checkpoint : Copying model.bert.encoder.layer.9.attention.output.dense.bias from model.bert.encoder.layer.9.attention.output.dense.bias
2022-08-31T11:12:01 | INFO | mmf.utils.checkpoint : Copying model.bert.encoder.layer.9.attention.output.LayerNorm.weight from model.bert.encoder.layer.9.attention.output.LayerNorm.weight
2022-08-31T11:12:01 | INFO | mmf.utils.checkpoint : Copying model.bert.encoder.layer.9.attention.output.LayerNorm.bias from model.bert.encoder.layer.9.attention.output.LayerNorm.bias
2022-08-31T11:12:01 | INFO | mmf.utils.checkpoint : Copying model.bert.encoder.layer.9.intermediate.dense.weight from model.bert.encoder.layer.9.intermediate.dense.weight
2022-08-31T11:12:01 | INFO | mmf.utils.checkpoint : Copying model.bert.encoder.layer.9.intermediate.dense.bias from model.bert.encoder.layer.9.intermediate.dense.bias
2022-08-31T11:12:01 | INFO | mmf.utils.checkpoint : Copying model.bert.encoder.layer.9.output.dense.weight from model.bert.encoder.layer.9.output.dense.weight
2022-08-31T11:12:01 | INFO | mmf.utils.checkpoint : Copying model.bert.encoder.layer.9.output.dense.bias from model.bert.encoder.layer.9.output.dense.bias
2022-08-31T11:12:01 | INFO | mmf.utils.checkpoint : Copying model.bert.encoder.layer.9.output.LayerNorm.weight from model.bert.encoder.layer.9.output.LayerNorm.weight
2022-08-31T11:12:01 | INFO | mmf.utils.checkpoint : Copying model.bert.encoder.layer.9.output.LayerNorm.bias from model.bert.encoder.layer.9.output.LayerNorm.bias
2022-08-31T11:12:01 | INFO | mmf.utils.checkpoint : Copying model.bert.encoder.layer.10.attention.self.query.weight from model.bert.encoder.layer.10.attention.self.query.weight
2022-08-31T11:12:01 | INFO | mmf.utils.checkpoint : Copying model.bert.encoder.layer.10.attention.self.query.bias from model.bert.encoder.layer.10.attention.self.query.bias
2022-08-31T11:12:01 | INFO | mmf.utils.checkpoint : Copying model.bert.encoder.layer.10.attention.self.key.weight from model.bert.encoder.layer.10.attention.self.key.weight
2022-08-31T11:12:01 | INFO | mmf.utils.checkpoint : Copying model.bert.encoder.layer.10.attention.self.key.bias from model.bert.encoder.layer.10.attention.self.key.bias
2022-08-31T11:12:01 | INFO | mmf.utils.checkpoint : Copying model.bert.encoder.layer.10.attention.self.value.weight from model.bert.encoder.layer.10.attention.self.value.weight
2022-08-31T11:12:01 | INFO | mmf.utils.checkpoint : Copying model.bert.encoder.layer.10.attention.self.value.bias from model.bert.encoder.layer.10.attention.self.value.bias
2022-08-31T11:12:01 | INFO | mmf.utils.checkpoint : Copying model.bert.encoder.layer.10.attention.output.dense.weight from model.bert.encoder.layer.10.attention.output.dense.weight
2022-08-31T11:12:01 | INFO | mmf.utils.checkpoint : Copying model.bert.encoder.layer.10.attention.output.dense.bias from model.bert.encoder.layer.10.attention.output.dense.bias
2022-08-31T11:12:01 | INFO | mmf.utils.checkpoint : Copying model.bert.encoder.layer.10.attention.output.LayerNorm.weight from model.bert.encoder.layer.10.attention.output.LayerNorm.weight
2022-08-31T11:12:01 | INFO | mmf.utils.checkpoint : Copying model.bert.encoder.layer.10.attention.output.LayerNorm.bias from model.bert.encoder.layer.10.attention.output.LayerNorm.bias
2022-08-31T11:12:01 | INFO | mmf.utils.checkpoint : Copying model.bert.encoder.layer.10.intermediate.dense.weight from model.bert.encoder.layer.10.intermediate.dense.weight
2022-08-31T11:12:01 | INFO | mmf.utils.checkpoint : Copying model.bert.encoder.layer.10.intermediate.dense.bias from model.bert.encoder.layer.10.intermediate.dense.bias
2022-08-31T11:12:01 | INFO | mmf.utils.checkpoint : Copying model.bert.encoder.layer.10.output.dense.weight from model.bert.encoder.layer.10.output.dense.weight
2022-08-31T11:12:01 | INFO | mmf.utils.checkpoint : Copying model.bert.encoder.layer.10.output.dense.bias from model.bert.encoder.layer.10.output.dense.bias
2022-08-31T11:12:01 | INFO | mmf.utils.checkpoint : Copying model.bert.encoder.layer.10.output.LayerNorm.weight from model.bert.encoder.layer.10.output.LayerNorm.weight
2022-08-31T11:12:01 | INFO | mmf.utils.checkpoint : Copying model.bert.encoder.layer.10.output.LayerNorm.bias from model.bert.encoder.layer.10.output.LayerNorm.bias
2022-08-31T11:12:01 | INFO | mmf.utils.checkpoint : Copying model.bert.encoder.layer.11.attention.self.query.weight from model.bert.encoder.layer.11.attention.self.query.weight
2022-08-31T11:12:01 | INFO | mmf.utils.checkpoint : Copying model.bert.encoder.layer.11.attention.self.query.bias from model.bert.encoder.layer.11.attention.self.query.bias
2022-08-31T11:12:01 | INFO | mmf.utils.checkpoint : Copying model.bert.encoder.layer.11.attention.self.key.weight from model.bert.encoder.layer.11.attention.self.key.weight
2022-08-31T11:12:01 | INFO | mmf.utils.checkpoint : Copying model.bert.encoder.layer.11.attention.self.key.bias from model.bert.encoder.layer.11.attention.self.key.bias
2022-08-31T11:12:01 | INFO | mmf.utils.checkpoint : Copying model.bert.encoder.layer.11.attention.self.value.weight from model.bert.encoder.layer.11.attention.self.value.weight
2022-08-31T11:12:01 | INFO | mmf.utils.checkpoint : Copying model.bert.encoder.layer.11.attention.self.value.bias from model.bert.encoder.layer.11.attention.self.value.bias
2022-08-31T11:12:01 | INFO | mmf.utils.checkpoint : Copying model.bert.encoder.layer.11.attention.output.dense.weight from model.bert.encoder.layer.11.attention.output.dense.weight
2022-08-31T11:12:01 | INFO | mmf.utils.checkpoint : Copying model.bert.encoder.layer.11.attention.output.dense.bias from model.bert.encoder.layer.11.attention.output.dense.bias
2022-08-31T11:12:01 | INFO | mmf.utils.checkpoint : Copying model.bert.encoder.layer.11.attention.output.LayerNorm.weight from model.bert.encoder.layer.11.attention.output.LayerNorm.weight
2022-08-31T11:12:01 | INFO | mmf.utils.checkpoint : Copying model.bert.encoder.layer.11.attention.output.LayerNorm.bias from model.bert.encoder.layer.11.attention.output.LayerNorm.bias
2022-08-31T11:12:01 | INFO | mmf.utils.checkpoint : Copying model.bert.encoder.layer.11.intermediate.dense.weight from model.bert.encoder.layer.11.intermediate.dense.weight
2022-08-31T11:12:01 | INFO | mmf.utils.checkpoint : Copying model.bert.encoder.layer.11.intermediate.dense.bias from model.bert.encoder.layer.11.intermediate.dense.bias
2022-08-31T11:12:01 | INFO | mmf.utils.checkpoint : Copying model.bert.encoder.layer.11.output.dense.weight from model.bert.encoder.layer.11.output.dense.weight
2022-08-31T11:12:01 | INFO | mmf.utils.checkpoint : Copying model.bert.encoder.layer.11.output.dense.bias from model.bert.encoder.layer.11.output.dense.bias
2022-08-31T11:12:01 | INFO | mmf.utils.checkpoint : Copying model.bert.encoder.layer.11.output.LayerNorm.weight from model.bert.encoder.layer.11.output.LayerNorm.weight
2022-08-31T11:12:01 | INFO | mmf.utils.checkpoint : Copying model.bert.encoder.layer.11.output.LayerNorm.bias from model.bert.encoder.layer.11.output.LayerNorm.bias
2022-08-31T11:12:01 | INFO | mmf.utils.checkpoint : Copying model.bert.pooler.dense.weight from model.bert.pooler.dense.weight
2022-08-31T11:12:01 | INFO | mmf.utils.checkpoint : Copying model.bert.pooler.dense.bias from model.bert.pooler.dense.bias
2022-08-31T11:12:01 | INFO | mmf.utils.checkpoint : Pretrained model loaded
2022-08-31T11:12:01 | INFO | mmf.utils.checkpoint : Checkpoint loaded.
2022-08-31T11:12:01 | INFO | mmf.utils.checkpoint : Current num updates: 0
2022-08-31T11:12:01 | INFO | mmf.utils.checkpoint : Current iteration: 0
2022-08-31T11:12:01 | INFO | mmf.utils.checkpoint : Current epoch: 0
2022-08-31T11:12:01 | INFO | mmf.trainers.mmf_trainer : ===== Model =====
2022-08-31T11:12:01 | INFO | mmf.trainers.mmf_trainer : VisualBERT(
  (model): VisualBERTForClassification(
    (bert): VisualBERTBase(
      (embeddings): BertVisioLinguisticEmbeddings(
        (word_embeddings): Embedding(30522, 768, padding_idx=0)
        (position_embeddings): Embedding(512, 768)
        (token_type_embeddings): Embedding(2, 768)
        (LayerNorm): LayerNorm((768,), eps=1e-12, elementwise_affine=True)
        (dropout): Dropout(p=0.1, inplace=False)
        (token_type_embeddings_visual): Embedding(2, 768)
        (position_embeddings_visual): Embedding(512, 768)
        (projection): Linear(in_features=2048, out_features=768, bias=True)
      )
      (encoder): BertEncoderJit(
        (layer): ModuleList(
          (0): BertLayerJit(
            (attention): BertAttentionJit(
              (self): BertSelfAttentionJit(
                (query): Linear(in_features=768, out_features=768, bias=True)
                (key): Linear(in_features=768, out_features=768, bias=True)
                (value): Linear(in_features=768, out_features=768, bias=True)
                (dropout): Dropout(p=0.1, inplace=False)
              )
              (output): BertSelfOutput(
                (dense): Linear(in_features=768, out_features=768, bias=True)
                (LayerNorm): LayerNorm((768,), eps=1e-12, elementwise_affine=True)
                (dropout): Dropout(p=0.1, inplace=False)
              )
            )
            (intermediate): BertIntermediate(
              (dense): Linear(in_features=768, out_features=3072, bias=True)
            )
            (output): BertOutput(
              (dense): Linear(in_features=3072, out_features=768, bias=True)
              (LayerNorm): LayerNorm((768,), eps=1e-12, elementwise_affine=True)
              (dropout): Dropout(p=0.1, inplace=False)
            )
          )
          (1): BertLayerJit(
            (attention): BertAttentionJit(
              (self): BertSelfAttentionJit(
                (query): Linear(in_features=768, out_features=768, bias=True)
                (key): Linear(in_features=768, out_features=768, bias=True)
                (value): Linear(in_features=768, out_features=768, bias=True)
                (dropout): Dropout(p=0.1, inplace=False)
              )
              (output): BertSelfOutput(
                (dense): Linear(in_features=768, out_features=768, bias=True)
                (LayerNorm): LayerNorm((768,), eps=1e-12, elementwise_affine=True)
                (dropout): Dropout(p=0.1, inplace=False)
              )
            )
            (intermediate): BertIntermediate(
              (dense): Linear(in_features=768, out_features=3072, bias=True)
            )
            (output): BertOutput(
              (dense): Linear(in_features=3072, out_features=768, bias=True)
              (LayerNorm): LayerNorm((768,), eps=1e-12, elementwise_affine=True)
              (dropout): Dropout(p=0.1, inplace=False)
            )
          )
          (2): BertLayerJit(
            (attention): BertAttentionJit(
              (self): BertSelfAttentionJit(
                (query): Linear(in_features=768, out_features=768, bias=True)
                (key): Linear(in_features=768, out_features=768, bias=True)
                (value): Linear(in_features=768, out_features=768, bias=True)
                (dropout): Dropout(p=0.1, inplace=False)
              )
              (output): BertSelfOutput(
                (dense): Linear(in_features=768, out_features=768, bias=True)
                (LayerNorm): LayerNorm((768,), eps=1e-12, elementwise_affine=True)
                (dropout): Dropout(p=0.1, inplace=False)
              )
            )
            (intermediate): BertIntermediate(
              (dense): Linear(in_features=768, out_features=3072, bias=True)
            )
            (output): BertOutput(
              (dense): Linear(in_features=3072, out_features=768, bias=True)
              (LayerNorm): LayerNorm((768,), eps=1e-12, elementwise_affine=True)
              (dropout): Dropout(p=0.1, inplace=False)
            )
          )
          (3): BertLayerJit(
            (attention): BertAttentionJit(
              (self): BertSelfAttentionJit(
                (query): Linear(in_features=768, out_features=768, bias=True)
                (key): Linear(in_features=768, out_features=768, bias=True)
                (value): Linear(in_features=768, out_features=768, bias=True)
                (dropout): Dropout(p=0.1, inplace=False)
              )
              (output): BertSelfOutput(
                (dense): Linear(in_features=768, out_features=768, bias=True)
                (LayerNorm): LayerNorm((768,), eps=1e-12, elementwise_affine=True)
                (dropout): Dropout(p=0.1, inplace=False)
              )
            )
            (intermediate): BertIntermediate(
              (dense): Linear(in_features=768, out_features=3072, bias=True)
            )
            (output): BertOutput(
              (dense): Linear(in_features=3072, out_features=768, bias=True)
              (LayerNorm): LayerNorm((768,), eps=1e-12, elementwise_affine=True)
              (dropout): Dropout(p=0.1, inplace=False)
            )
          )
          (4): BertLayerJit(
            (attention): BertAttentionJit(
              (self): BertSelfAttentionJit(
                (query): Linear(in_features=768, out_features=768, bias=True)
                (key): Linear(in_features=768, out_features=768, bias=True)
                (value): Linear(in_features=768, out_features=768, bias=True)
                (dropout): Dropout(p=0.1, inplace=False)
              )
              (output): BertSelfOutput(
                (dense): Linear(in_features=768, out_features=768, bias=True)
                (LayerNorm): LayerNorm((768,), eps=1e-12, elementwise_affine=True)
                (dropout): Dropout(p=0.1, inplace=False)
              )
            )
            (intermediate): BertIntermediate(
              (dense): Linear(in_features=768, out_features=3072, bias=True)
            )
            (output): BertOutput(
              (dense): Linear(in_features=3072, out_features=768, bias=True)
              (LayerNorm): LayerNorm((768,), eps=1e-12, elementwise_affine=True)
              (dropout): Dropout(p=0.1, inplace=False)
            )
          )
          (5): BertLayerJit(
            (attention): BertAttentionJit(
              (self): BertSelfAttentionJit(
                (query): Linear(in_features=768, out_features=768, bias=True)
                (key): Linear(in_features=768, out_features=768, bias=True)
                (value): Linear(in_features=768, out_features=768, bias=True)
                (dropout): Dropout(p=0.1, inplace=False)
              )
              (output): BertSelfOutput(
                (dense): Linear(in_features=768, out_features=768, bias=True)
                (LayerNorm): LayerNorm((768,), eps=1e-12, elementwise_affine=True)
                (dropout): Dropout(p=0.1, inplace=False)
              )
            )
            (intermediate): BertIntermediate(
              (dense): Linear(in_features=768, out_features=3072, bias=True)
            )
            (output): BertOutput(
              (dense): Linear(in_features=3072, out_features=768, bias=True)
              (LayerNorm): LayerNorm((768,), eps=1e-12, elementwise_affine=True)
              (dropout): Dropout(p=0.1, inplace=False)
            )
          )
          (6): BertLayerJit(
            (attention): BertAttentionJit(
              (self): BertSelfAttentionJit(
                (query): Linear(in_features=768, out_features=768, bias=True)
                (key): Linear(in_features=768, out_features=768, bias=True)
                (value): Linear(in_features=768, out_features=768, bias=True)
                (dropout): Dropout(p=0.1, inplace=False)
              )
              (output): BertSelfOutput(
                (dense): Linear(in_features=768, out_features=768, bias=True)
                (LayerNorm): LayerNorm((768,), eps=1e-12, elementwise_affine=True)
                (dropout): Dropout(p=0.1, inplace=False)
              )
            )
            (intermediate): BertIntermediate(
              (dense): Linear(in_features=768, out_features=3072, bias=True)
            )
            (output): BertOutput(
              (dense): Linear(in_features=3072, out_features=768, bias=True)
              (LayerNorm): LayerNorm((768,), eps=1e-12, elementwise_affine=True)
              (dropout): Dropout(p=0.1, inplace=False)
            )
          )
          (7): BertLayerJit(
            (attention): BertAttentionJit(
              (self): BertSelfAttentionJit(
                (query): Linear(in_features=768, out_features=768, bias=True)
                (key): Linear(in_features=768, out_features=768, bias=True)
                (value): Linear(in_features=768, out_features=768, bias=True)
                (dropout): Dropout(p=0.1, inplace=False)
              )
              (output): BertSelfOutput(
                (dense): Linear(in_features=768, out_features=768, bias=True)
                (LayerNorm): LayerNorm((768,), eps=1e-12, elementwise_affine=True)
                (dropout): Dropout(p=0.1, inplace=False)
              )
            )
            (intermediate): BertIntermediate(
              (dense): Linear(in_features=768, out_features=3072, bias=True)
            )
            (output): BertOutput(
              (dense): Linear(in_features=3072, out_features=768, bias=True)
              (LayerNorm): LayerNorm((768,), eps=1e-12, elementwise_affine=True)
              (dropout): Dropout(p=0.1, inplace=False)
            )
          )
          (8): BertLayerJit(
            (attention): BertAttentionJit(
              (self): BertSelfAttentionJit(
                (query): Linear(in_features=768, out_features=768, bias=True)
                (key): Linear(in_features=768, out_features=768, bias=True)
                (value): Linear(in_features=768, out_features=768, bias=True)
                (dropout): Dropout(p=0.1, inplace=False)
              )
              (output): BertSelfOutput(
                (dense): Linear(in_features=768, out_features=768, bias=True)
                (LayerNorm): LayerNorm((768,), eps=1e-12, elementwise_affine=True)
                (dropout): Dropout(p=0.1, inplace=False)
              )
            )
            (intermediate): BertIntermediate(
              (dense): Linear(in_features=768, out_features=3072, bias=True)
            )
            (output): BertOutput(
              (dense): Linear(in_features=3072, out_features=768, bias=True)
              (LayerNorm): LayerNorm((768,), eps=1e-12, elementwise_affine=True)
              (dropout): Dropout(p=0.1, inplace=False)
            )
          )
          (9): BertLayerJit(
            (attention): BertAttentionJit(
              (self): BertSelfAttentionJit(
                (query): Linear(in_features=768, out_features=768, bias=True)
                (key): Linear(in_features=768, out_features=768, bias=True)
                (value): Linear(in_features=768, out_features=768, bias=True)
                (dropout): Dropout(p=0.1, inplace=False)
              )
              (output): BertSelfOutput(
                (dense): Linear(in_features=768, out_features=768, bias=True)
                (LayerNorm): LayerNorm((768,), eps=1e-12, elementwise_affine=True)
                (dropout): Dropout(p=0.1, inplace=False)
              )
            )
            (intermediate): BertIntermediate(
              (dense): Linear(in_features=768, out_features=3072, bias=True)
            )
            (output): BertOutput(
              (dense): Linear(in_features=3072, out_features=768, bias=True)
              (LayerNorm): LayerNorm((768,), eps=1e-12, elementwise_affine=True)
              (dropout): Dropout(p=0.1, inplace=False)
            )
          )
          (10): BertLayerJit(
            (attention): BertAttentionJit(
              (self): BertSelfAttentionJit(
                (query): Linear(in_features=768, out_features=768, bias=True)
                (key): Linear(in_features=768, out_features=768, bias=True)
                (value): Linear(in_features=768, out_features=768, bias=True)
                (dropout): Dropout(p=0.1, inplace=False)
              )
              (output): BertSelfOutput(
                (dense): Linear(in_features=768, out_features=768, bias=True)
                (LayerNorm): LayerNorm((768,), eps=1e-12, elementwise_affine=True)
                (dropout): Dropout(p=0.1, inplace=False)
              )
            )
            (intermediate): BertIntermediate(
              (dense): Linear(in_features=768, out_features=3072, bias=True)
            )
            (output): BertOutput(
              (dense): Linear(in_features=3072, out_features=768, bias=True)
              (LayerNorm): LayerNorm((768,), eps=1e-12, elementwise_affine=True)
              (dropout): Dropout(p=0.1, inplace=False)
            )
          )
          (11): BertLayerJit(
            (attention): BertAttentionJit(
              (self): BertSelfAttentionJit(
                (query): Linear(in_features=768, out_features=768, bias=True)
                (key): Linear(in_features=768, out_features=768, bias=True)
                (value): Linear(in_features=768, out_features=768, bias=True)
                (dropout): Dropout(p=0.1, inplace=False)
              )
              (output): BertSelfOutput(
                (dense): Linear(in_features=768, out_features=768, bias=True)
                (LayerNorm): LayerNorm((768,), eps=1e-12, elementwise_affine=True)
                (dropout): Dropout(p=0.1, inplace=False)
              )
            )
            (intermediate): BertIntermediate(
              (dense): Linear(in_features=768, out_features=3072, bias=True)
            )
            (output): BertOutput(
              (dense): Linear(in_features=3072, out_features=768, bias=True)
              (LayerNorm): LayerNorm((768,), eps=1e-12, elementwise_affine=True)
              (dropout): Dropout(p=0.1, inplace=False)
            )
          )
        )
      )
      (pooler): BertPooler(
        (dense): Linear(in_features=768, out_features=768, bias=True)
        (activation): Tanh()
      )
    )
    (dropout): Dropout(p=0.1, inplace=False)
    (classifier): Sequential(
      (0): BertPredictionHeadTransform(
        (dense): Linear(in_features=768, out_features=768, bias=True)
        (LayerNorm): LayerNorm((768,), eps=1e-12, elementwise_affine=True)
      )
      (1): Linear(in_features=768, out_features=6, bias=True)
    )
  )
  (losses): Losses(
    (losses): ModuleList(
      (0): MMFLoss(
        (loss_criterion): CrossEntropyLoss(
          (loss_fn): CrossEntropyLoss()
        )
      )
    )
  )
)
2022-08-31T11:12:02 | INFO | mmf.utils.general : Total Parameters: 112047366. Trained Parameters: 112047366
2022-08-31T11:12:02 | INFO | mmf.trainers.core.training_loop : Starting training...
2022-08-31T11:12:44 | INFO | mmf.trainers.callbacks.checkpoint : Checkpoint time. Saving a checkpoint.
2022-08-31T11:12:44 | WARNING | py.warnings : /usr/local/lib/python3.7/dist-packages/torch/optim/lr_scheduler.py:200: UserWarning: Please also save or load the state of the optimzer when saving or loading the scheduler.
  warnings.warn(SAVE_STATE_WARNING, UserWarning)

2022-08-31T11:12:44 | WARNING | py.warnings : /usr/local/lib/python3.7/dist-packages/torch/optim/lr_scheduler.py:200: UserWarning: Please also save or load the state of the optimzer when saving or loading the scheduler.
  warnings.warn(SAVE_STATE_WARNING, UserWarning)

2022-08-31T11:12:55 | INFO | mmf.trainers.core.training_loop : Evaluation time. Running on full validation set...
2022-08-31T11:13:05 | WARNING | py.warnings : /usr/local/lib/python3.7/dist-packages/torch/optim/lr_scheduler.py:200: UserWarning: Please also save or load the state of the optimzer when saving or loading the scheduler.
  warnings.warn(SAVE_STATE_WARNING, UserWarning)

2022-08-31T11:13:05 | WARNING | py.warnings : /usr/local/lib/python3.7/dist-packages/torch/optim/lr_scheduler.py:200: UserWarning: Please also save or load the state of the optimzer when saving or loading the scheduler.
  warnings.warn(SAVE_STATE_WARNING, UserWarning)

2022-08-31T11:13:22 | INFO | mmf.trainers.callbacks.logistics : progress: 50/1000, val/hateful_memes/cross_entropy: 1.3648, val/total_loss: 1.3648, val/hateful_memes/accuracy: 0.4121, val/hateful_memes/binary_f1: 0.0000, val/hateful_memes/roc_auc: 0.5368, num_updates: 50, epoch: 1, iterations: 50, max_updates: 1000, val_time: 26s 377ms, best_update: 50, best_iteration: 50, best_val/hateful_memes/roc_auc: 0.536807
2022-08-31T11:14:02 | INFO | mmf.trainers.callbacks.checkpoint : Checkpoint time. Saving a checkpoint.
2022-08-31T11:14:02 | WARNING | py.warnings : /usr/local/lib/python3.7/dist-packages/torch/optim/lr_scheduler.py:200: UserWarning: Please also save or load the state of the optimzer when saving or loading the scheduler.
  warnings.warn(SAVE_STATE_WARNING, UserWarning)

2022-08-31T11:14:02 | WARNING | py.warnings : /usr/local/lib/python3.7/dist-packages/torch/optim/lr_scheduler.py:200: UserWarning: Please also save or load the state of the optimzer when saving or loading the scheduler.
  warnings.warn(SAVE_STATE_WARNING, UserWarning)

2022-08-31T11:14:12 | INFO | mmf.trainers.callbacks.logistics : progress: 100/1000, train/hateful_memes/cross_entropy: 0.8900, train/hateful_memes/cross_entropy/avg: 0.8900, train/total_loss: 0.8900, train/total_loss/avg: 0.8900, max mem: 9201.0, experiment: run, epoch: 1, num_updates: 100, iterations: 100, max_updates: 1000, lr: 0.00002, ups: 2.00, time: 50s 678ms, time_since_start: 03m 04s 348ms, eta: 07m 36s 103ms
2022-08-31T11:14:12 | INFO | mmf.trainers.core.training_loop : Evaluation time. Running on full validation set...
2022-08-31T11:14:23 | WARNING | py.warnings : /usr/local/lib/python3.7/dist-packages/torch/optim/lr_scheduler.py:200: UserWarning: Please also save or load the state of the optimzer when saving or loading the scheduler.
  warnings.warn(SAVE_STATE_WARNING, UserWarning)

2022-08-31T11:14:23 | WARNING | py.warnings : /usr/local/lib/python3.7/dist-packages/torch/optim/lr_scheduler.py:200: UserWarning: Please also save or load the state of the optimzer when saving or loading the scheduler.
  warnings.warn(SAVE_STATE_WARNING, UserWarning)

2022-08-31T11:14:39 | INFO | mmf.trainers.callbacks.logistics : progress: 100/1000, val/hateful_memes/cross_entropy: 1.3333, val/total_loss: 1.3333, val/hateful_memes/accuracy: 0.4121, val/hateful_memes/binary_f1: 0.0000, val/hateful_memes/roc_auc: 0.6226, num_updates: 100, epoch: 1, iterations: 100, max_updates: 1000, val_time: 26s 508ms, best_update: 100, best_iteration: 100, best_val/hateful_memes/roc_auc: 0.622570
2022-08-31T11:15:19 | INFO | mmf.trainers.callbacks.checkpoint : Checkpoint time. Saving a checkpoint.
2022-08-31T11:15:19 | WARNING | py.warnings : /usr/local/lib/python3.7/dist-packages/torch/optim/lr_scheduler.py:200: UserWarning: Please also save or load the state of the optimzer when saving or loading the scheduler.
  warnings.warn(SAVE_STATE_WARNING, UserWarning)

2022-08-31T11:15:19 | WARNING | py.warnings : /usr/local/lib/python3.7/dist-packages/torch/optim/lr_scheduler.py:200: UserWarning: Please also save or load the state of the optimzer when saving or loading the scheduler.
  warnings.warn(SAVE_STATE_WARNING, UserWarning)

2022-08-31T11:15:30 | INFO | mmf.trainers.core.training_loop : Evaluation time. Running on full validation set...
2022-08-31T11:15:40 | WARNING | py.warnings : /usr/local/lib/python3.7/dist-packages/torch/optim/lr_scheduler.py:200: UserWarning: Please also save or load the state of the optimzer when saving or loading the scheduler.
  warnings.warn(SAVE_STATE_WARNING, UserWarning)

2022-08-31T11:15:40 | WARNING | py.warnings : /usr/local/lib/python3.7/dist-packages/torch/optim/lr_scheduler.py:200: UserWarning: Please also save or load the state of the optimzer when saving or loading the scheduler.
  warnings.warn(SAVE_STATE_WARNING, UserWarning)

2022-08-31T11:15:56 | INFO | mmf.trainers.callbacks.logistics : progress: 150/1000, val/hateful_memes/cross_entropy: 1.2814, val/total_loss: 1.2814, val/hateful_memes/accuracy: 0.4973, val/hateful_memes/binary_f1: 0.3713, val/hateful_memes/roc_auc: 0.7164, num_updates: 150, epoch: 1, iterations: 150, max_updates: 1000, val_time: 26s 485ms, best_update: 150, best_iteration: 150, best_val/hateful_memes/roc_auc: 0.716414
2022-08-31T11:16:36 | INFO | mmf.trainers.callbacks.checkpoint : Checkpoint time. Saving a checkpoint.
2022-08-31T11:16:36 | WARNING | py.warnings : /usr/local/lib/python3.7/dist-packages/torch/optim/lr_scheduler.py:200: UserWarning: Please also save or load the state of the optimzer when saving or loading the scheduler.
  warnings.warn(SAVE_STATE_WARNING, UserWarning)

2022-08-31T11:16:36 | WARNING | py.warnings : /usr/local/lib/python3.7/dist-packages/torch/optim/lr_scheduler.py:200: UserWarning: Please also save or load the state of the optimzer when saving or loading the scheduler.
  warnings.warn(SAVE_STATE_WARNING, UserWarning)

2022-08-31T11:16:47 | INFO | mmf.trainers.callbacks.logistics : progress: 200/1000, train/hateful_memes/cross_entropy: 0.8900, train/hateful_memes/cross_entropy/avg: 0.9265, train/total_loss: 0.8900, train/total_loss/avg: 0.9265, max mem: 9201.0, experiment: run, epoch: 1, num_updates: 200, iterations: 200, max_updates: 1000, lr: 0.00004, ups: 2.00, time: 50s 802ms, time_since_start: 05m 38s 816ms, eta: 06m 46s 423ms
2022-08-31T11:16:47 | INFO | mmf.trainers.core.training_loop : Evaluation time. Running on full validation set...
2022-08-31T11:16:57 | WARNING | py.warnings : /usr/local/lib/python3.7/dist-packages/torch/optim/lr_scheduler.py:200: UserWarning: Please also save or load the state of the optimzer when saving or loading the scheduler.
  warnings.warn(SAVE_STATE_WARNING, UserWarning)

2022-08-31T11:16:57 | WARNING | py.warnings : /usr/local/lib/python3.7/dist-packages/torch/optim/lr_scheduler.py:200: UserWarning: Please also save or load the state of the optimzer when saving or loading the scheduler.
  warnings.warn(SAVE_STATE_WARNING, UserWarning)

2022-08-31T11:17:14 | INFO | mmf.trainers.callbacks.logistics : progress: 200/1000, val/hateful_memes/cross_entropy: 1.0982, val/total_loss: 1.0982, val/hateful_memes/accuracy: 0.5962, val/hateful_memes/binary_f1: 0.6318, val/hateful_memes/roc_auc: 0.8064, num_updates: 200, epoch: 1, iterations: 200, max_updates: 1000, val_time: 26s 844ms, best_update: 200, best_iteration: 200, best_val/hateful_memes/roc_auc: 0.806410
2022-08-31T11:17:55 | INFO | mmf.trainers.callbacks.checkpoint : Checkpoint time. Saving a checkpoint.
2022-08-31T11:17:55 | WARNING | py.warnings : /usr/local/lib/python3.7/dist-packages/torch/optim/lr_scheduler.py:200: UserWarning: Please also save or load the state of the optimzer when saving or loading the scheduler.
  warnings.warn(SAVE_STATE_WARNING, UserWarning)

2022-08-31T11:17:55 | WARNING | py.warnings : /usr/local/lib/python3.7/dist-packages/torch/optim/lr_scheduler.py:200: UserWarning: Please also save or load the state of the optimzer when saving or loading the scheduler.
  warnings.warn(SAVE_STATE_WARNING, UserWarning)

2022-08-31T11:18:06 | INFO | mmf.trainers.core.training_loop : Evaluation time. Running on full validation set...
2022-08-31T11:18:16 | WARNING | py.warnings : /usr/local/lib/python3.7/dist-packages/torch/optim/lr_scheduler.py:200: UserWarning: Please also save or load the state of the optimzer when saving or loading the scheduler.
  warnings.warn(SAVE_STATE_WARNING, UserWarning)

2022-08-31T11:18:16 | WARNING | py.warnings : /usr/local/lib/python3.7/dist-packages/torch/optim/lr_scheduler.py:200: UserWarning: Please also save or load the state of the optimzer when saving or loading the scheduler.
  warnings.warn(SAVE_STATE_WARNING, UserWarning)

2022-08-31T11:18:32 | INFO | mmf.trainers.callbacks.logistics : progress: 250/1000, val/hateful_memes/cross_entropy: 0.9930, val/total_loss: 0.9930, val/hateful_memes/accuracy: 0.6346, val/hateful_memes/binary_f1: 0.6525, val/hateful_memes/roc_auc: 0.8180, num_updates: 250, epoch: 2, iterations: 250, max_updates: 1000, val_time: 26s 307ms, best_update: 250, best_iteration: 250, best_val/hateful_memes/roc_auc: 0.818016
2022-08-31T11:19:13 | INFO | mmf.trainers.callbacks.checkpoint : Checkpoint time. Saving a checkpoint.
2022-08-31T11:19:13 | WARNING | py.warnings : /usr/local/lib/python3.7/dist-packages/torch/optim/lr_scheduler.py:200: UserWarning: Please also save or load the state of the optimzer when saving or loading the scheduler.
  warnings.warn(SAVE_STATE_WARNING, UserWarning)

2022-08-31T11:19:13 | WARNING | py.warnings : /usr/local/lib/python3.7/dist-packages/torch/optim/lr_scheduler.py:200: UserWarning: Please also save or load the state of the optimzer when saving or loading the scheduler.
  warnings.warn(SAVE_STATE_WARNING, UserWarning)

2022-08-31T11:19:23 | INFO | mmf.trainers.callbacks.logistics : progress: 300/1000, train/hateful_memes/cross_entropy: 0.8900, train/hateful_memes/cross_entropy/avg: 0.8958, train/total_loss: 0.8900, train/total_loss/avg: 0.8958, max mem: 9201.0, experiment: run, epoch: 2, num_updates: 300, iterations: 300, max_updates: 1000, lr: 0.00005, ups: 2.00, time: 50s 987ms, time_since_start: 08m 15s 421ms, eta: 05m 56s 909ms
2022-08-31T11:19:23 | INFO | mmf.trainers.core.training_loop : Evaluation time. Running on full validation set...
2022-08-31T11:19:34 | WARNING | py.warnings : /usr/local/lib/python3.7/dist-packages/torch/optim/lr_scheduler.py:200: UserWarning: Please also save or load the state of the optimzer when saving or loading the scheduler.
  warnings.warn(SAVE_STATE_WARNING, UserWarning)

2022-08-31T11:19:34 | WARNING | py.warnings : /usr/local/lib/python3.7/dist-packages/torch/optim/lr_scheduler.py:200: UserWarning: Please also save or load the state of the optimzer when saving or loading the scheduler.
  warnings.warn(SAVE_STATE_WARNING, UserWarning)

2022-08-31T11:19:50 | INFO | mmf.trainers.callbacks.logistics : progress: 300/1000, val/hateful_memes/cross_entropy: 1.1586, val/total_loss: 1.1586, val/hateful_memes/accuracy: 0.5371, val/hateful_memes/binary_f1: 0.4061, val/hateful_memes/roc_auc: 0.8334, num_updates: 300, epoch: 2, iterations: 300, max_updates: 1000, val_time: 26s 881ms, best_update: 300, best_iteration: 300, best_val/hateful_memes/roc_auc: 0.833350
2022-08-31T11:20:31 | INFO | mmf.trainers.callbacks.checkpoint : Checkpoint time. Saving a checkpoint.
2022-08-31T11:20:31 | WARNING | py.warnings : /usr/local/lib/python3.7/dist-packages/torch/optim/lr_scheduler.py:200: UserWarning: Please also save or load the state of the optimzer when saving or loading the scheduler.
  warnings.warn(SAVE_STATE_WARNING, UserWarning)

2022-08-31T11:20:31 | WARNING | py.warnings : /usr/local/lib/python3.7/dist-packages/torch/optim/lr_scheduler.py:200: UserWarning: Please also save or load the state of the optimzer when saving or loading the scheduler.
  warnings.warn(SAVE_STATE_WARNING, UserWarning)

2022-08-31T11:20:42 | INFO | mmf.trainers.core.training_loop : Evaluation time. Running on full validation set...
2022-08-31T11:20:52 | WARNING | py.warnings : /usr/local/lib/python3.7/dist-packages/torch/optim/lr_scheduler.py:200: UserWarning: Please also save or load the state of the optimzer when saving or loading the scheduler.
  warnings.warn(SAVE_STATE_WARNING, UserWarning)

2022-08-31T11:20:52 | WARNING | py.warnings : /usr/local/lib/python3.7/dist-packages/torch/optim/lr_scheduler.py:200: UserWarning: Please also save or load the state of the optimzer when saving or loading the scheduler.
  warnings.warn(SAVE_STATE_WARNING, UserWarning)

2022-08-31T11:21:08 | INFO | mmf.trainers.callbacks.logistics : progress: 350/1000, val/hateful_memes/cross_entropy: 1.0659, val/total_loss: 1.0659, val/hateful_memes/accuracy: 0.6470, val/hateful_memes/binary_f1: 0.6857, val/hateful_memes/roc_auc: 0.8515, num_updates: 350, epoch: 2, iterations: 350, max_updates: 1000, val_time: 26s 419ms, best_update: 350, best_iteration: 350, best_val/hateful_memes/roc_auc: 0.851505
2022-08-31T11:21:48 | INFO | mmf.trainers.callbacks.checkpoint : Checkpoint time. Saving a checkpoint.
2022-08-31T11:21:48 | WARNING | py.warnings : /usr/local/lib/python3.7/dist-packages/torch/optim/lr_scheduler.py:200: UserWarning: Please also save or load the state of the optimzer when saving or loading the scheduler.
  warnings.warn(SAVE_STATE_WARNING, UserWarning)

2022-08-31T11:21:48 | WARNING | py.warnings : /usr/local/lib/python3.7/dist-packages/torch/optim/lr_scheduler.py:200: UserWarning: Please also save or load the state of the optimzer when saving or loading the scheduler.
  warnings.warn(SAVE_STATE_WARNING, UserWarning)

2022-08-31T11:21:59 | INFO | mmf.trainers.callbacks.logistics : progress: 400/1000, train/hateful_memes/cross_entropy: 0.8900, train/hateful_memes/cross_entropy/avg: 0.8975, train/total_loss: 0.8900, train/total_loss/avg: 0.8975, max mem: 9201.0, experiment: run, epoch: 2, num_updates: 400, iterations: 400, max_updates: 1000, lr: 0.00005, ups: 2.00, time: 50s 941ms, time_since_start: 10m 50s 887ms, eta: 05m 05s 651ms
2022-08-31T11:21:59 | INFO | mmf.trainers.core.training_loop : Evaluation time. Running on full validation set...
2022-08-31T11:22:11 | WARNING | py.warnings : /usr/local/lib/python3.7/dist-packages/torch/optim/lr_scheduler.py:200: UserWarning: Please also save or load the state of the optimzer when saving or loading the scheduler.
  warnings.warn(SAVE_STATE_WARNING, UserWarning)

2022-08-31T11:22:11 | WARNING | py.warnings : /usr/local/lib/python3.7/dist-packages/torch/optim/lr_scheduler.py:200: UserWarning: Please also save or load the state of the optimzer when saving or loading the scheduler.
  warnings.warn(SAVE_STATE_WARNING, UserWarning)

2022-08-31T11:22:27 | INFO | mmf.trainers.callbacks.logistics : progress: 400/1000, val/hateful_memes/cross_entropy: 1.0198, val/total_loss: 1.0198, val/hateful_memes/accuracy: 0.6305, val/hateful_memes/binary_f1: 0.6343, val/hateful_memes/roc_auc: 0.8617, num_updates: 400, epoch: 2, iterations: 400, max_updates: 1000, val_time: 28s 159ms, best_update: 400, best_iteration: 400, best_val/hateful_memes/roc_auc: 0.861660
2022-08-31T11:23:07 | INFO | mmf.trainers.callbacks.checkpoint : Checkpoint time. Saving a checkpoint.
2022-08-31T11:23:07 | WARNING | py.warnings : /usr/local/lib/python3.7/dist-packages/torch/optim/lr_scheduler.py:200: UserWarning: Please also save or load the state of the optimzer when saving or loading the scheduler.
  warnings.warn(SAVE_STATE_WARNING, UserWarning)

2022-08-31T11:23:07 | WARNING | py.warnings : /usr/local/lib/python3.7/dist-packages/torch/optim/lr_scheduler.py:200: UserWarning: Please also save or load the state of the optimzer when saving or loading the scheduler.
  warnings.warn(SAVE_STATE_WARNING, UserWarning)

2022-08-31T11:23:18 | INFO | mmf.trainers.core.training_loop : Evaluation time. Running on full validation set...
2022-08-31T11:23:28 | WARNING | py.warnings : /usr/local/lib/python3.7/dist-packages/torch/optim/lr_scheduler.py:200: UserWarning: Please also save or load the state of the optimzer when saving or loading the scheduler.
  warnings.warn(SAVE_STATE_WARNING, UserWarning)

2022-08-31T11:23:28 | WARNING | py.warnings : /usr/local/lib/python3.7/dist-packages/torch/optim/lr_scheduler.py:200: UserWarning: Please also save or load the state of the optimzer when saving or loading the scheduler.
  warnings.warn(SAVE_STATE_WARNING, UserWarning)

2022-08-31T11:23:45 | INFO | mmf.trainers.callbacks.logistics : progress: 450/1000, val/hateful_memes/cross_entropy: 0.9243, val/total_loss: 0.9243, val/hateful_memes/accuracy: 0.6456, val/hateful_memes/binary_f1: 0.7102, val/hateful_memes/roc_auc: 0.8625, num_updates: 450, epoch: 2, iterations: 450, max_updates: 1000, val_time: 27s 011ms, best_update: 450, best_iteration: 450, best_val/hateful_memes/roc_auc: 0.862540
2022-08-31T11:24:26 | INFO | mmf.trainers.callbacks.checkpoint : Checkpoint time. Saving a checkpoint.
2022-08-31T11:24:26 | WARNING | py.warnings : /usr/local/lib/python3.7/dist-packages/torch/optim/lr_scheduler.py:200: UserWarning: Please also save or load the state of the optimzer when saving or loading the scheduler.
  warnings.warn(SAVE_STATE_WARNING, UserWarning)

2022-08-31T11:24:26 | WARNING | py.warnings : /usr/local/lib/python3.7/dist-packages/torch/optim/lr_scheduler.py:200: UserWarning: Please also save or load the state of the optimzer when saving or loading the scheduler.
  warnings.warn(SAVE_STATE_WARNING, UserWarning)

2022-08-31T11:24:37 | INFO | mmf.trainers.callbacks.logistics : progress: 500/1000, train/hateful_memes/cross_entropy: 0.8900, train/hateful_memes/cross_entropy/avg: 0.8126, train/total_loss: 0.8900, train/total_loss/avg: 0.8126, max mem: 9201.0, experiment: run, epoch: 3, num_updates: 500, iterations: 500, max_updates: 1000, lr: 0.00004, ups: 1.92, time: 52s 284ms, time_since_start: 13m 28s 870ms, eta: 04m 21s 423ms
2022-08-31T11:24:37 | INFO | mmf.trainers.core.training_loop : Evaluation time. Running on full validation set...
2022-08-31T11:24:47 | WARNING | py.warnings : /usr/local/lib/python3.7/dist-packages/torch/optim/lr_scheduler.py:200: UserWarning: Please also save or load the state of the optimzer when saving or loading the scheduler.
  warnings.warn(SAVE_STATE_WARNING, UserWarning)

2022-08-31T11:24:47 | WARNING | py.warnings : /usr/local/lib/python3.7/dist-packages/torch/optim/lr_scheduler.py:200: UserWarning: Please also save or load the state of the optimzer when saving or loading the scheduler.
  warnings.warn(SAVE_STATE_WARNING, UserWarning)

2022-08-31T11:24:59 | INFO | mmf.trainers.callbacks.logistics : progress: 500/1000, val/hateful_memes/cross_entropy: 1.0659, val/total_loss: 1.0659, val/hateful_memes/accuracy: 0.6264, val/hateful_memes/binary_f1: 0.6293, val/hateful_memes/roc_auc: 0.8589, num_updates: 500, epoch: 3, iterations: 500, max_updates: 1000, val_time: 21s 663ms, best_update: 450, best_iteration: 450, best_val/hateful_memes/roc_auc: 0.862540
2022-08-31T11:25:39 | INFO | mmf.trainers.callbacks.checkpoint : Checkpoint time. Saving a checkpoint.
2022-08-31T11:25:39 | WARNING | py.warnings : /usr/local/lib/python3.7/dist-packages/torch/optim/lr_scheduler.py:200: UserWarning: Please also save or load the state of the optimzer when saving or loading the scheduler.
  warnings.warn(SAVE_STATE_WARNING, UserWarning)

2022-08-31T11:25:39 | WARNING | py.warnings : /usr/local/lib/python3.7/dist-packages/torch/optim/lr_scheduler.py:200: UserWarning: Please also save or load the state of the optimzer when saving or loading the scheduler.
  warnings.warn(SAVE_STATE_WARNING, UserWarning)

2022-08-31T11:25:50 | INFO | mmf.trainers.core.training_loop : Evaluation time. Running on full validation set...
2022-08-31T11:26:00 | WARNING | py.warnings : /usr/local/lib/python3.7/dist-packages/torch/optim/lr_scheduler.py:200: UserWarning: Please also save or load the state of the optimzer when saving or loading the scheduler.
  warnings.warn(SAVE_STATE_WARNING, UserWarning)

2022-08-31T11:26:00 | WARNING | py.warnings : /usr/local/lib/python3.7/dist-packages/torch/optim/lr_scheduler.py:200: UserWarning: Please also save or load the state of the optimzer when saving or loading the scheduler.
  warnings.warn(SAVE_STATE_WARNING, UserWarning)

2022-08-31T11:26:17 | INFO | mmf.trainers.callbacks.logistics : progress: 550/1000, val/hateful_memes/cross_entropy: 0.9488, val/total_loss: 0.9488, val/hateful_memes/accuracy: 0.6456, val/hateful_memes/binary_f1: 0.6314, val/hateful_memes/roc_auc: 0.8718, num_updates: 550, epoch: 3, iterations: 550, max_updates: 1000, val_time: 27s 311ms, best_update: 550, best_iteration: 550, best_val/hateful_memes/roc_auc: 0.871796
2022-08-31T11:26:57 | INFO | mmf.trainers.callbacks.checkpoint : Checkpoint time. Saving a checkpoint.
2022-08-31T11:26:57 | WARNING | py.warnings : /usr/local/lib/python3.7/dist-packages/torch/optim/lr_scheduler.py:200: UserWarning: Please also save or load the state of the optimzer when saving or loading the scheduler.
  warnings.warn(SAVE_STATE_WARNING, UserWarning)

2022-08-31T11:26:57 | WARNING | py.warnings : /usr/local/lib/python3.7/dist-packages/torch/optim/lr_scheduler.py:200: UserWarning: Please also save or load the state of the optimzer when saving or loading the scheduler.
  warnings.warn(SAVE_STATE_WARNING, UserWarning)

2022-08-31T11:27:08 | INFO | mmf.trainers.callbacks.logistics : progress: 600/1000, train/hateful_memes/cross_entropy: 0.8346, train/hateful_memes/cross_entropy/avg: 0.7867, train/total_loss: 0.8346, train/total_loss/avg: 0.7867, max mem: 9201.0, experiment: run, epoch: 3, num_updates: 600, iterations: 600, max_updates: 1000, lr: 0.00003, ups: 1.96, time: 51s 122ms, time_since_start: 16m 341ms, eta: 03m 24s 489ms
2022-08-31T11:27:08 | INFO | mmf.trainers.core.training_loop : Evaluation time. Running on full validation set...
2022-08-31T11:27:19 | WARNING | py.warnings : /usr/local/lib/python3.7/dist-packages/torch/optim/lr_scheduler.py:200: UserWarning: Please also save or load the state of the optimzer when saving or loading the scheduler.
  warnings.warn(SAVE_STATE_WARNING, UserWarning)

2022-08-31T11:27:19 | WARNING | py.warnings : /usr/local/lib/python3.7/dist-packages/torch/optim/lr_scheduler.py:200: UserWarning: Please also save or load the state of the optimzer when saving or loading the scheduler.
  warnings.warn(SAVE_STATE_WARNING, UserWarning)

2022-08-31T11:27:30 | INFO | mmf.trainers.callbacks.logistics : progress: 600/1000, val/hateful_memes/cross_entropy: 1.0118, val/total_loss: 1.0118, val/hateful_memes/accuracy: 0.6415, val/hateful_memes/binary_f1: 0.6329, val/hateful_memes/roc_auc: 0.8672, num_updates: 600, epoch: 3, iterations: 600, max_updates: 1000, val_time: 22s 076ms, best_update: 550, best_iteration: 550, best_val/hateful_memes/roc_auc: 0.871796
2022-08-31T11:28:11 | INFO | mmf.trainers.callbacks.checkpoint : Checkpoint time. Saving a checkpoint.
2022-08-31T11:28:11 | WARNING | py.warnings : /usr/local/lib/python3.7/dist-packages/torch/optim/lr_scheduler.py:200: UserWarning: Please also save or load the state of the optimzer when saving or loading the scheduler.
  warnings.warn(SAVE_STATE_WARNING, UserWarning)

2022-08-31T11:28:11 | WARNING | py.warnings : /usr/local/lib/python3.7/dist-packages/torch/optim/lr_scheduler.py:200: UserWarning: Please also save or load the state of the optimzer when saving or loading the scheduler.
  warnings.warn(SAVE_STATE_WARNING, UserWarning)

2022-08-31T11:28:22 | INFO | mmf.trainers.core.training_loop : Evaluation time. Running on full validation set...
2022-08-31T11:28:33 | WARNING | py.warnings : /usr/local/lib/python3.7/dist-packages/torch/optim/lr_scheduler.py:200: UserWarning: Please also save or load the state of the optimzer when saving or loading the scheduler.
  warnings.warn(SAVE_STATE_WARNING, UserWarning)

2022-08-31T11:28:33 | WARNING | py.warnings : /usr/local/lib/python3.7/dist-packages/torch/optim/lr_scheduler.py:200: UserWarning: Please also save or load the state of the optimzer when saving or loading the scheduler.
  warnings.warn(SAVE_STATE_WARNING, UserWarning)

2022-08-31T11:28:44 | INFO | mmf.trainers.callbacks.logistics : progress: 650/1000, val/hateful_memes/cross_entropy: 1.0883, val/total_loss: 1.0883, val/hateful_memes/accuracy: 0.6332, val/hateful_memes/binary_f1: 0.6267, val/hateful_memes/roc_auc: 0.8551, num_updates: 650, epoch: 3, iterations: 650, max_updates: 1000, val_time: 22s 536ms, best_update: 550, best_iteration: 550, best_val/hateful_memes/roc_auc: 0.871796
2022-08-31T11:29:24 | INFO | mmf.trainers.callbacks.checkpoint : Checkpoint time. Saving a checkpoint.
2022-08-31T11:29:24 | WARNING | py.warnings : /usr/local/lib/python3.7/dist-packages/torch/optim/lr_scheduler.py:200: UserWarning: Please also save or load the state of the optimzer when saving or loading the scheduler.
  warnings.warn(SAVE_STATE_WARNING, UserWarning)

2022-08-31T11:29:24 | WARNING | py.warnings : /usr/local/lib/python3.7/dist-packages/torch/optim/lr_scheduler.py:200: UserWarning: Please also save or load the state of the optimzer when saving or loading the scheduler.
  warnings.warn(SAVE_STATE_WARNING, UserWarning)

2022-08-31T11:29:35 | INFO | mmf.trainers.callbacks.logistics : progress: 700/1000, train/hateful_memes/cross_entropy: 0.8346, train/hateful_memes/cross_entropy/avg: 0.7659, train/total_loss: 0.8346, train/total_loss/avg: 0.7659, max mem: 9201.0, experiment: run, epoch: 3, num_updates: 700, iterations: 700, max_updates: 1000, lr: 0.00002, ups: 2.00, time: 50s 554ms, time_since_start: 18m 26s 992ms, eta: 02m 31s 664ms
2022-08-31T11:29:35 | INFO | mmf.trainers.core.training_loop : Evaluation time. Running on full validation set...
2022-08-31T11:29:46 | WARNING | py.warnings : /usr/local/lib/python3.7/dist-packages/torch/optim/lr_scheduler.py:200: UserWarning: Please also save or load the state of the optimzer when saving or loading the scheduler.
  warnings.warn(SAVE_STATE_WARNING, UserWarning)

2022-08-31T11:29:46 | WARNING | py.warnings : /usr/local/lib/python3.7/dist-packages/torch/optim/lr_scheduler.py:200: UserWarning: Please also save or load the state of the optimzer when saving or loading the scheduler.
  warnings.warn(SAVE_STATE_WARNING, UserWarning)

2022-08-31T11:29:57 | INFO | mmf.trainers.callbacks.logistics : progress: 700/1000, val/hateful_memes/cross_entropy: 1.0771, val/total_loss: 1.0771, val/hateful_memes/accuracy: 0.6401, val/hateful_memes/binary_f1: 0.6398, val/hateful_memes/roc_auc: 0.8598, num_updates: 700, epoch: 3, iterations: 700, max_updates: 1000, val_time: 21s 963ms, best_update: 550, best_iteration: 550, best_val/hateful_memes/roc_auc: 0.871796
2022-08-31T11:30:39 | INFO | mmf.trainers.callbacks.checkpoint : Checkpoint time. Saving a checkpoint.
2022-08-31T11:30:39 | WARNING | py.warnings : /usr/local/lib/python3.7/dist-packages/torch/optim/lr_scheduler.py:200: UserWarning: Please also save or load the state of the optimzer when saving or loading the scheduler.
  warnings.warn(SAVE_STATE_WARNING, UserWarning)

2022-08-31T11:30:39 | WARNING | py.warnings : /usr/local/lib/python3.7/dist-packages/torch/optim/lr_scheduler.py:200: UserWarning: Please also save or load the state of the optimzer when saving or loading the scheduler.
  warnings.warn(SAVE_STATE_WARNING, UserWarning)

2022-08-31T11:30:50 | INFO | mmf.trainers.core.training_loop : Evaluation time. Running on full validation set...
2022-08-31T11:31:01 | WARNING | py.warnings : /usr/local/lib/python3.7/dist-packages/torch/optim/lr_scheduler.py:200: UserWarning: Please also save or load the state of the optimzer when saving or loading the scheduler.
  warnings.warn(SAVE_STATE_WARNING, UserWarning)

2022-08-31T11:31:01 | WARNING | py.warnings : /usr/local/lib/python3.7/dist-packages/torch/optim/lr_scheduler.py:200: UserWarning: Please also save or load the state of the optimzer when saving or loading the scheduler.
  warnings.warn(SAVE_STATE_WARNING, UserWarning)

2022-08-31T11:31:11 | INFO | mmf.trainers.callbacks.logistics : progress: 750/1000, val/hateful_memes/cross_entropy: 1.3058, val/total_loss: 1.3058, val/hateful_memes/accuracy: 0.6538, val/hateful_memes/binary_f1: 0.6589, val/hateful_memes/roc_auc: 0.8361, num_updates: 750, epoch: 4, iterations: 750, max_updates: 1000, val_time: 21s 799ms, best_update: 550, best_iteration: 550, best_val/hateful_memes/roc_auc: 0.871796
2022-08-31T11:31:52 | INFO | mmf.trainers.callbacks.checkpoint : Checkpoint time. Saving a checkpoint.
2022-08-31T11:31:52 | WARNING | py.warnings : /usr/local/lib/python3.7/dist-packages/torch/optim/lr_scheduler.py:200: UserWarning: Please also save or load the state of the optimzer when saving or loading the scheduler.
  warnings.warn(SAVE_STATE_WARNING, UserWarning)

2022-08-31T11:31:52 | WARNING | py.warnings : /usr/local/lib/python3.7/dist-packages/torch/optim/lr_scheduler.py:200: UserWarning: Please also save or load the state of the optimzer when saving or loading the scheduler.
  warnings.warn(SAVE_STATE_WARNING, UserWarning)

2022-08-31T11:32:02 | INFO | mmf.trainers.callbacks.logistics : progress: 800/1000, train/hateful_memes/cross_entropy: 0.6571, train/hateful_memes/cross_entropy/avg: 0.7022, train/total_loss: 0.6571, train/total_loss/avg: 0.7022, max mem: 9201.0, experiment: run, epoch: 4, num_updates: 800, iterations: 800, max_updates: 1000, lr: 0.00001, ups: 2.00, time: 50s 611ms, time_since_start: 20m 54s 051ms, eta: 01m 41s 223ms
2022-08-31T11:32:02 | INFO | mmf.trainers.core.training_loop : Evaluation time. Running on full validation set...
2022-08-31T11:32:13 | WARNING | py.warnings : /usr/local/lib/python3.7/dist-packages/torch/optim/lr_scheduler.py:200: UserWarning: Please also save or load the state of the optimzer when saving or loading the scheduler.
  warnings.warn(SAVE_STATE_WARNING, UserWarning)

2022-08-31T11:32:13 | WARNING | py.warnings : /usr/local/lib/python3.7/dist-packages/torch/optim/lr_scheduler.py:200: UserWarning: Please also save or load the state of the optimzer when saving or loading the scheduler.
  warnings.warn(SAVE_STATE_WARNING, UserWarning)

2022-08-31T11:32:25 | INFO | mmf.trainers.callbacks.logistics : progress: 800/1000, val/hateful_memes/cross_entropy: 1.4631, val/total_loss: 1.4631, val/hateful_memes/accuracy: 0.6236, val/hateful_memes/binary_f1: 0.5966, val/hateful_memes/roc_auc: 0.8350, num_updates: 800, epoch: 4, iterations: 800, max_updates: 1000, val_time: 22s 592ms, best_update: 550, best_iteration: 550, best_val/hateful_memes/roc_auc: 0.871796
2022-08-31T11:33:05 | INFO | mmf.trainers.callbacks.checkpoint : Checkpoint time. Saving a checkpoint.
2022-08-31T11:33:05 | WARNING | py.warnings : /usr/local/lib/python3.7/dist-packages/torch/optim/lr_scheduler.py:200: UserWarning: Please also save or load the state of the optimzer when saving or loading the scheduler.
  warnings.warn(SAVE_STATE_WARNING, UserWarning)

2022-08-31T11:33:05 | WARNING | py.warnings : /usr/local/lib/python3.7/dist-packages/torch/optim/lr_scheduler.py:200: UserWarning: Please also save or load the state of the optimzer when saving or loading the scheduler.
  warnings.warn(SAVE_STATE_WARNING, UserWarning)

2022-08-31T11:33:15 | INFO | mmf.trainers.core.training_loop : Evaluation time. Running on full validation set...
2022-08-31T11:33:27 | WARNING | py.warnings : /usr/local/lib/python3.7/dist-packages/torch/optim/lr_scheduler.py:200: UserWarning: Please also save or load the state of the optimzer when saving or loading the scheduler.
  warnings.warn(SAVE_STATE_WARNING, UserWarning)

2022-08-31T11:33:27 | WARNING | py.warnings : /usr/local/lib/python3.7/dist-packages/torch/optim/lr_scheduler.py:200: UserWarning: Please also save or load the state of the optimzer when saving or loading the scheduler.
  warnings.warn(SAVE_STATE_WARNING, UserWarning)

2022-08-31T11:33:37 | INFO | mmf.trainers.callbacks.logistics : progress: 850/1000, val/hateful_memes/cross_entropy: 1.2317, val/total_loss: 1.2317, val/hateful_memes/accuracy: 0.6662, val/hateful_memes/binary_f1: 0.6792, val/hateful_memes/roc_auc: 0.8504, num_updates: 850, epoch: 4, iterations: 850, max_updates: 1000, val_time: 21s 914ms, best_update: 550, best_iteration: 550, best_val/hateful_memes/roc_auc: 0.871796
2022-08-31T11:34:18 | INFO | mmf.trainers.callbacks.checkpoint : Checkpoint time. Saving a checkpoint.
2022-08-31T11:34:18 | WARNING | py.warnings : /usr/local/lib/python3.7/dist-packages/torch/optim/lr_scheduler.py:200: UserWarning: Please also save or load the state of the optimzer when saving or loading the scheduler.
  warnings.warn(SAVE_STATE_WARNING, UserWarning)

2022-08-31T11:34:18 | WARNING | py.warnings : /usr/local/lib/python3.7/dist-packages/torch/optim/lr_scheduler.py:200: UserWarning: Please also save or load the state of the optimzer when saving or loading the scheduler.
  warnings.warn(SAVE_STATE_WARNING, UserWarning)

2022-08-31T11:34:29 | INFO | mmf.trainers.callbacks.logistics : progress: 900/1000, train/hateful_memes/cross_entropy: 0.6571, train/hateful_memes/cross_entropy/avg: 0.6814, train/total_loss: 0.6571, train/total_loss/avg: 0.6814, max mem: 9201.0, experiment: run, epoch: 4, num_updates: 900, iterations: 900, max_updates: 1000, lr: 0., ups: 1.96, time: 51s 171ms, time_since_start: 23m 20s 448ms, eta: 51s 171ms
2022-08-31T11:34:29 | INFO | mmf.trainers.core.training_loop : Evaluation time. Running on full validation set...
2022-08-31T11:34:39 | WARNING | py.warnings : /usr/local/lib/python3.7/dist-packages/torch/optim/lr_scheduler.py:200: UserWarning: Please also save or load the state of the optimzer when saving or loading the scheduler.
  warnings.warn(SAVE_STATE_WARNING, UserWarning)

2022-08-31T11:34:39 | WARNING | py.warnings : /usr/local/lib/python3.7/dist-packages/torch/optim/lr_scheduler.py:200: UserWarning: Please also save or load the state of the optimzer when saving or loading the scheduler.
  warnings.warn(SAVE_STATE_WARNING, UserWarning)

2022-08-31T11:34:50 | INFO | mmf.trainers.callbacks.logistics : progress: 900/1000, val/hateful_memes/cross_entropy: 1.3051, val/total_loss: 1.3051, val/hateful_memes/accuracy: 0.6442, val/hateful_memes/binary_f1: 0.6369, val/hateful_memes/roc_auc: 0.8477, num_updates: 900, epoch: 4, iterations: 900, max_updates: 1000, val_time: 21s 570ms, best_update: 550, best_iteration: 550, best_val/hateful_memes/roc_auc: 0.871796
2022-08-31T11:35:32 | INFO | mmf.trainers.callbacks.checkpoint : Checkpoint time. Saving a checkpoint.
2022-08-31T11:35:32 | WARNING | py.warnings : /usr/local/lib/python3.7/dist-packages/torch/optim/lr_scheduler.py:200: UserWarning: Please also save or load the state of the optimzer when saving or loading the scheduler.
  warnings.warn(SAVE_STATE_WARNING, UserWarning)

2022-08-31T11:35:32 | WARNING | py.warnings : /usr/local/lib/python3.7/dist-packages/torch/optim/lr_scheduler.py:200: UserWarning: Please also save or load the state of the optimzer when saving or loading the scheduler.
  warnings.warn(SAVE_STATE_WARNING, UserWarning)

2022-08-31T11:35:43 | INFO | mmf.trainers.core.training_loop : Evaluation time. Running on full validation set...
2022-08-31T11:35:54 | WARNING | py.warnings : /usr/local/lib/python3.7/dist-packages/torch/optim/lr_scheduler.py:200: UserWarning: Please also save or load the state of the optimzer when saving or loading the scheduler.
  warnings.warn(SAVE_STATE_WARNING, UserWarning)

2022-08-31T11:35:54 | WARNING | py.warnings : /usr/local/lib/python3.7/dist-packages/torch/optim/lr_scheduler.py:200: UserWarning: Please also save or load the state of the optimzer when saving or loading the scheduler.
  warnings.warn(SAVE_STATE_WARNING, UserWarning)

2022-08-31T11:36:05 | INFO | mmf.trainers.callbacks.logistics : progress: 950/1000, val/hateful_memes/cross_entropy: 1.3153, val/total_loss: 1.3153, val/hateful_memes/accuracy: 0.6401, val/hateful_memes/binary_f1: 0.6270, val/hateful_memes/roc_auc: 0.8478, num_updates: 950, epoch: 5, iterations: 950, max_updates: 1000, val_time: 22s 023ms, best_update: 550, best_iteration: 550, best_val/hateful_memes/roc_auc: 0.871796
2022-08-31T11:36:45 | INFO | mmf.trainers.callbacks.checkpoint : Checkpoint time. Saving a checkpoint.
2022-08-31T11:36:45 | WARNING | py.warnings : /usr/local/lib/python3.7/dist-packages/torch/optim/lr_scheduler.py:200: UserWarning: Please also save or load the state of the optimzer when saving or loading the scheduler.
  warnings.warn(SAVE_STATE_WARNING, UserWarning)

2022-08-31T11:36:45 | WARNING | py.warnings : /usr/local/lib/python3.7/dist-packages/torch/optim/lr_scheduler.py:200: UserWarning: Please also save or load the state of the optimzer when saving or loading the scheduler.
  warnings.warn(SAVE_STATE_WARNING, UserWarning)

2022-08-31T11:36:56 | INFO | mmf.trainers.callbacks.logistics : progress: 1000/1000, train/hateful_memes/cross_entropy: 0.6410, train/hateful_memes/cross_entropy/avg: 0.6319, train/total_loss: 0.6410, train/total_loss/avg: 0.6319, max mem: 9201.0, experiment: run, epoch: 5, num_updates: 1000, iterations: 1000, max_updates: 1000, lr: 0., ups: 1.96, time: 51s 498ms, time_since_start: 25m 48s 241ms, eta: 0ms
2022-08-31T11:36:56 | INFO | mmf.trainers.core.training_loop : Evaluation time. Running on full validation set...
2022-08-31T11:37:07 | WARNING | py.warnings : /usr/local/lib/python3.7/dist-packages/torch/optim/lr_scheduler.py:200: UserWarning: Please also save or load the state of the optimzer when saving or loading the scheduler.
  warnings.warn(SAVE_STATE_WARNING, UserWarning)

2022-08-31T11:37:07 | WARNING | py.warnings : /usr/local/lib/python3.7/dist-packages/torch/optim/lr_scheduler.py:200: UserWarning: Please also save or load the state of the optimzer when saving or loading the scheduler.
  warnings.warn(SAVE_STATE_WARNING, UserWarning)

2022-08-31T11:37:18 | INFO | mmf.trainers.callbacks.logistics : progress: 1000/1000, val/hateful_memes/cross_entropy: 1.3228, val/total_loss: 1.3228, val/hateful_memes/accuracy: 0.6401, val/hateful_memes/binary_f1: 0.6255, val/hateful_memes/roc_auc: 0.8469, num_updates: 1000, epoch: 5, iterations: 1000, max_updates: 1000, val_time: 22s 132ms, best_update: 550, best_iteration: 550, best_val/hateful_memes/roc_auc: 0.871796
2022-08-31T11:37:19 | INFO | mmf.trainers.core.training_loop : Stepping into final validation check
2022-08-31T11:37:19 | INFO | mmf.utils.checkpoint : Restoring checkpoint
2022-08-31T11:37:19 | INFO | mmf.utils.checkpoint : Loading checkpoint
2022-08-31T11:37:28 | WARNING | py.warnings : /usr/local/lib/python3.7/dist-packages/torch/optim/lr_scheduler.py:218: UserWarning: Please also save or load the state of the optimzer when saving or loading the scheduler.
  warnings.warn(SAVE_STATE_WARNING, UserWarning)

2022-08-31T11:37:28 | WARNING | py.warnings : /usr/local/lib/python3.7/dist-packages/torch/optim/lr_scheduler.py:218: UserWarning: Please also save or load the state of the optimzer when saving or loading the scheduler.
  warnings.warn(SAVE_STATE_WARNING, UserWarning)

2022-08-31T11:37:28 | INFO | mmf.utils.checkpoint : Checkpoint loaded.
2022-08-31T11:37:28 | INFO | mmf.utils.checkpoint : Current num updates: 550
2022-08-31T11:37:28 | INFO | mmf.utils.checkpoint : Current iteration: 550
2022-08-31T11:37:28 | INFO | mmf.utils.checkpoint : Current epoch: 3
2022-08-31T11:37:30 | INFO | mmf.trainers.mmf_trainer : Starting inference on val set
2022-08-31T11:37:40 | INFO | mmf.trainers.callbacks.logistics : progress: 550/1000, val/hateful_memes/cross_entropy: 0.9488, val/total_loss: 0.9488, val/hateful_memes/accuracy: 0.6456, val/hateful_memes/binary_f1: 0.6314, val/hateful_memes/roc_auc: 0.8718
2022-08-31T11:37:40 | INFO | mmf.trainers.callbacks.logistics : Finished run in 26m 32s 322ms
