2022-08-30T16:35:50 | INFO | mmf : Logging to: ./7/train.log
2022-08-30T16:35:50 | INFO | mmf_cli.run : Namespace(config_override=None, local_rank=None, opts=['config=/content/mmf/mmf/projects/visual_bert/configs/hateful_memes/from_coco_cat.yaml', 'model=visual_bert', 'dataset=hateful_memes', 'run_type=train_val', 'checkpoint.max_to_keep=1', 'checkpoint.resume_zoo=visual_bert.pretrained.cc.full', 'training.tensorboard=True', 'training.checkpoint_interval=50', 'training.evaluation_interval=50', 'training.max_updates=1000', 'training.log_interval=100', 'dataset_config.hateful_memes.max_features=100', 'dataset_config.hateful_memes.annotations.train[0]=/root/.cache/torch/mmf/data/datasets/hateful_memes/defaults/annotations/train_cat.jsonl', 'dataset_config.hateful_memes.annotations.val[0]=/root/.cache/torch/mmf/data/datasets/hateful_memes/defaults/annotations/dev_unseen_cat.jsonl', 'dataset_config.hateful_memes.annotations.test[0]=/root/.cache/torch/mmf/data/datasets/hateful_memes/defaults/annotations/test_unseen_cat.jsonl', 'dataset_config.hateful_memes.features.train[0]=/content/features/feats_hm', 'dataset_config.hateful_memes.features.val[0]=/content/features/feats_hm', 'dataset_config.hateful_memes.features.test[0]=/content/features/feats_hm', 'training.lr_ratio=0.3', 'training.use_warmup=True', 'training.warmup_factor=0.3', 'training.warmup_iterations=500', 'optimizer.params.lr=5.0e-05', 'training.batch_size=32', 'scheduler.params.num_warmup_steps=250', 'scheduler.type=warmup_linear', 'scheduler.params.num_training_steps=1000', 'env.tensorboard_logdir=logs/fit/7', 'env.save_dir=./7'])
2022-08-30T16:35:50 | INFO | mmf_cli.run : Torch version: 1.6.0+cu92
2022-08-30T16:35:50 | INFO | mmf.utils.general : CUDA Device 0 is: Tesla P100-PCIE-16GB
2022-08-30T16:35:50 | INFO | mmf_cli.run : Using seed 50125227
2022-08-30T16:35:50 | INFO | mmf.trainers.mmf_trainer : Loading datasets
2022-08-30T16:35:54 | INFO | mmf.trainers.mmf_trainer : Loading model
2022-08-30T16:36:03 | INFO | mmf.trainers.mmf_trainer : Loading optimizer
2022-08-30T16:36:03 | INFO | mmf.trainers.mmf_trainer : Loading metrics
2022-08-30T16:36:03 | INFO | mmf.utils.checkpoint : Loading checkpoint
2022-08-30T16:36:06 | WARNING | mmf : Key data_parallel is not present in registry, returning default value of None
2022-08-30T16:36:06 | WARNING | mmf : Key distributed is not present in registry, returning default value of None
2022-08-30T16:36:06 | WARNING | mmf : Key data_parallel is not present in registry, returning default value of None
2022-08-30T16:36:06 | WARNING | mmf : Key distributed is not present in registry, returning default value of None
2022-08-30T16:36:06 | INFO | mmf.utils.checkpoint : Copying model.bert.embeddings.word_embeddings.weight from model.bert.embeddings.word_embeddings.weight
2022-08-30T16:36:06 | INFO | mmf.utils.checkpoint : Copying model.bert.embeddings.position_embeddings.weight from model.bert.embeddings.position_embeddings.weight
2022-08-30T16:36:06 | INFO | mmf.utils.checkpoint : Copying model.bert.embeddings.token_type_embeddings.weight from model.bert.embeddings.token_type_embeddings.weight
2022-08-30T16:36:06 | INFO | mmf.utils.checkpoint : Copying model.bert.embeddings.LayerNorm.weight from model.bert.embeddings.LayerNorm.weight
2022-08-30T16:36:06 | INFO | mmf.utils.checkpoint : Copying model.bert.embeddings.LayerNorm.bias from model.bert.embeddings.LayerNorm.bias
2022-08-30T16:36:06 | INFO | mmf.utils.checkpoint : Copying model.bert.embeddings.token_type_embeddings_visual.weight from model.bert.embeddings.token_type_embeddings_visual.weight
2022-08-30T16:36:06 | INFO | mmf.utils.checkpoint : Copying model.bert.embeddings.position_embeddings_visual.weight from model.bert.embeddings.position_embeddings_visual.weight
2022-08-30T16:36:06 | INFO | mmf.utils.checkpoint : Copying model.bert.embeddings.projection.weight from model.bert.embeddings.projection.weight
2022-08-30T16:36:06 | INFO | mmf.utils.checkpoint : Copying model.bert.embeddings.projection.bias from model.bert.embeddings.projection.bias
2022-08-30T16:36:06 | INFO | mmf.utils.checkpoint : Copying model.bert.encoder.layer.0.attention.self.query.weight from model.bert.encoder.layer.0.attention.self.query.weight
2022-08-30T16:36:06 | INFO | mmf.utils.checkpoint : Copying model.bert.encoder.layer.0.attention.self.query.bias from model.bert.encoder.layer.0.attention.self.query.bias
2022-08-30T16:36:06 | INFO | mmf.utils.checkpoint : Copying model.bert.encoder.layer.0.attention.self.key.weight from model.bert.encoder.layer.0.attention.self.key.weight
2022-08-30T16:36:06 | INFO | mmf.utils.checkpoint : Copying model.bert.encoder.layer.0.attention.self.key.bias from model.bert.encoder.layer.0.attention.self.key.bias
2022-08-30T16:36:06 | INFO | mmf.utils.checkpoint : Copying model.bert.encoder.layer.0.attention.self.value.weight from model.bert.encoder.layer.0.attention.self.value.weight
2022-08-30T16:36:06 | INFO | mmf.utils.checkpoint : Copying model.bert.encoder.layer.0.attention.self.value.bias from model.bert.encoder.layer.0.attention.self.value.bias
2022-08-30T16:36:06 | INFO | mmf.utils.checkpoint : Copying model.bert.encoder.layer.0.attention.output.dense.weight from model.bert.encoder.layer.0.attention.output.dense.weight
2022-08-30T16:36:06 | INFO | mmf.utils.checkpoint : Copying model.bert.encoder.layer.0.attention.output.dense.bias from model.bert.encoder.layer.0.attention.output.dense.bias
2022-08-30T16:36:06 | INFO | mmf.utils.checkpoint : Copying model.bert.encoder.layer.0.attention.output.LayerNorm.weight from model.bert.encoder.layer.0.attention.output.LayerNorm.weight
2022-08-30T16:36:06 | INFO | mmf.utils.checkpoint : Copying model.bert.encoder.layer.0.attention.output.LayerNorm.bias from model.bert.encoder.layer.0.attention.output.LayerNorm.bias
2022-08-30T16:36:06 | INFO | mmf.utils.checkpoint : Copying model.bert.encoder.layer.0.intermediate.dense.weight from model.bert.encoder.layer.0.intermediate.dense.weight
2022-08-30T16:36:06 | INFO | mmf.utils.checkpoint : Copying model.bert.encoder.layer.0.intermediate.dense.bias from model.bert.encoder.layer.0.intermediate.dense.bias
2022-08-30T16:36:06 | INFO | mmf.utils.checkpoint : Copying model.bert.encoder.layer.0.output.dense.weight from model.bert.encoder.layer.0.output.dense.weight
2022-08-30T16:36:06 | INFO | mmf.utils.checkpoint : Copying model.bert.encoder.layer.0.output.dense.bias from model.bert.encoder.layer.0.output.dense.bias
2022-08-30T16:36:06 | INFO | mmf.utils.checkpoint : Copying model.bert.encoder.layer.0.output.LayerNorm.weight from model.bert.encoder.layer.0.output.LayerNorm.weight
2022-08-30T16:36:06 | INFO | mmf.utils.checkpoint : Copying model.bert.encoder.layer.0.output.LayerNorm.bias from model.bert.encoder.layer.0.output.LayerNorm.bias
2022-08-30T16:36:06 | INFO | mmf.utils.checkpoint : Copying model.bert.encoder.layer.1.attention.self.query.weight from model.bert.encoder.layer.1.attention.self.query.weight
2022-08-30T16:36:06 | INFO | mmf.utils.checkpoint : Copying model.bert.encoder.layer.1.attention.self.query.bias from model.bert.encoder.layer.1.attention.self.query.bias
2022-08-30T16:36:06 | INFO | mmf.utils.checkpoint : Copying model.bert.encoder.layer.1.attention.self.key.weight from model.bert.encoder.layer.1.attention.self.key.weight
2022-08-30T16:36:06 | INFO | mmf.utils.checkpoint : Copying model.bert.encoder.layer.1.attention.self.key.bias from model.bert.encoder.layer.1.attention.self.key.bias
2022-08-30T16:36:06 | INFO | mmf.utils.checkpoint : Copying model.bert.encoder.layer.1.attention.self.value.weight from model.bert.encoder.layer.1.attention.self.value.weight
2022-08-30T16:36:06 | INFO | mmf.utils.checkpoint : Copying model.bert.encoder.layer.1.attention.self.value.bias from model.bert.encoder.layer.1.attention.self.value.bias
2022-08-30T16:36:06 | INFO | mmf.utils.checkpoint : Copying model.bert.encoder.layer.1.attention.output.dense.weight from model.bert.encoder.layer.1.attention.output.dense.weight
2022-08-30T16:36:06 | INFO | mmf.utils.checkpoint : Copying model.bert.encoder.layer.1.attention.output.dense.bias from model.bert.encoder.layer.1.attention.output.dense.bias
2022-08-30T16:36:06 | INFO | mmf.utils.checkpoint : Copying model.bert.encoder.layer.1.attention.output.LayerNorm.weight from model.bert.encoder.layer.1.attention.output.LayerNorm.weight
2022-08-30T16:36:06 | INFO | mmf.utils.checkpoint : Copying model.bert.encoder.layer.1.attention.output.LayerNorm.bias from model.bert.encoder.layer.1.attention.output.LayerNorm.bias
2022-08-30T16:36:06 | INFO | mmf.utils.checkpoint : Copying model.bert.encoder.layer.1.intermediate.dense.weight from model.bert.encoder.layer.1.intermediate.dense.weight
2022-08-30T16:36:06 | INFO | mmf.utils.checkpoint : Copying model.bert.encoder.layer.1.intermediate.dense.bias from model.bert.encoder.layer.1.intermediate.dense.bias
2022-08-30T16:36:06 | INFO | mmf.utils.checkpoint : Copying model.bert.encoder.layer.1.output.dense.weight from model.bert.encoder.layer.1.output.dense.weight
2022-08-30T16:36:06 | INFO | mmf.utils.checkpoint : Copying model.bert.encoder.layer.1.output.dense.bias from model.bert.encoder.layer.1.output.dense.bias
2022-08-30T16:36:06 | INFO | mmf.utils.checkpoint : Copying model.bert.encoder.layer.1.output.LayerNorm.weight from model.bert.encoder.layer.1.output.LayerNorm.weight
2022-08-30T16:36:06 | INFO | mmf.utils.checkpoint : Copying model.bert.encoder.layer.1.output.LayerNorm.bias from model.bert.encoder.layer.1.output.LayerNorm.bias
2022-08-30T16:36:06 | INFO | mmf.utils.checkpoint : Copying model.bert.encoder.layer.2.attention.self.query.weight from model.bert.encoder.layer.2.attention.self.query.weight
2022-08-30T16:36:06 | INFO | mmf.utils.checkpoint : Copying model.bert.encoder.layer.2.attention.self.query.bias from model.bert.encoder.layer.2.attention.self.query.bias
2022-08-30T16:36:06 | INFO | mmf.utils.checkpoint : Copying model.bert.encoder.layer.2.attention.self.key.weight from model.bert.encoder.layer.2.attention.self.key.weight
2022-08-30T16:36:06 | INFO | mmf.utils.checkpoint : Copying model.bert.encoder.layer.2.attention.self.key.bias from model.bert.encoder.layer.2.attention.self.key.bias
2022-08-30T16:36:06 | INFO | mmf.utils.checkpoint : Copying model.bert.encoder.layer.2.attention.self.value.weight from model.bert.encoder.layer.2.attention.self.value.weight
2022-08-30T16:36:06 | INFO | mmf.utils.checkpoint : Copying model.bert.encoder.layer.2.attention.self.value.bias from model.bert.encoder.layer.2.attention.self.value.bias
2022-08-30T16:36:06 | INFO | mmf.utils.checkpoint : Copying model.bert.encoder.layer.2.attention.output.dense.weight from model.bert.encoder.layer.2.attention.output.dense.weight
2022-08-30T16:36:06 | INFO | mmf.utils.checkpoint : Copying model.bert.encoder.layer.2.attention.output.dense.bias from model.bert.encoder.layer.2.attention.output.dense.bias
2022-08-30T16:36:06 | INFO | mmf.utils.checkpoint : Copying model.bert.encoder.layer.2.attention.output.LayerNorm.weight from model.bert.encoder.layer.2.attention.output.LayerNorm.weight
2022-08-30T16:36:06 | INFO | mmf.utils.checkpoint : Copying model.bert.encoder.layer.2.attention.output.LayerNorm.bias from model.bert.encoder.layer.2.attention.output.LayerNorm.bias
2022-08-30T16:36:06 | INFO | mmf.utils.checkpoint : Copying model.bert.encoder.layer.2.intermediate.dense.weight from model.bert.encoder.layer.2.intermediate.dense.weight
2022-08-30T16:36:06 | INFO | mmf.utils.checkpoint : Copying model.bert.encoder.layer.2.intermediate.dense.bias from model.bert.encoder.layer.2.intermediate.dense.bias
2022-08-30T16:36:06 | INFO | mmf.utils.checkpoint : Copying model.bert.encoder.layer.2.output.dense.weight from model.bert.encoder.layer.2.output.dense.weight
2022-08-30T16:36:06 | INFO | mmf.utils.checkpoint : Copying model.bert.encoder.layer.2.output.dense.bias from model.bert.encoder.layer.2.output.dense.bias
2022-08-30T16:36:06 | INFO | mmf.utils.checkpoint : Copying model.bert.encoder.layer.2.output.LayerNorm.weight from model.bert.encoder.layer.2.output.LayerNorm.weight
2022-08-30T16:36:06 | INFO | mmf.utils.checkpoint : Copying model.bert.encoder.layer.2.output.LayerNorm.bias from model.bert.encoder.layer.2.output.LayerNorm.bias
2022-08-30T16:36:06 | INFO | mmf.utils.checkpoint : Copying model.bert.encoder.layer.3.attention.self.query.weight from model.bert.encoder.layer.3.attention.self.query.weight
2022-08-30T16:36:06 | INFO | mmf.utils.checkpoint : Copying model.bert.encoder.layer.3.attention.self.query.bias from model.bert.encoder.layer.3.attention.self.query.bias
2022-08-30T16:36:06 | INFO | mmf.utils.checkpoint : Copying model.bert.encoder.layer.3.attention.self.key.weight from model.bert.encoder.layer.3.attention.self.key.weight
2022-08-30T16:36:06 | INFO | mmf.utils.checkpoint : Copying model.bert.encoder.layer.3.attention.self.key.bias from model.bert.encoder.layer.3.attention.self.key.bias
2022-08-30T16:36:06 | INFO | mmf.utils.checkpoint : Copying model.bert.encoder.layer.3.attention.self.value.weight from model.bert.encoder.layer.3.attention.self.value.weight
2022-08-30T16:36:06 | INFO | mmf.utils.checkpoint : Copying model.bert.encoder.layer.3.attention.self.value.bias from model.bert.encoder.layer.3.attention.self.value.bias
2022-08-30T16:36:06 | INFO | mmf.utils.checkpoint : Copying model.bert.encoder.layer.3.attention.output.dense.weight from model.bert.encoder.layer.3.attention.output.dense.weight
2022-08-30T16:36:06 | INFO | mmf.utils.checkpoint : Copying model.bert.encoder.layer.3.attention.output.dense.bias from model.bert.encoder.layer.3.attention.output.dense.bias
2022-08-30T16:36:06 | INFO | mmf.utils.checkpoint : Copying model.bert.encoder.layer.3.attention.output.LayerNorm.weight from model.bert.encoder.layer.3.attention.output.LayerNorm.weight
2022-08-30T16:36:06 | INFO | mmf.utils.checkpoint : Copying model.bert.encoder.layer.3.attention.output.LayerNorm.bias from model.bert.encoder.layer.3.attention.output.LayerNorm.bias
2022-08-30T16:36:06 | INFO | mmf.utils.checkpoint : Copying model.bert.encoder.layer.3.intermediate.dense.weight from model.bert.encoder.layer.3.intermediate.dense.weight
2022-08-30T16:36:06 | INFO | mmf.utils.checkpoint : Copying model.bert.encoder.layer.3.intermediate.dense.bias from model.bert.encoder.layer.3.intermediate.dense.bias
2022-08-30T16:36:06 | INFO | mmf.utils.checkpoint : Copying model.bert.encoder.layer.3.output.dense.weight from model.bert.encoder.layer.3.output.dense.weight
2022-08-30T16:36:06 | INFO | mmf.utils.checkpoint : Copying model.bert.encoder.layer.3.output.dense.bias from model.bert.encoder.layer.3.output.dense.bias
2022-08-30T16:36:06 | INFO | mmf.utils.checkpoint : Copying model.bert.encoder.layer.3.output.LayerNorm.weight from model.bert.encoder.layer.3.output.LayerNorm.weight
2022-08-30T16:36:06 | INFO | mmf.utils.checkpoint : Copying model.bert.encoder.layer.3.output.LayerNorm.bias from model.bert.encoder.layer.3.output.LayerNorm.bias
2022-08-30T16:36:06 | INFO | mmf.utils.checkpoint : Copying model.bert.encoder.layer.4.attention.self.query.weight from model.bert.encoder.layer.4.attention.self.query.weight
2022-08-30T16:36:06 | INFO | mmf.utils.checkpoint : Copying model.bert.encoder.layer.4.attention.self.query.bias from model.bert.encoder.layer.4.attention.self.query.bias
2022-08-30T16:36:06 | INFO | mmf.utils.checkpoint : Copying model.bert.encoder.layer.4.attention.self.key.weight from model.bert.encoder.layer.4.attention.self.key.weight
2022-08-30T16:36:06 | INFO | mmf.utils.checkpoint : Copying model.bert.encoder.layer.4.attention.self.key.bias from model.bert.encoder.layer.4.attention.self.key.bias
2022-08-30T16:36:06 | INFO | mmf.utils.checkpoint : Copying model.bert.encoder.layer.4.attention.self.value.weight from model.bert.encoder.layer.4.attention.self.value.weight
2022-08-30T16:36:06 | INFO | mmf.utils.checkpoint : Copying model.bert.encoder.layer.4.attention.self.value.bias from model.bert.encoder.layer.4.attention.self.value.bias
2022-08-30T16:36:06 | INFO | mmf.utils.checkpoint : Copying model.bert.encoder.layer.4.attention.output.dense.weight from model.bert.encoder.layer.4.attention.output.dense.weight
2022-08-30T16:36:06 | INFO | mmf.utils.checkpoint : Copying model.bert.encoder.layer.4.attention.output.dense.bias from model.bert.encoder.layer.4.attention.output.dense.bias
2022-08-30T16:36:06 | INFO | mmf.utils.checkpoint : Copying model.bert.encoder.layer.4.attention.output.LayerNorm.weight from model.bert.encoder.layer.4.attention.output.LayerNorm.weight
2022-08-30T16:36:06 | INFO | mmf.utils.checkpoint : Copying model.bert.encoder.layer.4.attention.output.LayerNorm.bias from model.bert.encoder.layer.4.attention.output.LayerNorm.bias
2022-08-30T16:36:06 | INFO | mmf.utils.checkpoint : Copying model.bert.encoder.layer.4.intermediate.dense.weight from model.bert.encoder.layer.4.intermediate.dense.weight
2022-08-30T16:36:06 | INFO | mmf.utils.checkpoint : Copying model.bert.encoder.layer.4.intermediate.dense.bias from model.bert.encoder.layer.4.intermediate.dense.bias
2022-08-30T16:36:06 | INFO | mmf.utils.checkpoint : Copying model.bert.encoder.layer.4.output.dense.weight from model.bert.encoder.layer.4.output.dense.weight
2022-08-30T16:36:06 | INFO | mmf.utils.checkpoint : Copying model.bert.encoder.layer.4.output.dense.bias from model.bert.encoder.layer.4.output.dense.bias
2022-08-30T16:36:06 | INFO | mmf.utils.checkpoint : Copying model.bert.encoder.layer.4.output.LayerNorm.weight from model.bert.encoder.layer.4.output.LayerNorm.weight
2022-08-30T16:36:06 | INFO | mmf.utils.checkpoint : Copying model.bert.encoder.layer.4.output.LayerNorm.bias from model.bert.encoder.layer.4.output.LayerNorm.bias
2022-08-30T16:36:06 | INFO | mmf.utils.checkpoint : Copying model.bert.encoder.layer.5.attention.self.query.weight from model.bert.encoder.layer.5.attention.self.query.weight
2022-08-30T16:36:06 | INFO | mmf.utils.checkpoint : Copying model.bert.encoder.layer.5.attention.self.query.bias from model.bert.encoder.layer.5.attention.self.query.bias
2022-08-30T16:36:06 | INFO | mmf.utils.checkpoint : Copying model.bert.encoder.layer.5.attention.self.key.weight from model.bert.encoder.layer.5.attention.self.key.weight
2022-08-30T16:36:06 | INFO | mmf.utils.checkpoint : Copying model.bert.encoder.layer.5.attention.self.key.bias from model.bert.encoder.layer.5.attention.self.key.bias
2022-08-30T16:36:06 | INFO | mmf.utils.checkpoint : Copying model.bert.encoder.layer.5.attention.self.value.weight from model.bert.encoder.layer.5.attention.self.value.weight
2022-08-30T16:36:06 | INFO | mmf.utils.checkpoint : Copying model.bert.encoder.layer.5.attention.self.value.bias from model.bert.encoder.layer.5.attention.self.value.bias
2022-08-30T16:36:06 | INFO | mmf.utils.checkpoint : Copying model.bert.encoder.layer.5.attention.output.dense.weight from model.bert.encoder.layer.5.attention.output.dense.weight
2022-08-30T16:36:06 | INFO | mmf.utils.checkpoint : Copying model.bert.encoder.layer.5.attention.output.dense.bias from model.bert.encoder.layer.5.attention.output.dense.bias
2022-08-30T16:36:06 | INFO | mmf.utils.checkpoint : Copying model.bert.encoder.layer.5.attention.output.LayerNorm.weight from model.bert.encoder.layer.5.attention.output.LayerNorm.weight
2022-08-30T16:36:06 | INFO | mmf.utils.checkpoint : Copying model.bert.encoder.layer.5.attention.output.LayerNorm.bias from model.bert.encoder.layer.5.attention.output.LayerNorm.bias
2022-08-30T16:36:06 | INFO | mmf.utils.checkpoint : Copying model.bert.encoder.layer.5.intermediate.dense.weight from model.bert.encoder.layer.5.intermediate.dense.weight
2022-08-30T16:36:06 | INFO | mmf.utils.checkpoint : Copying model.bert.encoder.layer.5.intermediate.dense.bias from model.bert.encoder.layer.5.intermediate.dense.bias
2022-08-30T16:36:06 | INFO | mmf.utils.checkpoint : Copying model.bert.encoder.layer.5.output.dense.weight from model.bert.encoder.layer.5.output.dense.weight
2022-08-30T16:36:06 | INFO | mmf.utils.checkpoint : Copying model.bert.encoder.layer.5.output.dense.bias from model.bert.encoder.layer.5.output.dense.bias
2022-08-30T16:36:06 | INFO | mmf.utils.checkpoint : Copying model.bert.encoder.layer.5.output.LayerNorm.weight from model.bert.encoder.layer.5.output.LayerNorm.weight
2022-08-30T16:36:06 | INFO | mmf.utils.checkpoint : Copying model.bert.encoder.layer.5.output.LayerNorm.bias from model.bert.encoder.layer.5.output.LayerNorm.bias
2022-08-30T16:36:06 | INFO | mmf.utils.checkpoint : Copying model.bert.encoder.layer.6.attention.self.query.weight from model.bert.encoder.layer.6.attention.self.query.weight
2022-08-30T16:36:06 | INFO | mmf.utils.checkpoint : Copying model.bert.encoder.layer.6.attention.self.query.bias from model.bert.encoder.layer.6.attention.self.query.bias
2022-08-30T16:36:06 | INFO | mmf.utils.checkpoint : Copying model.bert.encoder.layer.6.attention.self.key.weight from model.bert.encoder.layer.6.attention.self.key.weight
2022-08-30T16:36:06 | INFO | mmf.utils.checkpoint : Copying model.bert.encoder.layer.6.attention.self.key.bias from model.bert.encoder.layer.6.attention.self.key.bias
2022-08-30T16:36:06 | INFO | mmf.utils.checkpoint : Copying model.bert.encoder.layer.6.attention.self.value.weight from model.bert.encoder.layer.6.attention.self.value.weight
2022-08-30T16:36:06 | INFO | mmf.utils.checkpoint : Copying model.bert.encoder.layer.6.attention.self.value.bias from model.bert.encoder.layer.6.attention.self.value.bias
2022-08-30T16:36:06 | INFO | mmf.utils.checkpoint : Copying model.bert.encoder.layer.6.attention.output.dense.weight from model.bert.encoder.layer.6.attention.output.dense.weight
2022-08-30T16:36:06 | INFO | mmf.utils.checkpoint : Copying model.bert.encoder.layer.6.attention.output.dense.bias from model.bert.encoder.layer.6.attention.output.dense.bias
2022-08-30T16:36:06 | INFO | mmf.utils.checkpoint : Copying model.bert.encoder.layer.6.attention.output.LayerNorm.weight from model.bert.encoder.layer.6.attention.output.LayerNorm.weight
2022-08-30T16:36:06 | INFO | mmf.utils.checkpoint : Copying model.bert.encoder.layer.6.attention.output.LayerNorm.bias from model.bert.encoder.layer.6.attention.output.LayerNorm.bias
2022-08-30T16:36:06 | INFO | mmf.utils.checkpoint : Copying model.bert.encoder.layer.6.intermediate.dense.weight from model.bert.encoder.layer.6.intermediate.dense.weight
2022-08-30T16:36:06 | INFO | mmf.utils.checkpoint : Copying model.bert.encoder.layer.6.intermediate.dense.bias from model.bert.encoder.layer.6.intermediate.dense.bias
2022-08-30T16:36:06 | INFO | mmf.utils.checkpoint : Copying model.bert.encoder.layer.6.output.dense.weight from model.bert.encoder.layer.6.output.dense.weight
2022-08-30T16:36:06 | INFO | mmf.utils.checkpoint : Copying model.bert.encoder.layer.6.output.dense.bias from model.bert.encoder.layer.6.output.dense.bias
2022-08-30T16:36:06 | INFO | mmf.utils.checkpoint : Copying model.bert.encoder.layer.6.output.LayerNorm.weight from model.bert.encoder.layer.6.output.LayerNorm.weight
2022-08-30T16:36:06 | INFO | mmf.utils.checkpoint : Copying model.bert.encoder.layer.6.output.LayerNorm.bias from model.bert.encoder.layer.6.output.LayerNorm.bias
2022-08-30T16:36:06 | INFO | mmf.utils.checkpoint : Copying model.bert.encoder.layer.7.attention.self.query.weight from model.bert.encoder.layer.7.attention.self.query.weight
2022-08-30T16:36:06 | INFO | mmf.utils.checkpoint : Copying model.bert.encoder.layer.7.attention.self.query.bias from model.bert.encoder.layer.7.attention.self.query.bias
2022-08-30T16:36:06 | INFO | mmf.utils.checkpoint : Copying model.bert.encoder.layer.7.attention.self.key.weight from model.bert.encoder.layer.7.attention.self.key.weight
2022-08-30T16:36:06 | INFO | mmf.utils.checkpoint : Copying model.bert.encoder.layer.7.attention.self.key.bias from model.bert.encoder.layer.7.attention.self.key.bias
2022-08-30T16:36:06 | INFO | mmf.utils.checkpoint : Copying model.bert.encoder.layer.7.attention.self.value.weight from model.bert.encoder.layer.7.attention.self.value.weight
2022-08-30T16:36:06 | INFO | mmf.utils.checkpoint : Copying model.bert.encoder.layer.7.attention.self.value.bias from model.bert.encoder.layer.7.attention.self.value.bias
2022-08-30T16:36:06 | INFO | mmf.utils.checkpoint : Copying model.bert.encoder.layer.7.attention.output.dense.weight from model.bert.encoder.layer.7.attention.output.dense.weight
2022-08-30T16:36:06 | INFO | mmf.utils.checkpoint : Copying model.bert.encoder.layer.7.attention.output.dense.bias from model.bert.encoder.layer.7.attention.output.dense.bias
2022-08-30T16:36:06 | INFO | mmf.utils.checkpoint : Copying model.bert.encoder.layer.7.attention.output.LayerNorm.weight from model.bert.encoder.layer.7.attention.output.LayerNorm.weight
2022-08-30T16:36:06 | INFO | mmf.utils.checkpoint : Copying model.bert.encoder.layer.7.attention.output.LayerNorm.bias from model.bert.encoder.layer.7.attention.output.LayerNorm.bias
2022-08-30T16:36:06 | INFO | mmf.utils.checkpoint : Copying model.bert.encoder.layer.7.intermediate.dense.weight from model.bert.encoder.layer.7.intermediate.dense.weight
2022-08-30T16:36:06 | INFO | mmf.utils.checkpoint : Copying model.bert.encoder.layer.7.intermediate.dense.bias from model.bert.encoder.layer.7.intermediate.dense.bias
2022-08-30T16:36:06 | INFO | mmf.utils.checkpoint : Copying model.bert.encoder.layer.7.output.dense.weight from model.bert.encoder.layer.7.output.dense.weight
2022-08-30T16:36:06 | INFO | mmf.utils.checkpoint : Copying model.bert.encoder.layer.7.output.dense.bias from model.bert.encoder.layer.7.output.dense.bias
2022-08-30T16:36:06 | INFO | mmf.utils.checkpoint : Copying model.bert.encoder.layer.7.output.LayerNorm.weight from model.bert.encoder.layer.7.output.LayerNorm.weight
2022-08-30T16:36:06 | INFO | mmf.utils.checkpoint : Copying model.bert.encoder.layer.7.output.LayerNorm.bias from model.bert.encoder.layer.7.output.LayerNorm.bias
2022-08-30T16:36:06 | INFO | mmf.utils.checkpoint : Copying model.bert.encoder.layer.8.attention.self.query.weight from model.bert.encoder.layer.8.attention.self.query.weight
2022-08-30T16:36:06 | INFO | mmf.utils.checkpoint : Copying model.bert.encoder.layer.8.attention.self.query.bias from model.bert.encoder.layer.8.attention.self.query.bias
2022-08-30T16:36:06 | INFO | mmf.utils.checkpoint : Copying model.bert.encoder.layer.8.attention.self.key.weight from model.bert.encoder.layer.8.attention.self.key.weight
2022-08-30T16:36:06 | INFO | mmf.utils.checkpoint : Copying model.bert.encoder.layer.8.attention.self.key.bias from model.bert.encoder.layer.8.attention.self.key.bias
2022-08-30T16:36:06 | INFO | mmf.utils.checkpoint : Copying model.bert.encoder.layer.8.attention.self.value.weight from model.bert.encoder.layer.8.attention.self.value.weight
2022-08-30T16:36:06 | INFO | mmf.utils.checkpoint : Copying model.bert.encoder.layer.8.attention.self.value.bias from model.bert.encoder.layer.8.attention.self.value.bias
2022-08-30T16:36:06 | INFO | mmf.utils.checkpoint : Copying model.bert.encoder.layer.8.attention.output.dense.weight from model.bert.encoder.layer.8.attention.output.dense.weight
2022-08-30T16:36:06 | INFO | mmf.utils.checkpoint : Copying model.bert.encoder.layer.8.attention.output.dense.bias from model.bert.encoder.layer.8.attention.output.dense.bias
2022-08-30T16:36:06 | INFO | mmf.utils.checkpoint : Copying model.bert.encoder.layer.8.attention.output.LayerNorm.weight from model.bert.encoder.layer.8.attention.output.LayerNorm.weight
2022-08-30T16:36:06 | INFO | mmf.utils.checkpoint : Copying model.bert.encoder.layer.8.attention.output.LayerNorm.bias from model.bert.encoder.layer.8.attention.output.LayerNorm.bias
2022-08-30T16:36:06 | INFO | mmf.utils.checkpoint : Copying model.bert.encoder.layer.8.intermediate.dense.weight from model.bert.encoder.layer.8.intermediate.dense.weight
2022-08-30T16:36:06 | INFO | mmf.utils.checkpoint : Copying model.bert.encoder.layer.8.intermediate.dense.bias from model.bert.encoder.layer.8.intermediate.dense.bias
2022-08-30T16:36:06 | INFO | mmf.utils.checkpoint : Copying model.bert.encoder.layer.8.output.dense.weight from model.bert.encoder.layer.8.output.dense.weight
2022-08-30T16:36:06 | INFO | mmf.utils.checkpoint : Copying model.bert.encoder.layer.8.output.dense.bias from model.bert.encoder.layer.8.output.dense.bias
2022-08-30T16:36:06 | INFO | mmf.utils.checkpoint : Copying model.bert.encoder.layer.8.output.LayerNorm.weight from model.bert.encoder.layer.8.output.LayerNorm.weight
2022-08-30T16:36:06 | INFO | mmf.utils.checkpoint : Copying model.bert.encoder.layer.8.output.LayerNorm.bias from model.bert.encoder.layer.8.output.LayerNorm.bias
2022-08-30T16:36:06 | INFO | mmf.utils.checkpoint : Copying model.bert.encoder.layer.9.attention.self.query.weight from model.bert.encoder.layer.9.attention.self.query.weight
2022-08-30T16:36:06 | INFO | mmf.utils.checkpoint : Copying model.bert.encoder.layer.9.attention.self.query.bias from model.bert.encoder.layer.9.attention.self.query.bias
2022-08-30T16:36:06 | INFO | mmf.utils.checkpoint : Copying model.bert.encoder.layer.9.attention.self.key.weight from model.bert.encoder.layer.9.attention.self.key.weight
2022-08-30T16:36:06 | INFO | mmf.utils.checkpoint : Copying model.bert.encoder.layer.9.attention.self.key.bias from model.bert.encoder.layer.9.attention.self.key.bias
2022-08-30T16:36:06 | INFO | mmf.utils.checkpoint : Copying model.bert.encoder.layer.9.attention.self.value.weight from model.bert.encoder.layer.9.attention.self.value.weight
2022-08-30T16:36:06 | INFO | mmf.utils.checkpoint : Copying model.bert.encoder.layer.9.attention.self.value.bias from model.bert.encoder.layer.9.attention.self.value.bias
2022-08-30T16:36:06 | INFO | mmf.utils.checkpoint : Copying model.bert.encoder.layer.9.attention.output.dense.weight from model.bert.encoder.layer.9.attention.output.dense.weight
2022-08-30T16:36:06 | INFO | mmf.utils.checkpoint : Copying model.bert.encoder.layer.9.attention.output.dense.bias from model.bert.encoder.layer.9.attention.output.dense.bias
2022-08-30T16:36:06 | INFO | mmf.utils.checkpoint : Copying model.bert.encoder.layer.9.attention.output.LayerNorm.weight from model.bert.encoder.layer.9.attention.output.LayerNorm.weight
2022-08-30T16:36:06 | INFO | mmf.utils.checkpoint : Copying model.bert.encoder.layer.9.attention.output.LayerNorm.bias from model.bert.encoder.layer.9.attention.output.LayerNorm.bias
2022-08-30T16:36:06 | INFO | mmf.utils.checkpoint : Copying model.bert.encoder.layer.9.intermediate.dense.weight from model.bert.encoder.layer.9.intermediate.dense.weight
2022-08-30T16:36:06 | INFO | mmf.utils.checkpoint : Copying model.bert.encoder.layer.9.intermediate.dense.bias from model.bert.encoder.layer.9.intermediate.dense.bias
2022-08-30T16:36:06 | INFO | mmf.utils.checkpoint : Copying model.bert.encoder.layer.9.output.dense.weight from model.bert.encoder.layer.9.output.dense.weight
2022-08-30T16:36:06 | INFO | mmf.utils.checkpoint : Copying model.bert.encoder.layer.9.output.dense.bias from model.bert.encoder.layer.9.output.dense.bias
2022-08-30T16:36:06 | INFO | mmf.utils.checkpoint : Copying model.bert.encoder.layer.9.output.LayerNorm.weight from model.bert.encoder.layer.9.output.LayerNorm.weight
2022-08-30T16:36:06 | INFO | mmf.utils.checkpoint : Copying model.bert.encoder.layer.9.output.LayerNorm.bias from model.bert.encoder.layer.9.output.LayerNorm.bias
2022-08-30T16:36:06 | INFO | mmf.utils.checkpoint : Copying model.bert.encoder.layer.10.attention.self.query.weight from model.bert.encoder.layer.10.attention.self.query.weight
2022-08-30T16:36:06 | INFO | mmf.utils.checkpoint : Copying model.bert.encoder.layer.10.attention.self.query.bias from model.bert.encoder.layer.10.attention.self.query.bias
2022-08-30T16:36:06 | INFO | mmf.utils.checkpoint : Copying model.bert.encoder.layer.10.attention.self.key.weight from model.bert.encoder.layer.10.attention.self.key.weight
2022-08-30T16:36:06 | INFO | mmf.utils.checkpoint : Copying model.bert.encoder.layer.10.attention.self.key.bias from model.bert.encoder.layer.10.attention.self.key.bias
2022-08-30T16:36:06 | INFO | mmf.utils.checkpoint : Copying model.bert.encoder.layer.10.attention.self.value.weight from model.bert.encoder.layer.10.attention.self.value.weight
2022-08-30T16:36:06 | INFO | mmf.utils.checkpoint : Copying model.bert.encoder.layer.10.attention.self.value.bias from model.bert.encoder.layer.10.attention.self.value.bias
2022-08-30T16:36:06 | INFO | mmf.utils.checkpoint : Copying model.bert.encoder.layer.10.attention.output.dense.weight from model.bert.encoder.layer.10.attention.output.dense.weight
2022-08-30T16:36:06 | INFO | mmf.utils.checkpoint : Copying model.bert.encoder.layer.10.attention.output.dense.bias from model.bert.encoder.layer.10.attention.output.dense.bias
2022-08-30T16:36:06 | INFO | mmf.utils.checkpoint : Copying model.bert.encoder.layer.10.attention.output.LayerNorm.weight from model.bert.encoder.layer.10.attention.output.LayerNorm.weight
2022-08-30T16:36:06 | INFO | mmf.utils.checkpoint : Copying model.bert.encoder.layer.10.attention.output.LayerNorm.bias from model.bert.encoder.layer.10.attention.output.LayerNorm.bias
2022-08-30T16:36:06 | INFO | mmf.utils.checkpoint : Copying model.bert.encoder.layer.10.intermediate.dense.weight from model.bert.encoder.layer.10.intermediate.dense.weight
2022-08-30T16:36:06 | INFO | mmf.utils.checkpoint : Copying model.bert.encoder.layer.10.intermediate.dense.bias from model.bert.encoder.layer.10.intermediate.dense.bias
2022-08-30T16:36:06 | INFO | mmf.utils.checkpoint : Copying model.bert.encoder.layer.10.output.dense.weight from model.bert.encoder.layer.10.output.dense.weight
2022-08-30T16:36:06 | INFO | mmf.utils.checkpoint : Copying model.bert.encoder.layer.10.output.dense.bias from model.bert.encoder.layer.10.output.dense.bias
2022-08-30T16:36:06 | INFO | mmf.utils.checkpoint : Copying model.bert.encoder.layer.10.output.LayerNorm.weight from model.bert.encoder.layer.10.output.LayerNorm.weight
2022-08-30T16:36:06 | INFO | mmf.utils.checkpoint : Copying model.bert.encoder.layer.10.output.LayerNorm.bias from model.bert.encoder.layer.10.output.LayerNorm.bias
2022-08-30T16:36:06 | INFO | mmf.utils.checkpoint : Copying model.bert.encoder.layer.11.attention.self.query.weight from model.bert.encoder.layer.11.attention.self.query.weight
2022-08-30T16:36:06 | INFO | mmf.utils.checkpoint : Copying model.bert.encoder.layer.11.attention.self.query.bias from model.bert.encoder.layer.11.attention.self.query.bias
2022-08-30T16:36:06 | INFO | mmf.utils.checkpoint : Copying model.bert.encoder.layer.11.attention.self.key.weight from model.bert.encoder.layer.11.attention.self.key.weight
2022-08-30T16:36:06 | INFO | mmf.utils.checkpoint : Copying model.bert.encoder.layer.11.attention.self.key.bias from model.bert.encoder.layer.11.attention.self.key.bias
2022-08-30T16:36:06 | INFO | mmf.utils.checkpoint : Copying model.bert.encoder.layer.11.attention.self.value.weight from model.bert.encoder.layer.11.attention.self.value.weight
2022-08-30T16:36:06 | INFO | mmf.utils.checkpoint : Copying model.bert.encoder.layer.11.attention.self.value.bias from model.bert.encoder.layer.11.attention.self.value.bias
2022-08-30T16:36:06 | INFO | mmf.utils.checkpoint : Copying model.bert.encoder.layer.11.attention.output.dense.weight from model.bert.encoder.layer.11.attention.output.dense.weight
2022-08-30T16:36:06 | INFO | mmf.utils.checkpoint : Copying model.bert.encoder.layer.11.attention.output.dense.bias from model.bert.encoder.layer.11.attention.output.dense.bias
2022-08-30T16:36:06 | INFO | mmf.utils.checkpoint : Copying model.bert.encoder.layer.11.attention.output.LayerNorm.weight from model.bert.encoder.layer.11.attention.output.LayerNorm.weight
2022-08-30T16:36:06 | INFO | mmf.utils.checkpoint : Copying model.bert.encoder.layer.11.attention.output.LayerNorm.bias from model.bert.encoder.layer.11.attention.output.LayerNorm.bias
2022-08-30T16:36:06 | INFO | mmf.utils.checkpoint : Copying model.bert.encoder.layer.11.intermediate.dense.weight from model.bert.encoder.layer.11.intermediate.dense.weight
2022-08-30T16:36:06 | INFO | mmf.utils.checkpoint : Copying model.bert.encoder.layer.11.intermediate.dense.bias from model.bert.encoder.layer.11.intermediate.dense.bias
2022-08-30T16:36:06 | INFO | mmf.utils.checkpoint : Copying model.bert.encoder.layer.11.output.dense.weight from model.bert.encoder.layer.11.output.dense.weight
2022-08-30T16:36:06 | INFO | mmf.utils.checkpoint : Copying model.bert.encoder.layer.11.output.dense.bias from model.bert.encoder.layer.11.output.dense.bias
2022-08-30T16:36:06 | INFO | mmf.utils.checkpoint : Copying model.bert.encoder.layer.11.output.LayerNorm.weight from model.bert.encoder.layer.11.output.LayerNorm.weight
2022-08-30T16:36:06 | INFO | mmf.utils.checkpoint : Copying model.bert.encoder.layer.11.output.LayerNorm.bias from model.bert.encoder.layer.11.output.LayerNorm.bias
2022-08-30T16:36:06 | INFO | mmf.utils.checkpoint : Copying model.bert.pooler.dense.weight from model.bert.pooler.dense.weight
2022-08-30T16:36:06 | INFO | mmf.utils.checkpoint : Copying model.bert.pooler.dense.bias from model.bert.pooler.dense.bias
2022-08-30T16:36:06 | INFO | mmf.utils.checkpoint : Pretrained model loaded
2022-08-30T16:36:06 | INFO | mmf.utils.checkpoint : Checkpoint loaded.
2022-08-30T16:36:06 | INFO | mmf.utils.checkpoint : Current num updates: 0
2022-08-30T16:36:06 | INFO | mmf.utils.checkpoint : Current iteration: 0
2022-08-30T16:36:06 | INFO | mmf.utils.checkpoint : Current epoch: 0
2022-08-30T16:36:06 | INFO | mmf.trainers.mmf_trainer : ===== Model =====
2022-08-30T16:36:06 | INFO | mmf.trainers.mmf_trainer : VisualBERT(
  (model): VisualBERTForClassification(
    (bert): VisualBERTBase(
      (embeddings): BertVisioLinguisticEmbeddings(
        (word_embeddings): Embedding(30522, 768, padding_idx=0)
        (position_embeddings): Embedding(512, 768)
        (token_type_embeddings): Embedding(2, 768)
        (LayerNorm): LayerNorm((768,), eps=1e-12, elementwise_affine=True)
        (dropout): Dropout(p=0.1, inplace=False)
        (token_type_embeddings_visual): Embedding(2, 768)
        (position_embeddings_visual): Embedding(512, 768)
        (projection): Linear(in_features=2048, out_features=768, bias=True)
      )
      (encoder): BertEncoderJit(
        (layer): ModuleList(
          (0): BertLayerJit(
            (attention): BertAttentionJit(
              (self): BertSelfAttentionJit(
                (query): Linear(in_features=768, out_features=768, bias=True)
                (key): Linear(in_features=768, out_features=768, bias=True)
                (value): Linear(in_features=768, out_features=768, bias=True)
                (dropout): Dropout(p=0.1, inplace=False)
              )
              (output): BertSelfOutput(
                (dense): Linear(in_features=768, out_features=768, bias=True)
                (LayerNorm): LayerNorm((768,), eps=1e-12, elementwise_affine=True)
                (dropout): Dropout(p=0.1, inplace=False)
              )
            )
            (intermediate): BertIntermediate(
              (dense): Linear(in_features=768, out_features=3072, bias=True)
            )
            (output): BertOutput(
              (dense): Linear(in_features=3072, out_features=768, bias=True)
              (LayerNorm): LayerNorm((768,), eps=1e-12, elementwise_affine=True)
              (dropout): Dropout(p=0.1, inplace=False)
            )
          )
          (1): BertLayerJit(
            (attention): BertAttentionJit(
              (self): BertSelfAttentionJit(
                (query): Linear(in_features=768, out_features=768, bias=True)
                (key): Linear(in_features=768, out_features=768, bias=True)
                (value): Linear(in_features=768, out_features=768, bias=True)
                (dropout): Dropout(p=0.1, inplace=False)
              )
              (output): BertSelfOutput(
                (dense): Linear(in_features=768, out_features=768, bias=True)
                (LayerNorm): LayerNorm((768,), eps=1e-12, elementwise_affine=True)
                (dropout): Dropout(p=0.1, inplace=False)
              )
            )
            (intermediate): BertIntermediate(
              (dense): Linear(in_features=768, out_features=3072, bias=True)
            )
            (output): BertOutput(
              (dense): Linear(in_features=3072, out_features=768, bias=True)
              (LayerNorm): LayerNorm((768,), eps=1e-12, elementwise_affine=True)
              (dropout): Dropout(p=0.1, inplace=False)
            )
          )
          (2): BertLayerJit(
            (attention): BertAttentionJit(
              (self): BertSelfAttentionJit(
                (query): Linear(in_features=768, out_features=768, bias=True)
                (key): Linear(in_features=768, out_features=768, bias=True)
                (value): Linear(in_features=768, out_features=768, bias=True)
                (dropout): Dropout(p=0.1, inplace=False)
              )
              (output): BertSelfOutput(
                (dense): Linear(in_features=768, out_features=768, bias=True)
                (LayerNorm): LayerNorm((768,), eps=1e-12, elementwise_affine=True)
                (dropout): Dropout(p=0.1, inplace=False)
              )
            )
            (intermediate): BertIntermediate(
              (dense): Linear(in_features=768, out_features=3072, bias=True)
            )
            (output): BertOutput(
              (dense): Linear(in_features=3072, out_features=768, bias=True)
              (LayerNorm): LayerNorm((768,), eps=1e-12, elementwise_affine=True)
              (dropout): Dropout(p=0.1, inplace=False)
            )
          )
          (3): BertLayerJit(
            (attention): BertAttentionJit(
              (self): BertSelfAttentionJit(
                (query): Linear(in_features=768, out_features=768, bias=True)
                (key): Linear(in_features=768, out_features=768, bias=True)
                (value): Linear(in_features=768, out_features=768, bias=True)
                (dropout): Dropout(p=0.1, inplace=False)
              )
              (output): BertSelfOutput(
                (dense): Linear(in_features=768, out_features=768, bias=True)
                (LayerNorm): LayerNorm((768,), eps=1e-12, elementwise_affine=True)
                (dropout): Dropout(p=0.1, inplace=False)
              )
            )
            (intermediate): BertIntermediate(
              (dense): Linear(in_features=768, out_features=3072, bias=True)
            )
            (output): BertOutput(
              (dense): Linear(in_features=3072, out_features=768, bias=True)
              (LayerNorm): LayerNorm((768,), eps=1e-12, elementwise_affine=True)
              (dropout): Dropout(p=0.1, inplace=False)
            )
          )
          (4): BertLayerJit(
            (attention): BertAttentionJit(
              (self): BertSelfAttentionJit(
                (query): Linear(in_features=768, out_features=768, bias=True)
                (key): Linear(in_features=768, out_features=768, bias=True)
                (value): Linear(in_features=768, out_features=768, bias=True)
                (dropout): Dropout(p=0.1, inplace=False)
              )
              (output): BertSelfOutput(
                (dense): Linear(in_features=768, out_features=768, bias=True)
                (LayerNorm): LayerNorm((768,), eps=1e-12, elementwise_affine=True)
                (dropout): Dropout(p=0.1, inplace=False)
              )
            )
            (intermediate): BertIntermediate(
              (dense): Linear(in_features=768, out_features=3072, bias=True)
            )
            (output): BertOutput(
              (dense): Linear(in_features=3072, out_features=768, bias=True)
              (LayerNorm): LayerNorm((768,), eps=1e-12, elementwise_affine=True)
              (dropout): Dropout(p=0.1, inplace=False)
            )
          )
          (5): BertLayerJit(
            (attention): BertAttentionJit(
              (self): BertSelfAttentionJit(
                (query): Linear(in_features=768, out_features=768, bias=True)
                (key): Linear(in_features=768, out_features=768, bias=True)
                (value): Linear(in_features=768, out_features=768, bias=True)
                (dropout): Dropout(p=0.1, inplace=False)
              )
              (output): BertSelfOutput(
                (dense): Linear(in_features=768, out_features=768, bias=True)
                (LayerNorm): LayerNorm((768,), eps=1e-12, elementwise_affine=True)
                (dropout): Dropout(p=0.1, inplace=False)
              )
            )
            (intermediate): BertIntermediate(
              (dense): Linear(in_features=768, out_features=3072, bias=True)
            )
            (output): BertOutput(
              (dense): Linear(in_features=3072, out_features=768, bias=True)
              (LayerNorm): LayerNorm((768,), eps=1e-12, elementwise_affine=True)
              (dropout): Dropout(p=0.1, inplace=False)
            )
          )
          (6): BertLayerJit(
            (attention): BertAttentionJit(
              (self): BertSelfAttentionJit(
                (query): Linear(in_features=768, out_features=768, bias=True)
                (key): Linear(in_features=768, out_features=768, bias=True)
                (value): Linear(in_features=768, out_features=768, bias=True)
                (dropout): Dropout(p=0.1, inplace=False)
              )
              (output): BertSelfOutput(
                (dense): Linear(in_features=768, out_features=768, bias=True)
                (LayerNorm): LayerNorm((768,), eps=1e-12, elementwise_affine=True)
                (dropout): Dropout(p=0.1, inplace=False)
              )
            )
            (intermediate): BertIntermediate(
              (dense): Linear(in_features=768, out_features=3072, bias=True)
            )
            (output): BertOutput(
              (dense): Linear(in_features=3072, out_features=768, bias=True)
              (LayerNorm): LayerNorm((768,), eps=1e-12, elementwise_affine=True)
              (dropout): Dropout(p=0.1, inplace=False)
            )
          )
          (7): BertLayerJit(
            (attention): BertAttentionJit(
              (self): BertSelfAttentionJit(
                (query): Linear(in_features=768, out_features=768, bias=True)
                (key): Linear(in_features=768, out_features=768, bias=True)
                (value): Linear(in_features=768, out_features=768, bias=True)
                (dropout): Dropout(p=0.1, inplace=False)
              )
              (output): BertSelfOutput(
                (dense): Linear(in_features=768, out_features=768, bias=True)
                (LayerNorm): LayerNorm((768,), eps=1e-12, elementwise_affine=True)
                (dropout): Dropout(p=0.1, inplace=False)
              )
            )
            (intermediate): BertIntermediate(
              (dense): Linear(in_features=768, out_features=3072, bias=True)
            )
            (output): BertOutput(
              (dense): Linear(in_features=3072, out_features=768, bias=True)
              (LayerNorm): LayerNorm((768,), eps=1e-12, elementwise_affine=True)
              (dropout): Dropout(p=0.1, inplace=False)
            )
          )
          (8): BertLayerJit(
            (attention): BertAttentionJit(
              (self): BertSelfAttentionJit(
                (query): Linear(in_features=768, out_features=768, bias=True)
                (key): Linear(in_features=768, out_features=768, bias=True)
                (value): Linear(in_features=768, out_features=768, bias=True)
                (dropout): Dropout(p=0.1, inplace=False)
              )
              (output): BertSelfOutput(
                (dense): Linear(in_features=768, out_features=768, bias=True)
                (LayerNorm): LayerNorm((768,), eps=1e-12, elementwise_affine=True)
                (dropout): Dropout(p=0.1, inplace=False)
              )
            )
            (intermediate): BertIntermediate(
              (dense): Linear(in_features=768, out_features=3072, bias=True)
            )
            (output): BertOutput(
              (dense): Linear(in_features=3072, out_features=768, bias=True)
              (LayerNorm): LayerNorm((768,), eps=1e-12, elementwise_affine=True)
              (dropout): Dropout(p=0.1, inplace=False)
            )
          )
          (9): BertLayerJit(
            (attention): BertAttentionJit(
              (self): BertSelfAttentionJit(
                (query): Linear(in_features=768, out_features=768, bias=True)
                (key): Linear(in_features=768, out_features=768, bias=True)
                (value): Linear(in_features=768, out_features=768, bias=True)
                (dropout): Dropout(p=0.1, inplace=False)
              )
              (output): BertSelfOutput(
                (dense): Linear(in_features=768, out_features=768, bias=True)
                (LayerNorm): LayerNorm((768,), eps=1e-12, elementwise_affine=True)
                (dropout): Dropout(p=0.1, inplace=False)
              )
            )
            (intermediate): BertIntermediate(
              (dense): Linear(in_features=768, out_features=3072, bias=True)
            )
            (output): BertOutput(
              (dense): Linear(in_features=3072, out_features=768, bias=True)
              (LayerNorm): LayerNorm((768,), eps=1e-12, elementwise_affine=True)
              (dropout): Dropout(p=0.1, inplace=False)
            )
          )
          (10): BertLayerJit(
            (attention): BertAttentionJit(
              (self): BertSelfAttentionJit(
                (query): Linear(in_features=768, out_features=768, bias=True)
                (key): Linear(in_features=768, out_features=768, bias=True)
                (value): Linear(in_features=768, out_features=768, bias=True)
                (dropout): Dropout(p=0.1, inplace=False)
              )
              (output): BertSelfOutput(
                (dense): Linear(in_features=768, out_features=768, bias=True)
                (LayerNorm): LayerNorm((768,), eps=1e-12, elementwise_affine=True)
                (dropout): Dropout(p=0.1, inplace=False)
              )
            )
            (intermediate): BertIntermediate(
              (dense): Linear(in_features=768, out_features=3072, bias=True)
            )
            (output): BertOutput(
              (dense): Linear(in_features=3072, out_features=768, bias=True)
              (LayerNorm): LayerNorm((768,), eps=1e-12, elementwise_affine=True)
              (dropout): Dropout(p=0.1, inplace=False)
            )
          )
          (11): BertLayerJit(
            (attention): BertAttentionJit(
              (self): BertSelfAttentionJit(
                (query): Linear(in_features=768, out_features=768, bias=True)
                (key): Linear(in_features=768, out_features=768, bias=True)
                (value): Linear(in_features=768, out_features=768, bias=True)
                (dropout): Dropout(p=0.1, inplace=False)
              )
              (output): BertSelfOutput(
                (dense): Linear(in_features=768, out_features=768, bias=True)
                (LayerNorm): LayerNorm((768,), eps=1e-12, elementwise_affine=True)
                (dropout): Dropout(p=0.1, inplace=False)
              )
            )
            (intermediate): BertIntermediate(
              (dense): Linear(in_features=768, out_features=3072, bias=True)
            )
            (output): BertOutput(
              (dense): Linear(in_features=3072, out_features=768, bias=True)
              (LayerNorm): LayerNorm((768,), eps=1e-12, elementwise_affine=True)
              (dropout): Dropout(p=0.1, inplace=False)
            )
          )
        )
      )
      (pooler): BertPooler(
        (dense): Linear(in_features=768, out_features=768, bias=True)
        (activation): Tanh()
      )
    )
    (dropout): Dropout(p=0.1, inplace=False)
    (classifier): Sequential(
      (0): BertPredictionHeadTransform(
        (dense): Linear(in_features=768, out_features=768, bias=True)
        (LayerNorm): LayerNorm((768,), eps=1e-12, elementwise_affine=True)
      )
      (1): Linear(in_features=768, out_features=6, bias=True)
    )
  )
  (losses): Losses(
    (losses): ModuleList(
      (0): MMFLoss(
        (loss_criterion): CrossEntropyLoss(
          (loss_fn): CrossEntropyLoss()
        )
      )
    )
  )
)
2022-08-30T16:36:06 | INFO | mmf.utils.general : Total Parameters: 112047366. Trained Parameters: 112047366
2022-08-30T16:36:06 | INFO | mmf.trainers.core.training_loop : Starting training...
2022-08-30T16:36:46 | INFO | mmf.trainers.callbacks.checkpoint : Checkpoint time. Saving a checkpoint.
2022-08-30T16:36:46 | WARNING | py.warnings : /usr/local/lib/python3.7/dist-packages/torch/optim/lr_scheduler.py:200: UserWarning: Please also save or load the state of the optimzer when saving or loading the scheduler.
  warnings.warn(SAVE_STATE_WARNING, UserWarning)

2022-08-30T16:36:46 | WARNING | py.warnings : /usr/local/lib/python3.7/dist-packages/torch/optim/lr_scheduler.py:200: UserWarning: Please also save or load the state of the optimzer when saving or loading the scheduler.
  warnings.warn(SAVE_STATE_WARNING, UserWarning)

2022-08-30T16:36:58 | INFO | mmf.trainers.core.training_loop : Evaluation time. Running on full validation set...
2022-08-30T16:37:07 | WARNING | py.warnings : /usr/local/lib/python3.7/dist-packages/torch/optim/lr_scheduler.py:200: UserWarning: Please also save or load the state of the optimzer when saving or loading the scheduler.
  warnings.warn(SAVE_STATE_WARNING, UserWarning)

2022-08-30T16:37:07 | WARNING | py.warnings : /usr/local/lib/python3.7/dist-packages/torch/optim/lr_scheduler.py:200: UserWarning: Please also save or load the state of the optimzer when saving or loading the scheduler.
  warnings.warn(SAVE_STATE_WARNING, UserWarning)

2022-08-30T16:37:23 | INFO | mmf.trainers.callbacks.logistics : progress: 50/1000, val/hateful_memes/cross_entropy: 1.4797, val/total_loss: 1.4797, val/hateful_memes/accuracy: 0.4121, val/hateful_memes/binary_f1: 0.0000, val/hateful_memes/roc_auc: 0.5103, num_updates: 50, epoch: 1, iterations: 50, max_updates: 1000, val_time: 25s 796ms, best_update: 50, best_iteration: 50, best_val/hateful_memes/roc_auc: 0.510275
2022-08-30T16:38:02 | INFO | mmf.trainers.callbacks.checkpoint : Checkpoint time. Saving a checkpoint.
2022-08-30T16:38:02 | WARNING | py.warnings : /usr/local/lib/python3.7/dist-packages/torch/optim/lr_scheduler.py:200: UserWarning: Please also save or load the state of the optimzer when saving or loading the scheduler.
  warnings.warn(SAVE_STATE_WARNING, UserWarning)

2022-08-30T16:38:02 | WARNING | py.warnings : /usr/local/lib/python3.7/dist-packages/torch/optim/lr_scheduler.py:200: UserWarning: Please also save or load the state of the optimzer when saving or loading the scheduler.
  warnings.warn(SAVE_STATE_WARNING, UserWarning)

2022-08-30T16:38:13 | INFO | mmf.trainers.callbacks.logistics : progress: 100/1000, train/hateful_memes/cross_entropy: 1.1428, train/hateful_memes/cross_entropy/avg: 1.1428, train/total_loss: 1.1428, train/total_loss/avg: 1.1428, max mem: 9201.0, experiment: run, epoch: 1, num_updates: 100, iterations: 100, max_updates: 1000, lr: 0.00002, ups: 2.04, time: 49s 993ms, time_since_start: 02m 10s 867ms, eta: 07m 29s 941ms
2022-08-30T16:38:14 | INFO | mmf.trainers.core.training_loop : Evaluation time. Running on full validation set...
2022-08-30T16:38:22 | WARNING | py.warnings : /usr/local/lib/python3.7/dist-packages/torch/optim/lr_scheduler.py:200: UserWarning: Please also save or load the state of the optimzer when saving or loading the scheduler.
  warnings.warn(SAVE_STATE_WARNING, UserWarning)

2022-08-30T16:38:22 | WARNING | py.warnings : /usr/local/lib/python3.7/dist-packages/torch/optim/lr_scheduler.py:200: UserWarning: Please also save or load the state of the optimzer when saving or loading the scheduler.
  warnings.warn(SAVE_STATE_WARNING, UserWarning)

2022-08-30T16:38:39 | INFO | mmf.trainers.callbacks.logistics : progress: 100/1000, val/hateful_memes/cross_entropy: 1.4115, val/total_loss: 1.4115, val/hateful_memes/accuracy: 0.4121, val/hateful_memes/binary_f1: 0.0000, val/hateful_memes/roc_auc: 0.5905, num_updates: 100, epoch: 1, iterations: 100, max_updates: 1000, val_time: 25s 194ms, best_update: 100, best_iteration: 100, best_val/hateful_memes/roc_auc: 0.590547
2022-08-30T16:39:17 | INFO | mmf.trainers.callbacks.checkpoint : Checkpoint time. Saving a checkpoint.
2022-08-30T16:39:17 | WARNING | py.warnings : /usr/local/lib/python3.7/dist-packages/torch/optim/lr_scheduler.py:200: UserWarning: Please also save or load the state of the optimzer when saving or loading the scheduler.
  warnings.warn(SAVE_STATE_WARNING, UserWarning)

2022-08-30T16:39:17 | WARNING | py.warnings : /usr/local/lib/python3.7/dist-packages/torch/optim/lr_scheduler.py:200: UserWarning: Please also save or load the state of the optimzer when saving or loading the scheduler.
  warnings.warn(SAVE_STATE_WARNING, UserWarning)

2022-08-30T16:39:28 | INFO | mmf.trainers.core.training_loop : Evaluation time. Running on full validation set...
2022-08-30T16:39:37 | WARNING | py.warnings : /usr/local/lib/python3.7/dist-packages/torch/optim/lr_scheduler.py:200: UserWarning: Please also save or load the state of the optimzer when saving or loading the scheduler.
  warnings.warn(SAVE_STATE_WARNING, UserWarning)

2022-08-30T16:39:37 | WARNING | py.warnings : /usr/local/lib/python3.7/dist-packages/torch/optim/lr_scheduler.py:200: UserWarning: Please also save or load the state of the optimzer when saving or loading the scheduler.
  warnings.warn(SAVE_STATE_WARNING, UserWarning)

2022-08-30T16:39:54 | INFO | mmf.trainers.callbacks.logistics : progress: 150/1000, val/hateful_memes/cross_entropy: 1.4194, val/total_loss: 1.4194, val/hateful_memes/accuracy: 0.4121, val/hateful_memes/binary_f1: 0.0000, val/hateful_memes/roc_auc: 0.6799, num_updates: 150, epoch: 1, iterations: 150, max_updates: 1000, val_time: 25s 724ms, best_update: 150, best_iteration: 150, best_val/hateful_memes/roc_auc: 0.679920
2022-08-30T16:40:33 | INFO | mmf.trainers.callbacks.checkpoint : Checkpoint time. Saving a checkpoint.
2022-08-30T16:40:33 | WARNING | py.warnings : /usr/local/lib/python3.7/dist-packages/torch/optim/lr_scheduler.py:200: UserWarning: Please also save or load the state of the optimzer when saving or loading the scheduler.
  warnings.warn(SAVE_STATE_WARNING, UserWarning)

2022-08-30T16:40:33 | WARNING | py.warnings : /usr/local/lib/python3.7/dist-packages/torch/optim/lr_scheduler.py:200: UserWarning: Please also save or load the state of the optimzer when saving or loading the scheduler.
  warnings.warn(SAVE_STATE_WARNING, UserWarning)

2022-08-30T16:40:44 | INFO | mmf.trainers.callbacks.logistics : progress: 200/1000, train/hateful_memes/cross_entropy: 0.8476, train/hateful_memes/cross_entropy/avg: 0.9952, train/total_loss: 0.8476, train/total_loss/avg: 0.9952, max mem: 9201.0, experiment: run, epoch: 1, num_updates: 200, iterations: 200, max_updates: 1000, lr: 0.00004, ups: 2.04, time: 49s 558ms, time_since_start: 04m 41s 143ms, eta: 06m 36s 466ms
2022-08-30T16:40:44 | INFO | mmf.trainers.core.training_loop : Evaluation time. Running on full validation set...
2022-08-30T16:40:53 | WARNING | py.warnings : /usr/local/lib/python3.7/dist-packages/torch/optim/lr_scheduler.py:200: UserWarning: Please also save or load the state of the optimzer when saving or loading the scheduler.
  warnings.warn(SAVE_STATE_WARNING, UserWarning)

2022-08-30T16:40:53 | WARNING | py.warnings : /usr/local/lib/python3.7/dist-packages/torch/optim/lr_scheduler.py:200: UserWarning: Please also save or load the state of the optimzer when saving or loading the scheduler.
  warnings.warn(SAVE_STATE_WARNING, UserWarning)

2022-08-30T16:41:09 | INFO | mmf.trainers.callbacks.logistics : progress: 200/1000, val/hateful_memes/cross_entropy: 1.1497, val/total_loss: 1.1497, val/hateful_memes/accuracy: 0.5536, val/hateful_memes/binary_f1: 0.5490, val/hateful_memes/roc_auc: 0.7566, num_updates: 200, epoch: 1, iterations: 200, max_updates: 1000, val_time: 25s 545ms, best_update: 200, best_iteration: 200, best_val/hateful_memes/roc_auc: 0.756648
2022-08-30T16:41:49 | INFO | mmf.trainers.callbacks.checkpoint : Checkpoint time. Saving a checkpoint.
2022-08-30T16:41:49 | WARNING | py.warnings : /usr/local/lib/python3.7/dist-packages/torch/optim/lr_scheduler.py:200: UserWarning: Please also save or load the state of the optimzer when saving or loading the scheduler.
  warnings.warn(SAVE_STATE_WARNING, UserWarning)

2022-08-30T16:41:49 | WARNING | py.warnings : /usr/local/lib/python3.7/dist-packages/torch/optim/lr_scheduler.py:200: UserWarning: Please also save or load the state of the optimzer when saving or loading the scheduler.
  warnings.warn(SAVE_STATE_WARNING, UserWarning)

2022-08-30T16:42:00 | INFO | mmf.trainers.core.training_loop : Evaluation time. Running on full validation set...
2022-08-30T16:42:09 | WARNING | py.warnings : /usr/local/lib/python3.7/dist-packages/torch/optim/lr_scheduler.py:200: UserWarning: Please also save or load the state of the optimzer when saving or loading the scheduler.
  warnings.warn(SAVE_STATE_WARNING, UserWarning)

2022-08-30T16:42:09 | WARNING | py.warnings : /usr/local/lib/python3.7/dist-packages/torch/optim/lr_scheduler.py:200: UserWarning: Please also save or load the state of the optimzer when saving or loading the scheduler.
  warnings.warn(SAVE_STATE_WARNING, UserWarning)

2022-08-30T16:42:25 | INFO | mmf.trainers.callbacks.logistics : progress: 250/1000, val/hateful_memes/cross_entropy: 1.1641, val/total_loss: 1.1641, val/hateful_memes/accuracy: 0.5659, val/hateful_memes/binary_f1: 0.5652, val/hateful_memes/roc_auc: 0.8029, num_updates: 250, epoch: 2, iterations: 250, max_updates: 1000, val_time: 25s 629ms, best_update: 250, best_iteration: 250, best_val/hateful_memes/roc_auc: 0.802883
2022-08-30T16:43:04 | INFO | mmf.trainers.callbacks.checkpoint : Checkpoint time. Saving a checkpoint.
2022-08-30T16:43:04 | WARNING | py.warnings : /usr/local/lib/python3.7/dist-packages/torch/optim/lr_scheduler.py:200: UserWarning: Please also save or load the state of the optimzer when saving or loading the scheduler.
  warnings.warn(SAVE_STATE_WARNING, UserWarning)

2022-08-30T16:43:04 | WARNING | py.warnings : /usr/local/lib/python3.7/dist-packages/torch/optim/lr_scheduler.py:200: UserWarning: Please also save or load the state of the optimzer when saving or loading the scheduler.
  warnings.warn(SAVE_STATE_WARNING, UserWarning)

2022-08-30T16:43:15 | INFO | mmf.trainers.callbacks.logistics : progress: 300/1000, train/hateful_memes/cross_entropy: 1.1428, train/hateful_memes/cross_entropy/avg: 1.0704, train/total_loss: 1.1428, train/total_loss/avg: 1.0704, max mem: 9201.0, experiment: run, epoch: 2, num_updates: 300, iterations: 300, max_updates: 1000, lr: 0.00005, ups: 2.04, time: 49s 489ms, time_since_start: 07m 12s 090ms, eta: 05m 46s 427ms
2022-08-30T16:43:15 | INFO | mmf.trainers.core.training_loop : Evaluation time. Running on full validation set...
2022-08-30T16:43:24 | WARNING | py.warnings : /usr/local/lib/python3.7/dist-packages/torch/optim/lr_scheduler.py:200: UserWarning: Please also save or load the state of the optimzer when saving or loading the scheduler.
  warnings.warn(SAVE_STATE_WARNING, UserWarning)

2022-08-30T16:43:24 | WARNING | py.warnings : /usr/local/lib/python3.7/dist-packages/torch/optim/lr_scheduler.py:200: UserWarning: Please also save or load the state of the optimzer when saving or loading the scheduler.
  warnings.warn(SAVE_STATE_WARNING, UserWarning)

2022-08-30T16:43:40 | INFO | mmf.trainers.callbacks.logistics : progress: 300/1000, val/hateful_memes/cross_entropy: 1.1288, val/total_loss: 1.1288, val/hateful_memes/accuracy: 0.6071, val/hateful_memes/binary_f1: 0.5789, val/hateful_memes/roc_auc: 0.8405, num_updates: 300, epoch: 2, iterations: 300, max_updates: 1000, val_time: 25s 462ms, best_update: 300, best_iteration: 300, best_val/hateful_memes/roc_auc: 0.840487
2022-08-30T16:44:19 | INFO | mmf.trainers.callbacks.checkpoint : Checkpoint time. Saving a checkpoint.
2022-08-30T16:44:19 | WARNING | py.warnings : /usr/local/lib/python3.7/dist-packages/torch/optim/lr_scheduler.py:200: UserWarning: Please also save or load the state of the optimzer when saving or loading the scheduler.
  warnings.warn(SAVE_STATE_WARNING, UserWarning)

2022-08-30T16:44:19 | WARNING | py.warnings : /usr/local/lib/python3.7/dist-packages/torch/optim/lr_scheduler.py:200: UserWarning: Please also save or load the state of the optimzer when saving or loading the scheduler.
  warnings.warn(SAVE_STATE_WARNING, UserWarning)

2022-08-30T16:44:30 | INFO | mmf.trainers.core.training_loop : Evaluation time. Running on full validation set...
2022-08-30T16:44:39 | WARNING | py.warnings : /usr/local/lib/python3.7/dist-packages/torch/optim/lr_scheduler.py:200: UserWarning: Please also save or load the state of the optimzer when saving or loading the scheduler.
  warnings.warn(SAVE_STATE_WARNING, UserWarning)

2022-08-30T16:44:39 | WARNING | py.warnings : /usr/local/lib/python3.7/dist-packages/torch/optim/lr_scheduler.py:200: UserWarning: Please also save or load the state of the optimzer when saving or loading the scheduler.
  warnings.warn(SAVE_STATE_WARNING, UserWarning)

2022-08-30T16:44:50 | INFO | mmf.trainers.callbacks.logistics : progress: 350/1000, val/hateful_memes/cross_entropy: 1.2883, val/total_loss: 1.2883, val/hateful_memes/accuracy: 0.4753, val/hateful_memes/binary_f1: 0.2786, val/hateful_memes/roc_auc: 0.8332, num_updates: 350, epoch: 2, iterations: 350, max_updates: 1000, val_time: 20s 859ms, best_update: 300, best_iteration: 300, best_val/hateful_memes/roc_auc: 0.840487
2022-08-30T16:45:29 | INFO | mmf.trainers.callbacks.checkpoint : Checkpoint time. Saving a checkpoint.
2022-08-30T16:45:29 | WARNING | py.warnings : /usr/local/lib/python3.7/dist-packages/torch/optim/lr_scheduler.py:200: UserWarning: Please also save or load the state of the optimzer when saving or loading the scheduler.
  warnings.warn(SAVE_STATE_WARNING, UserWarning)

2022-08-30T16:45:29 | WARNING | py.warnings : /usr/local/lib/python3.7/dist-packages/torch/optim/lr_scheduler.py:200: UserWarning: Please also save or load the state of the optimzer when saving or loading the scheduler.
  warnings.warn(SAVE_STATE_WARNING, UserWarning)

2022-08-30T16:45:40 | INFO | mmf.trainers.callbacks.logistics : progress: 400/1000, train/hateful_memes/cross_entropy: 0.8476, train/hateful_memes/cross_entropy/avg: 0.9437, train/total_loss: 0.8476, train/total_loss/avg: 0.9437, max mem: 9201.0, experiment: run, epoch: 2, num_updates: 400, iterations: 400, max_updates: 1000, lr: 0.00004, ups: 2.04, time: 49s 934ms, time_since_start: 09m 37s 805ms, eta: 04m 59s 605ms
2022-08-30T16:45:40 | INFO | mmf.trainers.core.training_loop : Evaluation time. Running on full validation set...
2022-08-30T16:45:49 | WARNING | py.warnings : /usr/local/lib/python3.7/dist-packages/torch/optim/lr_scheduler.py:200: UserWarning: Please also save or load the state of the optimzer when saving or loading the scheduler.
  warnings.warn(SAVE_STATE_WARNING, UserWarning)

2022-08-30T16:45:49 | WARNING | py.warnings : /usr/local/lib/python3.7/dist-packages/torch/optim/lr_scheduler.py:200: UserWarning: Please also save or load the state of the optimzer when saving or loading the scheduler.
  warnings.warn(SAVE_STATE_WARNING, UserWarning)

2022-08-30T16:46:06 | INFO | mmf.trainers.callbacks.logistics : progress: 400/1000, val/hateful_memes/cross_entropy: 0.9365, val/total_loss: 0.9365, val/hateful_memes/accuracy: 0.6593, val/hateful_memes/binary_f1: 0.6818, val/hateful_memes/roc_auc: 0.8533, num_updates: 400, epoch: 2, iterations: 400, max_updates: 1000, val_time: 25s 332ms, best_update: 400, best_iteration: 400, best_val/hateful_memes/roc_auc: 0.853343
2022-08-30T16:46:44 | INFO | mmf.trainers.callbacks.checkpoint : Checkpoint time. Saving a checkpoint.
2022-08-30T16:46:44 | WARNING | py.warnings : /usr/local/lib/python3.7/dist-packages/torch/optim/lr_scheduler.py:200: UserWarning: Please also save or load the state of the optimzer when saving or loading the scheduler.
  warnings.warn(SAVE_STATE_WARNING, UserWarning)

2022-08-30T16:46:44 | WARNING | py.warnings : /usr/local/lib/python3.7/dist-packages/torch/optim/lr_scheduler.py:200: UserWarning: Please also save or load the state of the optimzer when saving or loading the scheduler.
  warnings.warn(SAVE_STATE_WARNING, UserWarning)

2022-08-30T16:46:55 | INFO | mmf.trainers.core.training_loop : Evaluation time. Running on full validation set...
2022-08-30T16:47:04 | WARNING | py.warnings : /usr/local/lib/python3.7/dist-packages/torch/optim/lr_scheduler.py:200: UserWarning: Please also save or load the state of the optimzer when saving or loading the scheduler.
  warnings.warn(SAVE_STATE_WARNING, UserWarning)

2022-08-30T16:47:04 | WARNING | py.warnings : /usr/local/lib/python3.7/dist-packages/torch/optim/lr_scheduler.py:200: UserWarning: Please also save or load the state of the optimzer when saving or loading the scheduler.
  warnings.warn(SAVE_STATE_WARNING, UserWarning)

2022-08-30T16:47:15 | INFO | mmf.trainers.callbacks.logistics : progress: 450/1000, val/hateful_memes/cross_entropy: 0.9546, val/total_loss: 0.9546, val/hateful_memes/accuracy: 0.6566, val/hateful_memes/binary_f1: 0.6858, val/hateful_memes/roc_auc: 0.8500, num_updates: 450, epoch: 2, iterations: 450, max_updates: 1000, val_time: 19s 761ms, best_update: 400, best_iteration: 400, best_val/hateful_memes/roc_auc: 0.853343
2022-08-30T16:47:55 | INFO | mmf.trainers.callbacks.checkpoint : Checkpoint time. Saving a checkpoint.
2022-08-30T16:47:55 | WARNING | py.warnings : /usr/local/lib/python3.7/dist-packages/torch/optim/lr_scheduler.py:200: UserWarning: Please also save or load the state of the optimzer when saving or loading the scheduler.
  warnings.warn(SAVE_STATE_WARNING, UserWarning)

2022-08-30T16:47:55 | WARNING | py.warnings : /usr/local/lib/python3.7/dist-packages/torch/optim/lr_scheduler.py:200: UserWarning: Please also save or load the state of the optimzer when saving or loading the scheduler.
  warnings.warn(SAVE_STATE_WARNING, UserWarning)

2022-08-30T16:48:06 | INFO | mmf.trainers.callbacks.logistics : progress: 500/1000, train/hateful_memes/cross_entropy: 0.8476, train/hateful_memes/cross_entropy/avg: 0.8625, train/total_loss: 0.8476, train/total_loss/avg: 0.8625, max mem: 9201.0, experiment: run, epoch: 3, num_updates: 500, iterations: 500, max_updates: 1000, lr: 0.00003, ups: 1.96, time: 51s 000ms, time_since_start: 12m 03s 458ms, eta: 04m 15s 000ms
2022-08-30T16:48:06 | INFO | mmf.trainers.core.training_loop : Evaluation time. Running on full validation set...
2022-08-30T16:48:15 | WARNING | py.warnings : /usr/local/lib/python3.7/dist-packages/torch/optim/lr_scheduler.py:200: UserWarning: Please also save or load the state of the optimzer when saving or loading the scheduler.
  warnings.warn(SAVE_STATE_WARNING, UserWarning)

2022-08-30T16:48:15 | WARNING | py.warnings : /usr/local/lib/python3.7/dist-packages/torch/optim/lr_scheduler.py:200: UserWarning: Please also save or load the state of the optimzer when saving or loading the scheduler.
  warnings.warn(SAVE_STATE_WARNING, UserWarning)

2022-08-30T16:48:32 | INFO | mmf.trainers.callbacks.logistics : progress: 500/1000, val/hateful_memes/cross_entropy: 1.0187, val/total_loss: 1.0187, val/hateful_memes/accuracy: 0.6387, val/hateful_memes/binary_f1: 0.6189, val/hateful_memes/roc_auc: 0.8554, num_updates: 500, epoch: 3, iterations: 500, max_updates: 1000, val_time: 25s 913ms, best_update: 500, best_iteration: 500, best_val/hateful_memes/roc_auc: 0.855393
2022-08-30T16:49:11 | INFO | mmf.trainers.callbacks.checkpoint : Checkpoint time. Saving a checkpoint.
2022-08-30T16:49:11 | WARNING | py.warnings : /usr/local/lib/python3.7/dist-packages/torch/optim/lr_scheduler.py:200: UserWarning: Please also save or load the state of the optimzer when saving or loading the scheduler.
  warnings.warn(SAVE_STATE_WARNING, UserWarning)

2022-08-30T16:49:11 | WARNING | py.warnings : /usr/local/lib/python3.7/dist-packages/torch/optim/lr_scheduler.py:200: UserWarning: Please also save or load the state of the optimzer when saving or loading the scheduler.
  warnings.warn(SAVE_STATE_WARNING, UserWarning)

2022-08-30T16:49:22 | INFO | mmf.trainers.core.training_loop : Evaluation time. Running on full validation set...
2022-08-30T16:49:31 | WARNING | py.warnings : /usr/local/lib/python3.7/dist-packages/torch/optim/lr_scheduler.py:200: UserWarning: Please also save or load the state of the optimzer when saving or loading the scheduler.
  warnings.warn(SAVE_STATE_WARNING, UserWarning)

2022-08-30T16:49:31 | WARNING | py.warnings : /usr/local/lib/python3.7/dist-packages/torch/optim/lr_scheduler.py:200: UserWarning: Please also save or load the state of the optimzer when saving or loading the scheduler.
  warnings.warn(SAVE_STATE_WARNING, UserWarning)

2022-08-30T16:49:47 | INFO | mmf.trainers.callbacks.logistics : progress: 550/1000, val/hateful_memes/cross_entropy: 1.0113, val/total_loss: 1.0113, val/hateful_memes/accuracy: 0.6305, val/hateful_memes/binary_f1: 0.6091, val/hateful_memes/roc_auc: 0.8566, num_updates: 550, epoch: 3, iterations: 550, max_updates: 1000, val_time: 25s 672ms, best_update: 550, best_iteration: 550, best_val/hateful_memes/roc_auc: 0.856619
2022-08-30T16:50:26 | INFO | mmf.trainers.callbacks.checkpoint : Checkpoint time. Saving a checkpoint.
2022-08-30T16:50:26 | WARNING | py.warnings : /usr/local/lib/python3.7/dist-packages/torch/optim/lr_scheduler.py:200: UserWarning: Please also save or load the state of the optimzer when saving or loading the scheduler.
  warnings.warn(SAVE_STATE_WARNING, UserWarning)

2022-08-30T16:50:26 | WARNING | py.warnings : /usr/local/lib/python3.7/dist-packages/torch/optim/lr_scheduler.py:200: UserWarning: Please also save or load the state of the optimzer when saving or loading the scheduler.
  warnings.warn(SAVE_STATE_WARNING, UserWarning)

2022-08-30T16:50:37 | INFO | mmf.trainers.callbacks.logistics : progress: 600/1000, train/hateful_memes/cross_entropy: 0.5638, train/hateful_memes/cross_entropy/avg: 0.8044, train/total_loss: 0.5638, train/total_loss/avg: 0.8044, max mem: 9201.0, experiment: run, epoch: 3, num_updates: 600, iterations: 600, max_updates: 1000, lr: 0.00003, ups: 2.04, time: 49s 763ms, time_since_start: 14m 34s 676ms, eta: 03m 19s 054ms
2022-08-30T16:50:37 | INFO | mmf.trainers.core.training_loop : Evaluation time. Running on full validation set...
2022-08-30T16:50:47 | WARNING | py.warnings : /usr/local/lib/python3.7/dist-packages/torch/optim/lr_scheduler.py:200: UserWarning: Please also save or load the state of the optimzer when saving or loading the scheduler.
  warnings.warn(SAVE_STATE_WARNING, UserWarning)

2022-08-30T16:50:47 | WARNING | py.warnings : /usr/local/lib/python3.7/dist-packages/torch/optim/lr_scheduler.py:200: UserWarning: Please also save or load the state of the optimzer when saving or loading the scheduler.
  warnings.warn(SAVE_STATE_WARNING, UserWarning)

2022-08-30T16:50:57 | INFO | mmf.trainers.callbacks.logistics : progress: 600/1000, val/hateful_memes/cross_entropy: 0.9626, val/total_loss: 0.9626, val/hateful_memes/accuracy: 0.6648, val/hateful_memes/binary_f1: 0.6797, val/hateful_memes/roc_auc: 0.8525, num_updates: 600, epoch: 3, iterations: 600, max_updates: 1000, val_time: 20s 182ms, best_update: 550, best_iteration: 550, best_val/hateful_memes/roc_auc: 0.856619
2022-08-30T16:51:36 | INFO | mmf.trainers.callbacks.checkpoint : Checkpoint time. Saving a checkpoint.
2022-08-30T16:51:36 | WARNING | py.warnings : /usr/local/lib/python3.7/dist-packages/torch/optim/lr_scheduler.py:200: UserWarning: Please also save or load the state of the optimzer when saving or loading the scheduler.
  warnings.warn(SAVE_STATE_WARNING, UserWarning)

2022-08-30T16:51:36 | WARNING | py.warnings : /usr/local/lib/python3.7/dist-packages/torch/optim/lr_scheduler.py:200: UserWarning: Please also save or load the state of the optimzer when saving or loading the scheduler.
  warnings.warn(SAVE_STATE_WARNING, UserWarning)

2022-08-30T16:51:47 | INFO | mmf.trainers.core.training_loop : Evaluation time. Running on full validation set...
2022-08-30T16:51:56 | WARNING | py.warnings : /usr/local/lib/python3.7/dist-packages/torch/optim/lr_scheduler.py:200: UserWarning: Please also save or load the state of the optimzer when saving or loading the scheduler.
  warnings.warn(SAVE_STATE_WARNING, UserWarning)

2022-08-30T16:51:56 | WARNING | py.warnings : /usr/local/lib/python3.7/dist-packages/torch/optim/lr_scheduler.py:200: UserWarning: Please also save or load the state of the optimzer when saving or loading the scheduler.
  warnings.warn(SAVE_STATE_WARNING, UserWarning)

2022-08-30T16:52:13 | INFO | mmf.trainers.callbacks.logistics : progress: 650/1000, val/hateful_memes/cross_entropy: 0.9934, val/total_loss: 0.9934, val/hateful_memes/accuracy: 0.6648, val/hateful_memes/binary_f1: 0.6733, val/hateful_memes/roc_auc: 0.8719, num_updates: 650, epoch: 3, iterations: 650, max_updates: 1000, val_time: 25s 817ms, best_update: 650, best_iteration: 650, best_val/hateful_memes/roc_auc: 0.871881
2022-08-30T16:52:51 | INFO | mmf.trainers.callbacks.checkpoint : Checkpoint time. Saving a checkpoint.
2022-08-30T16:52:51 | WARNING | py.warnings : /usr/local/lib/python3.7/dist-packages/torch/optim/lr_scheduler.py:200: UserWarning: Please also save or load the state of the optimzer when saving or loading the scheduler.
  warnings.warn(SAVE_STATE_WARNING, UserWarning)

2022-08-30T16:52:51 | WARNING | py.warnings : /usr/local/lib/python3.7/dist-packages/torch/optim/lr_scheduler.py:200: UserWarning: Please also save or load the state of the optimzer when saving or loading the scheduler.
  warnings.warn(SAVE_STATE_WARNING, UserWarning)

2022-08-30T16:53:02 | INFO | mmf.trainers.callbacks.logistics : progress: 700/1000, train/hateful_memes/cross_entropy: 0.5638, train/hateful_memes/cross_entropy/avg: 0.7483, train/total_loss: 0.5638, train/total_loss/avg: 0.7483, max mem: 9201.0, experiment: run, epoch: 3, num_updates: 700, iterations: 700, max_updates: 1000, lr: 0.00002, ups: 2.04, time: 49s 539ms, time_since_start: 16m 59s 690ms, eta: 02m 28s 618ms
2022-08-30T16:53:02 | INFO | mmf.trainers.core.training_loop : Evaluation time. Running on full validation set...
2022-08-30T16:53:11 | WARNING | py.warnings : /usr/local/lib/python3.7/dist-packages/torch/optim/lr_scheduler.py:200: UserWarning: Please also save or load the state of the optimzer when saving or loading the scheduler.
  warnings.warn(SAVE_STATE_WARNING, UserWarning)

2022-08-30T16:53:11 | WARNING | py.warnings : /usr/local/lib/python3.7/dist-packages/torch/optim/lr_scheduler.py:200: UserWarning: Please also save or load the state of the optimzer when saving or loading the scheduler.
  warnings.warn(SAVE_STATE_WARNING, UserWarning)

2022-08-30T16:53:23 | INFO | mmf.trainers.callbacks.logistics : progress: 700/1000, val/hateful_memes/cross_entropy: 1.1384, val/total_loss: 1.1384, val/hateful_memes/accuracy: 0.6346, val/hateful_memes/binary_f1: 0.6151, val/hateful_memes/roc_auc: 0.8621, num_updates: 700, epoch: 3, iterations: 700, max_updates: 1000, val_time: 20s 569ms, best_update: 650, best_iteration: 650, best_val/hateful_memes/roc_auc: 0.871881
2022-08-30T16:54:03 | INFO | mmf.trainers.callbacks.checkpoint : Checkpoint time. Saving a checkpoint.
2022-08-30T16:54:03 | WARNING | py.warnings : /usr/local/lib/python3.7/dist-packages/torch/optim/lr_scheduler.py:200: UserWarning: Please also save or load the state of the optimzer when saving or loading the scheduler.
  warnings.warn(SAVE_STATE_WARNING, UserWarning)

2022-08-30T16:54:03 | WARNING | py.warnings : /usr/local/lib/python3.7/dist-packages/torch/optim/lr_scheduler.py:200: UserWarning: Please also save or load the state of the optimzer when saving or loading the scheduler.
  warnings.warn(SAVE_STATE_WARNING, UserWarning)

2022-08-30T16:54:14 | INFO | mmf.trainers.core.training_loop : Evaluation time. Running on full validation set...
2022-08-30T16:54:23 | WARNING | py.warnings : /usr/local/lib/python3.7/dist-packages/torch/optim/lr_scheduler.py:200: UserWarning: Please also save or load the state of the optimzer when saving or loading the scheduler.
  warnings.warn(SAVE_STATE_WARNING, UserWarning)

2022-08-30T16:54:23 | WARNING | py.warnings : /usr/local/lib/python3.7/dist-packages/torch/optim/lr_scheduler.py:200: UserWarning: Please also save or load the state of the optimzer when saving or loading the scheduler.
  warnings.warn(SAVE_STATE_WARNING, UserWarning)

2022-08-30T16:54:34 | INFO | mmf.trainers.callbacks.logistics : progress: 750/1000, val/hateful_memes/cross_entropy: 1.1773, val/total_loss: 1.1773, val/hateful_memes/accuracy: 0.6401, val/hateful_memes/binary_f1: 0.6138, val/hateful_memes/roc_auc: 0.8568, num_updates: 750, epoch: 4, iterations: 750, max_updates: 1000, val_time: 20s 434ms, best_update: 650, best_iteration: 650, best_val/hateful_memes/roc_auc: 0.871881
2022-08-30T16:55:13 | INFO | mmf.trainers.callbacks.checkpoint : Checkpoint time. Saving a checkpoint.
2022-08-30T16:55:13 | WARNING | py.warnings : /usr/local/lib/python3.7/dist-packages/torch/optim/lr_scheduler.py:200: UserWarning: Please also save or load the state of the optimzer when saving or loading the scheduler.
  warnings.warn(SAVE_STATE_WARNING, UserWarning)

2022-08-30T16:55:13 | WARNING | py.warnings : /usr/local/lib/python3.7/dist-packages/torch/optim/lr_scheduler.py:200: UserWarning: Please also save or load the state of the optimzer when saving or loading the scheduler.
  warnings.warn(SAVE_STATE_WARNING, UserWarning)

2022-08-30T16:55:24 | INFO | mmf.trainers.callbacks.logistics : progress: 800/1000, train/hateful_memes/cross_entropy: 0.5376, train/hateful_memes/cross_entropy/avg: 0.7079, train/total_loss: 0.5376, train/total_loss/avg: 0.7079, max mem: 9201.0, experiment: run, epoch: 4, num_updates: 800, iterations: 800, max_updates: 1000, lr: 0.00001, ups: 2.04, time: 49s 756ms, time_since_start: 19m 21s 499ms, eta: 01m 39s 513ms
2022-08-30T16:55:24 | INFO | mmf.trainers.core.training_loop : Evaluation time. Running on full validation set...
2022-08-30T16:55:33 | WARNING | py.warnings : /usr/local/lib/python3.7/dist-packages/torch/optim/lr_scheduler.py:200: UserWarning: Please also save or load the state of the optimzer when saving or loading the scheduler.
  warnings.warn(SAVE_STATE_WARNING, UserWarning)

2022-08-30T16:55:33 | WARNING | py.warnings : /usr/local/lib/python3.7/dist-packages/torch/optim/lr_scheduler.py:200: UserWarning: Please also save or load the state of the optimzer when saving or loading the scheduler.
  warnings.warn(SAVE_STATE_WARNING, UserWarning)

2022-08-30T16:55:44 | INFO | mmf.trainers.callbacks.logistics : progress: 800/1000, val/hateful_memes/cross_entropy: 1.2129, val/total_loss: 1.2129, val/hateful_memes/accuracy: 0.6415, val/hateful_memes/binary_f1: 0.6511, val/hateful_memes/roc_auc: 0.8531, num_updates: 800, epoch: 4, iterations: 800, max_updates: 1000, val_time: 19s 967ms, best_update: 650, best_iteration: 650, best_val/hateful_memes/roc_auc: 0.871881
2022-08-30T16:56:23 | INFO | mmf.trainers.callbacks.checkpoint : Checkpoint time. Saving a checkpoint.
2022-08-30T16:56:23 | WARNING | py.warnings : /usr/local/lib/python3.7/dist-packages/torch/optim/lr_scheduler.py:200: UserWarning: Please also save or load the state of the optimzer when saving or loading the scheduler.
  warnings.warn(SAVE_STATE_WARNING, UserWarning)

2022-08-30T16:56:23 | WARNING | py.warnings : /usr/local/lib/python3.7/dist-packages/torch/optim/lr_scheduler.py:200: UserWarning: Please also save or load the state of the optimzer when saving or loading the scheduler.
  warnings.warn(SAVE_STATE_WARNING, UserWarning)

2022-08-30T16:56:34 | INFO | mmf.trainers.core.training_loop : Evaluation time. Running on full validation set...
2022-08-30T16:56:43 | WARNING | py.warnings : /usr/local/lib/python3.7/dist-packages/torch/optim/lr_scheduler.py:200: UserWarning: Please also save or load the state of the optimzer when saving or loading the scheduler.
  warnings.warn(SAVE_STATE_WARNING, UserWarning)

2022-08-30T16:56:43 | WARNING | py.warnings : /usr/local/lib/python3.7/dist-packages/torch/optim/lr_scheduler.py:200: UserWarning: Please also save or load the state of the optimzer when saving or loading the scheduler.
  warnings.warn(SAVE_STATE_WARNING, UserWarning)

2022-08-30T16:56:54 | INFO | mmf.trainers.callbacks.logistics : progress: 850/1000, val/hateful_memes/cross_entropy: 1.1398, val/total_loss: 1.1398, val/hateful_memes/accuracy: 0.6566, val/hateful_memes/binary_f1: 0.6804, val/hateful_memes/roc_auc: 0.8494, num_updates: 850, epoch: 4, iterations: 850, max_updates: 1000, val_time: 20s 434ms, best_update: 650, best_iteration: 650, best_val/hateful_memes/roc_auc: 0.871881
2022-08-30T16:57:33 | INFO | mmf.trainers.callbacks.checkpoint : Checkpoint time. Saving a checkpoint.
2022-08-30T16:57:33 | WARNING | py.warnings : /usr/local/lib/python3.7/dist-packages/torch/optim/lr_scheduler.py:200: UserWarning: Please also save or load the state of the optimzer when saving or loading the scheduler.
  warnings.warn(SAVE_STATE_WARNING, UserWarning)

2022-08-30T16:57:33 | WARNING | py.warnings : /usr/local/lib/python3.7/dist-packages/torch/optim/lr_scheduler.py:200: UserWarning: Please also save or load the state of the optimzer when saving or loading the scheduler.
  warnings.warn(SAVE_STATE_WARNING, UserWarning)

2022-08-30T16:57:43 | INFO | mmf.trainers.callbacks.logistics : progress: 900/1000, train/hateful_memes/cross_entropy: 0.5376, train/hateful_memes/cross_entropy/avg: 0.6600, train/total_loss: 0.5376, train/total_loss/avg: 0.6600, max mem: 9201.0, experiment: run, epoch: 4, num_updates: 900, iterations: 900, max_updates: 1000, lr: 0.00001, ups: 2.04, time: 49s 161ms, time_since_start: 21m 40s 705ms, eta: 49s 161ms
2022-08-30T16:57:43 | INFO | mmf.trainers.core.training_loop : Evaluation time. Running on full validation set...
2022-08-30T16:57:53 | WARNING | py.warnings : /usr/local/lib/python3.7/dist-packages/torch/optim/lr_scheduler.py:200: UserWarning: Please also save or load the state of the optimzer when saving or loading the scheduler.
  warnings.warn(SAVE_STATE_WARNING, UserWarning)

2022-08-30T16:57:53 | WARNING | py.warnings : /usr/local/lib/python3.7/dist-packages/torch/optim/lr_scheduler.py:200: UserWarning: Please also save or load the state of the optimzer when saving or loading the scheduler.
  warnings.warn(SAVE_STATE_WARNING, UserWarning)

2022-08-30T16:58:04 | INFO | mmf.trainers.callbacks.logistics : progress: 900/1000, val/hateful_memes/cross_entropy: 1.2205, val/total_loss: 1.2205, val/hateful_memes/accuracy: 0.6552, val/hateful_memes/binary_f1: 0.6536, val/hateful_memes/roc_auc: 0.8483, num_updates: 900, epoch: 4, iterations: 900, max_updates: 1000, val_time: 20s 570ms, best_update: 650, best_iteration: 650, best_val/hateful_memes/roc_auc: 0.871881
2022-08-30T16:58:44 | INFO | mmf.trainers.callbacks.checkpoint : Checkpoint time. Saving a checkpoint.
2022-08-30T16:58:44 | WARNING | py.warnings : /usr/local/lib/python3.7/dist-packages/torch/optim/lr_scheduler.py:200: UserWarning: Please also save or load the state of the optimzer when saving or loading the scheduler.
  warnings.warn(SAVE_STATE_WARNING, UserWarning)

2022-08-30T16:58:44 | WARNING | py.warnings : /usr/local/lib/python3.7/dist-packages/torch/optim/lr_scheduler.py:200: UserWarning: Please also save or load the state of the optimzer when saving or loading the scheduler.
  warnings.warn(SAVE_STATE_WARNING, UserWarning)

2022-08-30T16:58:54 | INFO | mmf.trainers.core.training_loop : Evaluation time. Running on full validation set...
2022-08-30T16:59:03 | WARNING | py.warnings : /usr/local/lib/python3.7/dist-packages/torch/optim/lr_scheduler.py:200: UserWarning: Please also save or load the state of the optimzer when saving or loading the scheduler.
  warnings.warn(SAVE_STATE_WARNING, UserWarning)

2022-08-30T16:59:03 | WARNING | py.warnings : /usr/local/lib/python3.7/dist-packages/torch/optim/lr_scheduler.py:200: UserWarning: Please also save or load the state of the optimzer when saving or loading the scheduler.
  warnings.warn(SAVE_STATE_WARNING, UserWarning)

2022-08-30T16:59:15 | INFO | mmf.trainers.callbacks.logistics : progress: 950/1000, val/hateful_memes/cross_entropy: 1.4145, val/total_loss: 1.4145, val/hateful_memes/accuracy: 0.6332, val/hateful_memes/binary_f1: 0.5915, val/hateful_memes/roc_auc: 0.8385, num_updates: 950, epoch: 5, iterations: 950, max_updates: 1000, val_time: 20s 252ms, best_update: 650, best_iteration: 650, best_val/hateful_memes/roc_auc: 0.871881
2022-08-30T16:59:53 | INFO | mmf.trainers.callbacks.checkpoint : Checkpoint time. Saving a checkpoint.
2022-08-30T16:59:53 | WARNING | py.warnings : /usr/local/lib/python3.7/dist-packages/torch/optim/lr_scheduler.py:200: UserWarning: Please also save or load the state of the optimzer when saving or loading the scheduler.
  warnings.warn(SAVE_STATE_WARNING, UserWarning)

2022-08-30T16:59:53 | WARNING | py.warnings : /usr/local/lib/python3.7/dist-packages/torch/optim/lr_scheduler.py:200: UserWarning: Please also save or load the state of the optimzer when saving or loading the scheduler.
  warnings.warn(SAVE_STATE_WARNING, UserWarning)

2022-08-30T17:00:04 | INFO | mmf.trainers.callbacks.logistics : progress: 1000/1000, train/hateful_memes/cross_entropy: 0.5142, train/hateful_memes/cross_entropy/avg: 0.6159, train/total_loss: 0.5142, train/total_loss/avg: 0.6159, max mem: 9201.0, experiment: run, epoch: 5, num_updates: 1000, iterations: 1000, max_updates: 1000, lr: 0., ups: 2.04, time: 49s 570ms, time_since_start: 24m 01s 751ms, eta: 0ms
2022-08-30T17:00:04 | INFO | mmf.trainers.core.training_loop : Evaluation time. Running on full validation set...
2022-08-30T17:00:14 | WARNING | py.warnings : /usr/local/lib/python3.7/dist-packages/torch/optim/lr_scheduler.py:200: UserWarning: Please also save or load the state of the optimzer when saving or loading the scheduler.
  warnings.warn(SAVE_STATE_WARNING, UserWarning)

2022-08-30T17:00:14 | WARNING | py.warnings : /usr/local/lib/python3.7/dist-packages/torch/optim/lr_scheduler.py:200: UserWarning: Please also save or load the state of the optimzer when saving or loading the scheduler.
  warnings.warn(SAVE_STATE_WARNING, UserWarning)

2022-08-30T17:00:25 | INFO | mmf.trainers.callbacks.logistics : progress: 1000/1000, val/hateful_memes/cross_entropy: 1.4160, val/total_loss: 1.4160, val/hateful_memes/accuracy: 0.6291, val/hateful_memes/binary_f1: 0.5992, val/hateful_memes/roc_auc: 0.8388, num_updates: 1000, epoch: 5, iterations: 1000, max_updates: 1000, val_time: 20s 725ms, best_update: 650, best_iteration: 650, best_val/hateful_memes/roc_auc: 0.871881
2022-08-30T17:00:26 | INFO | mmf.trainers.core.training_loop : Stepping into final validation check
2022-08-30T17:00:26 | INFO | mmf.utils.checkpoint : Restoring checkpoint
2022-08-30T17:00:26 | INFO | mmf.utils.checkpoint : Loading checkpoint
2022-08-30T17:00:33 | WARNING | py.warnings : /usr/local/lib/python3.7/dist-packages/torch/optim/lr_scheduler.py:218: UserWarning: Please also save or load the state of the optimzer when saving or loading the scheduler.
  warnings.warn(SAVE_STATE_WARNING, UserWarning)

2022-08-30T17:00:33 | WARNING | py.warnings : /usr/local/lib/python3.7/dist-packages/torch/optim/lr_scheduler.py:218: UserWarning: Please also save or load the state of the optimzer when saving or loading the scheduler.
  warnings.warn(SAVE_STATE_WARNING, UserWarning)

2022-08-30T17:00:33 | INFO | mmf.utils.checkpoint : Checkpoint loaded.
2022-08-30T17:00:33 | INFO | mmf.utils.checkpoint : Current num updates: 650
2022-08-30T17:00:33 | INFO | mmf.utils.checkpoint : Current iteration: 650
2022-08-30T17:00:33 | INFO | mmf.utils.checkpoint : Current epoch: 3
2022-08-30T17:00:34 | INFO | mmf.trainers.mmf_trainer : Starting inference on val set
2022-08-30T17:00:43 | INFO | mmf.trainers.callbacks.logistics : progress: 650/1000, val/hateful_memes/cross_entropy: 0.9934, val/total_loss: 0.9934, val/hateful_memes/accuracy: 0.6648, val/hateful_memes/binary_f1: 0.6733, val/hateful_memes/roc_auc: 0.8719
2022-08-30T17:00:43 | INFO | mmf.trainers.callbacks.logistics : Finished run in 24m 39s 960ms
